[ 2017-05-18T06:11:29+08:00 ] 203.208.60.234 /App/index.html
INFO: [ app_init ] --START--
INFO: Run Behavior\BuildLiteBehavior [ RunTime:0.000000s ]
INFO: [ app_init ] --END-- [ RunTime:0.015625s ]
NOTIC: [2] preg_match(): Unknown modifier ':' D:\wwwww\xpcjd2\web\thinkphp\Library\Think\Route.class.php 第 58 行.
INFO: [ app_begin ] --START--
INFO: Run Behavior\ReadHtmlCacheBehavior [ RunTime:0.000000s ]
INFO: [ app_begin ] --END-- [ RunTime:0.000000s ]
SQL: SHOW COLUMNS FROM `xpc_basevideo` [ RunTime:0.0000s ]
SQL: SELECT `link_mobile`,`mp4_mobile` FROM `xpc_basevideo` WHERE ( is_show=1 and is_main=1 ) LIMIT 1   [ RunTime:0.0000s ]
SQL: SELECT `link_mobile`,`sltpath`,`mp4_mobile` FROM `xpc_basevideo` WHERE ( is_show=1 and is_main=0 ) ORDER BY id desc,pubtime desc  [ RunTime:0.0000s ]
SQL: SHOW COLUMNS FROM `xpc_danscenes` [ RunTime:0.0000s ]
SQL: SELECT st.title,dan.cate,dan.sltpath FROM xpc_danscenes dan left join  xpc_scenestype as st on st.id=dan.cate  WHERE ( dan.is_show=1 ) ORDER BY dan.id desc ,dan.pubtime desc  [ RunTime:0.0000s ]
SQL: SHOW COLUMNS FROM `xpc_duoscenes` [ RunTime:0.0000s ]
SQL: SELECT sd.ytgpath FROM xpc_duoscenes sd left join xpc_scenestype as st on st.id=sd.cate  WHERE `cate` = '11' AND `is_show` = 1 ORDER BY sd.id desc ,sd.pubtime desc  [ RunTime:0.0156s ]
SQL: SELECT sd.ytgpath FROM xpc_duoscenes sd left join xpc_scenestype as st on st.id=sd.cate  WHERE `cate` = '12' AND `is_show` = 1 ORDER BY sd.id desc ,sd.pubtime desc  [ RunTime:0.0000s ]
SQL: SELECT sd.ytgpath FROM xpc_duoscenes sd left join xpc_scenestype as st on st.id=sd.cate  WHERE `cate` = '14' AND `is_show` = 1 ORDER BY sd.id desc ,sd.pubtime desc  [ RunTime:0.0000s ]
SQL: SELECT sd.ytgpath FROM xpc_duoscenes sd left join xpc_scenestype as st on st.id=sd.cate  WHERE `cate` = '15' AND `is_show` = 1 ORDER BY sd.id desc ,sd.pubtime desc  [ RunTime:0.0000s ]
SQL: SELECT sd.ytgpath FROM xpc_duoscenes sd left join xpc_scenestype as st on st.id=sd.cate  WHERE `cate` = '16' AND `is_show` = 1 ORDER BY sd.id desc ,sd.pubtime desc  [ RunTime:0.0000s ]
SQL: SELECT sd.ytgpath FROM xpc_duoscenes sd left join xpc_scenestype as st on st.id=sd.cate  WHERE `cate` = '17' AND `is_show` = 1 ORDER BY sd.id desc ,sd.pubtime desc  [ RunTime:0.0000s ]
SQL: SELECT sd.ytgpath FROM xpc_duoscenes sd left join xpc_scenestype as st on st.id=sd.cate  WHERE `cate` = '18' AND `is_show` = 1 ORDER BY sd.id desc ,sd.pubtime desc  [ RunTime:0.0000s ]
SQL: SELECT sd.ytgpath FROM xpc_duoscenes sd left join xpc_scenestype as st on st.id=sd.cate  WHERE `cate` = '19' AND `is_show` = 1 ORDER BY sd.id desc ,sd.pubtime desc  [ RunTime:0.0000s ]
SQL: SELECT sd.ytgpath FROM xpc_duoscenes sd left join xpc_scenestype as st on st.id=sd.cate  WHERE `cate` = '20' AND `is_show` = 1 ORDER BY sd.id desc ,sd.pubtime desc  [ RunTime:0.0000s ]
SQL: SELECT sd.ytgpath FROM xpc_duoscenes sd left join xpc_scenestype as st on st.id=sd.cate  WHERE `cate` = '21' AND `is_show` = 1 ORDER BY sd.id desc ,sd.pubtime desc  [ RunTime:0.0000s ]
SQL: SELECT sd.ytgpath FROM xpc_duoscenes sd left join xpc_scenestype as st on st.id=sd.cate  WHERE `cate` = '22' AND `is_show` = 1 ORDER BY sd.id desc ,sd.pubtime desc  [ RunTime:0.0000s ]
SQL: SELECT sd.ytgpath FROM xpc_duoscenes sd left join xpc_scenestype as st on st.id=sd.cate  WHERE `cate` = '23' AND `is_show` = 1 ORDER BY sd.id desc ,sd.pubtime desc  [ RunTime:0.0000s ]
SQL: SHOW COLUMNS FROM `xpc_video` [ RunTime:0.0000s ]
SQL: SELECT * FROM `xpc_video` WHERE ( is_show=1 ) ORDER BY id desc ,pubtime desc  [ RunTime:0.0000s ]
SQL: SHOW COLUMNS FROM `xpc_service` [ RunTime:0.0000s ]
SQL: SELECT * FROM `xpc_service` WHERE ( isshow=1 ) ORDER BY id desc ,pubtime desc  [ RunTime:0.0000s ]
SQL: SHOW COLUMNS FROM `xpc_news` [ RunTime:0.0000s ]
SQL: SELECT * FROM `xpc_news` WHERE ( isshow=1 ) ORDER BY id desc ,pubtime desc LIMIT 0,2   [ RunTime:0.0000s ]
SQL: SELECT * FROM `xpc_news` WHERE ( isshow=1 ) ORDER BY id desc ,pubtime desc LIMIT 2,2   [ RunTime:0.0000s ]
INFO: [ view_parse ] --START--
INFO: [ template_filter ] --START--
INFO: Run Behavior\ContentReplaceBehavior [ RunTime:0.000000s ]
INFO: [ template_filter ] --END-- [ RunTime:0.000000s ]
INFO: Run Behavior\ParseTemplateBehavior [ RunTime:0.015625s ]
INFO: [ view_parse ] --END-- [ RunTime:0.015625s ]
INFO: [ view_filter ] --START--
INFO: Run Behavior\WriteHtmlCacheBehavior [ RunTime:0.000000s ]
INFO: [ view_filter ] --END-- [ RunTime:0.000000s ]
INFO: [ app_end ] --START--
INFO: Run Behavior\ShowPageTraceBehavior [ RunTime:0.000000s ]
INFO: [ app_end ] --END-- [ RunTime:0.000000s ]

[ 2017-05-18T06:18:05+08:00 ] 203.208.60.233 /App/contact.html
INFO: [ app_init ] --START--
INFO: Run Behavior\BuildLiteBehavior [ RunTime:0.000000s ]
INFO: [ app_init ] --END-- [ RunTime:0.000000s ]
NOTIC: [2] preg_match(): Unknown modifier ':' D:\wwwww\xpcjd2\web\thinkphp\Library\Think\Route.class.php 第 58 行.
INFO: [ app_begin ] --START--
INFO: Run Behavior\ReadHtmlCacheBehavior [ RunTime:0.000000s ]
INFO: [ app_begin ] --END-- [ RunTime:0.000000s ]
SQL: SHOW COLUMNS FROM `xpc_basevideo` [ RunTime:0.0000s ]
SQL: SELECT `link_mobile`,`mp4_mobile` FROM `xpc_basevideo` WHERE ( is_show=1 and is_main=1 ) LIMIT 1   [ RunTime:0.0000s ]
SQL: SELECT `link_mobile`,`sltpath`,`mp4_mobile` FROM `xpc_basevideo` WHERE ( is_show=1 and is_main=0 ) ORDER BY id desc,pubtime desc  [ RunTime:0.0000s ]
SQL: SHOW COLUMNS FROM `xpc_danscenes` [ RunTime:0.0000s ]
SQL: SELECT st.title,dan.cate,dan.sltpath FROM xpc_danscenes dan left join  xpc_scenestype as st on st.id=dan.cate  WHERE ( dan.is_show=1 ) ORDER BY dan.id desc ,dan.pubtime desc  [ RunTime:0.0000s ]
SQL: SHOW COLUMNS FROM `xpc_duoscenes` [ RunTime:0.0000s ]
SQL: SELECT sd.ytgpath FROM xpc_duoscenes sd left join xpc_scenestype as st on st.id=sd.cate  WHERE `cate` = '11' AND `is_show` = 1 ORDER BY sd.id desc ,sd.pubtime desc  [ RunTime:0.0000s ]
SQL: SELECT sd.ytgpath FROM xpc_duoscenes sd left join xpc_scenestype as st on st.id=sd.cate  WHERE `cate` = '12' AND `is_show` = 1 ORDER BY sd.id desc ,sd.pubtime desc  [ RunTime:0.0000s ]
SQL: SELECT sd.ytgpath FROM xpc_duoscenes sd left join xpc_scenestype as st on st.id=sd.cate  WHERE `cate` = '14' AND `is_show` = 1 ORDER BY sd.id desc ,sd.pubtime desc  [ RunTime:0.0000s ]
SQL: SELECT sd.ytgpath FROM xpc_duoscenes sd left join xpc_scenestype as st on st.id=sd.cate  WHERE `cate` = '15' AND `is_show` = 1 ORDER BY sd.id desc ,sd.pubtime desc  [ RunTime:0.0000s ]
SQL: SELECT sd.ytgpath FROM xpc_duoscenes sd left join xpc_scenestype as st on st.id=sd.cate  WHERE `cate` = '16' AND `is_show` = 1 ORDER BY sd.id desc ,sd.pubtime desc  [ RunTime:0.0000s ]
SQL: SELECT sd.ytgpath FROM xpc_duoscenes sd left join xpc_scenestype as st on st.id=sd.cate  WHERE `cate` = '17' AND `is_show` = 1 ORDER BY sd.id desc ,sd.pubtime desc  [ RunTime:0.0156s ]
SQL: SELECT sd.ytgpath FROM xpc_duoscenes sd left join xpc_scenestype as st on st.id=sd.cate  WHERE `cate` = '18' AND `is_show` = 1 ORDER BY sd.id desc ,sd.pubtime desc  [ RunTime:0.0000s ]
SQL: SELECT sd.ytgpath FROM xpc_duoscenes sd left join xpc_scenestype as st on st.id=sd.cate  WHERE `cate` = '19' AND `is_show` = 1 ORDER BY sd.id desc ,sd.pubtime desc  [ RunTime:0.0000s ]
SQL: SELECT sd.ytgpath FROM xpc_duoscenes sd left join xpc_scenestype as st on st.id=sd.cate  WHERE `cate` = '20' AND `is_show` = 1 ORDER BY sd.id desc ,sd.pubtime desc  [ RunTime:0.0000s ]
SQL: SELECT sd.ytgpath FROM xpc_duoscenes sd left join xpc_scenestype as st on st.id=sd.cate  WHERE `cate` = '21' AND `is_show` = 1 ORDER BY sd.id desc ,sd.pubtime desc  [ RunTime:0.0000s ]
SQL: SELECT sd.ytgpath FROM xpc_duoscenes sd left join xpc_scenestype as st on st.id=sd.cate  WHERE `cate` = '22' AND `is_show` = 1 ORDER BY sd.id desc ,sd.pubtime desc  [ RunTime:0.0000s ]
SQL: SELECT sd.ytgpath FROM xpc_duoscenes sd left join xpc_scenestype as st on st.id=sd.cate  WHERE `cate` = '23' AND `is_show` = 1 ORDER BY sd.id desc ,sd.pubtime desc  [ RunTime:0.0000s ]
SQL: SHOW COLUMNS FROM `xpc_video` [ RunTime:0.0000s ]
SQL: SELECT * FROM `xpc_video` WHERE ( is_show=1 ) ORDER BY id desc ,pubtime desc  [ RunTime:0.0000s ]
SQL: SHOW COLUMNS FROM `xpc_service` [ RunTime:0.0000s ]
SQL: SELECT * FROM `xpc_service` WHERE ( isshow=1 ) ORDER BY id desc ,pubtime desc  [ RunTime:0.0000s ]
SQL: SHOW COLUMNS FROM `xpc_news` [ RunTime:0.0000s ]
SQL: SELECT * FROM `xpc_news` WHERE ( isshow=1 ) ORDER BY id desc ,pubtime desc LIMIT 0,2   [ RunTime:0.0000s ]
SQL: SELECT * FROM `xpc_news` WHERE ( isshow=1 ) ORDER BY id desc ,pubtime desc LIMIT 2,2   [ RunTime:0.0000s ]
INFO: [ view_parse ] --START--
INFO: [ template_filter ] --START--
INFO: Run Behavior\ContentReplaceBehavior [ RunTime:0.000000s ]
INFO: [ template_filter ] --END-- [ RunTime:0.000000s ]
INFO: Run Behavior\ParseTemplateBehavior [ RunTime:0.000000s ]
INFO: [ view_parse ] --END-- [ RunTime:0.000000s ]
INFO: [ view_filter ] --START--
INFO: Run Behavior\WriteHtmlCacheBehavior [ RunTime:0.015625s ]
INFO: [ view_filter ] --END-- [ RunTime:0.015625s ]
INFO: [ app_end ] --START--
INFO: Run Behavior\ShowPageTraceBehavior [ RunTime:0.000000s ]
INFO: [ app_end ] --END-- [ RunTime:0.000000s ]

[ 2017-05-18T08:16:00+08:00 ] 203.208.60.237 /App/index.html
INFO: [ app_init ] --START--
INFO: Run Behavior\BuildLiteBehavior [ RunTime:0.000000s ]
INFO: [ app_init ] --END-- [ RunTime:0.000000s ]
NOTIC: [2] preg_match(): Unknown modifier ':' D:\wwwww\xpcjd2\web\thinkphp\Library\Think\Route.class.php 第 58 行.
INFO: [ app_begin ] --START--
INFO: Run Behavior\ReadHtmlCacheBehavior [ RunTime:0.000000s ]
INFO: [ app_begin ] --END-- [ RunTime:0.000000s ]
SQL: SHOW COLUMNS FROM `xpc_basevideo` [ RunTime:0.0156s ]
SQL: SELECT `link_mobile`,`mp4_mobile` FROM `xpc_basevideo` WHERE ( is_show=1 and is_main=1 ) LIMIT 1   [ RunTime:0.0000s ]
SQL: SELECT `link_mobile`,`sltpath`,`mp4_mobile` FROM `xpc_basevideo` WHERE ( is_show=1 and is_main=0 ) ORDER BY id desc,pubtime desc  [ RunTime:0.0000s ]
SQL: SHOW COLUMNS FROM `xpc_danscenes` [ RunTime:0.0000s ]
SQL: SELECT st.title,dan.cate,dan.sltpath FROM xpc_danscenes dan left join  xpc_scenestype as st on st.id=dan.cate  WHERE ( dan.is_show=1 ) ORDER BY dan.id desc ,dan.pubtime desc  [ RunTime:0.0000s ]
SQL: SHOW COLUMNS FROM `xpc_duoscenes` [ RunTime:0.0000s ]
SQL: SELECT sd.ytgpath FROM xpc_duoscenes sd left join xpc_scenestype as st on st.id=sd.cate  WHERE `cate` = '11' AND `is_show` = 1 ORDER BY sd.id desc ,sd.pubtime desc  [ RunTime:0.0000s ]
SQL: SELECT sd.ytgpath FROM xpc_duoscenes sd left join xpc_scenestype as st on st.id=sd.cate  WHERE `cate` = '12' AND `is_show` = 1 ORDER BY sd.id desc ,sd.pubtime desc  [ RunTime:0.0000s ]
SQL: SELECT sd.ytgpath FROM xpc_duoscenes sd left join xpc_scenestype as st on st.id=sd.cate  WHERE `cate` = '14' AND `is_show` = 1 ORDER BY sd.id desc ,sd.pubtime desc  [ RunTime:0.0000s ]
SQL: SELECT sd.ytgpath FROM xpc_duoscenes sd left join xpc_scenestype as st on st.id=sd.cate  WHERE `cate` = '15' AND `is_show` = 1 ORDER BY sd.id desc ,sd.pubtime desc  [ RunTime:0.0000s ]
SQL: SELECT sd.ytgpath FROM xpc_duoscenes sd left join xpc_scenestype as st on st.id=sd.cate  WHERE `cate` = '16' AND `is_show` = 1 ORDER BY sd.id desc ,sd.pubtime desc  [ RunTime:0.0000s ]
SQL: SELECT sd.ytgpath FROM xpc_duoscenes sd left join xpc_scenestype as st on st.id=sd.cate  WHERE `cate` = '17' AND `is_show` = 1 ORDER BY sd.id desc ,sd.pubtime desc  [ RunTime:0.0000s ]
SQL: SELECT sd.ytgpath FROM xpc_duoscenes sd left join xpc_scenestype as st on st.id=sd.cate  WHERE `cate` = '18' AND `is_show` = 1 ORDER BY sd.id desc ,sd.pubtime desc  [ RunTime:0.0000s ]
SQL: SELECT sd.ytgpath FROM xpc_duoscenes sd left join xpc_scenestype as st on st.id=sd.cate  WHERE `cate` = '19' AND `is_show` = 1 ORDER BY sd.id desc ,sd.pubtime desc  [ RunTime:0.0000s ]
SQL: SELECT sd.ytgpath FROM xpc_duoscenes sd left join xpc_scenestype as st on st.id=sd.cate  WHERE `cate` = '20' AND `is_show` = 1 ORDER BY sd.id desc ,sd.pubtime desc  [ RunTime:0.0000s ]
SQL: SELECT sd.ytgpath FROM xpc_duoscenes sd left join xpc_scenestype as st on st.id=sd.cate  WHERE `cate` = '21' AND `is_show` = 1 ORDER BY sd.id desc ,sd.pubtime desc  [ RunTime:0.0000s ]
SQL: SELECT sd.ytgpath FROM xpc_duoscenes sd left join xpc_scenestype as st on st.id=sd.cate  WHERE `cate` = '22' AND `is_show` = 1 ORDER BY sd.id desc ,sd.pubtime desc  [ RunTime:0.0000s ]
SQL: SELECT sd.ytgpath FROM xpc_duoscenes sd left join xpc_scenestype as st on st.id=sd.cate  WHERE `cate` = '23' AND `is_show` = 1 ORDER BY sd.id desc ,sd.pubtime desc  [ RunTime:0.0000s ]
SQL: SHOW COLUMNS FROM `xpc_video` [ RunTime:0.0000s ]
SQL: SELECT * FROM `xpc_video` WHERE ( is_show=1 ) ORDER BY id desc ,pubtime desc  [ RunTime:0.0000s ]
SQL: SHOW COLUMNS FROM `xpc_service` [ RunTime:0.0156s ]
SQL: SELECT * FROM `xpc_service` WHERE ( isshow=1 ) ORDER BY id desc ,pubtime desc  [ RunTime:0.0000s ]
SQL: SHOW COLUMNS FROM `xpc_news` [ RunTime:0.0000s ]
SQL: SELECT * FROM `xpc_news` WHERE ( isshow=1 ) ORDER BY id desc ,pubtime desc LIMIT 0,2   [ RunTime:0.0000s ]
SQL: SELECT * FROM `xpc_news` WHERE ( isshow=1 ) ORDER BY id desc ,pubtime desc LIMIT 2,2   [ RunTime:0.0000s ]
INFO: [ view_parse ] --START--
INFO: [ template_filter ] --START--
INFO: Run Behavior\ContentReplaceBehavior [ RunTime:0.000000s ]
INFO: [ template_filter ] --END-- [ RunTime:0.000000s ]
INFO: Run Behavior\ParseTemplateBehavior [ RunTime:0.015625s ]
INFO: [ view_parse ] --END-- [ RunTime:0.015625s ]
INFO: [ view_filter ] --START--
INFO: Run Behavior\WriteHtmlCacheBehavior [ RunTime:0.000000s ]
INFO: [ view_filter ] --END-- [ RunTime:0.000000s ]
INFO: [ app_end ] --START--
INFO: Run Behavior\ShowPageTraceBehavior [ RunTime:0.000000s ]
INFO: [ app_end ] --END-- [ RunTime:0.000000s ]

[ 2017-05-18T13:55:35+08:00 ] 114.253.22.96 /App/index.html
INFO: [ app_init ] --START--
INFO: Run Behavior\BuildLiteBehavior [ RunTime:0.000000s ]
INFO: [ app_init ] --END-- [ RunTime:0.000000s ]
NOTIC: [2] preg_match(): Unknown modifier ':' D:\wwwww\xpcjd2\web\thinkphp\Library\Think\Route.class.php 第 58 行.
INFO: [ app_begin ] --START--
INFO: Run Behavior\ReadHtmlCacheBehavior [ RunTime:0.000000s ]
INFO: [ app_begin ] --END-- [ RunTime:0.000000s ]
SQL: SHOW COLUMNS FROM `xpc_basevideo` [ RunTime:0.0000s ]
SQL: SELECT `link_mobile`,`mp4_mobile` FROM `xpc_basevideo` WHERE ( is_show=1 and is_main=1 ) LIMIT 1   [ RunTime:0.0000s ]
SQL: SELECT `link_mobile`,`sltpath`,`mp4_mobile` FROM `xpc_basevideo` WHERE ( is_show=1 and is_main=0 ) ORDER BY id desc,pubtime desc  [ RunTime:0.0000s ]
SQL: SHOW COLUMNS FROM `xpc_danscenes` [ RunTime:0.0000s ]
SQL: SELECT st.title,dan.cate,dan.sltpath FROM xpc_danscenes dan left join  xpc_scenestype as st on st.id=dan.cate  WHERE ( dan.is_show=1 ) ORDER BY dan.id desc ,dan.pubtime desc  [ RunTime:0.0000s ]
SQL: SHOW COLUMNS FROM `xpc_duoscenes` [ RunTime:0.0000s ]
SQL: SELECT sd.ytgpath FROM xpc_duoscenes sd left join xpc_scenestype as st on st.id=sd.cate  WHERE `cate` = '11' AND `is_show` = 1 ORDER BY sd.id desc ,sd.pubtime desc  [ RunTime:0.0000s ]
SQL: SELECT sd.ytgpath FROM xpc_duoscenes sd left join xpc_scenestype as st on st.id=sd.cate  WHERE `cate` = '12' AND `is_show` = 1 ORDER BY sd.id desc ,sd.pubtime desc  [ RunTime:0.0000s ]
SQL: SELECT sd.ytgpath FROM xpc_duoscenes sd left join xpc_scenestype as st on st.id=sd.cate  WHERE `cate` = '14' AND `is_show` = 1 ORDER BY sd.id desc ,sd.pubtime desc  [ RunTime:0.0000s ]
SQL: SELECT sd.ytgpath FROM xpc_duoscenes sd left join xpc_scenestype as st on st.id=sd.cate  WHERE `cate` = '15' AND `is_show` = 1 ORDER BY sd.id desc ,sd.pubtime desc  [ RunTime:0.0000s ]
SQL: SELECT sd.ytgpath FROM xpc_duoscenes sd left join xpc_scenestype as st on st.id=sd.cate  WHERE `cate` = '16' AND `is_show` = 1 ORDER BY sd.id desc ,sd.pubtime desc  [ RunTime:0.0000s ]
SQL: SELECT sd.ytgpath FROM xpc_duoscenes sd left join xpc_scenestype as st on st.id=sd.cate  WHERE `cate` = '17' AND `is_show` = 1 ORDER BY sd.id desc ,sd.pubtime desc  [ RunTime:0.0000s ]
SQL: SELECT sd.ytgpath FROM xpc_duoscenes sd left join xpc_scenestype as st on st.id=sd.cate  WHERE `cate` = '18' AND `is_show` = 1 ORDER BY sd.id desc ,sd.pubtime desc  [ RunTime:0.0000s ]
SQL: SELECT sd.ytgpath FROM xpc_duoscenes sd left join xpc_scenestype as st on st.id=sd.cate  WHERE `cate` = '19' AND `is_show` = 1 ORDER BY sd.id desc ,sd.pubtime desc  [ RunTime:0.0000s ]
SQL: SELECT sd.ytgpath FROM xpc_duoscenes sd left join xpc_scenestype as st on st.id=sd.cate  WHERE `cate` = '20' AND `is_show` = 1 ORDER BY sd.id desc ,sd.pubtime desc  [ RunTime:0.0000s ]
SQL: SELECT sd.ytgpath FROM xpc_duoscenes sd left join xpc_scenestype as st on st.id=sd.cate  WHERE `cate` = '21' AND `is_show` = 1 ORDER BY sd.id desc ,sd.pubtime desc  [ RunTime:0.0000s ]
SQL: SELECT sd.ytgpath FROM xpc_duoscenes sd left join xpc_scenestype as st on st.id=sd.cate  WHERE `cate` = '22' AND `is_show` = 1 ORDER BY sd.id desc ,sd.pubtime desc  [ RunTime:0.0156s ]
SQL: SELECT sd.ytgpath FROM xpc_duoscenes sd left join xpc_scenestype as st on st.id=sd.cate  WHERE `cate` = '23' AND `is_show` = 1 ORDER BY sd.id desc ,sd.pubtime desc  [ RunTime:0.0000s ]
SQL: SHOW COLUMNS FROM `xpc_video` [ RunTime:0.0000s ]
SQL: SELECT * FROM `xpc_video` WHERE ( is_show=1 ) ORDER BY id desc ,pubtime desc  [ RunTime:0.0000s ]
SQL: SHOW COLUMNS FROM `xpc_service` [ RunTime:0.0000s ]
SQL: SELECT * FROM `xpc_service` WHERE ( isshow=1 ) ORDER BY id desc ,pubtime desc  [ RunTime:0.0000s ]
SQL: SHOW COLUMNS FROM `xpc_news` [ RunTime:0.0000s ]
SQL: SELECT * FROM `xpc_news` WHERE ( isshow=1 ) ORDER BY id desc ,pubtime desc LIMIT 0,2   [ RunTime:0.0000s ]
SQL: SELECT * FROM `xpc_news` WHERE ( isshow=1 ) ORDER BY id desc ,pubtime desc LIMIT 2,2   [ RunTime:0.0000s ]
INFO: [ view_parse ] --START--
INFO: [ template_filter ] --START--
INFO: Run Behavior\ContentReplaceBehavior [ RunTime:0.000000s ]
INFO: [ template_filter ] --END-- [ RunTime:0.000000s ]
INFO: Run Behavior\ParseTemplateBehavior [ RunTime:0.015625s ]
INFO: [ view_parse ] --END-- [ RunTime:0.015625s ]
INFO: [ view_filter ] --START--
INFO: Run Behavior\WriteHtmlCacheBehavior [ RunTime:0.000000s ]
INFO: [ view_filter ] --END-- [ RunTime:0.000000s ]
INFO: [ app_end ] --START--
INFO: Run Behavior\ShowPageTraceBehavior [ RunTime:0.000000s ]
INFO: [ app_end ] --END-- [ RunTime:0.000000s ]

[ 2017-05-18T14:04:24+08:00 ] 111.206.221.80 /App/index.html
INFO: [ app_init ] --START--
INFO: Run Behavior\BuildLiteBehavior [ RunTime:0.000000s ]
INFO: [ app_init ] --END-- [ RunTime:0.000000s ]
NOTIC: [2] preg_match(): Unknown modifier ':' D:\wwwww\xpcjd2\web\thinkphp\Library\Think\Route.class.php 第 58 行.
INFO: [ app_begin ] --START--
INFO: Run Behavior\ReadHtmlCacheBehavior [ RunTime:0.000000s ]
INFO: [ app_begin ] --END-- [ RunTime:0.000000s ]
SQL: SHOW COLUMNS FROM `xpc_basevideo` [ RunTime:0.0000s ]
SQL: SELECT `link_mobile`,`mp4_mobile` FROM `xpc_basevideo` WHERE ( is_show=1 and is_main=1 ) LIMIT 1   [ RunTime:0.0000s ]
SQL: SELECT `link_mobile`,`sltpath`,`mp4_mobile` FROM `xpc_basevideo` WHERE ( is_show=1 and is_main=0 ) ORDER BY id desc,pubtime desc  [ RunTime:0.0000s ]
SQL: SHOW COLUMNS FROM `xpc_danscenes` [ RunTime:0.0000s ]
SQL: SELECT st.title,dan.cate,dan.sltpath FROM xpc_danscenes dan left join  xpc_scenestype as st on st.id=dan.cate  WHERE ( dan.is_show=1 ) ORDER BY dan.id desc ,dan.pubtime desc  [ RunTime:0.0000s ]
SQL: SHOW COLUMNS FROM `xpc_duoscenes` [ RunTime:0.0156s ]
SQL: SELECT sd.ytgpath FROM xpc_duoscenes sd left join xpc_scenestype as st on st.id=sd.cate  WHERE `cate` = '11' AND `is_show` = 1 ORDER BY sd.id desc ,sd.pubtime desc  [ RunTime:0.0000s ]
SQL: SELECT sd.ytgpath FROM xpc_duoscenes sd left join xpc_scenestype as st on st.id=sd.cate  WHERE `cate` = '12' AND `is_show` = 1 ORDER BY sd.id desc ,sd.pubtime desc  [ RunTime:0.0000s ]
SQL: SELECT sd.ytgpath FROM xpc_duoscenes sd left join xpc_scenestype as st on st.id=sd.cate  WHERE `cate` = '14' AND `is_show` = 1 ORDER BY sd.id desc ,sd.pubtime desc  [ RunTime:0.0000s ]
SQL: SELECT sd.ytgpath FROM xpc_duoscenes sd left join xpc_scenestype as st on st.id=sd.cate  WHERE `cate` = '15' AND `is_show` = 1 ORDER BY sd.id desc ,sd.pubtime desc  [ RunTime:0.0000s ]
SQL: SELECT sd.ytgpath FROM xpc_duoscenes sd left join xpc_scenestype as st on st.id=sd.cate  WHERE `cate` = '16' AND `is_show` = 1 ORDER BY sd.id desc ,sd.pubtime desc  [ RunTime:0.0000s ]
SQL: SELECT sd.ytgpath FROM xpc_duoscenes sd left join xpc_scenestype as st on st.id=sd.cate  WHERE `cate` = '17' AND `is_show` = 1 ORDER BY sd.id desc ,sd.pubtime desc  [ RunTime:0.0000s ]
SQL: SELECT sd.ytgpath FROM xpc_duoscenes sd left join xpc_scenestype as st on st.id=sd.cate  WHERE `cate` = '18' AND `is_show` = 1 ORDER BY sd.id desc ,sd.pubtime desc  [ RunTime:0.0000s ]
SQL: SELECT sd.ytgpath FROM xpc_duoscenes sd left join xpc_scenestype as st on st.id=sd.cate  WHERE `cate` = '19' AND `is_show` = 1 ORDER BY sd.id desc ,sd.pubtime desc  [ RunTime:0.0000s ]
SQL: SELECT sd.ytgpath FROM xpc_duoscenes sd left join xpc_scenestype as st on st.id=sd.cate  WHERE `cate` = '20' AND `is_show` = 1 ORDER BY sd.id desc ,sd.pubtime desc  [ RunTime:0.0000s ]
SQL: SELECT sd.ytgpath FROM xpc_duoscenes sd left join xpc_scenestype as st on st.id=sd.cate  WHERE `cate` = '21' AND `is_show` = 1 ORDER BY sd.id desc ,sd.pubtime desc  [ RunTime:0.0000s ]
SQL: SELECT sd.ytgpath FROM xpc_duoscenes sd left join xpc_scenestype as st on st.id=sd.cate  WHERE `cate` = '22' AND `is_show` = 1 ORDER BY sd.id desc ,sd.pubtime desc  [ RunTime:0.0000s ]
SQL: SELECT sd.ytgpath FROM xpc_duoscenes sd left join xpc_scenestype as st on st.id=sd.cate  WHERE `cate` = '23' AND `is_show` = 1 ORDER BY sd.id desc ,sd.pubtime desc  [ RunTime:0.0000s ]
SQL: SHOW COLUMNS FROM `xpc_video` [ RunTime:0.0000s ]
SQL: SELECT * FROM `xpc_video` WHERE ( is_show=1 ) ORDER BY id desc ,pubtime desc  [ RunTime:0.0000s ]
SQL: SHOW COLUMNS FROM `xpc_service` [ RunTime:0.0000s ]
SQL: SELECT * FROM `xpc_service` WHERE ( isshow=1 ) ORDER BY id desc ,pubtime desc  [ RunTime:0.0000s ]
SQL: SHOW COLUMNS FROM `xpc_news` [ RunTime:0.0000s ]
SQL: SELECT * FROM `xpc_news` WHERE ( isshow=1 ) ORDER BY id desc ,pubtime desc LIMIT 0,2   [ RunTime:0.0000s ]
SQL: SELECT * FROM `xpc_news` WHERE ( isshow=1 ) ORDER BY id desc ,pubtime desc LIMIT 2,2   [ RunTime:0.0000s ]
INFO: [ view_parse ] --START--
INFO: [ template_filter ] --START--
INFO: Run Behavior\ContentReplaceBehavior [ RunTime:0.000000s ]
INFO: [ template_filter ] --END-- [ RunTime:0.000000s ]
INFO: Run Behavior\ParseTemplateBehavior [ RunTime:0.015625s ]
INFO: [ view_parse ] --END-- [ RunTime:0.015625s ]
INFO: [ view_filter ] --START--
INFO: Run Behavior\WriteHtmlCacheBehavior [ RunTime:0.000000s ]
INFO: [ view_filter ] --END-- [ RunTime:0.000000s ]
INFO: [ app_end ] --START--
INFO: Run Behavior\ShowPageTraceBehavior [ RunTime:0.000000s ]
INFO: [ app_end ] --END-- [ RunTime:0.000000s ]

[ 2017-05-18T14:04:34+08:00 ] 111.206.221.94 /App/index.html
INFO: [ app_init ] --START--
INFO: Run Behavior\BuildLiteBehavior [ RunTime:0.000000s ]
INFO: [ app_init ] --END-- [ RunTime:0.000000s ]
NOTIC: [2] preg_match(): Unknown modifier ':' D:\wwwww\xpcjd2\web\thinkphp\Library\Think\Route.class.php 第 58 行.
INFO: [ app_begin ] --START--
INFO: Run Behavior\ReadHtmlCacheBehavior [ RunTime:0.000000s ]
INFO: [ app_begin ] --END-- [ RunTime:0.000000s ]
SQL: SHOW COLUMNS FROM `xpc_basevideo` [ RunTime:0.0000s ]
SQL: SELECT `link_mobile`,`mp4_mobile` FROM `xpc_basevideo` WHERE ( is_show=1 and is_main=1 ) LIMIT 1   [ RunTime:0.0000s ]
SQL: SELECT `link_mobile`,`sltpath`,`mp4_mobile` FROM `xpc_basevideo` WHERE ( is_show=1 and is_main=0 ) ORDER BY id desc,pubtime desc  [ RunTime:0.0000s ]
SQL: SHOW COLUMNS FROM `xpc_danscenes` [ RunTime:0.0000s ]
SQL: SELECT st.title,dan.cate,dan.sltpath FROM xpc_danscenes dan left join  xpc_scenestype as st on st.id=dan.cate  WHERE ( dan.is_show=1 ) ORDER BY dan.id desc ,dan.pubtime desc  [ RunTime:0.0000s ]
SQL: SHOW COLUMNS FROM `xpc_duoscenes` [ RunTime:0.0000s ]
SQL: SELECT sd.ytgpath FROM xpc_duoscenes sd left join xpc_scenestype as st on st.id=sd.cate  WHERE `cate` = '11' AND `is_show` = 1 ORDER BY sd.id desc ,sd.pubtime desc  [ RunTime:0.0000s ]
SQL: SELECT sd.ytgpath FROM xpc_duoscenes sd left join xpc_scenestype as st on st.id=sd.cate  WHERE `cate` = '12' AND `is_show` = 1 ORDER BY sd.id desc ,sd.pubtime desc  [ RunTime:0.0000s ]
SQL: SELECT sd.ytgpath FROM xpc_duoscenes sd left join xpc_scenestype as st on st.id=sd.cate  WHERE `cate` = '14' AND `is_show` = 1 ORDER BY sd.id desc ,sd.pubtime desc  [ RunTime:0.0000s ]
SQL: SELECT sd.ytgpath FROM xpc_duoscenes sd left join xpc_scenestype as st on st.id=sd.cate  WHERE `cate` = '15' AND `is_show` = 1 ORDER BY sd.id desc ,sd.pubtime desc  [ RunTime:0.0000s ]
SQL: SELECT sd.ytgpath FROM xpc_duoscenes sd left join xpc_scenestype as st on st.id=sd.cate  WHERE `cate` = '16' AND `is_show` = 1 ORDER BY sd.id desc ,sd.pubtime desc  [ RunTime:0.0000s ]
SQL: SELECT sd.ytgpath FROM xpc_duoscenes sd left join xpc_scenestype as st on st.id=sd.cate  WHERE `cate` = '17' AND `is_show` = 1 ORDER BY sd.id desc ,sd.pubtime desc  [ RunTime:0.0000s ]
SQL: SELECT sd.ytgpath FROM xpc_duoscenes sd left join xpc_scenestype as st on st.id=sd.cate  WHERE `cate` = '18' AND `is_show` = 1 ORDER BY sd.id desc ,sd.pubtime desc  [ RunTime:0.0156s ]
SQL: SELECT sd.ytgpath FROM xpc_duoscenes sd left join xpc_scenestype as st on st.id=sd.cate  WHERE `cate` = '19' AND `is_show` = 1 ORDER BY sd.id desc ,sd.pubtime desc  [ RunTime:0.0000s ]
SQL: SELECT sd.ytgpath FROM xpc_duoscenes sd left join xpc_scenestype as st on st.id=sd.cate  WHERE `cate` = '20' AND `is_show` = 1 ORDER BY sd.id desc ,sd.pubtime desc  [ RunTime:0.0000s ]
SQL: SELECT sd.ytgpath FROM xpc_duoscenes sd left join xpc_scenestype as st on st.id=sd.cate  WHERE `cate` = '21' AND `is_show` = 1 ORDER BY sd.id desc ,sd.pubtime desc  [ RunTime:0.0000s ]
SQL: SELECT sd.ytgpath FROM xpc_duoscenes sd left join xpc_scenestype as st on st.id=sd.cate  WHERE `cate` = '22' AND `is_show` = 1 ORDER BY sd.id desc ,sd.pubtime desc  [ RunTime:0.0000s ]
SQL: SELECT sd.ytgpath FROM xpc_duoscenes sd left join xpc_scenestype as st on st.id=sd.cate  WHERE `cate` = '23' AND `is_show` = 1 ORDER BY sd.id desc ,sd.pubtime desc  [ RunTime:0.0000s ]
SQL: SHOW COLUMNS FROM `xpc_video` [ RunTime:0.0000s ]
SQL: SELECT * FROM `xpc_video` WHERE ( is_show=1 ) ORDER BY id desc ,pubtime desc  [ RunTime:0.0000s ]
SQL: SHOW COLUMNS FROM `xpc_service` [ RunTime:0.0000s ]
SQL: SELECT * FROM `xpc_service` WHERE ( isshow=1 ) ORDER BY id desc ,pubtime desc  [ RunTime:0.0000s ]
SQL: SHOW COLUMNS FROM `xpc_news` [ RunTime:0.0000s ]
SQL: SELECT * FROM `xpc_news` WHERE ( isshow=1 ) ORDER BY id desc ,pubtime desc LIMIT 0,2   [ RunTime:0.0000s ]
SQL: SELECT * FROM `xpc_news` WHERE ( isshow=1 ) ORDER BY id desc ,pubtime desc LIMIT 2,2   [ RunTime:0.0000s ]
INFO: [ view_parse ] --START--
INFO: [ template_filter ] --START--
INFO: Run Behavior\ContentReplaceBehavior [ RunTime:0.000000s ]
INFO: [ template_filter ] --END-- [ RunTime:0.000000s ]
INFO: Run Behavior\ParseTemplateBehavior [ RunTime:0.015625s ]
INFO: [ view_parse ] --END-- [ RunTime:0.015625s ]
INFO: [ view_filter ] --START--
INFO: Run Behavior\WriteHtmlCacheBehavior [ RunTime:0.000000s ]
INFO: [ view_filter ] --END-- [ RunTime:0.000000s ]
INFO: [ app_end ] --START--
INFO: Run Behavior\ShowPageTraceBehavior [ RunTime:0.000000s ]
INFO: [ app_end ] --END-- [ RunTime:0.000000s ]

[ 2017-05-18T14:36:42+08:00 ] 123.125.71.81 /App/index.html
INFO: [ app_init ] --START--
INFO: Run Behavior\BuildLiteBehavior [ RunTime:0.000000s ]
INFO: [ app_init ] --END-- [ RunTime:0.000000s ]
NOTIC: [2] preg_match(): Unknown modifier ':' D:\wwwww\xpcjd2\web\thinkphp\Library\Think\Route.class.php 第 58 行.
INFO: [ app_begin ] --START--
INFO: Run Behavior\ReadHtmlCacheBehavior [ RunTime:0.000000s ]
INFO: [ app_begin ] --END-- [ RunTime:0.000000s ]
SQL: SHOW COLUMNS FROM `xpc_basevideo` [ RunTime:0.0000s ]
SQL: SELECT `link_mobile`,`mp4_mobile` FROM `xpc_basevideo` WHERE ( is_show=1 and is_main=1 ) LIMIT 1   [ RunTime:0.0000s ]
SQL: SELECT `link_mobile`,`sltpath`,`mp4_mobile` FROM `xpc_basevideo` WHERE ( is_show=1 and is_main=0 ) ORDER BY id desc,pubtime desc  [ RunTime:0.0000s ]
SQL: SHOW COLUMNS FROM `xpc_danscenes` [ RunTime:0.0000s ]
SQL: SELECT st.title,dan.cate,dan.sltpath FROM xpc_danscenes dan left join  xpc_scenestype as st on st.id=dan.cate  WHERE ( dan.is_show=1 ) ORDER BY dan.id desc ,dan.pubtime desc  [ RunTime:0.0000s ]
SQL: SHOW COLUMNS FROM `xpc_duoscenes` [ RunTime:0.0000s ]
SQL: SELECT sd.ytgpath FROM xpc_duoscenes sd left join xpc_scenestype as st on st.id=sd.cate  WHERE `cate` = '11' AND `is_show` = 1 ORDER BY sd.id desc ,sd.pubtime desc  [ RunTime:0.0000s ]
SQL: SELECT sd.ytgpath FROM xpc_duoscenes sd left join xpc_scenestype as st on st.id=sd.cate  WHERE `cate` = '12' AND `is_show` = 1 ORDER BY sd.id desc ,sd.pubtime desc  [ RunTime:0.0000s ]
SQL: SELECT sd.ytgpath FROM xpc_duoscenes sd left join xpc_scenestype as st on st.id=sd.cate  WHERE `cate` = '14' AND `is_show` = 1 ORDER BY sd.id desc ,sd.pubtime desc  [ RunTime:0.0000s ]
SQL: SELECT sd.ytgpath FROM xpc_duoscenes sd left join xpc_scenestype as st on st.id=sd.cate  WHERE `cate` = '15' AND `is_show` = 1 ORDER BY sd.id desc ,sd.pubtime desc  [ RunTime:0.0000s ]
SQL: SELECT sd.ytgpath FROM xpc_duoscenes sd left join xpc_scenestype as st on st.id=sd.cate  WHERE `cate` = '16' AND `is_show` = 1 ORDER BY sd.id desc ,sd.pubtime desc  [ RunTime:0.0000s ]
SQL: SELECT sd.ytgpath FROM xpc_duoscenes sd left join xpc_scenestype as st on st.id=sd.cate  WHERE `cate` = '17' AND `is_show` = 1 ORDER BY sd.id desc ,sd.pubtime desc  [ RunTime:0.0000s ]
SQL: SELECT sd.ytgpath FROM xpc_duoscenes sd left join xpc_scenestype as st on st.id=sd.cate  WHERE `cate` = '18' AND `is_show` = 1 ORDER BY sd.id desc ,sd.pubtime desc  [ RunTime:0.0000s ]
SQL: SELECT sd.ytgpath FROM xpc_duoscenes sd left join xpc_scenestype as st on st.id=sd.cate  WHERE `cate` = '19' AND `is_show` = 1 ORDER BY sd.id desc ,sd.pubtime desc  [ RunTime:0.0000s ]
SQL: SELECT sd.ytgpath FROM xpc_duoscenes sd left join xpc_scenestype as st on st.id=sd.cate  WHERE `cate` = '20' AND `is_show` = 1 ORDER BY sd.id desc ,sd.pubtime desc  [ RunTime:0.0000s ]
SQL: SELECT sd.ytgpath FROM xpc_duoscenes sd left join xpc_scenestype as st on st.id=sd.cate  WHERE `cate` = '21' AND `is_show` = 1 ORDER BY sd.id desc ,sd.pubtime desc  [ RunTime:0.0000s ]
SQL: SELECT sd.ytgpath FROM xpc_duoscenes sd left join xpc_scenestype as st on st.id=sd.cate  WHERE `cate` = '22' AND `is_show` = 1 ORDER BY sd.id desc ,sd.pubtime desc  [ RunTime:0.0000s ]
SQL: SELECT sd.ytgpath FROM xpc_duoscenes sd left join xpc_scenestype as st on st.id=sd.cate  WHERE `cate` = '23' AND `is_show` = 1 ORDER BY sd.id desc ,sd.pubtime desc  [ RunTime:0.0000s ]
SQL: SHOW COLUMNS FROM `xpc_video` [ RunTime:0.0000s ]
SQL: SELECT * FROM `xpc_video` WHERE ( is_show=1 ) ORDER BY id desc ,pubtime desc  [ RunTime:0.0000s ]
SQL: SHOW COLUMNS FROM `xpc_service` [ RunTime:0.0156s ]
SQL: SELECT * FROM `xpc_service` WHERE ( isshow=1 ) ORDER BY id desc ,pubtime desc  [ RunTime:0.0000s ]
SQL: SHOW COLUMNS FROM `xpc_news` [ RunTime:0.0000s ]
SQL: SELECT * FROM `xpc_news` WHERE ( isshow=1 ) ORDER BY id desc ,pubtime desc LIMIT 0,2   [ RunTime:0.0000s ]
SQL: SELECT * FROM `xpc_news` WHERE ( isshow=1 ) ORDER BY id desc ,pubtime desc LIMIT 2,2   [ RunTime:0.0000s ]
INFO: [ view_parse ] --START--
INFO: [ template_filter ] --START--
INFO: Run Behavior\ContentReplaceBehavior [ RunTime:0.000000s ]
INFO: [ template_filter ] --END-- [ RunTime:0.000000s ]
INFO: Run Behavior\ParseTemplateBehavior [ RunTime:0.015625s ]
INFO: [ view_parse ] --END-- [ RunTime:0.015625s ]
INFO: [ view_filter ] --START--
INFO: Run Behavior\WriteHtmlCacheBehavior [ RunTime:0.000000s ]
INFO: [ view_filter ] --END-- [ RunTime:0.000000s ]
INFO: [ app_end ] --START--
INFO: Run Behavior\ShowPageTraceBehavior [ RunTime:0.000000s ]
INFO: [ app_end ] --END-- [ RunTime:0.000000s ]

[ 2017-05-18T14:36:42+08:00 ] 220.181.108.160 /App/
INFO: [ app_init ] --START--
INFO: Run Behavior\BuildLiteBehavior [ RunTime:0.000000s ]
INFO: [ app_init ] --END-- [ RunTime:0.000000s ]
NOTIC: [2] preg_match(): Unknown modifier ':' D:\wwwww\xpcjd2\web\thinkphp\Library\Think\Route.class.php 第 58 行.
INFO: [ app_begin ] --START--
INFO: Run Behavior\ReadHtmlCacheBehavior [ RunTime:0.000000s ]
INFO: [ app_begin ] --END-- [ RunTime:0.000000s ]
SQL: SHOW COLUMNS FROM `xpc_basevideo` [ RunTime:0.0000s ]
SQL: SELECT `link_mobile`,`mp4_mobile` FROM `xpc_basevideo` WHERE ( is_show=1 and is_main=1 ) LIMIT 1   [ RunTime:0.0000s ]
SQL: SELECT `link_mobile`,`sltpath`,`mp4_mobile` FROM `xpc_basevideo` WHERE ( is_show=1 and is_main=0 ) ORDER BY id desc,pubtime desc  [ RunTime:0.0000s ]
SQL: SHOW COLUMNS FROM `xpc_danscenes` [ RunTime:0.0000s ]
SQL: SELECT st.title,dan.cate,dan.sltpath FROM xpc_danscenes dan left join  xpc_scenestype as st on st.id=dan.cate  WHERE ( dan.is_show=1 ) ORDER BY dan.id desc ,dan.pubtime desc  [ RunTime:0.0000s ]
SQL: SHOW COLUMNS FROM `xpc_duoscenes` [ RunTime:0.0000s ]
SQL: SELECT sd.ytgpath FROM xpc_duoscenes sd left join xpc_scenestype as st on st.id=sd.cate  WHERE `cate` = '11' AND `is_show` = 1 ORDER BY sd.id desc ,sd.pubtime desc  [ RunTime:0.0000s ]
SQL: SELECT sd.ytgpath FROM xpc_duoscenes sd left join xpc_scenestype as st on st.id=sd.cate  WHERE `cate` = '12' AND `is_show` = 1 ORDER BY sd.id desc ,sd.pubtime desc  [ RunTime:0.0000s ]
SQL: SELECT sd.ytgpath FROM xpc_duoscenes sd left join xpc_scenestype as st on st.id=sd.cate  WHERE `cate` = '14' AND `is_show` = 1 ORDER BY sd.id desc ,sd.pubtime desc  [ RunTime:0.0000s ]
SQL: SELECT sd.ytgpath FROM xpc_duoscenes sd left join xpc_scenestype as st on st.id=sd.cate  WHERE `cate` = '15' AND `is_show` = 1 ORDER BY sd.id desc ,sd.pubtime desc  [ RunTime:0.0000s ]
SQL: SELECT sd.ytgpath FROM xpc_duoscenes sd left join xpc_scenestype as st on st.id=sd.cate  WHERE `cate` = '16' AND `is_show` = 1 ORDER BY sd.id desc ,sd.pubtime desc  [ RunTime:0.0000s ]
SQL: SELECT sd.ytgpath FROM xpc_duoscenes sd left join xpc_scenestype as st on st.id=sd.cate  WHERE `cate` = '17' AND `is_show` = 1 ORDER BY sd.id desc ,sd.pubtime desc  [ RunTime:0.0156s ]
SQL: SELECT sd.ytgpath FROM xpc_duoscenes sd left join xpc_scenestype as st on st.id=sd.cate  WHERE `cate` = '18' AND `is_show` = 1 ORDER BY sd.id desc ,sd.pubtime desc  [ RunTime:0.0000s ]
SQL: SELECT sd.ytgpath FROM xpc_duoscenes sd left join xpc_scenestype as st on st.id=sd.cate  WHERE `cate` = '19' AND `is_show` = 1 ORDER BY sd.id desc ,sd.pubtime desc  [ RunTime:0.0000s ]
SQL: SELECT sd.ytgpath FROM xpc_duoscenes sd left join xpc_scenestype as st on st.id=sd.cate  WHERE `cate` = '20' AND `is_show` = 1 ORDER BY sd.id desc ,sd.pubtime desc  [ RunTime:0.0000s ]
SQL: SELECT sd.ytgpath FROM xpc_duoscenes sd left join xpc_scenestype as st on st.id=sd.cate  WHERE `cate` = '21' AND `is_show` = 1 ORDER BY sd.id desc ,sd.pubtime desc  [ RunTime:0.0000s ]
SQL: SELECT sd.ytgpath FROM xpc_duoscenes sd left join xpc_scenestype as st on st.id=sd.cate  WHERE `cate` = '22' AND `is_show` = 1 ORDER BY sd.id desc ,sd.pubtime desc  [ RunTime:0.0000s ]
SQL: SELECT sd.ytgpath FROM xpc_duoscenes sd left join xpc_scenestype as st on st.id=sd.cate  WHERE `cate` = '23' AND `is_show` = 1 ORDER BY sd.id desc ,sd.pubtime desc  [ RunTime:0.0000s ]
SQL: SHOW COLUMNS FROM `xpc_video` [ RunTime:0.0000s ]
SQL: SELECT * FROM `xpc_video` WHERE ( is_show=1 ) ORDER BY id desc ,pubtime desc  [ RunTime:0.0000s ]
SQL: SHOW COLUMNS FROM `xpc_service` [ RunTime:0.0000s ]
SQL: SELECT * FROM `xpc_service` WHERE ( isshow=1 ) ORDER BY id desc ,pubtime desc  [ RunTime:0.0000s ]
SQL: SHOW COLUMNS FROM `xpc_news` [ RunTime:0.0000s ]
SQL: SELECT * FROM `xpc_news` WHERE ( isshow=1 ) ORDER BY id desc ,pubtime desc LIMIT 0,2   [ RunTime:0.0000s ]
SQL: SELECT * FROM `xpc_news` WHERE ( isshow=1 ) ORDER BY id desc ,pubtime desc LIMIT 2,2   [ RunTime:0.0000s ]
INFO: [ view_parse ] --START--
INFO: [ template_filter ] --START--
INFO: Run Behavior\ContentReplaceBehavior [ RunTime:0.000000s ]
INFO: [ template_filter ] --END-- [ RunTime:0.000000s ]
INFO: Run Behavior\ParseTemplateBehavior [ RunTime:0.015625s ]
INFO: [ view_parse ] --END-- [ RunTime:0.015625s ]
INFO: [ view_filter ] --START--
INFO: Run Behavior\WriteHtmlCacheBehavior [ RunTime:0.000000s ]
INFO: [ view_filter ] --END-- [ RunTime:0.000000s ]
INFO: [ app_end ] --START--
INFO: Run Behavior\ShowPageTraceBehavior [ RunTime:0.000000s ]
INFO: [ app_end ] --END-- [ RunTime:0.000000s ]

[ 2017-05-18T19:42:27+08:00 ] 203.208.60.235 /App/wcase.html
INFO: [ app_init ] --START--
INFO: Run Behavior\BuildLiteBehavior [ RunTime:0.000000s ]
INFO: [ app_init ] --END-- [ RunTime:0.000000s ]
NOTIC: [2] preg_match(): Unknown modifier ':' D:\wwwww\xpcjd2\web\thinkphp\Library\Think\Route.class.php 第 58 行.
INFO: [ app_begin ] --START--
INFO: Run Behavior\ReadHtmlCacheBehavior [ RunTime:0.000000s ]
INFO: [ app_begin ] --END-- [ RunTime:0.000000s ]
SQL: SHOW COLUMNS FROM `xpc_basevideo` [ RunTime:0.0000s ]
SQL: SELECT `link_mobile`,`mp4_mobile` FROM `xpc_basevideo` WHERE ( is_show=1 and is_main=1 ) LIMIT 1   [ RunTime:0.0000s ]
SQL: SELECT `link_mobile`,`sltpath`,`mp4_mobile` FROM `xpc_basevideo` WHERE ( is_show=1 and is_main=0 ) ORDER BY id desc,pubtime desc  [ RunTime:0.0000s ]
SQL: SHOW COLUMNS FROM `xpc_danscenes` [ RunTime:0.0000s ]
SQL: SELECT st.title,dan.cate,dan.sltpath FROM xpc_danscenes dan left join  xpc_scenestype as st on st.id=dan.cate  WHERE ( dan.is_show=1 ) ORDER BY dan.id desc ,dan.pubtime desc  [ RunTime:0.0156s ]
SQL: SHOW COLUMNS FROM `xpc_duoscenes` [ RunTime:0.0000s ]
SQL: SELECT sd.ytgpath FROM xpc_duoscenes sd left join xpc_scenestype as st on st.id=sd.cate  WHERE `cate` = '11' AND `is_show` = 1 ORDER BY sd.id desc ,sd.pubtime desc  [ RunTime:0.0000s ]
SQL: SELECT sd.ytgpath FROM xpc_duoscenes sd left join xpc_scenestype as st on st.id=sd.cate  WHERE `cate` = '12' AND `is_show` = 1 ORDER BY sd.id desc ,sd.pubtime desc  [ RunTime:0.0000s ]
SQL: SELECT sd.ytgpath FROM xpc_duoscenes sd left join xpc_scenestype as st on st.id=sd.cate  WHERE `cate` = '14' AND `is_show` = 1 ORDER BY sd.id desc ,sd.pubtime desc  [ RunTime:0.0000s ]
SQL: SELECT sd.ytgpath FROM xpc_duoscenes sd left join xpc_scenestype as st on st.id=sd.cate  WHERE `cate` = '15' AND `is_show` = 1 ORDER BY sd.id desc ,sd.pubtime desc  [ RunTime:0.0000s ]
SQL: SELECT sd.ytgpath FROM xpc_duoscenes sd left join xpc_scenestype as st on st.id=sd.cate  WHERE `cate` = '16' AND `is_show` = 1 ORDER BY sd.id desc ,sd.pubtime desc  [ RunTime:0.0000s ]
SQL: SELECT sd.ytgpath FROM xpc_duoscenes sd left join xpc_scenestype as st on st.id=sd.cate  WHERE `cate` = '17' AND `is_show` = 1 ORDER BY sd.id desc ,sd.pubtime desc  [ RunTime:0.0000s ]
SQL: SELECT sd.ytgpath FROM xpc_duoscenes sd left join xpc_scenestype as st on st.id=sd.cate  WHERE `cate` = '18' AND `is_show` = 1 ORDER BY sd.id desc ,sd.pubtime desc  [ RunTime:0.0000s ]
SQL: SELECT sd.ytgpath FROM xpc_duoscenes sd left join xpc_scenestype as st on st.id=sd.cate  WHERE `cate` = '19' AND `is_show` = 1 ORDER BY sd.id desc ,sd.pubtime desc  [ RunTime:0.0000s ]
SQL: SELECT sd.ytgpath FROM xpc_duoscenes sd left join xpc_scenestype as st on st.id=sd.cate  WHERE `cate` = '20' AND `is_show` = 1 ORDER BY sd.id desc ,sd.pubtime desc  [ RunTime:0.0000s ]
SQL: SELECT sd.ytgpath FROM xpc_duoscenes sd left join xpc_scenestype as st on st.id=sd.cate  WHERE `cate` = '21' AND `is_show` = 1 ORDER BY sd.id desc ,sd.pubtime desc  [ RunTime:0.0000s ]
SQL: SELECT sd.ytgpath FROM xpc_duoscenes sd left join xpc_scenestype as st on st.id=sd.cate  WHERE `cate` = '22' AND `is_show` = 1 ORDER BY sd.id desc ,sd.pubtime desc  [ RunTime:0.0000s ]
SQL: SELECT sd.ytgpath FROM xpc_duoscenes sd left join xpc_scenestype as st on st.id=sd.cate  WHERE `cate` = '23' AND `is_show` = 1 ORDER BY sd.id desc ,sd.pubtime desc  [ RunTime:0.0000s ]
SQL: SHOW COLUMNS FROM `xpc_video` [ RunTime:0.0000s ]
SQL: SELECT * FROM `xpc_video` WHERE ( is_show=1 ) ORDER BY id desc ,pubtime desc  [ RunTime:0.0000s ]
SQL: SHOW COLUMNS FROM `xpc_service` [ RunTime:0.0000s ]
SQL: SELECT * FROM `xpc_service` WHERE ( isshow=1 ) ORDER BY id desc ,pubtime desc  [ RunTime:0.0000s ]
SQL: SHOW COLUMNS FROM `xpc_news` [ RunTime:0.0000s ]
SQL: SELECT * FROM `xpc_news` WHERE ( isshow=1 ) ORDER BY id desc ,pubtime desc LIMIT 0,2   [ RunTime:0.0000s ]
SQL: SELECT * FROM `xpc_news` WHERE ( isshow=1 ) ORDER BY id desc ,pubtime desc LIMIT 2,2   [ RunTime:0.0000s ]
SQL: SELECT * FROM `xpc_video` WHERE ( is_show=1 )  [ RunTime:0.0000s ]
INFO: [ view_parse ] --START--
INFO: [ template_filter ] --START--
INFO: Run Behavior\ContentReplaceBehavior [ RunTime:0.000000s ]
INFO: [ template_filter ] --END-- [ RunTime:0.000000s ]
INFO: Run Behavior\ParseTemplateBehavior [ RunTime:0.000000s ]
INFO: [ view_parse ] --END-- [ RunTime:0.000000s ]
INFO: [ view_filter ] --START--
INFO: Run Behavior\WriteHtmlCacheBehavior [ RunTime:0.000000s ]
INFO: [ view_filter ] --END-- [ RunTime:0.000000s ]
INFO: [ app_end ] --START--
INFO: Run Behavior\ShowPageTraceBehavior [ RunTime:0.000000s ]
INFO: [ app_end ] --END-- [ RunTime:0.000000s ]

[ 2017-05-18T20:01:30+08:00 ] 203.208.60.237 /App/Index/scenes.html
INFO: [ app_init ] --START--
INFO: Run Behavior\BuildLiteBehavior [ RunTime:0.000000s ]
INFO: [ app_init ] --END-- [ RunTime:0.000000s ]
NOTIC: [2] preg_match(): Unknown modifier ':' D:\wwwww\xpcjd2\web\thinkphp\Library\Think\Route.class.php 第 58 行.
NOTIC: [2] preg_match(): Unknown modifier ':' D:\wwwww\xpcjd2\web\thinkphp\Library\Think\Route.class.php 第 58 行.
INFO: [ app_begin ] --START--
INFO: Run Behavior\ReadHtmlCacheBehavior [ RunTime:0.000000s ]
INFO: [ app_begin ] --END-- [ RunTime:0.000000s ]
SQL: SHOW COLUMNS FROM `xpc_basevideo` [ RunTime:0.0156s ]
SQL: SELECT `link_mobile`,`mp4_mobile` FROM `xpc_basevideo` WHERE ( is_show=1 and is_main=1 ) LIMIT 1   [ RunTime:0.0000s ]
SQL: SELECT `link_mobile`,`sltpath`,`mp4_mobile` FROM `xpc_basevideo` WHERE ( is_show=1 and is_main=0 ) ORDER BY id desc,pubtime desc  [ RunTime:0.0000s ]
SQL: SHOW COLUMNS FROM `xpc_danscenes` [ RunTime:0.0000s ]
SQL: SELECT st.title,dan.cate,dan.sltpath FROM xpc_danscenes dan left join  xpc_scenestype as st on st.id=dan.cate  WHERE ( dan.is_show=1 ) ORDER BY dan.id desc ,dan.pubtime desc  [ RunTime:0.0000s ]
SQL: SHOW COLUMNS FROM `xpc_duoscenes` [ RunTime:0.0000s ]
SQL: SELECT sd.ytgpath FROM xpc_duoscenes sd left join xpc_scenestype as st on st.id=sd.cate  WHERE `cate` = '11' AND `is_show` = 1 ORDER BY sd.id desc ,sd.pubtime desc  [ RunTime:0.0000s ]
SQL: SELECT sd.ytgpath FROM xpc_duoscenes sd left join xpc_scenestype as st on st.id=sd.cate  WHERE `cate` = '12' AND `is_show` = 1 ORDER BY sd.id desc ,sd.pubtime desc  [ RunTime:0.0000s ]
SQL: SELECT sd.ytgpath FROM xpc_duoscenes sd left join xpc_scenestype as st on st.id=sd.cate  WHERE `cate` = '14' AND `is_show` = 1 ORDER BY sd.id desc ,sd.pubtime desc  [ RunTime:0.0000s ]
SQL: SELECT sd.ytgpath FROM xpc_duoscenes sd left join xpc_scenestype as st on st.id=sd.cate  WHERE `cate` = '15' AND `is_show` = 1 ORDER BY sd.id desc ,sd.pubtime desc  [ RunTime:0.0000s ]
SQL: SELECT sd.ytgpath FROM xpc_duoscenes sd left join xpc_scenestype as st on st.id=sd.cate  WHERE `cate` = '16' AND `is_show` = 1 ORDER BY sd.id desc ,sd.pubtime desc  [ RunTime:0.0000s ]
SQL: SELECT sd.ytgpath FROM xpc_duoscenes sd left join xpc_scenestype as st on st.id=sd.cate  WHERE `cate` = '17' AND `is_show` = 1 ORDER BY sd.id desc ,sd.pubtime desc  [ RunTime:0.0000s ]
SQL: SELECT sd.ytgpath FROM xpc_duoscenes sd left join xpc_scenestype as st on st.id=sd.cate  WHERE `cate` = '18' AND `is_show` = 1 ORDER BY sd.id desc ,sd.pubtime desc  [ RunTime:0.0000s ]
SQL: SELECT sd.ytgpath FROM xpc_duoscenes sd left join xpc_scenestype as st on st.id=sd.cate  WHERE `cate` = '19' AND `is_show` = 1 ORDER BY sd.id desc ,sd.pubtime desc  [ RunTime:0.0000s ]
SQL: SELECT sd.ytgpath FROM xpc_duoscenes sd left join xpc_scenestype as st on st.id=sd.cate  WHERE `cate` = '20' AND `is_show` = 1 ORDER BY sd.id desc ,sd.pubtime desc  [ RunTime:0.0000s ]
SQL: SELECT sd.ytgpath FROM xpc_duoscenes sd left join xpc_scenestype as st on st.id=sd.cate  WHERE `cate` = '21' AND `is_show` = 1 ORDER BY sd.id desc ,sd.pubtime desc  [ RunTime:0.0000s ]
SQL: SELECT sd.ytgpath FROM xpc_duoscenes sd left join xpc_scenestype as st on st.id=sd.cate  WHERE `cate` = '22' AND `is_show` = 1 ORDER BY sd.id desc ,sd.pubtime desc  [ RunTime:0.0000s ]
SQL: SELECT sd.ytgpath FROM xpc_duoscenes sd left join xpc_scenestype as st on st.id=sd.cate  WHERE `cate` = '23' AND `is_show` = 1 ORDER BY sd.id desc ,sd.pubtime desc  [ RunTime:0.0000s ]
SQL: SHOW COLUMNS FROM `xpc_video` [ RunTime:0.0000s ]
SQL: SELECT * FROM `xpc_video` WHERE ( is_show=1 ) ORDER BY id desc ,pubtime desc  [ RunTime:0.0000s ]
SQL: SHOW COLUMNS FROM `xpc_service` [ RunTime:0.0156s ]
SQL: SELECT * FROM `xpc_service` WHERE ( isshow=1 ) ORDER BY id desc ,pubtime desc  [ RunTime:0.0000s ]
SQL: SHOW COLUMNS FROM `xpc_news` [ RunTime:0.0000s ]
SQL: SELECT * FROM `xpc_news` WHERE ( isshow=1 ) ORDER BY id desc ,pubtime desc LIMIT 0,2   [ RunTime:0.0000s ]
SQL: SELECT * FROM `xpc_news` WHERE ( isshow=1 ) ORDER BY id desc ,pubtime desc LIMIT 2,2   [ RunTime:0.0000s ]
SQL: SELECT st.title,dan.cate,dan.sltpath FROM xpc_danscenes dan left join  xpc_scenestype as st on st.id=dan.cate  WHERE ( dan.is_show=1 ) ORDER BY dan.id desc ,dan.pubtime desc  [ RunTime:0.0000s ]
SQL: SELECT sd.ytgpath FROM xpc_duoscenes sd left join xpc_scenestype as st on st.id=sd.cate  WHERE `cate` = '11' AND `is_show` = 1 ORDER BY sd.id desc ,sd.pubtime desc  [ RunTime:0.0000s ]
SQL: SELECT sd.ytgpath FROM xpc_duoscenes sd left join xpc_scenestype as st on st.id=sd.cate  WHERE `cate` = '12' AND `is_show` = 1 ORDER BY sd.id desc ,sd.pubtime desc  [ RunTime:0.0000s ]
SQL: SELECT sd.ytgpath FROM xpc_duoscenes sd left join xpc_scenestype as st on st.id=sd.cate  WHERE `cate` = '14' AND `is_show` = 1 ORDER BY sd.id desc ,sd.pubtime desc  [ RunTime:0.0000s ]
SQL: SELECT sd.ytgpath FROM xpc_duoscenes sd left join xpc_scenestype as st on st.id=sd.cate  WHERE `cate` = '15' AND `is_show` = 1 ORDER BY sd.id desc ,sd.pubtime desc  [ RunTime:0.0000s ]
SQL: SELECT sd.ytgpath FROM xpc_duoscenes sd left join xpc_scenestype as st on st.id=sd.cate  WHERE `cate` = '16' AND `is_show` = 1 ORDER BY sd.id desc ,sd.pubtime desc  [ RunTime:0.0000s ]
SQL: SELECT sd.ytgpath FROM xpc_duoscenes sd left join xpc_scenestype as st on st.id=sd.cate  WHERE `cate` = '17' AND `is_show` = 1 ORDER BY sd.id desc ,sd.pubtime desc  [ RunTime:0.0000s ]
SQL: SELECT sd.ytgpath FROM xpc_duoscenes sd left join xpc_scenestype as st on st.id=sd.cate  WHERE `cate` = '18' AND `is_show` = 1 ORDER BY sd.id desc ,sd.pubtime desc  [ RunTime:0.0000s ]
SQL: SELECT sd.ytgpath FROM xpc_duoscenes sd left join xpc_scenestype as st on st.id=sd.cate  WHERE `cate` = '19' AND `is_show` = 1 ORDER BY sd.id desc ,sd.pubtime desc  [ RunTime:0.0000s ]
SQL: SELECT sd.ytgpath FROM xpc_duoscenes sd left join xpc_scenestype as st on st.id=sd.cate  WHERE `cate` = '20' AND `is_show` = 1 ORDER BY sd.id desc ,sd.pubtime desc  [ RunTime:0.0000s ]
SQL: SELECT sd.ytgpath FROM xpc_duoscenes sd left join xpc_scenestype as st on st.id=sd.cate  WHERE `cate` = '21' AND `is_show` = 1 ORDER BY sd.id desc ,sd.pubtime desc  [ RunTime:0.0000s ]
SQL: SELECT sd.ytgpath FROM xpc_duoscenes sd left join xpc_scenestype as st on st.id=sd.cate  WHERE `cate` = '22' AND `is_show` = 1 ORDER BY sd.id desc ,sd.pubtime desc  [ RunTime:0.0000s ]
SQL: SELECT sd.ytgpath FROM xpc_duoscenes sd left join xpc_scenestype as st on st.id=sd.cate  WHERE `cate` = '23' AND `is_show` = 1 ORDER BY sd.id desc ,sd.pubtime desc  [ RunTime:0.0000s ]
INFO: [ view_parse ] --START--
INFO: [ template_filter ] --START--
INFO: Run Behavior\ContentReplaceBehavior [ RunTime:0.000000s ]
INFO: [ template_filter ] --END-- [ RunTime:0.000000s ]
INFO: Run Behavior\ParseTemplateBehavior [ RunTime:0.015625s ]
INFO: [ view_parse ] --END-- [ RunTime:0.015625s ]
INFO: [ view_filter ] --START--
INFO: Run Behavior\WriteHtmlCacheBehavior [ RunTime:0.000000s ]
INFO: [ view_filter ] --END-- [ RunTime:0.000000s ]
INFO: [ app_end ] --START--
INFO: Run Behavior\ShowPageTraceBehavior [ RunTime:0.000000s ]
INFO: [ app_end ] --END-- [ RunTime:0.000000s ]

[ 2017-05-18T20:02:28+08:00 ] 203.208.60.235 /App/index/service.html
INFO: [ app_init ] --START--
INFO: Run Behavior\BuildLiteBehavior [ RunTime:0.000000s ]
INFO: [ app_init ] --END-- [ RunTime:0.000000s ]
NOTIC: [2] preg_match(): Unknown modifier ':' D:\wwwww\xpcjd2\web\thinkphp\Library\Think\Route.class.php 第 58 行.
NOTIC: [2] preg_match(): Unknown modifier ':' D:\wwwww\xpcjd2\web\thinkphp\Library\Think\Route.class.php 第 58 行.
INFO: [ app_begin ] --START--
INFO: Run Behavior\ReadHtmlCacheBehavior [ RunTime:0.000000s ]
INFO: [ app_begin ] --END-- [ RunTime:0.000000s ]
SQL: SHOW COLUMNS FROM `xpc_basevideo` [ RunTime:0.0156s ]
SQL: SELECT `link_mobile`,`mp4_mobile` FROM `xpc_basevideo` WHERE ( is_show=1 and is_main=1 ) LIMIT 1   [ RunTime:0.0000s ]
SQL: SELECT `link_mobile`,`sltpath`,`mp4_mobile` FROM `xpc_basevideo` WHERE ( is_show=1 and is_main=0 ) ORDER BY id desc,pubtime desc  [ RunTime:0.0000s ]
SQL: SHOW COLUMNS FROM `xpc_danscenes` [ RunTime:0.0000s ]
SQL: SELECT st.title,dan.cate,dan.sltpath FROM xpc_danscenes dan left join  xpc_scenestype as st on st.id=dan.cate  WHERE ( dan.is_show=1 ) ORDER BY dan.id desc ,dan.pubtime desc  [ RunTime:0.0000s ]
SQL: SHOW COLUMNS FROM `xpc_duoscenes` [ RunTime:0.0000s ]
SQL: SELECT sd.ytgpath FROM xpc_duoscenes sd left join xpc_scenestype as st on st.id=sd.cate  WHERE `cate` = '11' AND `is_show` = 1 ORDER BY sd.id desc ,sd.pubtime desc  [ RunTime:0.0000s ]
SQL: SELECT sd.ytgpath FROM xpc_duoscenes sd left join xpc_scenestype as st on st.id=sd.cate  WHERE `cate` = '12' AND `is_show` = 1 ORDER BY sd.id desc ,sd.pubtime desc  [ RunTime:0.0000s ]
SQL: SELECT sd.ytgpath FROM xpc_duoscenes sd left join xpc_scenestype as st on st.id=sd.cate  WHERE `cate` = '14' AND `is_show` = 1 ORDER BY sd.id desc ,sd.pubtime desc  [ RunTime:0.0000s ]
SQL: SELECT sd.ytgpath FROM xpc_duoscenes sd left join xpc_scenestype as st on st.id=sd.cate  WHERE `cate` = '15' AND `is_show` = 1 ORDER BY sd.id desc ,sd.pubtime desc  [ RunTime:0.0000s ]
SQL: SELECT sd.ytgpath FROM xpc_duoscenes sd left join xpc_scenestype as st on st.id=sd.cate  WHERE `cate` = '16' AND `is_show` = 1 ORDER BY sd.id desc ,sd.pubtime desc  [ RunTime:0.0000s ]
SQL: SELECT sd.ytgpath FROM xpc_duoscenes sd left join xpc_scenestype as st on st.id=sd.cate  WHERE `cate` = '17' AND `is_show` = 1 ORDER BY sd.id desc ,sd.pubtime desc  [ RunTime:0.0000s ]
SQL: SELECT sd.ytgpath FROM xpc_duoscenes sd left join xpc_scenestype as st on st.id=sd.cate  WHERE `cate` = '18' AND `is_show` = 1 ORDER BY sd.id desc ,sd.pubtime desc  [ RunTime:0.0000s ]
SQL: SELECT sd.ytgpath FROM xpc_duoscenes sd left join xpc_scenestype as st on st.id=sd.cate  WHERE `cate` = '19' AND `is_show` = 1 ORDER BY sd.id desc ,sd.pubtime desc  [ RunTime:0.0000s ]
SQL: SELECT sd.ytgpath FROM xpc_duoscenes sd left join xpc_scenestype as st on st.id=sd.cate  WHERE `cate` = '20' AND `is_show` = 1 ORDER BY sd.id desc ,sd.pubtime desc  [ RunTime:0.0000s ]
SQL: SELECT sd.ytgpath FROM xpc_duoscenes sd left join xpc_scenestype as st on st.id=sd.cate  WHERE `cate` = '21' AND `is_show` = 1 ORDER BY sd.id desc ,sd.pubtime desc  [ RunTime:0.0000s ]
SQL: SELECT sd.ytgpath FROM xpc_duoscenes sd left join xpc_scenestype as st on st.id=sd.cate  WHERE `cate` = '22' AND `is_show` = 1 ORDER BY sd.id desc ,sd.pubtime desc  [ RunTime:0.0000s ]
SQL: SELECT sd.ytgpath FROM xpc_duoscenes sd left join xpc_scenestype as st on st.id=sd.cate  WHERE `cate` = '23' AND `is_show` = 1 ORDER BY sd.id desc ,sd.pubtime desc  [ RunTime:0.0000s ]
SQL: SHOW COLUMNS FROM `xpc_video` [ RunTime:0.0000s ]
SQL: SELECT * FROM `xpc_video` WHERE ( is_show=1 ) ORDER BY id desc ,pubtime desc  [ RunTime:0.0000s ]
SQL: SHOW COLUMNS FROM `xpc_service` [ RunTime:0.0156s ]
SQL: SELECT * FROM `xpc_service` WHERE ( isshow=1 ) ORDER BY id desc ,pubtime desc  [ RunTime:0.0000s ]
SQL: SHOW COLUMNS FROM `xpc_news` [ RunTime:0.0000s ]
SQL: SELECT * FROM `xpc_news` WHERE ( isshow=1 ) ORDER BY id desc ,pubtime desc LIMIT 0,2   [ RunTime:0.0000s ]
SQL: SELECT * FROM `xpc_news` WHERE ( isshow=1 ) ORDER BY id desc ,pubtime desc LIMIT 2,2   [ RunTime:0.0000s ]
SQL: SELECT * FROM `xpc_service` WHERE ( isshow=1 ) ORDER BY id desc ,pubtime desc  [ RunTime:0.0000s ]
INFO: [ view_parse ] --START--
INFO: [ template_filter ] --START--
INFO: Run Behavior\ContentReplaceBehavior [ RunTime:0.000000s ]
INFO: [ template_filter ] --END-- [ RunTime:0.000000s ]
INFO: Run Behavior\ParseTemplateBehavior [ RunTime:0.000000s ]
INFO: [ view_parse ] --END-- [ RunTime:0.000000s ]
INFO: [ view_filter ] --START--
INFO: Run Behavior\WriteHtmlCacheBehavior [ RunTime:0.000000s ]
INFO: [ view_filter ] --END-- [ RunTime:0.000000s ]
INFO: [ app_end ] --START--
INFO: Run Behavior\ShowPageTraceBehavior [ RunTime:0.000000s ]
INFO: [ app_end ] --END-- [ RunTime:0.000000s ]

[ 2017-05-18T20:12:06+08:00 ] 203.208.60.235 /App/index/newsList.html
INFO: [ app_init ] --START--
INFO: Run Behavior\BuildLiteBehavior [ RunTime:0.000000s ]
INFO: [ app_init ] --END-- [ RunTime:0.000000s ]
NOTIC: [2] preg_match(): Unknown modifier ':' D:\wwwww\xpcjd2\web\thinkphp\Library\Think\Route.class.php 第 58 行.
NOTIC: [2] preg_match(): Unknown modifier ':' D:\wwwww\xpcjd2\web\thinkphp\Library\Think\Route.class.php 第 58 行.
INFO: [ app_begin ] --START--
INFO: Run Behavior\ReadHtmlCacheBehavior [ RunTime:0.000000s ]
INFO: [ app_begin ] --END-- [ RunTime:0.000000s ]
SQL: SHOW COLUMNS FROM `xpc_basevideo` [ RunTime:0.0000s ]
SQL: SELECT `link_mobile`,`mp4_mobile` FROM `xpc_basevideo` WHERE ( is_show=1 and is_main=1 ) LIMIT 1   [ RunTime:0.0000s ]
SQL: SELECT `link_mobile`,`sltpath`,`mp4_mobile` FROM `xpc_basevideo` WHERE ( is_show=1 and is_main=0 ) ORDER BY id desc,pubtime desc  [ RunTime:0.0000s ]
SQL: SHOW COLUMNS FROM `xpc_danscenes` [ RunTime:0.0000s ]
SQL: SELECT st.title,dan.cate,dan.sltpath FROM xpc_danscenes dan left join  xpc_scenestype as st on st.id=dan.cate  WHERE ( dan.is_show=1 ) ORDER BY dan.id desc ,dan.pubtime desc  [ RunTime:0.0000s ]
SQL: SHOW COLUMNS FROM `xpc_duoscenes` [ RunTime:0.0000s ]
SQL: SELECT sd.ytgpath FROM xpc_duoscenes sd left join xpc_scenestype as st on st.id=sd.cate  WHERE `cate` = '11' AND `is_show` = 1 ORDER BY sd.id desc ,sd.pubtime desc  [ RunTime:0.0000s ]
SQL: SELECT sd.ytgpath FROM xpc_duoscenes sd left join xpc_scenestype as st on st.id=sd.cate  WHERE `cate` = '12' AND `is_show` = 1 ORDER BY sd.id desc ,sd.pubtime desc  [ RunTime:0.0000s ]
SQL: SELECT sd.ytgpath FROM xpc_duoscenes sd left join xpc_scenestype as st on st.id=sd.cate  WHERE `cate` = '14' AND `is_show` = 1 ORDER BY sd.id desc ,sd.pubtime desc  [ RunTime:0.0000s ]
SQL: SELECT sd.ytgpath FROM xpc_duoscenes sd left join xpc_scenestype as st on st.id=sd.cate  WHERE `cate` = '15' AND `is_show` = 1 ORDER BY sd.id desc ,sd.pubtime desc  [ RunTime:0.0000s ]
SQL: SELECT sd.ytgpath FROM xpc_duoscenes sd left join xpc_scenestype as st on st.id=sd.cate  WHERE `cate` = '16' AND `is_show` = 1 ORDER BY sd.id desc ,sd.pubtime desc  [ RunTime:0.0000s ]
SQL: SELECT sd.ytgpath FROM xpc_duoscenes sd left join xpc_scenestype as st on st.id=sd.cate  WHERE `cate` = '17' AND `is_show` = 1 ORDER BY sd.id desc ,sd.pubtime desc  [ RunTime:0.0000s ]
SQL: SELECT sd.ytgpath FROM xpc_duoscenes sd left join xpc_scenestype as st on st.id=sd.cate  WHERE `cate` = '18' AND `is_show` = 1 ORDER BY sd.id desc ,sd.pubtime desc  [ RunTime:0.0000s ]
SQL: SELECT sd.ytgpath FROM xpc_duoscenes sd left join xpc_scenestype as st on st.id=sd.cate  WHERE `cate` = '19' AND `is_show` = 1 ORDER BY sd.id desc ,sd.pubtime desc  [ RunTime:0.0000s ]
SQL: SELECT sd.ytgpath FROM xpc_duoscenes sd left join xpc_scenestype as st on st.id=sd.cate  WHERE `cate` = '20' AND `is_show` = 1 ORDER BY sd.id desc ,sd.pubtime desc  [ RunTime:0.0000s ]
SQL: SELECT sd.ytgpath FROM xpc_duoscenes sd left join xpc_scenestype as st on st.id=sd.cate  WHERE `cate` = '21' AND `is_show` = 1 ORDER BY sd.id desc ,sd.pubtime desc  [ RunTime:0.0000s ]
SQL: SELECT sd.ytgpath FROM xpc_duoscenes sd left join xpc_scenestype as st on st.id=sd.cate  WHERE `cate` = '22' AND `is_show` = 1 ORDER BY sd.id desc ,sd.pubtime desc  [ RunTime:0.0000s ]
SQL: SELECT sd.ytgpath FROM xpc_duoscenes sd left join xpc_scenestype as st on st.id=sd.cate  WHERE `cate` = '23' AND `is_show` = 1 ORDER BY sd.id desc ,sd.pubtime desc  [ RunTime:0.0000s ]
SQL: SHOW COLUMNS FROM `xpc_video` [ RunTime:0.0000s ]
SQL: SELECT * FROM `xpc_video` WHERE ( is_show=1 ) ORDER BY id desc ,pubtime desc  [ RunTime:0.0000s ]
SQL: SHOW COLUMNS FROM `xpc_service` [ RunTime:0.0156s ]
SQL: SELECT * FROM `xpc_service` WHERE ( isshow=1 ) ORDER BY id desc ,pubtime desc  [ RunTime:0.0000s ]
SQL: SHOW COLUMNS FROM `xpc_news` [ RunTime:0.0000s ]
SQL: SELECT * FROM `xpc_news` WHERE ( isshow=1 ) ORDER BY id desc ,pubtime desc LIMIT 0,2   [ RunTime:0.0000s ]
SQL: SELECT * FROM `xpc_news` WHERE ( isshow=1 ) ORDER BY id desc ,pubtime desc LIMIT 2,2   [ RunTime:0.0000s ]
SQL: SELECT * FROM `xpc_news` WHERE ( isshow=1 ) ORDER BY id desc ,pubtime desc  [ RunTime:0.0000s ]
INFO: [ view_parse ] --START--
INFO: [ template_filter ] --START--
INFO: Run Behavior\ContentReplaceBehavior [ RunTime:0.000000s ]
INFO: [ template_filter ] --END-- [ RunTime:0.000000s ]
INFO: Run Behavior\ParseTemplateBehavior [ RunTime:0.015625s ]
INFO: [ view_parse ] --END-- [ RunTime:0.015625s ]
INFO: [ view_filter ] --START--
INFO: Run Behavior\WriteHtmlCacheBehavior [ RunTime:0.000000s ]
INFO: [ view_filter ] --END-- [ RunTime:0.000000s ]
INFO: [ app_end ] --START--
INFO: Run Behavior\ShowPageTraceBehavior [ RunTime:0.000000s ]
INFO: [ app_end ] --END-- [ RunTime:0.000000s ]

[ 2017-05-18T21:16:22+08:00 ] 203.208.60.236 /App/Index/info/id/26.html
INFO: [ app_init ] --START--
INFO: Run Behavior\BuildLiteBehavior [ RunTime:0.000000s ]
INFO: [ app_init ] --END-- [ RunTime:0.000000s ]
NOTIC: [2] preg_match(): Unknown modifier ':' D:\wwwww\xpcjd2\web\thinkphp\Library\Think\Route.class.php 第 58 行.
NOTIC: [2] preg_match(): Unknown modifier ':' D:\wwwww\xpcjd2\web\thinkphp\Library\Think\Route.class.php 第 58 行.
INFO: [ app_begin ] --START--
INFO: Run Behavior\ReadHtmlCacheBehavior [ RunTime:0.000000s ]
INFO: [ app_begin ] --END-- [ RunTime:0.000000s ]
SQL: SHOW COLUMNS FROM `xpc_basevideo` [ RunTime:0.0000s ]
SQL: SELECT `link_mobile`,`mp4_mobile` FROM `xpc_basevideo` WHERE ( is_show=1 and is_main=1 ) LIMIT 1   [ RunTime:0.0000s ]
SQL: SELECT `link_mobile`,`sltpath`,`mp4_mobile` FROM `xpc_basevideo` WHERE ( is_show=1 and is_main=0 ) ORDER BY id desc,pubtime desc  [ RunTime:0.0000s ]
SQL: SHOW COLUMNS FROM `xpc_danscenes` [ RunTime:0.0000s ]
SQL: SELECT st.title,dan.cate,dan.sltpath FROM xpc_danscenes dan left join  xpc_scenestype as st on st.id=dan.cate  WHERE ( dan.is_show=1 ) ORDER BY dan.id desc ,dan.pubtime desc  [ RunTime:0.0000s ]
SQL: SHOW COLUMNS FROM `xpc_duoscenes` [ RunTime:0.0000s ]
SQL: SELECT sd.ytgpath FROM xpc_duoscenes sd left join xpc_scenestype as st on st.id=sd.cate  WHERE `cate` = '11' AND `is_show` = 1 ORDER BY sd.id desc ,sd.pubtime desc  [ RunTime:0.0000s ]
SQL: SELECT sd.ytgpath FROM xpc_duoscenes sd left join xpc_scenestype as st on st.id=sd.cate  WHERE `cate` = '12' AND `is_show` = 1 ORDER BY sd.id desc ,sd.pubtime desc  [ RunTime:0.0000s ]
SQL: SELECT sd.ytgpath FROM xpc_duoscenes sd left join xpc_scenestype as st on st.id=sd.cate  WHERE `cate` = '14' AND `is_show` = 1 ORDER BY sd.id desc ,sd.pubtime desc  [ RunTime:0.0000s ]
SQL: SELECT sd.ytgpath FROM xpc_duoscenes sd left join xpc_scenestype as st on st.id=sd.cate  WHERE `cate` = '15' AND `is_show` = 1 ORDER BY sd.id desc ,sd.pubtime desc  [ RunTime:0.0000s ]
SQL: SELECT sd.ytgpath FROM xpc_duoscenes sd left join xpc_scenestype as st on st.id=sd.cate  WHERE `cate` = '16' AND `is_show` = 1 ORDER BY sd.id desc ,sd.pubtime desc  [ RunTime:0.0000s ]
SQL: SELECT sd.ytgpath FROM xpc_duoscenes sd left join xpc_scenestype as st on st.id=sd.cate  WHERE `cate` = '17' AND `is_show` = 1 ORDER BY sd.id desc ,sd.pubtime desc  [ RunTime:0.0000s ]
SQL: SELECT sd.ytgpath FROM xpc_duoscenes sd left join xpc_scenestype as st on st.id=sd.cate  WHERE `cate` = '18' AND `is_show` = 1 ORDER BY sd.id desc ,sd.pubtime desc  [ RunTime:0.0000s ]
SQL: SELECT sd.ytgpath FROM xpc_duoscenes sd left join xpc_scenestype as st on st.id=sd.cate  WHERE `cate` = '19' AND `is_show` = 1 ORDER BY sd.id desc ,sd.pubtime desc  [ RunTime:0.0000s ]
SQL: SELECT sd.ytgpath FROM xpc_duoscenes sd left join xpc_scenestype as st on st.id=sd.cate  WHERE `cate` = '20' AND `is_show` = 1 ORDER BY sd.id desc ,sd.pubtime desc  [ RunTime:0.0000s ]
SQL: SELECT sd.ytgpath FROM xpc_duoscenes sd left join xpc_scenestype as st on st.id=sd.cate  WHERE `cate` = '21' AND `is_show` = 1 ORDER BY sd.id desc ,sd.pubtime desc  [ RunTime:0.0000s ]
SQL: SELECT sd.ytgpath FROM xpc_duoscenes sd left join xpc_scenestype as st on st.id=sd.cate  WHERE `cate` = '22' AND `is_show` = 1 ORDER BY sd.id desc ,sd.pubtime desc  [ RunTime:0.0000s ]
SQL: SELECT sd.ytgpath FROM xpc_duoscenes sd left join xpc_scenestype as st on st.id=sd.cate  WHERE `cate` = '23' AND `is_show` = 1 ORDER BY sd.id desc ,sd.pubtime desc  [ RunTime:0.0000s ]
SQL: SHOW COLUMNS FROM `xpc_video` [ RunTime:0.0000s ]
SQL: SELECT * FROM `xpc_video` WHERE ( is_show=1 ) ORDER BY id desc ,pubtime desc  [ RunTime:0.0000s ]
SQL: SHOW COLUMNS FROM `xpc_service` [ RunTime:0.0000s ]
SQL: SELECT * FROM `xpc_service` WHERE ( isshow=1 ) ORDER BY id desc ,pubtime desc  [ RunTime:0.0000s ]
SQL: SHOW COLUMNS FROM `xpc_news` [ RunTime:0.0000s ]
SQL: SELECT * FROM `xpc_news` WHERE ( isshow=1 ) ORDER BY id desc ,pubtime desc LIMIT 0,2   [ RunTime:0.0000s ]
SQL: SELECT * FROM `xpc_news` WHERE ( isshow=1 ) ORDER BY id desc ,pubtime desc LIMIT 2,2   [ RunTime:0.0000s ]
SQL: SELECT * FROM `xpc_service` WHERE ( id=26 ) LIMIT 1   [ RunTime:0.0000s ]
INFO: [ view_parse ] --START--
INFO: [ template_filter ] --START--
INFO: Run Behavior\ContentReplaceBehavior [ RunTime:0.000000s ]
INFO: [ template_filter ] --END-- [ RunTime:0.000000s ]
INFO: Run Behavior\ParseTemplateBehavior [ RunTime:0.015625s ]
INFO: [ view_parse ] --END-- [ RunTime:0.015625s ]
INFO: [ view_filter ] --START--
INFO: Run Behavior\WriteHtmlCacheBehavior [ RunTime:0.000000s ]
INFO: [ view_filter ] --END-- [ RunTime:0.000000s ]
INFO: [ app_end ] --START--
INFO: Run Behavior\ShowPageTraceBehavior [ RunTime:0.000000s ]
INFO: [ app_end ] --END-- [ RunTime:0.000000s ]

[ 2017-05-18T21:19:12+08:00 ] 203.208.60.236 /App/Index/info/id/27.html
INFO: [ app_init ] --START--
INFO: Run Behavior\BuildLiteBehavior [ RunTime:0.000000s ]
INFO: [ app_init ] --END-- [ RunTime:0.000000s ]
NOTIC: [2] preg_match(): Unknown modifier ':' D:\wwwww\xpcjd2\web\thinkphp\Library\Think\Route.class.php 第 58 行.
NOTIC: [2] preg_match(): Unknown modifier ':' D:\wwwww\xpcjd2\web\thinkphp\Library\Think\Route.class.php 第 58 行.
INFO: [ app_begin ] --START--
INFO: Run Behavior\ReadHtmlCacheBehavior [ RunTime:0.000000s ]
INFO: [ app_begin ] --END-- [ RunTime:0.000000s ]
SQL: SHOW COLUMNS FROM `xpc_basevideo` [ RunTime:0.0000s ]
SQL: SELECT `link_mobile`,`mp4_mobile` FROM `xpc_basevideo` WHERE ( is_show=1 and is_main=1 ) LIMIT 1   [ RunTime:0.0000s ]
SQL: SELECT `link_mobile`,`sltpath`,`mp4_mobile` FROM `xpc_basevideo` WHERE ( is_show=1 and is_main=0 ) ORDER BY id desc,pubtime desc  [ RunTime:0.0000s ]
SQL: SHOW COLUMNS FROM `xpc_danscenes` [ RunTime:0.0000s ]
SQL: SELECT st.title,dan.cate,dan.sltpath FROM xpc_danscenes dan left join  xpc_scenestype as st on st.id=dan.cate  WHERE ( dan.is_show=1 ) ORDER BY dan.id desc ,dan.pubtime desc  [ RunTime:0.0000s ]
SQL: SHOW COLUMNS FROM `xpc_duoscenes` [ RunTime:0.0000s ]
SQL: SELECT sd.ytgpath FROM xpc_duoscenes sd left join xpc_scenestype as st on st.id=sd.cate  WHERE `cate` = '11' AND `is_show` = 1 ORDER BY sd.id desc ,sd.pubtime desc  [ RunTime:0.0000s ]
SQL: SELECT sd.ytgpath FROM xpc_duoscenes sd left join xpc_scenestype as st on st.id=sd.cate  WHERE `cate` = '12' AND `is_show` = 1 ORDER BY sd.id desc ,sd.pubtime desc  [ RunTime:0.0000s ]
SQL: SELECT sd.ytgpath FROM xpc_duoscenes sd left join xpc_scenestype as st on st.id=sd.cate  WHERE `cate` = '14' AND `is_show` = 1 ORDER BY sd.id desc ,sd.pubtime desc  [ RunTime:0.0000s ]
SQL: SELECT sd.ytgpath FROM xpc_duoscenes sd left join xpc_scenestype as st on st.id=sd.cate  WHERE `cate` = '15' AND `is_show` = 1 ORDER BY sd.id desc ,sd.pubtime desc  [ RunTime:0.0000s ]
SQL: SELECT sd.ytgpath FROM xpc_duoscenes sd left join xpc_scenestype as st on st.id=sd.cate  WHERE `cate` = '16' AND `is_show` = 1 ORDER BY sd.id desc ,sd.pubtime desc  [ RunTime:0.0000s ]
SQL: SELECT sd.ytgpath FROM xpc_duoscenes sd left join xpc_scenestype as st on st.id=sd.cate  WHERE `cate` = '17' AND `is_show` = 1 ORDER BY sd.id desc ,sd.pubtime desc  [ RunTime:0.0000s ]
SQL: SELECT sd.ytgpath FROM xpc_duoscenes sd left join xpc_scenestype as st on st.id=sd.cate  WHERE `cate` = '18' AND `is_show` = 1 ORDER BY sd.id desc ,sd.pubtime desc  [ RunTime:0.0156s ]
SQL: SELECT sd.ytgpath FROM xpc_duoscenes sd left join xpc_scenestype as st on st.id=sd.cate  WHERE `cate` = '19' AND `is_show` = 1 ORDER BY sd.id desc ,sd.pubtime desc  [ RunTime:0.0000s ]
SQL: SELECT sd.ytgpath FROM xpc_duoscenes sd left join xpc_scenestype as st on st.id=sd.cate  WHERE `cate` = '20' AND `is_show` = 1 ORDER BY sd.id desc ,sd.pubtime desc  [ RunTime:0.0000s ]
SQL: SELECT sd.ytgpath FROM xpc_duoscenes sd left join xpc_scenestype as st on st.id=sd.cate  WHERE `cate` = '21' AND `is_show` = 1 ORDER BY sd.id desc ,sd.pubtime desc  [ RunTime:0.0000s ]
SQL: SELECT sd.ytgpath FROM xpc_duoscenes sd left join xpc_scenestype as st on st.id=sd.cate  WHERE `cate` = '22' AND `is_show` = 1 ORDER BY sd.id desc ,sd.pubtime desc  [ RunTime:0.0000s ]
SQL: SELECT sd.ytgpath FROM xpc_duoscenes sd left join xpc_scenestype as st on st.id=sd.cate  WHERE `cate` = '23' AND `is_show` = 1 ORDER BY sd.id desc ,sd.pubtime desc  [ RunTime:0.0000s ]
SQL: SHOW COLUMNS FROM `xpc_video` [ RunTime:0.0000s ]
SQL: SELECT * FROM `xpc_video` WHERE ( is_show=1 ) ORDER BY id desc ,pubtime desc  [ RunTime:0.0000s ]
SQL: SHOW COLUMNS FROM `xpc_service` [ RunTime:0.0000s ]
SQL: SELECT * FROM `xpc_service` WHERE ( isshow=1 ) ORDER BY id desc ,pubtime desc  [ RunTime:0.0000s ]
SQL: SHOW COLUMNS FROM `xpc_news` [ RunTime:0.0000s ]
SQL: SELECT * FROM `xpc_news` WHERE ( isshow=1 ) ORDER BY id desc ,pubtime desc LIMIT 0,2   [ RunTime:0.0000s ]
SQL: SELECT * FROM `xpc_news` WHERE ( isshow=1 ) ORDER BY id desc ,pubtime desc LIMIT 2,2   [ RunTime:0.0000s ]
SQL: SELECT * FROM `xpc_service` WHERE ( id=27 ) LIMIT 1   [ RunTime:0.0000s ]
INFO: [ view_parse ] --START--
INFO: [ template_filter ] --START--
INFO: Run Behavior\ContentReplaceBehavior [ RunTime:0.000000s ]
INFO: [ template_filter ] --END-- [ RunTime:0.000000s ]
INFO: Run Behavior\ParseTemplateBehavior [ RunTime:0.000000s ]
INFO: [ view_parse ] --END-- [ RunTime:0.015625s ]
INFO: [ view_filter ] --START--
INFO: Run Behavior\WriteHtmlCacheBehavior [ RunTime:0.000000s ]
INFO: [ view_filter ] --END-- [ RunTime:0.000000s ]
INFO: [ app_end ] --START--
INFO: Run Behavior\ShowPageTraceBehavior [ RunTime:0.000000s ]
INFO: [ app_end ] --END-- [ RunTime:0.000000s ]

[ 2017-05-18T21:20:44+08:00 ] 203.208.60.234 /App/Index/info/id/28.html
INFO: [ app_init ] --START--
INFO: Run Behavior\BuildLiteBehavior [ RunTime:0.000000s ]
INFO: [ app_init ] --END-- [ RunTime:0.000000s ]
NOTIC: [2] preg_match(): Unknown modifier ':' D:\wwwww\xpcjd2\web\thinkphp\Library\Think\Route.class.php 第 58 行.
NOTIC: [2] preg_match(): Unknown modifier ':' D:\wwwww\xpcjd2\web\thinkphp\Library\Think\Route.class.php 第 58 行.
INFO: [ app_begin ] --START--
INFO: Run Behavior\ReadHtmlCacheBehavior [ RunTime:0.000000s ]
INFO: [ app_begin ] --END-- [ RunTime:0.000000s ]
SQL: SHOW COLUMNS FROM `xpc_basevideo` [ RunTime:0.0156s ]
SQL: SELECT `link_mobile`,`mp4_mobile` FROM `xpc_basevideo` WHERE ( is_show=1 and is_main=1 ) LIMIT 1   [ RunTime:0.0000s ]
SQL: SELECT `link_mobile`,`sltpath`,`mp4_mobile` FROM `xpc_basevideo` WHERE ( is_show=1 and is_main=0 ) ORDER BY id desc,pubtime desc  [ RunTime:0.0000s ]
SQL: SHOW COLUMNS FROM `xpc_danscenes` [ RunTime:0.0000s ]
SQL: SELECT st.title,dan.cate,dan.sltpath FROM xpc_danscenes dan left join  xpc_scenestype as st on st.id=dan.cate  WHERE ( dan.is_show=1 ) ORDER BY dan.id desc ,dan.pubtime desc  [ RunTime:0.0000s ]
SQL: SHOW COLUMNS FROM `xpc_duoscenes` [ RunTime:0.0000s ]
SQL: SELECT sd.ytgpath FROM xpc_duoscenes sd left join xpc_scenestype as st on st.id=sd.cate  WHERE `cate` = '11' AND `is_show` = 1 ORDER BY sd.id desc ,sd.pubtime desc  [ RunTime:0.0000s ]
SQL: SELECT sd.ytgpath FROM xpc_duoscenes sd left join xpc_scenestype as st on st.id=sd.cate  WHERE `cate` = '12' AND `is_show` = 1 ORDER BY sd.id desc ,sd.pubtime desc  [ RunTime:0.0000s ]
SQL: SELECT sd.ytgpath FROM xpc_duoscenes sd left join xpc_scenestype as st on st.id=sd.cate  WHERE `cate` = '14' AND `is_show` = 1 ORDER BY sd.id desc ,sd.pubtime desc  [ RunTime:0.0000s ]
SQL: SELECT sd.ytgpath FROM xpc_duoscenes sd left join xpc_scenestype as st on st.id=sd.cate  WHERE `cate` = '15' AND `is_show` = 1 ORDER BY sd.id desc ,sd.pubtime desc  [ RunTime:0.0000s ]
SQL: SELECT sd.ytgpath FROM xpc_duoscenes sd left join xpc_scenestype as st on st.id=sd.cate  WHERE `cate` = '16' AND `is_show` = 1 ORDER BY sd.id desc ,sd.pubtime desc  [ RunTime:0.0000s ]
SQL: SELECT sd.ytgpath FROM xpc_duoscenes sd left join xpc_scenestype as st on st.id=sd.cate  WHERE `cate` = '17' AND `is_show` = 1 ORDER BY sd.id desc ,sd.pubtime desc  [ RunTime:0.0000s ]
SQL: SELECT sd.ytgpath FROM xpc_duoscenes sd left join xpc_scenestype as st on st.id=sd.cate  WHERE `cate` = '18' AND `is_show` = 1 ORDER BY sd.id desc ,sd.pubtime desc  [ RunTime:0.0000s ]
SQL: SELECT sd.ytgpath FROM xpc_duoscenes sd left join xpc_scenestype as st on st.id=sd.cate  WHERE `cate` = '19' AND `is_show` = 1 ORDER BY sd.id desc ,sd.pubtime desc  [ RunTime:0.0000s ]
SQL: SELECT sd.ytgpath FROM xpc_duoscenes sd left join xpc_scenestype as st on st.id=sd.cate  WHERE `cate` = '20' AND `is_show` = 1 ORDER BY sd.id desc ,sd.pubtime desc  [ RunTime:0.0000s ]
SQL: SELECT sd.ytgpath FROM xpc_duoscenes sd left join xpc_scenestype as st on st.id=sd.cate  WHERE `cate` = '21' AND `is_show` = 1 ORDER BY sd.id desc ,sd.pubtime desc  [ RunTime:0.0000s ]
SQL: SELECT sd.ytgpath FROM xpc_duoscenes sd left join xpc_scenestype as st on st.id=sd.cate  WHERE `cate` = '22' AND `is_show` = 1 ORDER BY sd.id desc ,sd.pubtime desc  [ RunTime:0.0000s ]
SQL: SELECT sd.ytgpath FROM xpc_duoscenes sd left join xpc_scenestype as st on st.id=sd.cate  WHERE `cate` = '23' AND `is_show` = 1 ORDER BY sd.id desc ,sd.pubtime desc  [ RunTime:0.0000s ]
SQL: SHOW COLUMNS FROM `xpc_video` [ RunTime:0.0000s ]
SQL: SELECT * FROM `xpc_video` WHERE ( is_show=1 ) ORDER BY id desc ,pubtime desc  [ RunTime:0.0000s ]
SQL: SHOW COLUMNS FROM `xpc_service` [ RunTime:0.0000s ]
SQL: SELECT * FROM `xpc_service` WHERE ( isshow=1 ) ORDER BY id desc ,pubtime desc  [ RunTime:0.0156s ]
SQL: SHOW COLUMNS FROM `xpc_news` [ RunTime:0.0000s ]
SQL: SELECT * FROM `xpc_news` WHERE ( isshow=1 ) ORDER BY id desc ,pubtime desc LIMIT 0,2   [ RunTime:0.0000s ]
SQL: SELECT * FROM `xpc_news` WHERE ( isshow=1 ) ORDER BY id desc ,pubtime desc LIMIT 2,2   [ RunTime:0.0000s ]
SQL: SELECT * FROM `xpc_service` WHERE ( id=28 ) LIMIT 1   [ RunTime:0.0000s ]
INFO: [ view_parse ] --START--
INFO: [ template_filter ] --START--
INFO: Run Behavior\ContentReplaceBehavior [ RunTime:0.000000s ]
INFO: [ template_filter ] --END-- [ RunTime:0.000000s ]
INFO: Run Behavior\ParseTemplateBehavior [ RunTime:0.000000s ]
INFO: [ view_parse ] --END-- [ RunTime:0.000000s ]
INFO: [ view_filter ] --START--
INFO: Run Behavior\WriteHtmlCacheBehavior [ RunTime:0.000000s ]
INFO: [ view_filter ] --END-- [ RunTime:0.000000s ]
INFO: [ app_end ] --START--
INFO: Run Behavior\ShowPageTraceBehavior [ RunTime:0.000000s ]
INFO: [ app_end ] --END-- [ RunTime:0.000000s ]

[ 2017-05-18T21:22:22+08:00 ] 203.208.60.233 /App/Index/info/id/25.html
INFO: [ app_init ] --START--
INFO: Run Behavior\BuildLiteBehavior [ RunTime:0.000000s ]
INFO: [ app_init ] --END-- [ RunTime:0.000000s ]
NOTIC: [2] preg_match(): Unknown modifier ':' D:\wwwww\xpcjd2\web\thinkphp\Library\Think\Route.class.php 第 58 行.
NOTIC: [2] preg_match(): Unknown modifier ':' D:\wwwww\xpcjd2\web\thinkphp\Library\Think\Route.class.php 第 58 行.
INFO: [ app_begin ] --START--
INFO: Run Behavior\ReadHtmlCacheBehavior [ RunTime:0.000000s ]
INFO: [ app_begin ] --END-- [ RunTime:0.000000s ]
SQL: SHOW COLUMNS FROM `xpc_basevideo` [ RunTime:0.0000s ]
SQL: SELECT `link_mobile`,`mp4_mobile` FROM `xpc_basevideo` WHERE ( is_show=1 and is_main=1 ) LIMIT 1   [ RunTime:0.0000s ]
SQL: SELECT `link_mobile`,`sltpath`,`mp4_mobile` FROM `xpc_basevideo` WHERE ( is_show=1 and is_main=0 ) ORDER BY id desc,pubtime desc  [ RunTime:0.0000s ]
SQL: SHOW COLUMNS FROM `xpc_danscenes` [ RunTime:0.0000s ]
SQL: SELECT st.title,dan.cate,dan.sltpath FROM xpc_danscenes dan left join  xpc_scenestype as st on st.id=dan.cate  WHERE ( dan.is_show=1 ) ORDER BY dan.id desc ,dan.pubtime desc  [ RunTime:0.0000s ]
SQL: SHOW COLUMNS FROM `xpc_duoscenes` [ RunTime:0.0000s ]
SQL: SELECT sd.ytgpath FROM xpc_duoscenes sd left join xpc_scenestype as st on st.id=sd.cate  WHERE `cate` = '11' AND `is_show` = 1 ORDER BY sd.id desc ,sd.pubtime desc  [ RunTime:0.0000s ]
SQL: SELECT sd.ytgpath FROM xpc_duoscenes sd left join xpc_scenestype as st on st.id=sd.cate  WHERE `cate` = '12' AND `is_show` = 1 ORDER BY sd.id desc ,sd.pubtime desc  [ RunTime:0.0000s ]
SQL: SELECT sd.ytgpath FROM xpc_duoscenes sd left join xpc_scenestype as st on st.id=sd.cate  WHERE `cate` = '14' AND `is_show` = 1 ORDER BY sd.id desc ,sd.pubtime desc  [ RunTime:0.0000s ]
SQL: SELECT sd.ytgpath FROM xpc_duoscenes sd left join xpc_scenestype as st on st.id=sd.cate  WHERE `cate` = '15' AND `is_show` = 1 ORDER BY sd.id desc ,sd.pubtime desc  [ RunTime:0.0000s ]
SQL: SELECT sd.ytgpath FROM xpc_duoscenes sd left join xpc_scenestype as st on st.id=sd.cate  WHERE `cate` = '16' AND `is_show` = 1 ORDER BY sd.id desc ,sd.pubtime desc  [ RunTime:0.0000s ]
SQL: SELECT sd.ytgpath FROM xpc_duoscenes sd left join xpc_scenestype as st on st.id=sd.cate  WHERE `cate` = '17' AND `is_show` = 1 ORDER BY sd.id desc ,sd.pubtime desc  [ RunTime:0.0000s ]
SQL: SELECT sd.ytgpath FROM xpc_duoscenes sd left join xpc_scenestype as st on st.id=sd.cate  WHERE `cate` = '18' AND `is_show` = 1 ORDER BY sd.id desc ,sd.pubtime desc  [ RunTime:0.0000s ]
SQL: SELECT sd.ytgpath FROM xpc_duoscenes sd left join xpc_scenestype as st on st.id=sd.cate  WHERE `cate` = '19' AND `is_show` = 1 ORDER BY sd.id desc ,sd.pubtime desc  [ RunTime:0.0000s ]
SQL: SELECT sd.ytgpath FROM xpc_duoscenes sd left join xpc_scenestype as st on st.id=sd.cate  WHERE `cate` = '20' AND `is_show` = 1 ORDER BY sd.id desc ,sd.pubtime desc  [ RunTime:0.0000s ]
SQL: SELECT sd.ytgpath FROM xpc_duoscenes sd left join xpc_scenestype as st on st.id=sd.cate  WHERE `cate` = '21' AND `is_show` = 1 ORDER BY sd.id desc ,sd.pubtime desc  [ RunTime:0.0000s ]
SQL: SELECT sd.ytgpath FROM xpc_duoscenes sd left join xpc_scenestype as st on st.id=sd.cate  WHERE `cate` = '22' AND `is_show` = 1 ORDER BY sd.id desc ,sd.pubtime desc  [ RunTime:0.0000s ]
SQL: SELECT sd.ytgpath FROM xpc_duoscenes sd left join xpc_scenestype as st on st.id=sd.cate  WHERE `cate` = '23' AND `is_show` = 1 ORDER BY sd.id desc ,sd.pubtime desc  [ RunTime:0.0000s ]
SQL: SHOW COLUMNS FROM `xpc_video` [ RunTime:0.0000s ]
SQL: SELECT * FROM `xpc_video` WHERE ( is_show=1 ) ORDER BY id desc ,pubtime desc  [ RunTime:0.0000s ]
SQL: SHOW COLUMNS FROM `xpc_service` [ RunTime:0.0156s ]
SQL: SELECT * FROM `xpc_service` WHERE ( isshow=1 ) ORDER BY id desc ,pubtime desc  [ RunTime:0.0000s ]
SQL: SHOW COLUMNS FROM `xpc_news` [ RunTime:0.0000s ]
SQL: SELECT * FROM `xpc_news` WHERE ( isshow=1 ) ORDER BY id desc ,pubtime desc LIMIT 0,2   [ RunTime:0.0000s ]
SQL: SELECT * FROM `xpc_news` WHERE ( isshow=1 ) ORDER BY id desc ,pubtime desc LIMIT 2,2   [ RunTime:0.0000s ]
SQL: SELECT * FROM `xpc_service` WHERE ( id=25 ) LIMIT 1   [ RunTime:0.0000s ]
INFO: [ view_parse ] --START--
INFO: [ template_filter ] --START--
INFO: Run Behavior\ContentReplaceBehavior [ RunTime:0.000000s ]
INFO: [ template_filter ] --END-- [ RunTime:0.000000s ]
INFO: Run Behavior\ParseTemplateBehavior [ RunTime:0.000000s ]
INFO: [ view_parse ] --END-- [ RunTime:0.000000s ]
INFO: [ view_filter ] --START--
INFO: Run Behavior\WriteHtmlCacheBehavior [ RunTime:0.000000s ]
INFO: [ view_filter ] --END-- [ RunTime:0.000000s ]
INFO: [ app_end ] --START--
INFO: Run Behavior\ShowPageTraceBehavior [ RunTime:0.000000s ]
INFO: [ app_end ] --END-- [ RunTime:0.000000s ]

[ 2017-05-18T21:26:06+08:00 ] 203.208.60.235 /App/index/info/ids/16.html
INFO: [ app_init ] --START--
INFO: Run Behavior\BuildLiteBehavior [ RunTime:0.000000s ]
INFO: [ app_init ] --END-- [ RunTime:0.000000s ]
NOTIC: [2] preg_match(): Unknown modifier ':' D:\wwwww\xpcjd2\web\thinkphp\Library\Think\Route.class.php 第 58 行.
NOTIC: [2] preg_match(): Unknown modifier ':' D:\wwwww\xpcjd2\web\thinkphp\Library\Think\Route.class.php 第 58 行.
INFO: [ app_begin ] --START--
INFO: Run Behavior\ReadHtmlCacheBehavior [ RunTime:0.015625s ]
INFO: [ app_begin ] --END-- [ RunTime:0.015625s ]
SQL: SHOW COLUMNS FROM `xpc_basevideo` [ RunTime:0.0000s ]
SQL: SELECT `link_mobile`,`mp4_mobile` FROM `xpc_basevideo` WHERE ( is_show=1 and is_main=1 ) LIMIT 1   [ RunTime:0.0000s ]
SQL: SELECT `link_mobile`,`sltpath`,`mp4_mobile` FROM `xpc_basevideo` WHERE ( is_show=1 and is_main=0 ) ORDER BY id desc,pubtime desc  [ RunTime:0.0000s ]
SQL: SHOW COLUMNS FROM `xpc_danscenes` [ RunTime:0.0000s ]
SQL: SELECT st.title,dan.cate,dan.sltpath FROM xpc_danscenes dan left join  xpc_scenestype as st on st.id=dan.cate  WHERE ( dan.is_show=1 ) ORDER BY dan.id desc ,dan.pubtime desc  [ RunTime:0.0000s ]
SQL: SHOW COLUMNS FROM `xpc_duoscenes` [ RunTime:0.0000s ]
SQL: SELECT sd.ytgpath FROM xpc_duoscenes sd left join xpc_scenestype as st on st.id=sd.cate  WHERE `cate` = '11' AND `is_show` = 1 ORDER BY sd.id desc ,sd.pubtime desc  [ RunTime:0.0000s ]
SQL: SELECT sd.ytgpath FROM xpc_duoscenes sd left join xpc_scenestype as st on st.id=sd.cate  WHERE `cate` = '12' AND `is_show` = 1 ORDER BY sd.id desc ,sd.pubtime desc  [ RunTime:0.0000s ]
SQL: SELECT sd.ytgpath FROM xpc_duoscenes sd left join xpc_scenestype as st on st.id=sd.cate  WHERE `cate` = '14' AND `is_show` = 1 ORDER BY sd.id desc ,sd.pubtime desc  [ RunTime:0.0000s ]
SQL: SELECT sd.ytgpath FROM xpc_duoscenes sd left join xpc_scenestype as st on st.id=sd.cate  WHERE `cate` = '15' AND `is_show` = 1 ORDER BY sd.id desc ,sd.pubtime desc  [ RunTime:0.0000s ]
SQL: SELECT sd.ytgpath FROM xpc_duoscenes sd left join xpc_scenestype as st on st.id=sd.cate  WHERE `cate` = '16' AND `is_show` = 1 ORDER BY sd.id desc ,sd.pubtime desc  [ RunTime:0.0000s ]
SQL: SELECT sd.ytgpath FROM xpc_duoscenes sd left join xpc_scenestype as st on st.id=sd.cate  WHERE `cate` = '17' AND `is_show` = 1 ORDER BY sd.id desc ,sd.pubtime desc  [ RunTime:0.0000s ]
SQL: SELECT sd.ytgpath FROM xpc_duoscenes sd left join xpc_scenestype as st on st.id=sd.cate  WHERE `cate` = '18' AND `is_show` = 1 ORDER BY sd.id desc ,sd.pubtime desc  [ RunTime:0.0000s ]
SQL: SELECT sd.ytgpath FROM xpc_duoscenes sd left join xpc_scenestype as st on st.id=sd.cate  WHERE `cate` = '19' AND `is_show` = 1 ORDER BY sd.id desc ,sd.pubtime desc  [ RunTime:0.0000s ]
SQL: SELECT sd.ytgpath FROM xpc_duoscenes sd left join xpc_scenestype as st on st.id=sd.cate  WHERE `cate` = '20' AND `is_show` = 1 ORDER BY sd.id desc ,sd.pubtime desc  [ RunTime:0.0000s ]
SQL: SELECT sd.ytgpath FROM xpc_duoscenes sd left join xpc_scenestype as st on st.id=sd.cate  WHERE `cate` = '21' AND `is_show` = 1 ORDER BY sd.id desc ,sd.pubtime desc  [ RunTime:0.0000s ]
SQL: SELECT sd.ytgpath FROM xpc_duoscenes sd left join xpc_scenestype as st on st.id=sd.cate  WHERE `cate` = '22' AND `is_show` = 1 ORDER BY sd.id desc ,sd.pubtime desc  [ RunTime:0.0000s ]
SQL: SELECT sd.ytgpath FROM xpc_duoscenes sd left join xpc_scenestype as st on st.id=sd.cate  WHERE `cate` = '23' AND `is_show` = 1 ORDER BY sd.id desc ,sd.pubtime desc  [ RunTime:0.0000s ]
SQL: SHOW COLUMNS FROM `xpc_video` [ RunTime:0.0000s ]
SQL: SELECT * FROM `xpc_video` WHERE ( is_show=1 ) ORDER BY id desc ,pubtime desc  [ RunTime:0.0000s ]
SQL: SHOW COLUMNS FROM `xpc_service` [ RunTime:0.0000s ]
SQL: SELECT * FROM `xpc_service` WHERE ( isshow=1 ) ORDER BY id desc ,pubtime desc  [ RunTime:0.0000s ]
SQL: SHOW COLUMNS FROM `xpc_news` [ RunTime:0.0000s ]
SQL: SELECT * FROM `xpc_news` WHERE ( isshow=1 ) ORDER BY id desc ,pubtime desc LIMIT 0,2   [ RunTime:0.0000s ]
SQL: SELECT * FROM `xpc_news` WHERE ( isshow=1 ) ORDER BY id desc ,pubtime desc LIMIT 2,2   [ RunTime:0.0000s ]
SQL: SELECT * FROM `xpc_news` WHERE ( id=16 ) LIMIT 1   [ RunTime:0.0000s ]
INFO: [ view_parse ] --START--
INFO: [ template_filter ] --START--
INFO: Run Behavior\ContentReplaceBehavior [ RunTime:0.000000s ]
INFO: [ template_filter ] --END-- [ RunTime:0.000000s ]
INFO: Run Behavior\ParseTemplateBehavior [ RunTime:0.015625s ]
INFO: [ view_parse ] --END-- [ RunTime:0.015625s ]
INFO: [ view_filter ] --START--
INFO: Run Behavior\WriteHtmlCacheBehavior [ RunTime:0.000000s ]
INFO: [ view_filter ] --END-- [ RunTime:0.000000s ]
INFO: [ app_end ] --START--
INFO: Run Behavior\ShowPageTraceBehavior [ RunTime:0.000000s ]
INFO: [ app_end ] --END-- [ RunTime:0.000000s ]

[ 2017-05-18T21:27:43+08:00 ] 203.208.60.235 /App/index/info/ids/17.html
INFO: [ app_init ] --START--
INFO: Run Behavior\BuildLiteBehavior [ RunTime:0.000000s ]
INFO: [ app_init ] --END-- [ RunTime:0.000000s ]
NOTIC: [2] preg_match(): Unknown modifier ':' D:\wwwww\xpcjd2\web\thinkphp\Library\Think\Route.class.php 第 58 行.
NOTIC: [2] preg_match(): Unknown modifier ':' D:\wwwww\xpcjd2\web\thinkphp\Library\Think\Route.class.php 第 58 行.
INFO: [ app_begin ] --START--
INFO: Run Behavior\ReadHtmlCacheBehavior [ RunTime:0.000000s ]
INFO: [ app_begin ] --END-- [ RunTime:0.000000s ]
SQL: SHOW COLUMNS FROM `xpc_basevideo` [ RunTime:0.0000s ]
SQL: SELECT `link_mobile`,`mp4_mobile` FROM `xpc_basevideo` WHERE ( is_show=1 and is_main=1 ) LIMIT 1   [ RunTime:0.0000s ]
SQL: SELECT `link_mobile`,`sltpath`,`mp4_mobile` FROM `xpc_basevideo` WHERE ( is_show=1 and is_main=0 ) ORDER BY id desc,pubtime desc  [ RunTime:0.0000s ]
SQL: SHOW COLUMNS FROM `xpc_danscenes` [ RunTime:0.0000s ]
SQL: SELECT st.title,dan.cate,dan.sltpath FROM xpc_danscenes dan left join  xpc_scenestype as st on st.id=dan.cate  WHERE ( dan.is_show=1 ) ORDER BY dan.id desc ,dan.pubtime desc  [ RunTime:0.0000s ]
SQL: SHOW COLUMNS FROM `xpc_duoscenes` [ RunTime:0.0000s ]
SQL: SELECT sd.ytgpath FROM xpc_duoscenes sd left join xpc_scenestype as st on st.id=sd.cate  WHERE `cate` = '11' AND `is_show` = 1 ORDER BY sd.id desc ,sd.pubtime desc  [ RunTime:0.0000s ]
SQL: SELECT sd.ytgpath FROM xpc_duoscenes sd left join xpc_scenestype as st on st.id=sd.cate  WHERE `cate` = '12' AND `is_show` = 1 ORDER BY sd.id desc ,sd.pubtime desc  [ RunTime:0.0000s ]
SQL: SELECT sd.ytgpath FROM xpc_duoscenes sd left join xpc_scenestype as st on st.id=sd.cate  WHERE `cate` = '14' AND `is_show` = 1 ORDER BY sd.id desc ,sd.pubtime desc  [ RunTime:0.0000s ]
SQL: SELECT sd.ytgpath FROM xpc_duoscenes sd left join xpc_scenestype as st on st.id=sd.cate  WHERE `cate` = '15' AND `is_show` = 1 ORDER BY sd.id desc ,sd.pubtime desc  [ RunTime:0.0000s ]
SQL: SELECT sd.ytgpath FROM xpc_duoscenes sd left join xpc_scenestype as st on st.id=sd.cate  WHERE `cate` = '16' AND `is_show` = 1 ORDER BY sd.id desc ,sd.pubtime desc  [ RunTime:0.0000s ]
SQL: SELECT sd.ytgpath FROM xpc_duoscenes sd left join xpc_scenestype as st on st.id=sd.cate  WHERE `cate` = '17' AND `is_show` = 1 ORDER BY sd.id desc ,sd.pubtime desc  [ RunTime:0.0000s ]
SQL: SELECT sd.ytgpath FROM xpc_duoscenes sd left join xpc_scenestype as st on st.id=sd.cate  WHERE `cate` = '18' AND `is_show` = 1 ORDER BY sd.id desc ,sd.pubtime desc  [ RunTime:0.0000s ]
SQL: SELECT sd.ytgpath FROM xpc_duoscenes sd left join xpc_scenestype as st on st.id=sd.cate  WHERE `cate` = '19' AND `is_show` = 1 ORDER BY sd.id desc ,sd.pubtime desc  [ RunTime:0.0000s ]
SQL: SELECT sd.ytgpath FROM xpc_duoscenes sd left join xpc_scenestype as st on st.id=sd.cate  WHERE `cate` = '20' AND `is_show` = 1 ORDER BY sd.id desc ,sd.pubtime desc  [ RunTime:0.0000s ]
SQL: SELECT sd.ytgpath FROM xpc_duoscenes sd left join xpc_scenestype as st on st.id=sd.cate  WHERE `cate` = '21' AND `is_show` = 1 ORDER BY sd.id desc ,sd.pubtime desc  [ RunTime:0.0000s ]
SQL: SELECT sd.ytgpath FROM xpc_duoscenes sd left join xpc_scenestype as st on st.id=sd.cate  WHERE `cate` = '22' AND `is_show` = 1 ORDER BY sd.id desc ,sd.pubtime desc  [ RunTime:0.0000s ]
SQL: SELECT sd.ytgpath FROM xpc_duoscenes sd left join xpc_scenestype as st on st.id=sd.cate  WHERE `cate` = '23' AND `is_show` = 1 ORDER BY sd.id desc ,sd.pubtime desc  [ RunTime:0.0000s ]
SQL: SHOW COLUMNS FROM `xpc_video` [ RunTime:0.0156s ]
SQL: SELECT * FROM `xpc_video` WHERE ( is_show=1 ) ORDER BY id desc ,pubtime desc  [ RunTime:0.0000s ]
SQL: SHOW COLUMNS FROM `xpc_service` [ RunTime:0.0000s ]
SQL: SELECT * FROM `xpc_service` WHERE ( isshow=1 ) ORDER BY id desc ,pubtime desc  [ RunTime:0.0000s ]
SQL: SHOW COLUMNS FROM `xpc_news` [ RunTime:0.0000s ]
SQL: SELECT * FROM `xpc_news` WHERE ( isshow=1 ) ORDER BY id desc ,pubtime desc LIMIT 0,2   [ RunTime:0.0000s ]
SQL: SELECT * FROM `xpc_news` WHERE ( isshow=1 ) ORDER BY id desc ,pubtime desc LIMIT 2,2   [ RunTime:0.0000s ]
SQL: SELECT * FROM `xpc_news` WHERE ( id=17 ) LIMIT 1   [ RunTime:0.0000s ]
INFO: [ view_parse ] --START--
INFO: [ template_filter ] --START--
INFO: Run Behavior\ContentReplaceBehavior [ RunTime:0.000000s ]
INFO: [ template_filter ] --END-- [ RunTime:0.000000s ]
INFO: Run Behavior\ParseTemplateBehavior [ RunTime:0.000000s ]
INFO: [ view_parse ] --END-- [ RunTime:0.000000s ]
INFO: [ view_filter ] --START--
INFO: Run Behavior\WriteHtmlCacheBehavior [ RunTime:0.000000s ]
INFO: [ view_filter ] --END-- [ RunTime:0.000000s ]
INFO: [ app_end ] --START--
INFO: Run Behavior\ShowPageTraceBehavior [ RunTime:0.000000s ]
INFO: [ app_end ] --END-- [ RunTime:0.000000s ]

[ 2017-05-18T21:31:46+08:00 ] 203.208.60.234 /App/Index/video2/id/16.html
INFO: [ app_init ] --START--
INFO: Run Behavior\BuildLiteBehavior [ RunTime:0.000000s ]
INFO: [ app_init ] --END-- [ RunTime:0.000000s ]
NOTIC: [2] preg_match(): Unknown modifier ':' D:\wwwww\xpcjd2\web\thinkphp\Library\Think\Route.class.php 第 58 行.
NOTIC: [2] preg_match(): Unknown modifier ':' D:\wwwww\xpcjd2\web\thinkphp\Library\Think\Route.class.php 第 58 行.
INFO: [ app_begin ] --START--
INFO: Run Behavior\ReadHtmlCacheBehavior [ RunTime:0.000000s ]
INFO: [ app_begin ] --END-- [ RunTime:0.000000s ]
SQL: SHOW COLUMNS FROM `xpc_basevideo` [ RunTime:0.0000s ]
SQL: SELECT `link_mobile`,`mp4_mobile` FROM `xpc_basevideo` WHERE ( is_show=1 and is_main=1 ) LIMIT 1   [ RunTime:0.0000s ]
SQL: SELECT `link_mobile`,`sltpath`,`mp4_mobile` FROM `xpc_basevideo` WHERE ( is_show=1 and is_main=0 ) ORDER BY id desc,pubtime desc  [ RunTime:0.0000s ]
SQL: SHOW COLUMNS FROM `xpc_danscenes` [ RunTime:0.0000s ]
SQL: SELECT st.title,dan.cate,dan.sltpath FROM xpc_danscenes dan left join  xpc_scenestype as st on st.id=dan.cate  WHERE ( dan.is_show=1 ) ORDER BY dan.id desc ,dan.pubtime desc  [ RunTime:0.0000s ]
SQL: SHOW COLUMNS FROM `xpc_duoscenes` [ RunTime:0.0000s ]
SQL: SELECT sd.ytgpath FROM xpc_duoscenes sd left join xpc_scenestype as st on st.id=sd.cate  WHERE `cate` = '11' AND `is_show` = 1 ORDER BY sd.id desc ,sd.pubtime desc  [ RunTime:0.0000s ]
SQL: SELECT sd.ytgpath FROM xpc_duoscenes sd left join xpc_scenestype as st on st.id=sd.cate  WHERE `cate` = '12' AND `is_show` = 1 ORDER BY sd.id desc ,sd.pubtime desc  [ RunTime:0.0000s ]
SQL: SELECT sd.ytgpath FROM xpc_duoscenes sd left join xpc_scenestype as st on st.id=sd.cate  WHERE `cate` = '14' AND `is_show` = 1 ORDER BY sd.id desc ,sd.pubtime desc  [ RunTime:0.0000s ]
SQL: SELECT sd.ytgpath FROM xpc_duoscenes sd left join xpc_scenestype as st on st.id=sd.cate  WHERE `cate` = '15' AND `is_show` = 1 ORDER BY sd.id desc ,sd.pubtime desc  [ RunTime:0.0000s ]
SQL: SELECT sd.ytgpath FROM xpc_duoscenes sd left join xpc_scenestype as st on st.id=sd.cate  WHERE `cate` = '16' AND `is_show` = 1 ORDER BY sd.id desc ,sd.pubtime desc  [ RunTime:0.0000s ]
SQL: SELECT sd.ytgpath FROM xpc_duoscenes sd left join xpc_scenestype as st on st.id=sd.cate  WHERE `cate` = '17' AND `is_show` = 1 ORDER BY sd.id desc ,sd.pubtime desc  [ RunTime:0.0000s ]
SQL: SELECT sd.ytgpath FROM xpc_duoscenes sd left join xpc_scenestype as st on st.id=sd.cate  WHERE `cate` = '18' AND `is_show` = 1 ORDER BY sd.id desc ,sd.pubtime desc  [ RunTime:0.0000s ]
SQL: SELECT sd.ytgpath FROM xpc_duoscenes sd left join xpc_scenestype as st on st.id=sd.cate  WHERE `cate` = '19' AND `is_show` = 1 ORDER BY sd.id desc ,sd.pubtime desc  [ RunTime:0.0000s ]
SQL: SELECT sd.ytgpath FROM xpc_duoscenes sd left join xpc_scenestype as st on st.id=sd.cate  WHERE `cate` = '20' AND `is_show` = 1 ORDER BY sd.id desc ,sd.pubtime desc  [ RunTime:0.0000s ]
SQL: SELECT sd.ytgpath FROM xpc_duoscenes sd left join xpc_scenestype as st on st.id=sd.cate  WHERE `cate` = '21' AND `is_show` = 1 ORDER BY sd.id desc ,sd.pubtime desc  [ RunTime:0.0000s ]
SQL: SELECT sd.ytgpath FROM xpc_duoscenes sd left join xpc_scenestype as st on st.id=sd.cate  WHERE `cate` = '22' AND `is_show` = 1 ORDER BY sd.id desc ,sd.pubtime desc  [ RunTime:0.0000s ]
SQL: SELECT sd.ytgpath FROM xpc_duoscenes sd left join xpc_scenestype as st on st.id=sd.cate  WHERE `cate` = '23' AND `is_show` = 1 ORDER BY sd.id desc ,sd.pubtime desc  [ RunTime:0.0000s ]
SQL: SHOW COLUMNS FROM `xpc_video` [ RunTime:0.0000s ]
SQL: SELECT * FROM `xpc_video` WHERE ( is_show=1 ) ORDER BY id desc ,pubtime desc  [ RunTime:0.0000s ]
SQL: SHOW COLUMNS FROM `xpc_service` [ RunTime:0.0156s ]
SQL: SELECT * FROM `xpc_service` WHERE ( isshow=1 ) ORDER BY id desc ,pubtime desc  [ RunTime:0.0000s ]
SQL: SHOW COLUMNS FROM `xpc_news` [ RunTime:0.0000s ]
SQL: SELECT * FROM `xpc_news` WHERE ( isshow=1 ) ORDER BY id desc ,pubtime desc LIMIT 0,2   [ RunTime:0.0000s ]
SQL: SELECT * FROM `xpc_news` WHERE ( isshow=1 ) ORDER BY id desc ,pubtime desc LIMIT 2,2   [ RunTime:0.0000s ]
SQL: SELECT * FROM `xpc_video` WHERE ( id=16 ) LIMIT 1   [ RunTime:0.0000s ]
INFO: [ view_parse ] --START--
INFO: [ template_filter ] --START--
INFO: Run Behavior\ContentReplaceBehavior [ RunTime:0.000000s ]
INFO: [ template_filter ] --END-- [ RunTime:0.000000s ]
INFO: Run Behavior\ParseTemplateBehavior [ RunTime:0.000000s ]
INFO: [ view_parse ] --END-- [ RunTime:0.000000s ]
INFO: [ view_filter ] --START--
INFO: Run Behavior\WriteHtmlCacheBehavior [ RunTime:0.000000s ]
INFO: [ view_filter ] --END-- [ RunTime:0.000000s ]
INFO: [ app_end ] --START--
INFO: Run Behavior\ShowPageTraceBehavior [ RunTime:0.000000s ]
INFO: [ app_end ] --END-- [ RunTime:0.000000s ]

[ 2017-05-18T21:33:28+08:00 ] 203.208.60.237 /App/Index/video2/id/15.html
INFO: [ app_init ] --START--
INFO: Run Behavior\BuildLiteBehavior [ RunTime:0.000000s ]
INFO: [ app_init ] --END-- [ RunTime:0.000000s ]
NOTIC: [2] preg_match(): Unknown modifier ':' D:\wwwww\xpcjd2\web\thinkphp\Library\Think\Route.class.php 第 58 行.
NOTIC: [2] preg_match(): Unknown modifier ':' D:\wwwww\xpcjd2\web\thinkphp\Library\Think\Route.class.php 第 58 行.
INFO: [ app_begin ] --START--
INFO: Run Behavior\ReadHtmlCacheBehavior [ RunTime:0.000000s ]
INFO: [ app_begin ] --END-- [ RunTime:0.000000s ]
SQL: SHOW COLUMNS FROM `xpc_basevideo` [ RunTime:0.0000s ]
SQL: SELECT `link_mobile`,`mp4_mobile` FROM `xpc_basevideo` WHERE ( is_show=1 and is_main=1 ) LIMIT 1   [ RunTime:0.0000s ]
SQL: SELECT `link_mobile`,`sltpath`,`mp4_mobile` FROM `xpc_basevideo` WHERE ( is_show=1 and is_main=0 ) ORDER BY id desc,pubtime desc  [ RunTime:0.0000s ]
SQL: SHOW COLUMNS FROM `xpc_danscenes` [ RunTime:0.0156s ]
SQL: SELECT st.title,dan.cate,dan.sltpath FROM xpc_danscenes dan left join  xpc_scenestype as st on st.id=dan.cate  WHERE ( dan.is_show=1 ) ORDER BY dan.id desc ,dan.pubtime desc  [ RunTime:0.0000s ]
SQL: SHOW COLUMNS FROM `xpc_duoscenes` [ RunTime:0.0000s ]
SQL: SELECT sd.ytgpath FROM xpc_duoscenes sd left join xpc_scenestype as st on st.id=sd.cate  WHERE `cate` = '11' AND `is_show` = 1 ORDER BY sd.id desc ,sd.pubtime desc  [ RunTime:0.0000s ]
SQL: SELECT sd.ytgpath FROM xpc_duoscenes sd left join xpc_scenestype as st on st.id=sd.cate  WHERE `cate` = '12' AND `is_show` = 1 ORDER BY sd.id desc ,sd.pubtime desc  [ RunTime:0.0000s ]
SQL: SELECT sd.ytgpath FROM xpc_duoscenes sd left join xpc_scenestype as st on st.id=sd.cate  WHERE `cate` = '14' AND `is_show` = 1 ORDER BY sd.id desc ,sd.pubtime desc  [ RunTime:0.0000s ]
SQL: SELECT sd.ytgpath FROM xpc_duoscenes sd left join xpc_scenestype as st on st.id=sd.cate  WHERE `cate` = '15' AND `is_show` = 1 ORDER BY sd.id desc ,sd.pubtime desc  [ RunTime:0.0000s ]
SQL: SELECT sd.ytgpath FROM xpc_duoscenes sd left join xpc_scenestype as st on st.id=sd.cate  WHERE `cate` = '16' AND `is_show` = 1 ORDER BY sd.id desc ,sd.pubtime desc  [ RunTime:0.0000s ]
SQL: SELECT sd.ytgpath FROM xpc_duoscenes sd left join xpc_scenestype as st on st.id=sd.cate  WHERE `cate` = '17' AND `is_show` = 1 ORDER BY sd.id desc ,sd.pubtime desc  [ RunTime:0.0000s ]
SQL: SELECT sd.ytgpath FROM xpc_duoscenes sd left join xpc_scenestype as st on st.id=sd.cate  WHERE `cate` = '18' AND `is_show` = 1 ORDER BY sd.id desc ,sd.pubtime desc  [ RunTime:0.0000s ]
SQL: SELECT sd.ytgpath FROM xpc_duoscenes sd left join xpc_scenestype as st on st.id=sd.cate  WHERE `cate` = '19' AND `is_show` = 1 ORDER BY sd.id desc ,sd.pubtime desc  [ RunTime:0.0000s ]
SQL: SELECT sd.ytgpath FROM xpc_duoscenes sd left join xpc_scenestype as st on st.id=sd.cate  WHERE `cate` = '20' AND `is_show` = 1 ORDER BY sd.id desc ,sd.pubtime desc  [ RunTime:0.0000s ]
SQL: SELECT sd.ytgpath FROM xpc_duoscenes sd left join xpc_scenestype as st on st.id=sd.cate  WHERE `cate` = '21' AND `is_show` = 1 ORDER BY sd.id desc ,sd.pubtime desc  [ RunTime:0.0000s ]
SQL: SELECT sd.ytgpath FROM xpc_duoscenes sd left join xpc_scenestype as st on st.id=sd.cate  WHERE `cate` = '22' AND `is_show` = 1 ORDER BY sd.id desc ,sd.pubtime desc  [ RunTime:0.0000s ]
SQL: SELECT sd.ytgpath FROM xpc_duoscenes sd left join xpc_scenestype as st on st.id=sd.cate  WHERE `cate` = '23' AND `is_show` = 1 ORDER BY sd.id desc ,sd.pubtime desc  [ RunTime:0.0000s ]
SQL: SHOW COLUMNS FROM `xpc_video` [ RunTime:0.0000s ]
SQL: SELECT * FROM `xpc_video` WHERE ( is_show=1 ) ORDER BY id desc ,pubtime desc  [ RunTime:0.0000s ]
SQL: SHOW COLUMNS FROM `xpc_service` [ RunTime:0.0000s ]
SQL: SELECT * FROM `xpc_service` WHERE ( isshow=1 ) ORDER BY id desc ,pubtime desc  [ RunTime:0.0000s ]
SQL: SHOW COLUMNS FROM `xpc_news` [ RunTime:0.0000s ]
SQL: SELECT * FROM `xpc_news` WHERE ( isshow=1 ) ORDER BY id desc ,pubtime desc LIMIT 0,2   [ RunTime:0.0000s ]
SQL: SELECT * FROM `xpc_news` WHERE ( isshow=1 ) ORDER BY id desc ,pubtime desc LIMIT 2,2   [ RunTime:0.0000s ]
SQL: SELECT * FROM `xpc_video` WHERE ( id=15 ) LIMIT 1   [ RunTime:0.0000s ]
INFO: [ view_parse ] --START--
INFO: [ template_filter ] --START--
INFO: Run Behavior\ContentReplaceBehavior [ RunTime:0.000000s ]
INFO: [ template_filter ] --END-- [ RunTime:0.000000s ]
INFO: Run Behavior\ParseTemplateBehavior [ RunTime:0.000000s ]
INFO: [ view_parse ] --END-- [ RunTime:0.000000s ]
INFO: [ view_filter ] --START--
INFO: Run Behavior\WriteHtmlCacheBehavior [ RunTime:0.000000s ]
INFO: [ view_filter ] --END-- [ RunTime:0.000000s ]
INFO: [ app_end ] --START--
INFO: Run Behavior\ShowPageTraceBehavior [ RunTime:0.000000s ]
INFO: [ app_end ] --END-- [ RunTime:0.000000s ]

