[ 2017-05-05T00:12:08+08:00 ] 66.249.69.102 /
INFO: [ app_init ] --START--
INFO: Run Behavior\BuildLiteBehavior [ RunTime:0.000000s ]
INFO: [ app_init ] --END-- [ RunTime:0.000000s ]
INFO: [ app_begin ] --START--
INFO: Run Behavior\ReadHtmlCacheBehavior [ RunTime:0.000000s ]
INFO: [ app_begin ] --END-- [ RunTime:0.000000s ]
SQL: SHOW COLUMNS FROM `xpc_basevideo` [ RunTime:0.0000s ]
SQL: SELECT `link_mobile`,`mp4_mobile` FROM `xpc_basevideo` WHERE ( is_show=1 and is_main=1 ) LIMIT 1   [ RunTime:0.0000s ]
SQL: SELECT `link_mobile`,`mp4_mobile`,`sltpath` FROM `xpc_basevideo` WHERE ( is_show=1 and is_main=0 ) ORDER BY id desc,pubtime desc  [ RunTime:0.0000s ]
SQL: SHOW COLUMNS FROM `xpc_danscenes` [ RunTime:0.0000s ]
SQL: SELECT st.title,dan.cate,dan.sltpath FROM xpc_danscenes dan left join  xpc_scenestype as st on st.id=dan.cate  WHERE ( dan.is_show=1 ) ORDER BY dan.id desc ,dan.pubtime desc  [ RunTime:0.0000s ]
SQL: SHOW COLUMNS FROM `xpc_duoscenes` [ RunTime:0.0000s ]
SQL: SELECT sd.ytgpath FROM xpc_duoscenes sd left join xpc_scenestype as st on st.id=sd.cate  WHERE `cate` = '11' AND `is_show` = 1 ORDER BY sd.id desc ,sd.pubtime desc  [ RunTime:0.0000s ]
SQL: SELECT sd.ytgpath FROM xpc_duoscenes sd left join xpc_scenestype as st on st.id=sd.cate  WHERE `cate` = '12' AND `is_show` = 1 ORDER BY sd.id desc ,sd.pubtime desc  [ RunTime:0.0000s ]
SQL: SELECT sd.ytgpath FROM xpc_duoscenes sd left join xpc_scenestype as st on st.id=sd.cate  WHERE `cate` = '14' AND `is_show` = 1 ORDER BY sd.id desc ,sd.pubtime desc  [ RunTime:0.0000s ]
SQL: SELECT sd.ytgpath FROM xpc_duoscenes sd left join xpc_scenestype as st on st.id=sd.cate  WHERE `cate` = '15' AND `is_show` = 1 ORDER BY sd.id desc ,sd.pubtime desc  [ RunTime:0.0000s ]
SQL: SELECT sd.ytgpath FROM xpc_duoscenes sd left join xpc_scenestype as st on st.id=sd.cate  WHERE `cate` = '16' AND `is_show` = 1 ORDER BY sd.id desc ,sd.pubtime desc  [ RunTime:0.0000s ]
SQL: SELECT sd.ytgpath FROM xpc_duoscenes sd left join xpc_scenestype as st on st.id=sd.cate  WHERE `cate` = '17' AND `is_show` = 1 ORDER BY sd.id desc ,sd.pubtime desc  [ RunTime:0.0000s ]
SQL: SELECT sd.ytgpath FROM xpc_duoscenes sd left join xpc_scenestype as st on st.id=sd.cate  WHERE `cate` = '18' AND `is_show` = 1 ORDER BY sd.id desc ,sd.pubtime desc  [ RunTime:0.0000s ]
SQL: SELECT sd.ytgpath FROM xpc_duoscenes sd left join xpc_scenestype as st on st.id=sd.cate  WHERE `cate` = '19' AND `is_show` = 1 ORDER BY sd.id desc ,sd.pubtime desc  [ RunTime:0.0000s ]
SQL: SELECT sd.ytgpath FROM xpc_duoscenes sd left join xpc_scenestype as st on st.id=sd.cate  WHERE `cate` = '20' AND `is_show` = 1 ORDER BY sd.id desc ,sd.pubtime desc  [ RunTime:0.0000s ]
SQL: SELECT sd.ytgpath FROM xpc_duoscenes sd left join xpc_scenestype as st on st.id=sd.cate  WHERE `cate` = '21' AND `is_show` = 1 ORDER BY sd.id desc ,sd.pubtime desc  [ RunTime:0.0000s ]
SQL: SELECT sd.ytgpath FROM xpc_duoscenes sd left join xpc_scenestype as st on st.id=sd.cate  WHERE `cate` = '22' AND `is_show` = 1 ORDER BY sd.id desc ,sd.pubtime desc  [ RunTime:0.0000s ]
SQL: SELECT sd.ytgpath FROM xpc_duoscenes sd left join xpc_scenestype as st on st.id=sd.cate  WHERE `cate` = '23' AND `is_show` = 1 ORDER BY sd.id desc ,sd.pubtime desc  [ RunTime:0.0000s ]
SQL: SHOW COLUMNS FROM `xpc_video` [ RunTime:0.0000s ]
SQL: SELECT * FROM `xpc_video` WHERE ( is_show=1 ) ORDER BY id desc ,pubtime desc  [ RunTime:0.0000s ]
SQL: SHOW COLUMNS FROM `xpc_service` [ RunTime:0.0000s ]
SQL: SELECT * FROM `xpc_service` WHERE ( isshow=1 ) ORDER BY id desc ,pubtime desc  [ RunTime:0.0000s ]
SQL: SHOW COLUMNS FROM `xpc_news` [ RunTime:0.0000s ]
SQL: SELECT * FROM `xpc_news` WHERE ( isshow=1 ) ORDER BY id desc ,pubtime desc LIMIT 0,2   [ RunTime:0.0000s ]
SQL: SELECT * FROM `xpc_news` WHERE ( isshow=1 ) ORDER BY id desc ,pubtime desc LIMIT 2,2   [ RunTime:0.0000s ]
INFO: [ view_parse ] --START--
INFO: [ template_filter ] --START--
INFO: Run Behavior\ContentReplaceBehavior [ RunTime:0.000000s ]
INFO: [ template_filter ] --END-- [ RunTime:0.000000s ]
NOTIC: [8] Undefined index: vTime D:\wwwww\xpcjd2\web\Application\Runtime\Cache\Home\2a94b8bda04ff446dcedd42276fc99ee.php 第 178 行.
NOTIC: [8] Undefined index: vTime D:\wwwww\xpcjd2\web\Application\Runtime\Cache\Home\2a94b8bda04ff446dcedd42276fc99ee.php 第 178 行.
INFO: Run Behavior\ParseTemplateBehavior [ RunTime:0.015625s ]
INFO: [ view_parse ] --END-- [ RunTime:0.015625s ]
INFO: [ view_filter ] --START--
INFO: Run Behavior\WriteHtmlCacheBehavior [ RunTime:0.015625s ]
INFO: [ view_filter ] --END-- [ RunTime:0.015625s ]
INFO: [ app_end ] --START--
INFO: Run Behavior\ShowPageTraceBehavior [ RunTime:0.000000s ]
INFO: [ app_end ] --END-- [ RunTime:0.000000s ]

[ 2017-05-05T02:35:04+08:00 ] 66.249.69.69 /robots.txt
INFO: [ app_init ] --START--
INFO: Run Behavior\BuildLiteBehavior [ RunTime:0.000000s ]
INFO: [ app_init ] --END-- [ RunTime:0.000000s ]
NOTIC: [2] preg_match(): Unknown modifier ':' D:\wwwww\xpcjd2\web\thinkphp\Library\Think\Route.class.php 第 58 行.
NOTIC: [2] preg_match(): Unknown modifier ':' D:\wwwww\xpcjd2\web\thinkphp\Library\Think\Route.class.php 第 58 行.
INFO: [ app_begin ] --START--
INFO: Run Behavior\ReadHtmlCacheBehavior [ RunTime:0.000000s ]
INFO: [ app_begin ] --END-- [ RunTime:0.000000s ]
ERR: 无法加载控制器:Robots.txt

[ 2017-05-05T02:35:06+08:00 ] 66.249.69.69 /info.html
INFO: [ app_init ] --START--
INFO: Run Behavior\BuildLiteBehavior [ RunTime:0.000000s ]
INFO: [ app_init ] --END-- [ RunTime:0.000000s ]
NOTIC: [2] preg_match(): Unknown modifier ':' D:\wwwww\xpcjd2\web\thinkphp\Library\Think\Route.class.php 第 58 行.
NOTIC: [2] preg_match(): Unknown modifier ':' D:\wwwww\xpcjd2\web\thinkphp\Library\Think\Route.class.php 第 58 行.
INFO: [ app_begin ] --START--
INFO: Run Behavior\ReadHtmlCacheBehavior [ RunTime:0.000000s ]
INFO: [ app_begin ] --END-- [ RunTime:0.000000s ]
ERR: 无法加载控制器:Info

[ 2017-05-05T03:21:44+08:00 ] 104.238.248.15 /
INFO: [ app_init ] --START--
INFO: Run Behavior\BuildLiteBehavior [ RunTime:0.000000s ]
INFO: [ app_init ] --END-- [ RunTime:0.000000s ]
INFO: [ app_begin ] --START--
INFO: Run Behavior\ReadHtmlCacheBehavior [ RunTime:0.000000s ]
INFO: [ app_begin ] --END-- [ RunTime:0.000000s ]
SQL: SHOW COLUMNS FROM `xpc_basevideo` [ RunTime:0.0156s ]
SQL: SELECT `link_mobile`,`mp4_mobile` FROM `xpc_basevideo` WHERE ( is_show=1 and is_main=1 ) LIMIT 1   [ RunTime:0.0000s ]
SQL: SELECT `link_mobile`,`mp4_mobile`,`sltpath` FROM `xpc_basevideo` WHERE ( is_show=1 and is_main=0 ) ORDER BY id desc,pubtime desc  [ RunTime:0.0000s ]
SQL: SHOW COLUMNS FROM `xpc_danscenes` [ RunTime:0.0000s ]
SQL: SELECT st.title,dan.cate,dan.sltpath FROM xpc_danscenes dan left join  xpc_scenestype as st on st.id=dan.cate  WHERE ( dan.is_show=1 ) ORDER BY dan.id desc ,dan.pubtime desc  [ RunTime:0.0000s ]
SQL: SHOW COLUMNS FROM `xpc_duoscenes` [ RunTime:0.0000s ]
SQL: SELECT sd.ytgpath FROM xpc_duoscenes sd left join xpc_scenestype as st on st.id=sd.cate  WHERE `cate` = '11' AND `is_show` = 1 ORDER BY sd.id desc ,sd.pubtime desc  [ RunTime:0.0000s ]
SQL: SELECT sd.ytgpath FROM xpc_duoscenes sd left join xpc_scenestype as st on st.id=sd.cate  WHERE `cate` = '12' AND `is_show` = 1 ORDER BY sd.id desc ,sd.pubtime desc  [ RunTime:0.0000s ]
SQL: SELECT sd.ytgpath FROM xpc_duoscenes sd left join xpc_scenestype as st on st.id=sd.cate  WHERE `cate` = '14' AND `is_show` = 1 ORDER BY sd.id desc ,sd.pubtime desc  [ RunTime:0.0000s ]
SQL: SELECT sd.ytgpath FROM xpc_duoscenes sd left join xpc_scenestype as st on st.id=sd.cate  WHERE `cate` = '15' AND `is_show` = 1 ORDER BY sd.id desc ,sd.pubtime desc  [ RunTime:0.0000s ]
SQL: SELECT sd.ytgpath FROM xpc_duoscenes sd left join xpc_scenestype as st on st.id=sd.cate  WHERE `cate` = '16' AND `is_show` = 1 ORDER BY sd.id desc ,sd.pubtime desc  [ RunTime:0.0000s ]
SQL: SELECT sd.ytgpath FROM xpc_duoscenes sd left join xpc_scenestype as st on st.id=sd.cate  WHERE `cate` = '17' AND `is_show` = 1 ORDER BY sd.id desc ,sd.pubtime desc  [ RunTime:0.0000s ]
SQL: SELECT sd.ytgpath FROM xpc_duoscenes sd left join xpc_scenestype as st on st.id=sd.cate  WHERE `cate` = '18' AND `is_show` = 1 ORDER BY sd.id desc ,sd.pubtime desc  [ RunTime:0.0000s ]
SQL: SELECT sd.ytgpath FROM xpc_duoscenes sd left join xpc_scenestype as st on st.id=sd.cate  WHERE `cate` = '19' AND `is_show` = 1 ORDER BY sd.id desc ,sd.pubtime desc  [ RunTime:0.0000s ]
SQL: SELECT sd.ytgpath FROM xpc_duoscenes sd left join xpc_scenestype as st on st.id=sd.cate  WHERE `cate` = '20' AND `is_show` = 1 ORDER BY sd.id desc ,sd.pubtime desc  [ RunTime:0.0000s ]
SQL: SELECT sd.ytgpath FROM xpc_duoscenes sd left join xpc_scenestype as st on st.id=sd.cate  WHERE `cate` = '21' AND `is_show` = 1 ORDER BY sd.id desc ,sd.pubtime desc  [ RunTime:0.0000s ]
SQL: SELECT sd.ytgpath FROM xpc_duoscenes sd left join xpc_scenestype as st on st.id=sd.cate  WHERE `cate` = '22' AND `is_show` = 1 ORDER BY sd.id desc ,sd.pubtime desc  [ RunTime:0.0000s ]
SQL: SELECT sd.ytgpath FROM xpc_duoscenes sd left join xpc_scenestype as st on st.id=sd.cate  WHERE `cate` = '23' AND `is_show` = 1 ORDER BY sd.id desc ,sd.pubtime desc  [ RunTime:0.0000s ]
SQL: SHOW COLUMNS FROM `xpc_video` [ RunTime:0.0000s ]
SQL: SELECT * FROM `xpc_video` WHERE ( is_show=1 ) ORDER BY id desc ,pubtime desc  [ RunTime:0.0000s ]
SQL: SHOW COLUMNS FROM `xpc_service` [ RunTime:0.0000s ]
SQL: SELECT * FROM `xpc_service` WHERE ( isshow=1 ) ORDER BY id desc ,pubtime desc  [ RunTime:0.0000s ]
SQL: SHOW COLUMNS FROM `xpc_news` [ RunTime:0.0156s ]
SQL: SELECT * FROM `xpc_news` WHERE ( isshow=1 ) ORDER BY id desc ,pubtime desc LIMIT 0,2   [ RunTime:0.0000s ]
SQL: SELECT * FROM `xpc_news` WHERE ( isshow=1 ) ORDER BY id desc ,pubtime desc LIMIT 2,2   [ RunTime:0.0000s ]
INFO: [ view_parse ] --START--
INFO: [ template_filter ] --START--
INFO: Run Behavior\ContentReplaceBehavior [ RunTime:0.000000s ]
INFO: [ template_filter ] --END-- [ RunTime:0.000000s ]
NOTIC: [8] Undefined index: vTime D:\wwwww\xpcjd2\web\Application\Runtime\Cache\Home\2a94b8bda04ff446dcedd42276fc99ee.php 第 178 行.
NOTIC: [8] Undefined index: vTime D:\wwwww\xpcjd2\web\Application\Runtime\Cache\Home\2a94b8bda04ff446dcedd42276fc99ee.php 第 178 行.
INFO: Run Behavior\ParseTemplateBehavior [ RunTime:0.015625s ]
INFO: [ view_parse ] --END-- [ RunTime:0.015625s ]
INFO: [ view_filter ] --START--
INFO: Run Behavior\WriteHtmlCacheBehavior [ RunTime:0.000000s ]
INFO: [ view_filter ] --END-- [ RunTime:0.000000s ]
INFO: [ app_end ] --START--
INFO: Run Behavior\ShowPageTraceBehavior [ RunTime:0.000000s ]
INFO: [ app_end ] --END-- [ RunTime:0.000000s ]

[ 2017-05-05T03:21:45+08:00 ] 104.238.248.15 /contact.html
INFO: [ app_init ] --START--
INFO: Run Behavior\BuildLiteBehavior [ RunTime:0.000000s ]
INFO: [ app_init ] --END-- [ RunTime:0.000000s ]
INFO: [ app_begin ] --START--
INFO: Run Behavior\ReadHtmlCacheBehavior [ RunTime:0.015625s ]
INFO: [ app_begin ] --END-- [ RunTime:0.015625s ]
SQL: SHOW COLUMNS FROM `xpc_basevideo` [ RunTime:0.0000s ]
SQL: SELECT `link_mobile`,`mp4_mobile` FROM `xpc_basevideo` WHERE ( is_show=1 and is_main=1 ) LIMIT 1   [ RunTime:0.0000s ]
SQL: SELECT `link_mobile`,`mp4_mobile`,`sltpath` FROM `xpc_basevideo` WHERE ( is_show=1 and is_main=0 ) ORDER BY id desc,pubtime desc  [ RunTime:0.0000s ]
SQL: SHOW COLUMNS FROM `xpc_danscenes` [ RunTime:0.0000s ]
SQL: SELECT st.title,dan.cate,dan.sltpath FROM xpc_danscenes dan left join  xpc_scenestype as st on st.id=dan.cate  WHERE ( dan.is_show=1 ) ORDER BY dan.id desc ,dan.pubtime desc  [ RunTime:0.0000s ]
SQL: SHOW COLUMNS FROM `xpc_duoscenes` [ RunTime:0.0000s ]
SQL: SELECT sd.ytgpath FROM xpc_duoscenes sd left join xpc_scenestype as st on st.id=sd.cate  WHERE `cate` = '11' AND `is_show` = 1 ORDER BY sd.id desc ,sd.pubtime desc  [ RunTime:0.0000s ]
SQL: SELECT sd.ytgpath FROM xpc_duoscenes sd left join xpc_scenestype as st on st.id=sd.cate  WHERE `cate` = '12' AND `is_show` = 1 ORDER BY sd.id desc ,sd.pubtime desc  [ RunTime:0.0000s ]
SQL: SELECT sd.ytgpath FROM xpc_duoscenes sd left join xpc_scenestype as st on st.id=sd.cate  WHERE `cate` = '14' AND `is_show` = 1 ORDER BY sd.id desc ,sd.pubtime desc  [ RunTime:0.0000s ]
SQL: SELECT sd.ytgpath FROM xpc_duoscenes sd left join xpc_scenestype as st on st.id=sd.cate  WHERE `cate` = '15' AND `is_show` = 1 ORDER BY sd.id desc ,sd.pubtime desc  [ RunTime:0.0000s ]
SQL: SELECT sd.ytgpath FROM xpc_duoscenes sd left join xpc_scenestype as st on st.id=sd.cate  WHERE `cate` = '16' AND `is_show` = 1 ORDER BY sd.id desc ,sd.pubtime desc  [ RunTime:0.0156s ]
SQL: SELECT sd.ytgpath FROM xpc_duoscenes sd left join xpc_scenestype as st on st.id=sd.cate  WHERE `cate` = '17' AND `is_show` = 1 ORDER BY sd.id desc ,sd.pubtime desc  [ RunTime:0.0000s ]
SQL: SELECT sd.ytgpath FROM xpc_duoscenes sd left join xpc_scenestype as st on st.id=sd.cate  WHERE `cate` = '18' AND `is_show` = 1 ORDER BY sd.id desc ,sd.pubtime desc  [ RunTime:0.0000s ]
SQL: SELECT sd.ytgpath FROM xpc_duoscenes sd left join xpc_scenestype as st on st.id=sd.cate  WHERE `cate` = '19' AND `is_show` = 1 ORDER BY sd.id desc ,sd.pubtime desc  [ RunTime:0.0000s ]
SQL: SELECT sd.ytgpath FROM xpc_duoscenes sd left join xpc_scenestype as st on st.id=sd.cate  WHERE `cate` = '20' AND `is_show` = 1 ORDER BY sd.id desc ,sd.pubtime desc  [ RunTime:0.0000s ]
SQL: SELECT sd.ytgpath FROM xpc_duoscenes sd left join xpc_scenestype as st on st.id=sd.cate  WHERE `cate` = '21' AND `is_show` = 1 ORDER BY sd.id desc ,sd.pubtime desc  [ RunTime:0.0000s ]
SQL: SELECT sd.ytgpath FROM xpc_duoscenes sd left join xpc_scenestype as st on st.id=sd.cate  WHERE `cate` = '22' AND `is_show` = 1 ORDER BY sd.id desc ,sd.pubtime desc  [ RunTime:0.0000s ]
SQL: SELECT sd.ytgpath FROM xpc_duoscenes sd left join xpc_scenestype as st on st.id=sd.cate  WHERE `cate` = '23' AND `is_show` = 1 ORDER BY sd.id desc ,sd.pubtime desc  [ RunTime:0.0000s ]
SQL: SHOW COLUMNS FROM `xpc_video` [ RunTime:0.0000s ]
SQL: SELECT * FROM `xpc_video` WHERE ( is_show=1 ) ORDER BY id desc ,pubtime desc  [ RunTime:0.0000s ]
SQL: SHOW COLUMNS FROM `xpc_service` [ RunTime:0.0000s ]
SQL: SELECT * FROM `xpc_service` WHERE ( isshow=1 ) ORDER BY id desc ,pubtime desc  [ RunTime:0.0000s ]
SQL: SHOW COLUMNS FROM `xpc_news` [ RunTime:0.0000s ]
SQL: SELECT * FROM `xpc_news` WHERE ( isshow=1 ) ORDER BY id desc ,pubtime desc LIMIT 0,2   [ RunTime:0.0000s ]
SQL: SELECT * FROM `xpc_news` WHERE ( isshow=1 ) ORDER BY id desc ,pubtime desc LIMIT 2,2   [ RunTime:0.0000s ]
INFO: [ view_parse ] --START--
INFO: [ template_filter ] --START--
INFO: Run Behavior\ContentReplaceBehavior [ RunTime:0.000000s ]
INFO: [ template_filter ] --END-- [ RunTime:0.000000s ]
INFO: Run Behavior\ParseTemplateBehavior [ RunTime:0.000000s ]
INFO: [ view_parse ] --END-- [ RunTime:0.000000s ]
INFO: [ view_filter ] --START--
INFO: Run Behavior\WriteHtmlCacheBehavior [ RunTime:0.000000s ]
INFO: [ view_filter ] --END-- [ RunTime:0.000000s ]
INFO: [ app_end ] --START--
INFO: Run Behavior\ShowPageTraceBehavior [ RunTime:0.000000s ]
INFO: [ app_end ] --END-- [ RunTime:0.000000s ]

[ 2017-05-05T04:50:24+08:00 ] 193.153.77.210 /
INFO: [ app_init ] --START--
INFO: Run Behavior\BuildLiteBehavior [ RunTime:0.000000s ]
INFO: [ app_init ] --END-- [ RunTime:0.000000s ]
INFO: [ app_begin ] --START--
INFO: Run Behavior\ReadHtmlCacheBehavior [ RunTime:0.000000s ]
INFO: [ app_begin ] --END-- [ RunTime:0.000000s ]
SQL: SHOW COLUMNS FROM `xpc_basevideo` [ RunTime:0.0000s ]
SQL: SELECT `link_mobile`,`mp4_mobile` FROM `xpc_basevideo` WHERE ( is_show=1 and is_main=1 ) LIMIT 1   [ RunTime:0.0000s ]
SQL: SELECT `link_mobile`,`mp4_mobile`,`sltpath` FROM `xpc_basevideo` WHERE ( is_show=1 and is_main=0 ) ORDER BY id desc,pubtime desc  [ RunTime:0.0000s ]
SQL: SHOW COLUMNS FROM `xpc_danscenes` [ RunTime:0.0000s ]
SQL: SELECT st.title,dan.cate,dan.sltpath FROM xpc_danscenes dan left join  xpc_scenestype as st on st.id=dan.cate  WHERE ( dan.is_show=1 ) ORDER BY dan.id desc ,dan.pubtime desc  [ RunTime:0.0000s ]
SQL: SHOW COLUMNS FROM `xpc_duoscenes` [ RunTime:0.0156s ]
SQL: SELECT sd.ytgpath FROM xpc_duoscenes sd left join xpc_scenestype as st on st.id=sd.cate  WHERE `cate` = '11' AND `is_show` = 1 ORDER BY sd.id desc ,sd.pubtime desc  [ RunTime:0.0000s ]
SQL: SELECT sd.ytgpath FROM xpc_duoscenes sd left join xpc_scenestype as st on st.id=sd.cate  WHERE `cate` = '12' AND `is_show` = 1 ORDER BY sd.id desc ,sd.pubtime desc  [ RunTime:0.0000s ]
SQL: SELECT sd.ytgpath FROM xpc_duoscenes sd left join xpc_scenestype as st on st.id=sd.cate  WHERE `cate` = '14' AND `is_show` = 1 ORDER BY sd.id desc ,sd.pubtime desc  [ RunTime:0.0000s ]
SQL: SELECT sd.ytgpath FROM xpc_duoscenes sd left join xpc_scenestype as st on st.id=sd.cate  WHERE `cate` = '15' AND `is_show` = 1 ORDER BY sd.id desc ,sd.pubtime desc  [ RunTime:0.0000s ]
SQL: SELECT sd.ytgpath FROM xpc_duoscenes sd left join xpc_scenestype as st on st.id=sd.cate  WHERE `cate` = '16' AND `is_show` = 1 ORDER BY sd.id desc ,sd.pubtime desc  [ RunTime:0.0000s ]
SQL: SELECT sd.ytgpath FROM xpc_duoscenes sd left join xpc_scenestype as st on st.id=sd.cate  WHERE `cate` = '17' AND `is_show` = 1 ORDER BY sd.id desc ,sd.pubtime desc  [ RunTime:0.0000s ]
SQL: SELECT sd.ytgpath FROM xpc_duoscenes sd left join xpc_scenestype as st on st.id=sd.cate  WHERE `cate` = '18' AND `is_show` = 1 ORDER BY sd.id desc ,sd.pubtime desc  [ RunTime:0.0000s ]
SQL: SELECT sd.ytgpath FROM xpc_duoscenes sd left join xpc_scenestype as st on st.id=sd.cate  WHERE `cate` = '19' AND `is_show` = 1 ORDER BY sd.id desc ,sd.pubtime desc  [ RunTime:0.0000s ]
SQL: SELECT sd.ytgpath FROM xpc_duoscenes sd left join xpc_scenestype as st on st.id=sd.cate  WHERE `cate` = '20' AND `is_show` = 1 ORDER BY sd.id desc ,sd.pubtime desc  [ RunTime:0.0000s ]
SQL: SELECT sd.ytgpath FROM xpc_duoscenes sd left join xpc_scenestype as st on st.id=sd.cate  WHERE `cate` = '21' AND `is_show` = 1 ORDER BY sd.id desc ,sd.pubtime desc  [ RunTime:0.0000s ]
SQL: SELECT sd.ytgpath FROM xpc_duoscenes sd left join xpc_scenestype as st on st.id=sd.cate  WHERE `cate` = '22' AND `is_show` = 1 ORDER BY sd.id desc ,sd.pubtime desc  [ RunTime:0.0000s ]
SQL: SELECT sd.ytgpath FROM xpc_duoscenes sd left join xpc_scenestype as st on st.id=sd.cate  WHERE `cate` = '23' AND `is_show` = 1 ORDER BY sd.id desc ,sd.pubtime desc  [ RunTime:0.0000s ]
SQL: SHOW COLUMNS FROM `xpc_video` [ RunTime:0.0000s ]
SQL: SELECT * FROM `xpc_video` WHERE ( is_show=1 ) ORDER BY id desc ,pubtime desc  [ RunTime:0.0000s ]
SQL: SHOW COLUMNS FROM `xpc_service` [ RunTime:0.0000s ]
SQL: SELECT * FROM `xpc_service` WHERE ( isshow=1 ) ORDER BY id desc ,pubtime desc  [ RunTime:0.0000s ]
SQL: SHOW COLUMNS FROM `xpc_news` [ RunTime:0.0000s ]
SQL: SELECT * FROM `xpc_news` WHERE ( isshow=1 ) ORDER BY id desc ,pubtime desc LIMIT 0,2   [ RunTime:0.0000s ]
SQL: SELECT * FROM `xpc_news` WHERE ( isshow=1 ) ORDER BY id desc ,pubtime desc LIMIT 2,2   [ RunTime:0.0000s ]
INFO: [ view_parse ] --START--
INFO: [ template_filter ] --START--
INFO: Run Behavior\ContentReplaceBehavior [ RunTime:0.000000s ]
INFO: [ template_filter ] --END-- [ RunTime:0.000000s ]
NOTIC: [8] Undefined index: vTime D:\wwwww\xpcjd2\web\Application\Runtime\Cache\Home\2a94b8bda04ff446dcedd42276fc99ee.php 第 178 行.
NOTIC: [8] Undefined index: vTime D:\wwwww\xpcjd2\web\Application\Runtime\Cache\Home\2a94b8bda04ff446dcedd42276fc99ee.php 第 178 行.
INFO: Run Behavior\ParseTemplateBehavior [ RunTime:0.031250s ]
INFO: [ view_parse ] --END-- [ RunTime:0.031250s ]
INFO: [ view_filter ] --START--
INFO: Run Behavior\WriteHtmlCacheBehavior [ RunTime:0.000000s ]
INFO: [ view_filter ] --END-- [ RunTime:0.000000s ]
INFO: [ app_end ] --START--
INFO: Run Behavior\ShowPageTraceBehavior [ RunTime:0.000000s ]
INFO: [ app_end ] --END-- [ RunTime:0.000000s ]

[ 2017-05-05T04:50:32+08:00 ] 193.153.77.210 /
INFO: [ app_init ] --START--
INFO: Run Behavior\BuildLiteBehavior [ RunTime:0.000000s ]
INFO: [ app_init ] --END-- [ RunTime:0.000000s ]
INFO: [ app_begin ] --START--
INFO: Run Behavior\ReadHtmlCacheBehavior [ RunTime:0.000000s ]
INFO: [ app_begin ] --END-- [ RunTime:0.000000s ]
SQL: SHOW COLUMNS FROM `xpc_basevideo` [ RunTime:0.0000s ]
SQL: SELECT `link_mobile`,`mp4_mobile` FROM `xpc_basevideo` WHERE ( is_show=1 and is_main=1 ) LIMIT 1   [ RunTime:0.0000s ]
SQL: SELECT `link_mobile`,`mp4_mobile`,`sltpath` FROM `xpc_basevideo` WHERE ( is_show=1 and is_main=0 ) ORDER BY id desc,pubtime desc  [ RunTime:0.0000s ]
SQL: SHOW COLUMNS FROM `xpc_danscenes` [ RunTime:0.0000s ]
SQL: SELECT st.title,dan.cate,dan.sltpath FROM xpc_danscenes dan left join  xpc_scenestype as st on st.id=dan.cate  WHERE ( dan.is_show=1 ) ORDER BY dan.id desc ,dan.pubtime desc  [ RunTime:0.0000s ]
SQL: SHOW COLUMNS FROM `xpc_duoscenes` [ RunTime:0.0000s ]
SQL: SELECT sd.ytgpath FROM xpc_duoscenes sd left join xpc_scenestype as st on st.id=sd.cate  WHERE `cate` = '11' AND `is_show` = 1 ORDER BY sd.id desc ,sd.pubtime desc  [ RunTime:0.0000s ]
SQL: SELECT sd.ytgpath FROM xpc_duoscenes sd left join xpc_scenestype as st on st.id=sd.cate  WHERE `cate` = '12' AND `is_show` = 1 ORDER BY sd.id desc ,sd.pubtime desc  [ RunTime:0.0000s ]
SQL: SELECT sd.ytgpath FROM xpc_duoscenes sd left join xpc_scenestype as st on st.id=sd.cate  WHERE `cate` = '14' AND `is_show` = 1 ORDER BY sd.id desc ,sd.pubtime desc  [ RunTime:0.0000s ]
SQL: SELECT sd.ytgpath FROM xpc_duoscenes sd left join xpc_scenestype as st on st.id=sd.cate  WHERE `cate` = '15' AND `is_show` = 1 ORDER BY sd.id desc ,sd.pubtime desc  [ RunTime:0.0000s ]
SQL: SELECT sd.ytgpath FROM xpc_duoscenes sd left join xpc_scenestype as st on st.id=sd.cate  WHERE `cate` = '16' AND `is_show` = 1 ORDER BY sd.id desc ,sd.pubtime desc  [ RunTime:0.0000s ]
SQL: SELECT sd.ytgpath FROM xpc_duoscenes sd left join xpc_scenestype as st on st.id=sd.cate  WHERE `cate` = '17' AND `is_show` = 1 ORDER BY sd.id desc ,sd.pubtime desc  [ RunTime:0.0000s ]
SQL: SELECT sd.ytgpath FROM xpc_duoscenes sd left join xpc_scenestype as st on st.id=sd.cate  WHERE `cate` = '18' AND `is_show` = 1 ORDER BY sd.id desc ,sd.pubtime desc  [ RunTime:0.0000s ]
SQL: SELECT sd.ytgpath FROM xpc_duoscenes sd left join xpc_scenestype as st on st.id=sd.cate  WHERE `cate` = '19' AND `is_show` = 1 ORDER BY sd.id desc ,sd.pubtime desc  [ RunTime:0.0000s ]
SQL: SELECT sd.ytgpath FROM xpc_duoscenes sd left join xpc_scenestype as st on st.id=sd.cate  WHERE `cate` = '20' AND `is_show` = 1 ORDER BY sd.id desc ,sd.pubtime desc  [ RunTime:0.0000s ]
SQL: SELECT sd.ytgpath FROM xpc_duoscenes sd left join xpc_scenestype as st on st.id=sd.cate  WHERE `cate` = '21' AND `is_show` = 1 ORDER BY sd.id desc ,sd.pubtime desc  [ RunTime:0.0000s ]
SQL: SELECT sd.ytgpath FROM xpc_duoscenes sd left join xpc_scenestype as st on st.id=sd.cate  WHERE `cate` = '22' AND `is_show` = 1 ORDER BY sd.id desc ,sd.pubtime desc  [ RunTime:0.0156s ]
SQL: SELECT sd.ytgpath FROM xpc_duoscenes sd left join xpc_scenestype as st on st.id=sd.cate  WHERE `cate` = '23' AND `is_show` = 1 ORDER BY sd.id desc ,sd.pubtime desc  [ RunTime:0.0000s ]
SQL: SHOW COLUMNS FROM `xpc_video` [ RunTime:0.0000s ]
SQL: SELECT * FROM `xpc_video` WHERE ( is_show=1 ) ORDER BY id desc ,pubtime desc  [ RunTime:0.0000s ]
SQL: SHOW COLUMNS FROM `xpc_service` [ RunTime:0.0000s ]
SQL: SELECT * FROM `xpc_service` WHERE ( isshow=1 ) ORDER BY id desc ,pubtime desc  [ RunTime:0.0000s ]
SQL: SHOW COLUMNS FROM `xpc_news` [ RunTime:0.0000s ]
SQL: SELECT * FROM `xpc_news` WHERE ( isshow=1 ) ORDER BY id desc ,pubtime desc LIMIT 0,2   [ RunTime:0.0000s ]
SQL: SELECT * FROM `xpc_news` WHERE ( isshow=1 ) ORDER BY id desc ,pubtime desc LIMIT 2,2   [ RunTime:0.0000s ]
INFO: [ view_parse ] --START--
INFO: [ template_filter ] --START--
INFO: Run Behavior\ContentReplaceBehavior [ RunTime:0.000000s ]
INFO: [ template_filter ] --END-- [ RunTime:0.000000s ]
NOTIC: [8] Undefined index: vTime D:\wwwww\xpcjd2\web\Application\Runtime\Cache\Home\2a94b8bda04ff446dcedd42276fc99ee.php 第 178 行.
NOTIC: [8] Undefined index: vTime D:\wwwww\xpcjd2\web\Application\Runtime\Cache\Home\2a94b8bda04ff446dcedd42276fc99ee.php 第 178 行.
INFO: Run Behavior\ParseTemplateBehavior [ RunTime:0.015625s ]
INFO: [ view_parse ] --END-- [ RunTime:0.015625s ]
INFO: [ view_filter ] --START--
INFO: Run Behavior\WriteHtmlCacheBehavior [ RunTime:0.000000s ]
INFO: [ view_filter ] --END-- [ RunTime:0.000000s ]
INFO: [ app_end ] --START--
INFO: Run Behavior\ShowPageTraceBehavior [ RunTime:0.000000s ]
INFO: [ app_end ] --END-- [ RunTime:0.000000s ]

[ 2017-05-05T05:08:38+08:00 ] 42.236.10.80 /kqrtl/2839449.html
INFO: [ app_init ] --START--
INFO: Run Behavior\BuildLiteBehavior [ RunTime:0.000000s ]
INFO: [ app_init ] --END-- [ RunTime:0.000000s ]
NOTIC: [2] preg_match(): Unknown modifier ':' D:\wwwww\xpcjd2\web\thinkphp\Library\Think\Route.class.php 第 58 行.
NOTIC: [2] preg_match(): Unknown modifier ':' D:\wwwww\xpcjd2\web\thinkphp\Library\Think\Route.class.php 第 58 行.
INFO: [ app_begin ] --START--
INFO: Run Behavior\ReadHtmlCacheBehavior [ RunTime:0.000000s ]
INFO: [ app_begin ] --END-- [ RunTime:0.000000s ]
ERR: 无法加载控制器:Kqrtl

[ 2017-05-05T05:08:38+08:00 ] 42.236.99.218 /062/xmnn/2016/11/09/100121473.shtml
INFO: [ app_init ] --START--
INFO: Run Behavior\BuildLiteBehavior [ RunTime:0.000000s ]
INFO: [ app_init ] --END-- [ RunTime:0.000000s ]
NOTIC: [2] preg_match(): Unknown modifier ':' D:\wwwww\xpcjd2\web\thinkphp\Library\Think\Route.class.php 第 58 行.
NOTIC: [2] preg_match(): Unknown modifier ':' D:\wwwww\xpcjd2\web\thinkphp\Library\Think\Route.class.php 第 58 行.
INFO: [ app_begin ] --START--
INFO: Run Behavior\ReadHtmlCacheBehavior [ RunTime:0.000000s ]
INFO: [ app_begin ] --END-- [ RunTime:0.015625s ]
ERR: 无法加载控制器:062

[ 2017-05-05T05:08:38+08:00 ] 42.236.99.166 /628/173/
INFO: [ app_init ] --START--
INFO: Run Behavior\BuildLiteBehavior [ RunTime:0.000000s ]
INFO: [ app_init ] --END-- [ RunTime:0.000000s ]
NOTIC: [2] preg_match(): Unknown modifier ':' D:\wwwww\xpcjd2\web\thinkphp\Library\Think\Route.class.php 第 58 行.
NOTIC: [2] preg_match(): Unknown modifier ':' D:\wwwww\xpcjd2\web\thinkphp\Library\Think\Route.class.php 第 58 行.
INFO: [ app_begin ] --START--
INFO: Run Behavior\ReadHtmlCacheBehavior [ RunTime:0.000000s ]
INFO: [ app_begin ] --END-- [ RunTime:0.000000s ]
ERR: 无法加载控制器:628

[ 2017-05-05T05:08:38+08:00 ] 42.236.10.81 /062/hyg/2016-11/9615621.html
INFO: [ app_init ] --START--
INFO: Run Behavior\BuildLiteBehavior [ RunTime:0.000000s ]
INFO: [ app_init ] --END-- [ RunTime:0.000000s ]
NOTIC: [2] preg_match(): Unknown modifier ':' D:\wwwww\xpcjd2\web\thinkphp\Library\Think\Route.class.php 第 58 行.
NOTIC: [2] preg_match(): Unknown modifier ':' D:\wwwww\xpcjd2\web\thinkphp\Library\Think\Route.class.php 第 58 行.
INFO: [ app_begin ] --START--
INFO: Run Behavior\ReadHtmlCacheBehavior [ RunTime:0.000000s ]
INFO: [ app_begin ] --END-- [ RunTime:0.000000s ]
ERR: 无法加载控制器:062

[ 2017-05-05T05:08:38+08:00 ] 42.236.10.80 /rvgge/5222472.html
INFO: [ app_init ] --START--
INFO: Run Behavior\BuildLiteBehavior [ RunTime:0.000000s ]
INFO: [ app_init ] --END-- [ RunTime:0.000000s ]
NOTIC: [2] preg_match(): Unknown modifier ':' D:\wwwww\xpcjd2\web\thinkphp\Library\Think\Route.class.php 第 58 行.
NOTIC: [2] preg_match(): Unknown modifier ':' D:\wwwww\xpcjd2\web\thinkphp\Library\Think\Route.class.php 第 58 行.
INFO: [ app_begin ] --START--
INFO: Run Behavior\ReadHtmlCacheBehavior [ RunTime:0.000000s ]
INFO: [ app_begin ] --END-- [ RunTime:0.000000s ]
ERR: 无法加载控制器:Rvgge

[ 2017-05-05T05:08:38+08:00 ] 42.236.99.218 /eddoj/552665.html
INFO: [ app_init ] --START--
INFO: Run Behavior\BuildLiteBehavior [ RunTime:0.000000s ]
INFO: [ app_init ] --END-- [ RunTime:0.000000s ]
NOTIC: [2] preg_match(): Unknown modifier ':' D:\wwwww\xpcjd2\web\thinkphp\Library\Think\Route.class.php 第 58 行.
NOTIC: [2] preg_match(): Unknown modifier ':' D:\wwwww\xpcjd2\web\thinkphp\Library\Think\Route.class.php 第 58 行.
INFO: [ app_begin ] --START--
INFO: Run Behavior\ReadHtmlCacheBehavior [ RunTime:0.000000s ]
INFO: [ app_begin ] --END-- [ RunTime:0.000000s ]
ERR: 无法加载控制器:Eddoj

[ 2017-05-05T05:08:38+08:00 ] 42.236.99.218 /ozlqi/
INFO: [ app_init ] --START--
INFO: Run Behavior\BuildLiteBehavior [ RunTime:0.000000s ]
INFO: [ app_init ] --END-- [ RunTime:0.000000s ]
NOTIC: [2] preg_match(): Unknown modifier ':' D:\wwwww\xpcjd2\web\thinkphp\Library\Think\Route.class.php 第 58 行.
NOTIC: [2] preg_match(): Unknown modifier ':' D:\wwwww\xpcjd2\web\thinkphp\Library\Think\Route.class.php 第 58 行.
INFO: [ app_begin ] --START--
INFO: Run Behavior\ReadHtmlCacheBehavior [ RunTime:0.000000s ]
INFO: [ app_begin ] --END-- [ RunTime:0.000000s ]
ERR: 无法加载控制器:Ozlqi

[ 2017-05-05T05:08:39+08:00 ] 180.153.236.59 /vwssk/
INFO: [ app_init ] --START--
INFO: Run Behavior\BuildLiteBehavior [ RunTime:0.000000s ]
INFO: [ app_init ] --END-- [ RunTime:0.015625s ]
NOTIC: [2] preg_match(): Unknown modifier ':' D:\wwwww\xpcjd2\web\thinkphp\Library\Think\Route.class.php 第 58 行.
NOTIC: [2] preg_match(): Unknown modifier ':' D:\wwwww\xpcjd2\web\thinkphp\Library\Think\Route.class.php 第 58 行.
INFO: [ app_begin ] --START--
INFO: Run Behavior\ReadHtmlCacheBehavior [ RunTime:0.000000s ]
INFO: [ app_begin ] --END-- [ RunTime:0.000000s ]
ERR: 无法加载控制器:Vwssk

[ 2017-05-05T05:08:39+08:00 ] 180.153.236.157 /ybzfd/914169.html
INFO: [ app_init ] --START--
INFO: Run Behavior\BuildLiteBehavior [ RunTime:0.000000s ]
INFO: [ app_init ] --END-- [ RunTime:0.000000s ]
NOTIC: [2] preg_match(): Unknown modifier ':' D:\wwwww\xpcjd2\web\thinkphp\Library\Think\Route.class.php 第 58 行.
NOTIC: [2] preg_match(): Unknown modifier ':' D:\wwwww\xpcjd2\web\thinkphp\Library\Think\Route.class.php 第 58 行.
INFO: [ app_begin ] --START--
INFO: Run Behavior\ReadHtmlCacheBehavior [ RunTime:0.000000s ]
INFO: [ app_begin ] --END-- [ RunTime:0.000000s ]
ERR: 无法加载控制器:Ybzfd

[ 2017-05-05T05:08:39+08:00 ] 42.236.10.113 /ctekl/
INFO: [ app_init ] --START--
INFO: Run Behavior\BuildLiteBehavior [ RunTime:0.000000s ]
INFO: [ app_init ] --END-- [ RunTime:0.000000s ]
NOTIC: [2] preg_match(): Unknown modifier ':' D:\wwwww\xpcjd2\web\thinkphp\Library\Think\Route.class.php 第 58 行.
NOTIC: [2] preg_match(): Unknown modifier ':' D:\wwwww\xpcjd2\web\thinkphp\Library\Think\Route.class.php 第 58 行.
INFO: [ app_begin ] --START--
INFO: Run Behavior\ReadHtmlCacheBehavior [ RunTime:0.000000s ]
INFO: [ app_begin ] --END-- [ RunTime:0.000000s ]
ERR: 无法加载控制器:Ctekl

[ 2017-05-05T05:08:39+08:00 ] 42.236.99.65 /srhvf/8239733.html
INFO: [ app_init ] --START--
INFO: Run Behavior\BuildLiteBehavior [ RunTime:0.000000s ]
INFO: [ app_init ] --END-- [ RunTime:0.000000s ]
NOTIC: [2] preg_match(): Unknown modifier ':' D:\wwwww\xpcjd2\web\thinkphp\Library\Think\Route.class.php 第 58 行.
NOTIC: [2] preg_match(): Unknown modifier ':' D:\wwwww\xpcjd2\web\thinkphp\Library\Think\Route.class.php 第 58 行.
INFO: [ app_begin ] --START--
INFO: Run Behavior\ReadHtmlCacheBehavior [ RunTime:0.000000s ]
INFO: [ app_begin ] --END-- [ RunTime:0.000000s ]
ERR: 无法加载控制器:Srhvf

[ 2017-05-05T05:08:39+08:00 ] 180.153.236.11 /iknbf/4291859.html
INFO: [ app_init ] --START--
INFO: Run Behavior\BuildLiteBehavior [ RunTime:0.000000s ]
INFO: [ app_init ] --END-- [ RunTime:0.000000s ]
NOTIC: [2] preg_match(): Unknown modifier ':' D:\wwwww\xpcjd2\web\thinkphp\Library\Think\Route.class.php 第 58 行.
NOTIC: [2] preg_match(): Unknown modifier ':' D:\wwwww\xpcjd2\web\thinkphp\Library\Think\Route.class.php 第 58 行.
INFO: [ app_begin ] --START--
INFO: Run Behavior\ReadHtmlCacheBehavior [ RunTime:0.000000s ]
INFO: [ app_begin ] --END-- [ RunTime:0.000000s ]
ERR: 无法加载控制器:Iknbf

[ 2017-05-05T05:09:06+08:00 ] 180.153.236.101 /uvdje/
INFO: [ app_init ] --START--
INFO: Run Behavior\BuildLiteBehavior [ RunTime:0.000000s ]
INFO: [ app_init ] --END-- [ RunTime:0.000000s ]
NOTIC: [2] preg_match(): Unknown modifier ':' D:\wwwww\xpcjd2\web\thinkphp\Library\Think\Route.class.php 第 58 行.
NOTIC: [2] preg_match(): Unknown modifier ':' D:\wwwww\xpcjd2\web\thinkphp\Library\Think\Route.class.php 第 58 行.
INFO: [ app_begin ] --START--
INFO: Run Behavior\ReadHtmlCacheBehavior [ RunTime:0.000000s ]
INFO: [ app_begin ] --END-- [ RunTime:0.000000s ]
ERR: 无法加载控制器:Uvdje

[ 2017-05-05T06:25:19+08:00 ] 101.47.19.226 /
INFO: [ app_init ] --START--
INFO: Run Behavior\BuildLiteBehavior [ RunTime:0.000000s ]
INFO: [ app_init ] --END-- [ RunTime:0.000000s ]
INFO: [ app_begin ] --START--
INFO: Run Behavior\ReadHtmlCacheBehavior [ RunTime:0.000000s ]
INFO: [ app_begin ] --END-- [ RunTime:0.000000s ]
SQL: SHOW COLUMNS FROM `xpc_basevideo` [ RunTime:0.0000s ]
SQL: SELECT `link_mobile`,`mp4_mobile` FROM `xpc_basevideo` WHERE ( is_show=1 and is_main=1 ) LIMIT 1   [ RunTime:0.0000s ]
SQL: SELECT `link_mobile`,`mp4_mobile`,`sltpath` FROM `xpc_basevideo` WHERE ( is_show=1 and is_main=0 ) ORDER BY id desc,pubtime desc  [ RunTime:0.0000s ]
SQL: SHOW COLUMNS FROM `xpc_danscenes` [ RunTime:0.0000s ]
SQL: SELECT st.title,dan.cate,dan.sltpath FROM xpc_danscenes dan left join  xpc_scenestype as st on st.id=dan.cate  WHERE ( dan.is_show=1 ) ORDER BY dan.id desc ,dan.pubtime desc  [ RunTime:0.0000s ]
SQL: SHOW COLUMNS FROM `xpc_duoscenes` [ RunTime:0.0000s ]
SQL: SELECT sd.ytgpath FROM xpc_duoscenes sd left join xpc_scenestype as st on st.id=sd.cate  WHERE `cate` = '11' AND `is_show` = 1 ORDER BY sd.id desc ,sd.pubtime desc  [ RunTime:0.0000s ]
SQL: SELECT sd.ytgpath FROM xpc_duoscenes sd left join xpc_scenestype as st on st.id=sd.cate  WHERE `cate` = '12' AND `is_show` = 1 ORDER BY sd.id desc ,sd.pubtime desc  [ RunTime:0.0000s ]
SQL: SELECT sd.ytgpath FROM xpc_duoscenes sd left join xpc_scenestype as st on st.id=sd.cate  WHERE `cate` = '14' AND `is_show` = 1 ORDER BY sd.id desc ,sd.pubtime desc  [ RunTime:0.0000s ]
SQL: SELECT sd.ytgpath FROM xpc_duoscenes sd left join xpc_scenestype as st on st.id=sd.cate  WHERE `cate` = '15' AND `is_show` = 1 ORDER BY sd.id desc ,sd.pubtime desc  [ RunTime:0.0000s ]
SQL: SELECT sd.ytgpath FROM xpc_duoscenes sd left join xpc_scenestype as st on st.id=sd.cate  WHERE `cate` = '16' AND `is_show` = 1 ORDER BY sd.id desc ,sd.pubtime desc  [ RunTime:0.0156s ]
SQL: SELECT sd.ytgpath FROM xpc_duoscenes sd left join xpc_scenestype as st on st.id=sd.cate  WHERE `cate` = '17' AND `is_show` = 1 ORDER BY sd.id desc ,sd.pubtime desc  [ RunTime:0.0000s ]
SQL: SELECT sd.ytgpath FROM xpc_duoscenes sd left join xpc_scenestype as st on st.id=sd.cate  WHERE `cate` = '18' AND `is_show` = 1 ORDER BY sd.id desc ,sd.pubtime desc  [ RunTime:0.0000s ]
SQL: SELECT sd.ytgpath FROM xpc_duoscenes sd left join xpc_scenestype as st on st.id=sd.cate  WHERE `cate` = '19' AND `is_show` = 1 ORDER BY sd.id desc ,sd.pubtime desc  [ RunTime:0.0000s ]
SQL: SELECT sd.ytgpath FROM xpc_duoscenes sd left join xpc_scenestype as st on st.id=sd.cate  WHERE `cate` = '20' AND `is_show` = 1 ORDER BY sd.id desc ,sd.pubtime desc  [ RunTime:0.0000s ]
SQL: SELECT sd.ytgpath FROM xpc_duoscenes sd left join xpc_scenestype as st on st.id=sd.cate  WHERE `cate` = '21' AND `is_show` = 1 ORDER BY sd.id desc ,sd.pubtime desc  [ RunTime:0.0000s ]
SQL: SELECT sd.ytgpath FROM xpc_duoscenes sd left join xpc_scenestype as st on st.id=sd.cate  WHERE `cate` = '22' AND `is_show` = 1 ORDER BY sd.id desc ,sd.pubtime desc  [ RunTime:0.0000s ]
SQL: SELECT sd.ytgpath FROM xpc_duoscenes sd left join xpc_scenestype as st on st.id=sd.cate  WHERE `cate` = '23' AND `is_show` = 1 ORDER BY sd.id desc ,sd.pubtime desc  [ RunTime:0.0000s ]
SQL: SHOW COLUMNS FROM `xpc_video` [ RunTime:0.0000s ]
SQL: SELECT * FROM `xpc_video` WHERE ( is_show=1 ) ORDER BY id desc ,pubtime desc  [ RunTime:0.0000s ]
SQL: SHOW COLUMNS FROM `xpc_service` [ RunTime:0.0000s ]
SQL: SELECT * FROM `xpc_service` WHERE ( isshow=1 ) ORDER BY id desc ,pubtime desc  [ RunTime:0.0000s ]
SQL: SHOW COLUMNS FROM `xpc_news` [ RunTime:0.0000s ]
SQL: SELECT * FROM `xpc_news` WHERE ( isshow=1 ) ORDER BY id desc ,pubtime desc LIMIT 0,2   [ RunTime:0.0000s ]
SQL: SELECT * FROM `xpc_news` WHERE ( isshow=1 ) ORDER BY id desc ,pubtime desc LIMIT 2,2   [ RunTime:0.0000s ]
INFO: [ view_parse ] --START--
INFO: [ template_filter ] --START--
INFO: Run Behavior\ContentReplaceBehavior [ RunTime:0.000000s ]
INFO: [ template_filter ] --END-- [ RunTime:0.000000s ]
NOTIC: [8] Undefined index: vTime D:\wwwww\xpcjd2\web\Application\Runtime\Cache\Home\2a94b8bda04ff446dcedd42276fc99ee.php 第 178 行.
NOTIC: [8] Undefined index: vTime D:\wwwww\xpcjd2\web\Application\Runtime\Cache\Home\2a94b8bda04ff446dcedd42276fc99ee.php 第 178 行.
INFO: Run Behavior\ParseTemplateBehavior [ RunTime:0.015625s ]
INFO: [ view_parse ] --END-- [ RunTime:0.015625s ]
INFO: [ view_filter ] --START--
INFO: Run Behavior\WriteHtmlCacheBehavior [ RunTime:0.000000s ]
INFO: [ view_filter ] --END-- [ RunTime:0.000000s ]
INFO: [ app_end ] --START--
INFO: Run Behavior\ShowPageTraceBehavior [ RunTime:0.015625s ]
INFO: [ app_end ] --END-- [ RunTime:0.015625s ]

[ 2017-05-05T06:26:31+08:00 ] 101.47.19.226 /
INFO: [ app_init ] --START--
INFO: Run Behavior\BuildLiteBehavior [ RunTime:0.000000s ]
INFO: [ app_init ] --END-- [ RunTime:0.000000s ]
INFO: [ app_begin ] --START--
INFO: Run Behavior\ReadHtmlCacheBehavior [ RunTime:0.000000s ]
INFO: [ app_begin ] --END-- [ RunTime:0.000000s ]
SQL: SHOW COLUMNS FROM `xpc_basevideo` [ RunTime:0.0000s ]
SQL: SELECT `link_mobile`,`mp4_mobile` FROM `xpc_basevideo` WHERE ( is_show=1 and is_main=1 ) LIMIT 1   [ RunTime:0.0000s ]
SQL: SELECT `link_mobile`,`mp4_mobile`,`sltpath` FROM `xpc_basevideo` WHERE ( is_show=1 and is_main=0 ) ORDER BY id desc,pubtime desc  [ RunTime:0.0000s ]
SQL: SHOW COLUMNS FROM `xpc_danscenes` [ RunTime:0.0000s ]
SQL: SELECT st.title,dan.cate,dan.sltpath FROM xpc_danscenes dan left join  xpc_scenestype as st on st.id=dan.cate  WHERE ( dan.is_show=1 ) ORDER BY dan.id desc ,dan.pubtime desc  [ RunTime:0.0000s ]
SQL: SHOW COLUMNS FROM `xpc_duoscenes` [ RunTime:0.0000s ]
SQL: SELECT sd.ytgpath FROM xpc_duoscenes sd left join xpc_scenestype as st on st.id=sd.cate  WHERE `cate` = '11' AND `is_show` = 1 ORDER BY sd.id desc ,sd.pubtime desc  [ RunTime:0.0000s ]
SQL: SELECT sd.ytgpath FROM xpc_duoscenes sd left join xpc_scenestype as st on st.id=sd.cate  WHERE `cate` = '12' AND `is_show` = 1 ORDER BY sd.id desc ,sd.pubtime desc  [ RunTime:0.0000s ]
SQL: SELECT sd.ytgpath FROM xpc_duoscenes sd left join xpc_scenestype as st on st.id=sd.cate  WHERE `cate` = '14' AND `is_show` = 1 ORDER BY sd.id desc ,sd.pubtime desc  [ RunTime:0.0000s ]
SQL: SELECT sd.ytgpath FROM xpc_duoscenes sd left join xpc_scenestype as st on st.id=sd.cate  WHERE `cate` = '15' AND `is_show` = 1 ORDER BY sd.id desc ,sd.pubtime desc  [ RunTime:0.0000s ]
SQL: SELECT sd.ytgpath FROM xpc_duoscenes sd left join xpc_scenestype as st on st.id=sd.cate  WHERE `cate` = '16' AND `is_show` = 1 ORDER BY sd.id desc ,sd.pubtime desc  [ RunTime:0.0156s ]
SQL: SELECT sd.ytgpath FROM xpc_duoscenes sd left join xpc_scenestype as st on st.id=sd.cate  WHERE `cate` = '17' AND `is_show` = 1 ORDER BY sd.id desc ,sd.pubtime desc  [ RunTime:0.0000s ]
SQL: SELECT sd.ytgpath FROM xpc_duoscenes sd left join xpc_scenestype as st on st.id=sd.cate  WHERE `cate` = '18' AND `is_show` = 1 ORDER BY sd.id desc ,sd.pubtime desc  [ RunTime:0.0000s ]
SQL: SELECT sd.ytgpath FROM xpc_duoscenes sd left join xpc_scenestype as st on st.id=sd.cate  WHERE `cate` = '19' AND `is_show` = 1 ORDER BY sd.id desc ,sd.pubtime desc  [ RunTime:0.0000s ]
SQL: SELECT sd.ytgpath FROM xpc_duoscenes sd left join xpc_scenestype as st on st.id=sd.cate  WHERE `cate` = '20' AND `is_show` = 1 ORDER BY sd.id desc ,sd.pubtime desc  [ RunTime:0.0000s ]
SQL: SELECT sd.ytgpath FROM xpc_duoscenes sd left join xpc_scenestype as st on st.id=sd.cate  WHERE `cate` = '21' AND `is_show` = 1 ORDER BY sd.id desc ,sd.pubtime desc  [ RunTime:0.0000s ]
SQL: SELECT sd.ytgpath FROM xpc_duoscenes sd left join xpc_scenestype as st on st.id=sd.cate  WHERE `cate` = '22' AND `is_show` = 1 ORDER BY sd.id desc ,sd.pubtime desc  [ RunTime:0.0000s ]
SQL: SELECT sd.ytgpath FROM xpc_duoscenes sd left join xpc_scenestype as st on st.id=sd.cate  WHERE `cate` = '23' AND `is_show` = 1 ORDER BY sd.id desc ,sd.pubtime desc  [ RunTime:0.0000s ]
SQL: SHOW COLUMNS FROM `xpc_video` [ RunTime:0.0000s ]
SQL: SELECT * FROM `xpc_video` WHERE ( is_show=1 ) ORDER BY id desc ,pubtime desc  [ RunTime:0.0000s ]
SQL: SHOW COLUMNS FROM `xpc_service` [ RunTime:0.0000s ]
SQL: SELECT * FROM `xpc_service` WHERE ( isshow=1 ) ORDER BY id desc ,pubtime desc  [ RunTime:0.0000s ]
SQL: SHOW COLUMNS FROM `xpc_news` [ RunTime:0.0000s ]
SQL: SELECT * FROM `xpc_news` WHERE ( isshow=1 ) ORDER BY id desc ,pubtime desc LIMIT 0,2   [ RunTime:0.0000s ]
SQL: SELECT * FROM `xpc_news` WHERE ( isshow=1 ) ORDER BY id desc ,pubtime desc LIMIT 2,2   [ RunTime:0.0000s ]
INFO: [ view_parse ] --START--
INFO: [ template_filter ] --START--
INFO: Run Behavior\ContentReplaceBehavior [ RunTime:0.000000s ]
INFO: [ template_filter ] --END-- [ RunTime:0.000000s ]
NOTIC: [8] Undefined index: vTime D:\wwwww\xpcjd2\web\Application\Runtime\Cache\Home\2a94b8bda04ff446dcedd42276fc99ee.php 第 178 行.
NOTIC: [8] Undefined index: vTime D:\wwwww\xpcjd2\web\Application\Runtime\Cache\Home\2a94b8bda04ff446dcedd42276fc99ee.php 第 178 行.
INFO: Run Behavior\ParseTemplateBehavior [ RunTime:0.015625s ]
INFO: [ view_parse ] --END-- [ RunTime:0.015625s ]
INFO: [ view_filter ] --START--
INFO: Run Behavior\WriteHtmlCacheBehavior [ RunTime:0.000000s ]
INFO: [ view_filter ] --END-- [ RunTime:0.000000s ]
INFO: [ app_end ] --START--
INFO: Run Behavior\ShowPageTraceBehavior [ RunTime:0.000000s ]
INFO: [ app_end ] --END-- [ RunTime:0.000000s ]

[ 2017-05-05T06:26:32+08:00 ] 101.47.19.226 /favicon.ico
INFO: [ app_init ] --START--
INFO: Run Behavior\BuildLiteBehavior [ RunTime:0.000000s ]
INFO: [ app_init ] --END-- [ RunTime:0.000000s ]
NOTIC: [2] preg_match(): Unknown modifier ':' D:\wwwww\xpcjd2\web\thinkphp\Library\Think\Route.class.php 第 58 行.
NOTIC: [2] preg_match(): Unknown modifier ':' D:\wwwww\xpcjd2\web\thinkphp\Library\Think\Route.class.php 第 58 行.

[ 2017-05-05T07:24:02+08:00 ] 188.77.184.248 /IZu04AbbyR.js
INFO: [ app_init ] --START--
INFO: Run Behavior\BuildLiteBehavior [ RunTime:0.000000s ]
INFO: [ app_init ] --END-- [ RunTime:0.000000s ]
NOTIC: [2] preg_match(): Unknown modifier ':' D:\wwwww\xpcjd2\web\thinkphp\Library\Think\Route.class.php 第 58 行.
NOTIC: [2] preg_match(): Unknown modifier ':' D:\wwwww\xpcjd2\web\thinkphp\Library\Think\Route.class.php 第 58 行.
INFO: [ app_begin ] --START--
INFO: Run Behavior\ReadHtmlCacheBehavior [ RunTime:0.000000s ]
INFO: [ app_begin ] --END-- [ RunTime:0.000000s ]
ERR: 无法加载控制器:IZu04AbbyR.js

[ 2017-05-05T07:40:53+08:00 ] 24.163.28.107 /R4X3JJw5XjJwEGL1DFLxxjPyerE.js
INFO: [ app_init ] --START--
INFO: Run Behavior\BuildLiteBehavior [ RunTime:0.000000s ]
INFO: [ app_init ] --END-- [ RunTime:0.000000s ]
NOTIC: [2] preg_match(): Unknown modifier ':' D:\wwwww\xpcjd2\web\thinkphp\Library\Think\Route.class.php 第 58 行.
NOTIC: [2] preg_match(): Unknown modifier ':' D:\wwwww\xpcjd2\web\thinkphp\Library\Think\Route.class.php 第 58 行.
INFO: [ app_begin ] --START--
INFO: Run Behavior\ReadHtmlCacheBehavior [ RunTime:0.000000s ]
INFO: [ app_begin ] --END-- [ RunTime:0.000000s ]
ERR: 无法加载控制器:R4X3JJw5XjJwEGL1DFLxxjPyerE.js

[ 2017-05-05T08:14:51+08:00 ] 50.109.12.202 /R52w1Y3mgNf0Nd7izq9.js
INFO: [ app_init ] --START--
INFO: Run Behavior\BuildLiteBehavior [ RunTime:0.000000s ]
INFO: [ app_init ] --END-- [ RunTime:0.000000s ]
NOTIC: [2] preg_match(): Unknown modifier ':' D:\wwwww\xpcjd2\web\thinkphp\Library\Think\Route.class.php 第 58 行.
NOTIC: [2] preg_match(): Unknown modifier ':' D:\wwwww\xpcjd2\web\thinkphp\Library\Think\Route.class.php 第 58 行.
INFO: [ app_begin ] --START--
INFO: Run Behavior\ReadHtmlCacheBehavior [ RunTime:0.000000s ]
INFO: [ app_begin ] --END-- [ RunTime:0.000000s ]
ERR: 无法加载控制器:R52w1Y3mgNf0Nd7izq9.js

[ 2017-05-05T09:00:39+08:00 ] 220.184.207.106 /
INFO: [ app_init ] --START--
INFO: Run Behavior\BuildLiteBehavior [ RunTime:0.000000s ]
INFO: [ app_init ] --END-- [ RunTime:0.000000s ]
INFO: [ app_begin ] --START--
INFO: Run Behavior\ReadHtmlCacheBehavior [ RunTime:0.000000s ]
INFO: [ app_begin ] --END-- [ RunTime:0.000000s ]
SQL: SHOW COLUMNS FROM `xpc_basevideo` [ RunTime:0.0000s ]
SQL: SELECT `link_mobile`,`mp4_mobile` FROM `xpc_basevideo` WHERE ( is_show=1 and is_main=1 ) LIMIT 1   [ RunTime:0.0156s ]
SQL: SELECT `link_mobile`,`mp4_mobile`,`sltpath` FROM `xpc_basevideo` WHERE ( is_show=1 and is_main=0 ) ORDER BY id desc,pubtime desc  [ RunTime:0.0000s ]
SQL: SHOW COLUMNS FROM `xpc_danscenes` [ RunTime:0.0000s ]
SQL: SELECT st.title,dan.cate,dan.sltpath FROM xpc_danscenes dan left join  xpc_scenestype as st on st.id=dan.cate  WHERE ( dan.is_show=1 ) ORDER BY dan.id desc ,dan.pubtime desc  [ RunTime:0.0000s ]
SQL: SHOW COLUMNS FROM `xpc_duoscenes` [ RunTime:0.0000s ]
SQL: SELECT sd.ytgpath FROM xpc_duoscenes sd left join xpc_scenestype as st on st.id=sd.cate  WHERE `cate` = '11' AND `is_show` = 1 ORDER BY sd.id desc ,sd.pubtime desc  [ RunTime:0.0000s ]
SQL: SELECT sd.ytgpath FROM xpc_duoscenes sd left join xpc_scenestype as st on st.id=sd.cate  WHERE `cate` = '12' AND `is_show` = 1 ORDER BY sd.id desc ,sd.pubtime desc  [ RunTime:0.0000s ]
SQL: SELECT sd.ytgpath FROM xpc_duoscenes sd left join xpc_scenestype as st on st.id=sd.cate  WHERE `cate` = '14' AND `is_show` = 1 ORDER BY sd.id desc ,sd.pubtime desc  [ RunTime:0.0000s ]
SQL: SELECT sd.ytgpath FROM xpc_duoscenes sd left join xpc_scenestype as st on st.id=sd.cate  WHERE `cate` = '15' AND `is_show` = 1 ORDER BY sd.id desc ,sd.pubtime desc  [ RunTime:0.0000s ]
SQL: SELECT sd.ytgpath FROM xpc_duoscenes sd left join xpc_scenestype as st on st.id=sd.cate  WHERE `cate` = '16' AND `is_show` = 1 ORDER BY sd.id desc ,sd.pubtime desc  [ RunTime:0.0000s ]
SQL: SELECT sd.ytgpath FROM xpc_duoscenes sd left join xpc_scenestype as st on st.id=sd.cate  WHERE `cate` = '17' AND `is_show` = 1 ORDER BY sd.id desc ,sd.pubtime desc  [ RunTime:0.0000s ]
SQL: SELECT sd.ytgpath FROM xpc_duoscenes sd left join xpc_scenestype as st on st.id=sd.cate  WHERE `cate` = '18' AND `is_show` = 1 ORDER BY sd.id desc ,sd.pubtime desc  [ RunTime:0.0000s ]
SQL: SELECT sd.ytgpath FROM xpc_duoscenes sd left join xpc_scenestype as st on st.id=sd.cate  WHERE `cate` = '19' AND `is_show` = 1 ORDER BY sd.id desc ,sd.pubtime desc  [ RunTime:0.0000s ]
SQL: SELECT sd.ytgpath FROM xpc_duoscenes sd left join xpc_scenestype as st on st.id=sd.cate  WHERE `cate` = '20' AND `is_show` = 1 ORDER BY sd.id desc ,sd.pubtime desc  [ RunTime:0.0000s ]
SQL: SELECT sd.ytgpath FROM xpc_duoscenes sd left join xpc_scenestype as st on st.id=sd.cate  WHERE `cate` = '21' AND `is_show` = 1 ORDER BY sd.id desc ,sd.pubtime desc  [ RunTime:0.0000s ]
SQL: SELECT sd.ytgpath FROM xpc_duoscenes sd left join xpc_scenestype as st on st.id=sd.cate  WHERE `cate` = '22' AND `is_show` = 1 ORDER BY sd.id desc ,sd.pubtime desc  [ RunTime:0.0000s ]
SQL: SELECT sd.ytgpath FROM xpc_duoscenes sd left join xpc_scenestype as st on st.id=sd.cate  WHERE `cate` = '23' AND `is_show` = 1 ORDER BY sd.id desc ,sd.pubtime desc  [ RunTime:0.0000s ]
SQL: SHOW COLUMNS FROM `xpc_video` [ RunTime:0.0156s ]
SQL: SELECT * FROM `xpc_video` WHERE ( is_show=1 ) ORDER BY id desc ,pubtime desc  [ RunTime:0.0000s ]
SQL: SHOW COLUMNS FROM `xpc_service` [ RunTime:0.0000s ]
SQL: SELECT * FROM `xpc_service` WHERE ( isshow=1 ) ORDER BY id desc ,pubtime desc  [ RunTime:0.0000s ]
SQL: SHOW COLUMNS FROM `xpc_news` [ RunTime:0.0000s ]
SQL: SELECT * FROM `xpc_news` WHERE ( isshow=1 ) ORDER BY id desc ,pubtime desc LIMIT 0,2   [ RunTime:0.0000s ]
SQL: SELECT * FROM `xpc_news` WHERE ( isshow=1 ) ORDER BY id desc ,pubtime desc LIMIT 2,2   [ RunTime:0.0000s ]
INFO: [ view_parse ] --START--
INFO: [ template_filter ] --START--
INFO: Run Behavior\ContentReplaceBehavior [ RunTime:0.000000s ]
INFO: [ template_filter ] --END-- [ RunTime:0.000000s ]
NOTIC: [8] Undefined index: vTime D:\wwwww\xpcjd2\web\Application\Runtime\Cache\Home\2a94b8bda04ff446dcedd42276fc99ee.php 第 178 行.
NOTIC: [8] Undefined index: vTime D:\wwwww\xpcjd2\web\Application\Runtime\Cache\Home\2a94b8bda04ff446dcedd42276fc99ee.php 第 178 行.
INFO: Run Behavior\ParseTemplateBehavior [ RunTime:0.015625s ]
INFO: [ view_parse ] --END-- [ RunTime:0.015625s ]
INFO: [ view_filter ] --START--
INFO: Run Behavior\WriteHtmlCacheBehavior [ RunTime:0.000000s ]
INFO: [ view_filter ] --END-- [ RunTime:0.000000s ]
INFO: [ app_end ] --START--
INFO: Run Behavior\ShowPageTraceBehavior [ RunTime:0.000000s ]
INFO: [ app_end ] --END-- [ RunTime:0.000000s ]

[ 2017-05-05T09:00:44+08:00 ] 220.184.207.106 /favicon.ico
INFO: [ app_init ] --START--
INFO: Run Behavior\BuildLiteBehavior [ RunTime:0.000000s ]
INFO: [ app_init ] --END-- [ RunTime:0.000000s ]
NOTIC: [2] preg_match(): Unknown modifier ':' D:\wwwww\xpcjd2\web\thinkphp\Library\Think\Route.class.php 第 58 行.
NOTIC: [2] preg_match(): Unknown modifier ':' D:\wwwww\xpcjd2\web\thinkphp\Library\Think\Route.class.php 第 58 行.

[ 2017-05-05T09:39:01+08:00 ] 83.149.126.98 /robots.txt
INFO: [ app_init ] --START--
INFO: Run Behavior\BuildLiteBehavior [ RunTime:0.000000s ]
INFO: [ app_init ] --END-- [ RunTime:0.000000s ]
NOTIC: [2] preg_match(): Unknown modifier ':' D:\wwwww\xpcjd2\web\thinkphp\Library\Think\Route.class.php 第 58 行.
NOTIC: [2] preg_match(): Unknown modifier ':' D:\wwwww\xpcjd2\web\thinkphp\Library\Think\Route.class.php 第 58 行.
INFO: [ app_begin ] --START--
INFO: Run Behavior\ReadHtmlCacheBehavior [ RunTime:0.000000s ]
INFO: [ app_begin ] --END-- [ RunTime:0.000000s ]
ERR: 无法加载控制器:Robots.txt

[ 2017-05-05T09:39:03+08:00 ] 83.149.126.98 /
INFO: [ app_init ] --START--
INFO: Run Behavior\BuildLiteBehavior [ RunTime:0.000000s ]
INFO: [ app_init ] --END-- [ RunTime:0.000000s ]
INFO: [ app_begin ] --START--
INFO: Run Behavior\ReadHtmlCacheBehavior [ RunTime:0.000000s ]
INFO: [ app_begin ] --END-- [ RunTime:0.000000s ]
SQL: SHOW COLUMNS FROM `xpc_basevideo` [ RunTime:0.0000s ]
SQL: SELECT `link_mobile`,`mp4_mobile` FROM `xpc_basevideo` WHERE ( is_show=1 and is_main=1 ) LIMIT 1   [ RunTime:0.0000s ]
SQL: SELECT `link_mobile`,`mp4_mobile`,`sltpath` FROM `xpc_basevideo` WHERE ( is_show=1 and is_main=0 ) ORDER BY id desc,pubtime desc  [ RunTime:0.0000s ]
SQL: SHOW COLUMNS FROM `xpc_danscenes` [ RunTime:0.0000s ]
SQL: SELECT st.title,dan.cate,dan.sltpath FROM xpc_danscenes dan left join  xpc_scenestype as st on st.id=dan.cate  WHERE ( dan.is_show=1 ) ORDER BY dan.id desc ,dan.pubtime desc  [ RunTime:0.0156s ]
SQL: SHOW COLUMNS FROM `xpc_duoscenes` [ RunTime:0.0000s ]
SQL: SELECT sd.ytgpath FROM xpc_duoscenes sd left join xpc_scenestype as st on st.id=sd.cate  WHERE `cate` = '11' AND `is_show` = 1 ORDER BY sd.id desc ,sd.pubtime desc  [ RunTime:0.0000s ]
SQL: SELECT sd.ytgpath FROM xpc_duoscenes sd left join xpc_scenestype as st on st.id=sd.cate  WHERE `cate` = '12' AND `is_show` = 1 ORDER BY sd.id desc ,sd.pubtime desc  [ RunTime:0.0000s ]
SQL: SELECT sd.ytgpath FROM xpc_duoscenes sd left join xpc_scenestype as st on st.id=sd.cate  WHERE `cate` = '14' AND `is_show` = 1 ORDER BY sd.id desc ,sd.pubtime desc  [ RunTime:0.0000s ]
SQL: SELECT sd.ytgpath FROM xpc_duoscenes sd left join xpc_scenestype as st on st.id=sd.cate  WHERE `cate` = '15' AND `is_show` = 1 ORDER BY sd.id desc ,sd.pubtime desc  [ RunTime:0.0000s ]
SQL: SELECT sd.ytgpath FROM xpc_duoscenes sd left join xpc_scenestype as st on st.id=sd.cate  WHERE `cate` = '16' AND `is_show` = 1 ORDER BY sd.id desc ,sd.pubtime desc  [ RunTime:0.0000s ]
SQL: SELECT sd.ytgpath FROM xpc_duoscenes sd left join xpc_scenestype as st on st.id=sd.cate  WHERE `cate` = '17' AND `is_show` = 1 ORDER BY sd.id desc ,sd.pubtime desc  [ RunTime:0.0000s ]
SQL: SELECT sd.ytgpath FROM xpc_duoscenes sd left join xpc_scenestype as st on st.id=sd.cate  WHERE `cate` = '18' AND `is_show` = 1 ORDER BY sd.id desc ,sd.pubtime desc  [ RunTime:0.0000s ]
SQL: SELECT sd.ytgpath FROM xpc_duoscenes sd left join xpc_scenestype as st on st.id=sd.cate  WHERE `cate` = '19' AND `is_show` = 1 ORDER BY sd.id desc ,sd.pubtime desc  [ RunTime:0.0000s ]
SQL: SELECT sd.ytgpath FROM xpc_duoscenes sd left join xpc_scenestype as st on st.id=sd.cate  WHERE `cate` = '20' AND `is_show` = 1 ORDER BY sd.id desc ,sd.pubtime desc  [ RunTime:0.0000s ]
SQL: SELECT sd.ytgpath FROM xpc_duoscenes sd left join xpc_scenestype as st on st.id=sd.cate  WHERE `cate` = '21' AND `is_show` = 1 ORDER BY sd.id desc ,sd.pubtime desc  [ RunTime:0.0000s ]
SQL: SELECT sd.ytgpath FROM xpc_duoscenes sd left join xpc_scenestype as st on st.id=sd.cate  WHERE `cate` = '22' AND `is_show` = 1 ORDER BY sd.id desc ,sd.pubtime desc  [ RunTime:0.0000s ]
SQL: SELECT sd.ytgpath FROM xpc_duoscenes sd left join xpc_scenestype as st on st.id=sd.cate  WHERE `cate` = '23' AND `is_show` = 1 ORDER BY sd.id desc ,sd.pubtime desc  [ RunTime:0.0000s ]
SQL: SHOW COLUMNS FROM `xpc_video` [ RunTime:0.0000s ]
SQL: SELECT * FROM `xpc_video` WHERE ( is_show=1 ) ORDER BY id desc ,pubtime desc  [ RunTime:0.0000s ]
SQL: SHOW COLUMNS FROM `xpc_service` [ RunTime:0.0000s ]
SQL: SELECT * FROM `xpc_service` WHERE ( isshow=1 ) ORDER BY id desc ,pubtime desc  [ RunTime:0.0000s ]
SQL: SHOW COLUMNS FROM `xpc_news` [ RunTime:0.0000s ]
SQL: SELECT * FROM `xpc_news` WHERE ( isshow=1 ) ORDER BY id desc ,pubtime desc LIMIT 0,2   [ RunTime:0.0000s ]
SQL: SELECT * FROM `xpc_news` WHERE ( isshow=1 ) ORDER BY id desc ,pubtime desc LIMIT 2,2   [ RunTime:0.0000s ]
INFO: [ view_parse ] --START--
INFO: [ template_filter ] --START--
INFO: Run Behavior\ContentReplaceBehavior [ RunTime:0.000000s ]
INFO: [ template_filter ] --END-- [ RunTime:0.000000s ]
NOTIC: [8] Undefined index: vTime D:\wwwww\xpcjd2\web\Application\Runtime\Cache\Home\2a94b8bda04ff446dcedd42276fc99ee.php 第 178 行.
NOTIC: [8] Undefined index: vTime D:\wwwww\xpcjd2\web\Application\Runtime\Cache\Home\2a94b8bda04ff446dcedd42276fc99ee.php 第 178 行.
INFO: Run Behavior\ParseTemplateBehavior [ RunTime:0.031250s ]
INFO: [ view_parse ] --END-- [ RunTime:0.031250s ]
INFO: [ view_filter ] --START--
INFO: Run Behavior\WriteHtmlCacheBehavior [ RunTime:0.000000s ]
INFO: [ view_filter ] --END-- [ RunTime:0.000000s ]
INFO: [ app_end ] --START--
INFO: Run Behavior\ShowPageTraceBehavior [ RunTime:0.000000s ]
INFO: [ app_end ] --END-- [ RunTime:0.000000s ]

[ 2017-05-05T11:29:34+08:00 ] 66.249.69.69 /
INFO: [ app_init ] --START--
INFO: Run Behavior\BuildLiteBehavior [ RunTime:0.000000s ]
INFO: [ app_init ] --END-- [ RunTime:0.000000s ]
INFO: [ app_begin ] --START--
INFO: Run Behavior\ReadHtmlCacheBehavior [ RunTime:0.000000s ]
INFO: [ app_begin ] --END-- [ RunTime:0.000000s ]
SQL: SHOW COLUMNS FROM `xpc_basevideo` [ RunTime:0.0000s ]
SQL: SELECT `link_mobile`,`mp4_mobile` FROM `xpc_basevideo` WHERE ( is_show=1 and is_main=1 ) LIMIT 1   [ RunTime:0.0156s ]
SQL: SELECT `link_mobile`,`mp4_mobile`,`sltpath` FROM `xpc_basevideo` WHERE ( is_show=1 and is_main=0 ) ORDER BY id desc,pubtime desc  [ RunTime:0.0000s ]
SQL: SHOW COLUMNS FROM `xpc_danscenes` [ RunTime:0.0000s ]
SQL: SELECT st.title,dan.cate,dan.sltpath FROM xpc_danscenes dan left join  xpc_scenestype as st on st.id=dan.cate  WHERE ( dan.is_show=1 ) ORDER BY dan.id desc ,dan.pubtime desc  [ RunTime:0.0000s ]
SQL: SHOW COLUMNS FROM `xpc_duoscenes` [ RunTime:0.0000s ]
SQL: SELECT sd.ytgpath FROM xpc_duoscenes sd left join xpc_scenestype as st on st.id=sd.cate  WHERE `cate` = '11' AND `is_show` = 1 ORDER BY sd.id desc ,sd.pubtime desc  [ RunTime:0.0000s ]
SQL: SELECT sd.ytgpath FROM xpc_duoscenes sd left join xpc_scenestype as st on st.id=sd.cate  WHERE `cate` = '12' AND `is_show` = 1 ORDER BY sd.id desc ,sd.pubtime desc  [ RunTime:0.0000s ]
SQL: SELECT sd.ytgpath FROM xpc_duoscenes sd left join xpc_scenestype as st on st.id=sd.cate  WHERE `cate` = '14' AND `is_show` = 1 ORDER BY sd.id desc ,sd.pubtime desc  [ RunTime:0.0000s ]
SQL: SELECT sd.ytgpath FROM xpc_duoscenes sd left join xpc_scenestype as st on st.id=sd.cate  WHERE `cate` = '15' AND `is_show` = 1 ORDER BY sd.id desc ,sd.pubtime desc  [ RunTime:0.0000s ]
SQL: SELECT sd.ytgpath FROM xpc_duoscenes sd left join xpc_scenestype as st on st.id=sd.cate  WHERE `cate` = '16' AND `is_show` = 1 ORDER BY sd.id desc ,sd.pubtime desc  [ RunTime:0.0000s ]
SQL: SELECT sd.ytgpath FROM xpc_duoscenes sd left join xpc_scenestype as st on st.id=sd.cate  WHERE `cate` = '17' AND `is_show` = 1 ORDER BY sd.id desc ,sd.pubtime desc  [ RunTime:0.0000s ]
SQL: SELECT sd.ytgpath FROM xpc_duoscenes sd left join xpc_scenestype as st on st.id=sd.cate  WHERE `cate` = '18' AND `is_show` = 1 ORDER BY sd.id desc ,sd.pubtime desc  [ RunTime:0.0000s ]
SQL: SELECT sd.ytgpath FROM xpc_duoscenes sd left join xpc_scenestype as st on st.id=sd.cate  WHERE `cate` = '19' AND `is_show` = 1 ORDER BY sd.id desc ,sd.pubtime desc  [ RunTime:0.0000s ]
SQL: SELECT sd.ytgpath FROM xpc_duoscenes sd left join xpc_scenestype as st on st.id=sd.cate  WHERE `cate` = '20' AND `is_show` = 1 ORDER BY sd.id desc ,sd.pubtime desc  [ RunTime:0.0000s ]
SQL: SELECT sd.ytgpath FROM xpc_duoscenes sd left join xpc_scenestype as st on st.id=sd.cate  WHERE `cate` = '21' AND `is_show` = 1 ORDER BY sd.id desc ,sd.pubtime desc  [ RunTime:0.0000s ]
SQL: SELECT sd.ytgpath FROM xpc_duoscenes sd left join xpc_scenestype as st on st.id=sd.cate  WHERE `cate` = '22' AND `is_show` = 1 ORDER BY sd.id desc ,sd.pubtime desc  [ RunTime:0.0000s ]
SQL: SELECT sd.ytgpath FROM xpc_duoscenes sd left join xpc_scenestype as st on st.id=sd.cate  WHERE `cate` = '23' AND `is_show` = 1 ORDER BY sd.id desc ,sd.pubtime desc  [ RunTime:0.0000s ]
SQL: SHOW COLUMNS FROM `xpc_video` [ RunTime:0.0000s ]
SQL: SELECT * FROM `xpc_video` WHERE ( is_show=1 ) ORDER BY id desc ,pubtime desc  [ RunTime:0.0000s ]
SQL: SHOW COLUMNS FROM `xpc_service` [ RunTime:0.0000s ]
SQL: SELECT * FROM `xpc_service` WHERE ( isshow=1 ) ORDER BY id desc ,pubtime desc  [ RunTime:0.0000s ]
SQL: SHOW COLUMNS FROM `xpc_news` [ RunTime:0.0000s ]
SQL: SELECT * FROM `xpc_news` WHERE ( isshow=1 ) ORDER BY id desc ,pubtime desc LIMIT 0,2   [ RunTime:0.0000s ]
SQL: SELECT * FROM `xpc_news` WHERE ( isshow=1 ) ORDER BY id desc ,pubtime desc LIMIT 2,2   [ RunTime:0.0000s ]
INFO: [ view_parse ] --START--
INFO: [ template_filter ] --START--
INFO: Run Behavior\ContentReplaceBehavior [ RunTime:0.000000s ]
INFO: [ template_filter ] --END-- [ RunTime:0.000000s ]
NOTIC: [8] Undefined index: vTime D:\wwwww\xpcjd2\web\Application\Runtime\Cache\Home\2a94b8bda04ff446dcedd42276fc99ee.php 第 178 行.
NOTIC: [8] Undefined index: vTime D:\wwwww\xpcjd2\web\Application\Runtime\Cache\Home\2a94b8bda04ff446dcedd42276fc99ee.php 第 178 行.
INFO: Run Behavior\ParseTemplateBehavior [ RunTime:0.015625s ]
INFO: [ view_parse ] --END-- [ RunTime:0.015625s ]
INFO: [ view_filter ] --START--
INFO: Run Behavior\WriteHtmlCacheBehavior [ RunTime:0.000000s ]
INFO: [ view_filter ] --END-- [ RunTime:0.000000s ]
INFO: [ app_end ] --START--
INFO: Run Behavior\ShowPageTraceBehavior [ RunTime:0.000000s ]
INFO: [ app_end ] --END-- [ RunTime:0.000000s ]

[ 2017-05-05T11:53:09+08:00 ] 218.108.75.202 /favicon.ico
INFO: [ app_init ] --START--
INFO: Run Behavior\BuildLiteBehavior [ RunTime:0.000000s ]
INFO: [ app_init ] --END-- [ RunTime:0.000000s ]
NOTIC: [2] preg_match(): Unknown modifier ':' D:\wwwww\xpcjd2\web\thinkphp\Library\Think\Route.class.php 第 58 行.
NOTIC: [2] preg_match(): Unknown modifier ':' D:\wwwww\xpcjd2\web\thinkphp\Library\Think\Route.class.php 第 58 行.

[ 2017-05-05T11:56:14+08:00 ] 140.205.205.4 /
INFO: [ app_init ] --START--
INFO: Run Behavior\BuildLiteBehavior [ RunTime:0.000000s ]
INFO: [ app_init ] --END-- [ RunTime:0.000000s ]
INFO: [ app_begin ] --START--
INFO: Run Behavior\ReadHtmlCacheBehavior [ RunTime:0.000000s ]
INFO: [ app_begin ] --END-- [ RunTime:0.000000s ]
SQL: SHOW COLUMNS FROM `xpc_basevideo` [ RunTime:0.0000s ]
SQL: SELECT `link_mobile`,`mp4_mobile` FROM `xpc_basevideo` WHERE ( is_show=1 and is_main=1 ) LIMIT 1   [ RunTime:0.0000s ]
SQL: SELECT `link_mobile`,`mp4_mobile`,`sltpath` FROM `xpc_basevideo` WHERE ( is_show=1 and is_main=0 ) ORDER BY id desc,pubtime desc  [ RunTime:0.0000s ]
SQL: SHOW COLUMNS FROM `xpc_danscenes` [ RunTime:0.0000s ]
SQL: SELECT st.title,dan.cate,dan.sltpath FROM xpc_danscenes dan left join  xpc_scenestype as st on st.id=dan.cate  WHERE ( dan.is_show=1 ) ORDER BY dan.id desc ,dan.pubtime desc  [ RunTime:0.0000s ]
SQL: SHOW COLUMNS FROM `xpc_duoscenes` [ RunTime:0.0000s ]
SQL: SELECT sd.ytgpath FROM xpc_duoscenes sd left join xpc_scenestype as st on st.id=sd.cate  WHERE `cate` = '11' AND `is_show` = 1 ORDER BY sd.id desc ,sd.pubtime desc  [ RunTime:0.0000s ]
SQL: SELECT sd.ytgpath FROM xpc_duoscenes sd left join xpc_scenestype as st on st.id=sd.cate  WHERE `cate` = '12' AND `is_show` = 1 ORDER BY sd.id desc ,sd.pubtime desc  [ RunTime:0.0000s ]
SQL: SELECT sd.ytgpath FROM xpc_duoscenes sd left join xpc_scenestype as st on st.id=sd.cate  WHERE `cate` = '14' AND `is_show` = 1 ORDER BY sd.id desc ,sd.pubtime desc  [ RunTime:0.0000s ]
SQL: SELECT sd.ytgpath FROM xpc_duoscenes sd left join xpc_scenestype as st on st.id=sd.cate  WHERE `cate` = '15' AND `is_show` = 1 ORDER BY sd.id desc ,sd.pubtime desc  [ RunTime:0.0000s ]
SQL: SELECT sd.ytgpath FROM xpc_duoscenes sd left join xpc_scenestype as st on st.id=sd.cate  WHERE `cate` = '16' AND `is_show` = 1 ORDER BY sd.id desc ,sd.pubtime desc  [ RunTime:0.0000s ]
SQL: SELECT sd.ytgpath FROM xpc_duoscenes sd left join xpc_scenestype as st on st.id=sd.cate  WHERE `cate` = '17' AND `is_show` = 1 ORDER BY sd.id desc ,sd.pubtime desc  [ RunTime:0.0000s ]
SQL: SELECT sd.ytgpath FROM xpc_duoscenes sd left join xpc_scenestype as st on st.id=sd.cate  WHERE `cate` = '18' AND `is_show` = 1 ORDER BY sd.id desc ,sd.pubtime desc  [ RunTime:0.0000s ]
SQL: SELECT sd.ytgpath FROM xpc_duoscenes sd left join xpc_scenestype as st on st.id=sd.cate  WHERE `cate` = '19' AND `is_show` = 1 ORDER BY sd.id desc ,sd.pubtime desc  [ RunTime:0.0000s ]
SQL: SELECT sd.ytgpath FROM xpc_duoscenes sd left join xpc_scenestype as st on st.id=sd.cate  WHERE `cate` = '20' AND `is_show` = 1 ORDER BY sd.id desc ,sd.pubtime desc  [ RunTime:0.0000s ]
SQL: SELECT sd.ytgpath FROM xpc_duoscenes sd left join xpc_scenestype as st on st.id=sd.cate  WHERE `cate` = '21' AND `is_show` = 1 ORDER BY sd.id desc ,sd.pubtime desc  [ RunTime:0.0000s ]
SQL: SELECT sd.ytgpath FROM xpc_duoscenes sd left join xpc_scenestype as st on st.id=sd.cate  WHERE `cate` = '22' AND `is_show` = 1 ORDER BY sd.id desc ,sd.pubtime desc  [ RunTime:0.0000s ]
SQL: SELECT sd.ytgpath FROM xpc_duoscenes sd left join xpc_scenestype as st on st.id=sd.cate  WHERE `cate` = '23' AND `is_show` = 1 ORDER BY sd.id desc ,sd.pubtime desc  [ RunTime:0.0000s ]
SQL: SHOW COLUMNS FROM `xpc_video` [ RunTime:0.0156s ]
SQL: SELECT * FROM `xpc_video` WHERE ( is_show=1 ) ORDER BY id desc ,pubtime desc  [ RunTime:0.0000s ]
SQL: SHOW COLUMNS FROM `xpc_service` [ RunTime:0.0000s ]
SQL: SELECT * FROM `xpc_service` WHERE ( isshow=1 ) ORDER BY id desc ,pubtime desc  [ RunTime:0.0000s ]
SQL: SHOW COLUMNS FROM `xpc_news` [ RunTime:0.0000s ]
SQL: SELECT * FROM `xpc_news` WHERE ( isshow=1 ) ORDER BY id desc ,pubtime desc LIMIT 0,2   [ RunTime:0.0000s ]
SQL: SELECT * FROM `xpc_news` WHERE ( isshow=1 ) ORDER BY id desc ,pubtime desc LIMIT 2,2   [ RunTime:0.0000s ]
INFO: [ view_parse ] --START--
INFO: [ template_filter ] --START--
INFO: Run Behavior\ContentReplaceBehavior [ RunTime:0.000000s ]
INFO: [ template_filter ] --END-- [ RunTime:0.000000s ]
NOTIC: [8] Undefined index: vTime D:\wwwww\xpcjd2\web\Application\Runtime\Cache\Home\2a94b8bda04ff446dcedd42276fc99ee.php 第 178 行.
NOTIC: [8] Undefined index: vTime D:\wwwww\xpcjd2\web\Application\Runtime\Cache\Home\2a94b8bda04ff446dcedd42276fc99ee.php 第 178 行.
INFO: Run Behavior\ParseTemplateBehavior [ RunTime:0.015625s ]
INFO: [ view_parse ] --END-- [ RunTime:0.015625s ]
INFO: [ view_filter ] --START--
INFO: Run Behavior\WriteHtmlCacheBehavior [ RunTime:0.000000s ]
INFO: [ view_filter ] --END-- [ RunTime:0.000000s ]
INFO: [ app_end ] --START--
INFO: Run Behavior\ShowPageTraceBehavior [ RunTime:0.000000s ]
INFO: [ app_end ] --END-- [ RunTime:0.000000s ]

[ 2017-05-05T12:20:03+08:00 ] 140.205.205.5 /
INFO: [ app_init ] --START--
INFO: Run Behavior\BuildLiteBehavior [ RunTime:0.000000s ]
INFO: [ app_init ] --END-- [ RunTime:0.000000s ]
INFO: [ app_begin ] --START--
INFO: Run Behavior\ReadHtmlCacheBehavior [ RunTime:0.000000s ]
INFO: [ app_begin ] --END-- [ RunTime:0.000000s ]
SQL: SHOW COLUMNS FROM `xpc_basevideo` [ RunTime:0.0000s ]
SQL: SELECT `link_mobile`,`mp4_mobile` FROM `xpc_basevideo` WHERE ( is_show=1 and is_main=1 ) LIMIT 1   [ RunTime:0.0000s ]
SQL: SELECT `link_mobile`,`mp4_mobile`,`sltpath` FROM `xpc_basevideo` WHERE ( is_show=1 and is_main=0 ) ORDER BY id desc,pubtime desc  [ RunTime:0.0000s ]
SQL: SHOW COLUMNS FROM `xpc_danscenes` [ RunTime:0.0000s ]
SQL: SELECT st.title,dan.cate,dan.sltpath FROM xpc_danscenes dan left join  xpc_scenestype as st on st.id=dan.cate  WHERE ( dan.is_show=1 ) ORDER BY dan.id desc ,dan.pubtime desc  [ RunTime:0.0000s ]
SQL: SHOW COLUMNS FROM `xpc_duoscenes` [ RunTime:0.0000s ]
SQL: SELECT sd.ytgpath FROM xpc_duoscenes sd left join xpc_scenestype as st on st.id=sd.cate  WHERE `cate` = '11' AND `is_show` = 1 ORDER BY sd.id desc ,sd.pubtime desc  [ RunTime:0.0000s ]
SQL: SELECT sd.ytgpath FROM xpc_duoscenes sd left join xpc_scenestype as st on st.id=sd.cate  WHERE `cate` = '12' AND `is_show` = 1 ORDER BY sd.id desc ,sd.pubtime desc  [ RunTime:0.0000s ]
SQL: SELECT sd.ytgpath FROM xpc_duoscenes sd left join xpc_scenestype as st on st.id=sd.cate  WHERE `cate` = '14' AND `is_show` = 1 ORDER BY sd.id desc ,sd.pubtime desc  [ RunTime:0.0000s ]
SQL: SELECT sd.ytgpath FROM xpc_duoscenes sd left join xpc_scenestype as st on st.id=sd.cate  WHERE `cate` = '15' AND `is_show` = 1 ORDER BY sd.id desc ,sd.pubtime desc  [ RunTime:0.0000s ]
SQL: SELECT sd.ytgpath FROM xpc_duoscenes sd left join xpc_scenestype as st on st.id=sd.cate  WHERE `cate` = '16' AND `is_show` = 1 ORDER BY sd.id desc ,sd.pubtime desc  [ RunTime:0.0000s ]
SQL: SELECT sd.ytgpath FROM xpc_duoscenes sd left join xpc_scenestype as st on st.id=sd.cate  WHERE `cate` = '17' AND `is_show` = 1 ORDER BY sd.id desc ,sd.pubtime desc  [ RunTime:0.0000s ]
SQL: SELECT sd.ytgpath FROM xpc_duoscenes sd left join xpc_scenestype as st on st.id=sd.cate  WHERE `cate` = '18' AND `is_show` = 1 ORDER BY sd.id desc ,sd.pubtime desc  [ RunTime:0.0000s ]
SQL: SELECT sd.ytgpath FROM xpc_duoscenes sd left join xpc_scenestype as st on st.id=sd.cate  WHERE `cate` = '19' AND `is_show` = 1 ORDER BY sd.id desc ,sd.pubtime desc  [ RunTime:0.0000s ]
SQL: SELECT sd.ytgpath FROM xpc_duoscenes sd left join xpc_scenestype as st on st.id=sd.cate  WHERE `cate` = '20' AND `is_show` = 1 ORDER BY sd.id desc ,sd.pubtime desc  [ RunTime:0.0000s ]
SQL: SELECT sd.ytgpath FROM xpc_duoscenes sd left join xpc_scenestype as st on st.id=sd.cate  WHERE `cate` = '21' AND `is_show` = 1 ORDER BY sd.id desc ,sd.pubtime desc  [ RunTime:0.0000s ]
SQL: SELECT sd.ytgpath FROM xpc_duoscenes sd left join xpc_scenestype as st on st.id=sd.cate  WHERE `cate` = '22' AND `is_show` = 1 ORDER BY sd.id desc ,sd.pubtime desc  [ RunTime:0.0000s ]
SQL: SELECT sd.ytgpath FROM xpc_duoscenes sd left join xpc_scenestype as st on st.id=sd.cate  WHERE `cate` = '23' AND `is_show` = 1 ORDER BY sd.id desc ,sd.pubtime desc  [ RunTime:0.0000s ]
SQL: SHOW COLUMNS FROM `xpc_video` [ RunTime:0.0000s ]
SQL: SELECT * FROM `xpc_video` WHERE ( is_show=1 ) ORDER BY id desc ,pubtime desc  [ RunTime:0.0000s ]
SQL: SHOW COLUMNS FROM `xpc_service` [ RunTime:0.0000s ]
SQL: SELECT * FROM `xpc_service` WHERE ( isshow=1 ) ORDER BY id desc ,pubtime desc  [ RunTime:0.0000s ]
SQL: SHOW COLUMNS FROM `xpc_news` [ RunTime:0.0000s ]
SQL: SELECT * FROM `xpc_news` WHERE ( isshow=1 ) ORDER BY id desc ,pubtime desc LIMIT 0,2   [ RunTime:0.0000s ]
SQL: SELECT * FROM `xpc_news` WHERE ( isshow=1 ) ORDER BY id desc ,pubtime desc LIMIT 2,2   [ RunTime:0.0000s ]
INFO: [ view_parse ] --START--
INFO: [ template_filter ] --START--
INFO: Run Behavior\ContentReplaceBehavior [ RunTime:0.000000s ]
INFO: [ template_filter ] --END-- [ RunTime:0.000000s ]
NOTIC: [8] Undefined index: vTime D:\wwwww\xpcjd2\web\Application\Runtime\Cache\Home\2a94b8bda04ff446dcedd42276fc99ee.php 第 178 行.
NOTIC: [8] Undefined index: vTime D:\wwwww\xpcjd2\web\Application\Runtime\Cache\Home\2a94b8bda04ff446dcedd42276fc99ee.php 第 178 行.
INFO: Run Behavior\ParseTemplateBehavior [ RunTime:0.015625s ]
INFO: [ view_parse ] --END-- [ RunTime:0.015625s ]
INFO: [ view_filter ] --START--
INFO: Run Behavior\WriteHtmlCacheBehavior [ RunTime:0.000000s ]
INFO: [ view_filter ] --END-- [ RunTime:0.000000s ]
INFO: [ app_end ] --START--
INFO: Run Behavior\ShowPageTraceBehavior [ RunTime:0.000000s ]
INFO: [ app_end ] --END-- [ RunTime:0.000000s ]

[ 2017-05-05T13:26:13+08:00 ] 220.184.207.106 /
INFO: [ app_init ] --START--
INFO: Run Behavior\BuildLiteBehavior [ RunTime:0.000000s ]
INFO: [ app_init ] --END-- [ RunTime:0.000000s ]
INFO: [ app_begin ] --START--
INFO: Run Behavior\ReadHtmlCacheBehavior [ RunTime:0.000000s ]
INFO: [ app_begin ] --END-- [ RunTime:0.000000s ]
SQL: SHOW COLUMNS FROM `xpc_basevideo` [ RunTime:0.0000s ]
SQL: SELECT `link_mobile`,`mp4_mobile` FROM `xpc_basevideo` WHERE ( is_show=1 and is_main=1 ) LIMIT 1   [ RunTime:0.0000s ]
SQL: SELECT `link_mobile`,`mp4_mobile`,`sltpath` FROM `xpc_basevideo` WHERE ( is_show=1 and is_main=0 ) ORDER BY id desc,pubtime desc  [ RunTime:0.0000s ]
SQL: SHOW COLUMNS FROM `xpc_danscenes` [ RunTime:0.0000s ]
SQL: SELECT st.title,dan.cate,dan.sltpath FROM xpc_danscenes dan left join  xpc_scenestype as st on st.id=dan.cate  WHERE ( dan.is_show=1 ) ORDER BY dan.id desc ,dan.pubtime desc  [ RunTime:0.0000s ]
SQL: SHOW COLUMNS FROM `xpc_duoscenes` [ RunTime:0.0000s ]
SQL: SELECT sd.ytgpath FROM xpc_duoscenes sd left join xpc_scenestype as st on st.id=sd.cate  WHERE `cate` = '11' AND `is_show` = 1 ORDER BY sd.id desc ,sd.pubtime desc  [ RunTime:0.0000s ]
SQL: SELECT sd.ytgpath FROM xpc_duoscenes sd left join xpc_scenestype as st on st.id=sd.cate  WHERE `cate` = '12' AND `is_show` = 1 ORDER BY sd.id desc ,sd.pubtime desc  [ RunTime:0.0000s ]
SQL: SELECT sd.ytgpath FROM xpc_duoscenes sd left join xpc_scenestype as st on st.id=sd.cate  WHERE `cate` = '14' AND `is_show` = 1 ORDER BY sd.id desc ,sd.pubtime desc  [ RunTime:0.0000s ]
SQL: SELECT sd.ytgpath FROM xpc_duoscenes sd left join xpc_scenestype as st on st.id=sd.cate  WHERE `cate` = '15' AND `is_show` = 1 ORDER BY sd.id desc ,sd.pubtime desc  [ RunTime:0.0000s ]
SQL: SELECT sd.ytgpath FROM xpc_duoscenes sd left join xpc_scenestype as st on st.id=sd.cate  WHERE `cate` = '16' AND `is_show` = 1 ORDER BY sd.id desc ,sd.pubtime desc  [ RunTime:0.0000s ]
SQL: SELECT sd.ytgpath FROM xpc_duoscenes sd left join xpc_scenestype as st on st.id=sd.cate  WHERE `cate` = '17' AND `is_show` = 1 ORDER BY sd.id desc ,sd.pubtime desc  [ RunTime:0.0000s ]
SQL: SELECT sd.ytgpath FROM xpc_duoscenes sd left join xpc_scenestype as st on st.id=sd.cate  WHERE `cate` = '18' AND `is_show` = 1 ORDER BY sd.id desc ,sd.pubtime desc  [ RunTime:0.0000s ]
SQL: SELECT sd.ytgpath FROM xpc_duoscenes sd left join xpc_scenestype as st on st.id=sd.cate  WHERE `cate` = '19' AND `is_show` = 1 ORDER BY sd.id desc ,sd.pubtime desc  [ RunTime:0.0000s ]
SQL: SELECT sd.ytgpath FROM xpc_duoscenes sd left join xpc_scenestype as st on st.id=sd.cate  WHERE `cate` = '20' AND `is_show` = 1 ORDER BY sd.id desc ,sd.pubtime desc  [ RunTime:0.0000s ]
SQL: SELECT sd.ytgpath FROM xpc_duoscenes sd left join xpc_scenestype as st on st.id=sd.cate  WHERE `cate` = '21' AND `is_show` = 1 ORDER BY sd.id desc ,sd.pubtime desc  [ RunTime:0.0000s ]
SQL: SELECT sd.ytgpath FROM xpc_duoscenes sd left join xpc_scenestype as st on st.id=sd.cate  WHERE `cate` = '22' AND `is_show` = 1 ORDER BY sd.id desc ,sd.pubtime desc  [ RunTime:0.0000s ]
SQL: SELECT sd.ytgpath FROM xpc_duoscenes sd left join xpc_scenestype as st on st.id=sd.cate  WHERE `cate` = '23' AND `is_show` = 1 ORDER BY sd.id desc ,sd.pubtime desc  [ RunTime:0.0000s ]
SQL: SHOW COLUMNS FROM `xpc_video` [ RunTime:0.0000s ]
SQL: SELECT * FROM `xpc_video` WHERE ( is_show=1 ) ORDER BY id desc ,pubtime desc  [ RunTime:0.0000s ]
SQL: SHOW COLUMNS FROM `xpc_service` [ RunTime:0.0000s ]
SQL: SELECT * FROM `xpc_service` WHERE ( isshow=1 ) ORDER BY id desc ,pubtime desc  [ RunTime:0.0000s ]
SQL: SHOW COLUMNS FROM `xpc_news` [ RunTime:0.0000s ]
SQL: SELECT * FROM `xpc_news` WHERE ( isshow=1 ) ORDER BY id desc ,pubtime desc LIMIT 0,2   [ RunTime:0.0000s ]
SQL: SELECT * FROM `xpc_news` WHERE ( isshow=1 ) ORDER BY id desc ,pubtime desc LIMIT 2,2   [ RunTime:0.0156s ]
INFO: [ view_parse ] --START--
INFO: [ template_filter ] --START--
INFO: Run Behavior\ContentReplaceBehavior [ RunTime:0.000000s ]
INFO: [ template_filter ] --END-- [ RunTime:0.000000s ]
NOTIC: [8] Undefined index: vTime D:\wwwww\xpcjd2\web\Application\Runtime\Cache\Home\2a94b8bda04ff446dcedd42276fc99ee.php 第 178 行.
NOTIC: [8] Undefined index: vTime D:\wwwww\xpcjd2\web\Application\Runtime\Cache\Home\2a94b8bda04ff446dcedd42276fc99ee.php 第 178 行.
INFO: Run Behavior\ParseTemplateBehavior [ RunTime:0.015625s ]
INFO: [ view_parse ] --END-- [ RunTime:0.015625s ]
INFO: [ view_filter ] --START--
INFO: Run Behavior\WriteHtmlCacheBehavior [ RunTime:0.000000s ]
INFO: [ view_filter ] --END-- [ RunTime:0.000000s ]
INFO: [ app_end ] --START--
INFO: Run Behavior\ShowPageTraceBehavior [ RunTime:0.000000s ]
INFO: [ app_end ] --END-- [ RunTime:0.000000s ]

[ 2017-05-05T13:38:57+08:00 ] 218.108.75.202 /favicon.ico
INFO: [ app_init ] --START--
INFO: Run Behavior\BuildLiteBehavior [ RunTime:0.000000s ]
INFO: [ app_init ] --END-- [ RunTime:0.000000s ]
NOTIC: [2] preg_match(): Unknown modifier ':' D:\wwwww\xpcjd2\web\thinkphp\Library\Think\Route.class.php 第 58 行.
NOTIC: [2] preg_match(): Unknown modifier ':' D:\wwwww\xpcjd2\web\thinkphp\Library\Think\Route.class.php 第 58 行.

[ 2017-05-05T18:39:16+08:00 ] 178.3.105.123 /robots.txt
INFO: [ app_init ] --START--
INFO: Run Behavior\BuildLiteBehavior [ RunTime:0.000000s ]
INFO: [ app_init ] --END-- [ RunTime:0.000000s ]
NOTIC: [2] preg_match(): Unknown modifier ':' D:\wwwww\xpcjd2\web\thinkphp\Library\Think\Route.class.php 第 58 行.
NOTIC: [2] preg_match(): Unknown modifier ':' D:\wwwww\xpcjd2\web\thinkphp\Library\Think\Route.class.php 第 58 行.
INFO: [ app_begin ] --START--
INFO: Run Behavior\ReadHtmlCacheBehavior [ RunTime:0.000000s ]
INFO: [ app_begin ] --END-- [ RunTime:0.000000s ]
ERR: 无法加载控制器:Robots.txt

[ 2017-05-05T18:39:20+08:00 ] 178.3.105.123 /Index/info/id/27.html
INFO: [ app_init ] --START--
INFO: Run Behavior\BuildLiteBehavior [ RunTime:0.000000s ]
INFO: [ app_init ] --END-- [ RunTime:0.000000s ]
NOTIC: [2] preg_match(): Unknown modifier ':' D:\wwwww\xpcjd2\web\thinkphp\Library\Think\Route.class.php 第 58 行.
NOTIC: [2] preg_match(): Unknown modifier ':' D:\wwwww\xpcjd2\web\thinkphp\Library\Think\Route.class.php 第 58 行.
INFO: [ app_begin ] --START--
INFO: Run Behavior\ReadHtmlCacheBehavior [ RunTime:0.000000s ]
INFO: [ app_begin ] --END-- [ RunTime:0.000000s ]
SQL: SHOW COLUMNS FROM `xpc_basevideo` [ RunTime:0.0000s ]
SQL: SELECT `link_mobile`,`mp4_mobile` FROM `xpc_basevideo` WHERE ( is_show=1 and is_main=1 ) LIMIT 1   [ RunTime:0.0000s ]
SQL: SELECT `link_mobile`,`mp4_mobile`,`sltpath` FROM `xpc_basevideo` WHERE ( is_show=1 and is_main=0 ) ORDER BY id desc,pubtime desc  [ RunTime:0.0000s ]
SQL: SHOW COLUMNS FROM `xpc_danscenes` [ RunTime:0.0000s ]
SQL: SELECT st.title,dan.cate,dan.sltpath FROM xpc_danscenes dan left join  xpc_scenestype as st on st.id=dan.cate  WHERE ( dan.is_show=1 ) ORDER BY dan.id desc ,dan.pubtime desc  [ RunTime:0.0000s ]
SQL: SHOW COLUMNS FROM `xpc_duoscenes` [ RunTime:0.0000s ]
SQL: SELECT sd.ytgpath FROM xpc_duoscenes sd left join xpc_scenestype as st on st.id=sd.cate  WHERE `cate` = '11' AND `is_show` = 1 ORDER BY sd.id desc ,sd.pubtime desc  [ RunTime:0.0000s ]
SQL: SELECT sd.ytgpath FROM xpc_duoscenes sd left join xpc_scenestype as st on st.id=sd.cate  WHERE `cate` = '12' AND `is_show` = 1 ORDER BY sd.id desc ,sd.pubtime desc  [ RunTime:0.0000s ]
SQL: SELECT sd.ytgpath FROM xpc_duoscenes sd left join xpc_scenestype as st on st.id=sd.cate  WHERE `cate` = '14' AND `is_show` = 1 ORDER BY sd.id desc ,sd.pubtime desc  [ RunTime:0.0000s ]
SQL: SELECT sd.ytgpath FROM xpc_duoscenes sd left join xpc_scenestype as st on st.id=sd.cate  WHERE `cate` = '15' AND `is_show` = 1 ORDER BY sd.id desc ,sd.pubtime desc  [ RunTime:0.0000s ]
SQL: SELECT sd.ytgpath FROM xpc_duoscenes sd left join xpc_scenestype as st on st.id=sd.cate  WHERE `cate` = '16' AND `is_show` = 1 ORDER BY sd.id desc ,sd.pubtime desc  [ RunTime:0.0000s ]
SQL: SELECT sd.ytgpath FROM xpc_duoscenes sd left join xpc_scenestype as st on st.id=sd.cate  WHERE `cate` = '17' AND `is_show` = 1 ORDER BY sd.id desc ,sd.pubtime desc  [ RunTime:0.0000s ]
SQL: SELECT sd.ytgpath FROM xpc_duoscenes sd left join xpc_scenestype as st on st.id=sd.cate  WHERE `cate` = '18' AND `is_show` = 1 ORDER BY sd.id desc ,sd.pubtime desc  [ RunTime:0.0000s ]
SQL: SELECT sd.ytgpath FROM xpc_duoscenes sd left join xpc_scenestype as st on st.id=sd.cate  WHERE `cate` = '19' AND `is_show` = 1 ORDER BY sd.id desc ,sd.pubtime desc  [ RunTime:0.0000s ]
SQL: SELECT sd.ytgpath FROM xpc_duoscenes sd left join xpc_scenestype as st on st.id=sd.cate  WHERE `cate` = '20' AND `is_show` = 1 ORDER BY sd.id desc ,sd.pubtime desc  [ RunTime:0.0000s ]
SQL: SELECT sd.ytgpath FROM xpc_duoscenes sd left join xpc_scenestype as st on st.id=sd.cate  WHERE `cate` = '21' AND `is_show` = 1 ORDER BY sd.id desc ,sd.pubtime desc  [ RunTime:0.0000s ]
SQL: SELECT sd.ytgpath FROM xpc_duoscenes sd left join xpc_scenestype as st on st.id=sd.cate  WHERE `cate` = '22' AND `is_show` = 1 ORDER BY sd.id desc ,sd.pubtime desc  [ RunTime:0.0000s ]
SQL: SELECT sd.ytgpath FROM xpc_duoscenes sd left join xpc_scenestype as st on st.id=sd.cate  WHERE `cate` = '23' AND `is_show` = 1 ORDER BY sd.id desc ,sd.pubtime desc  [ RunTime:0.0000s ]
SQL: SHOW COLUMNS FROM `xpc_video` [ RunTime:0.0000s ]
SQL: SELECT * FROM `xpc_video` WHERE ( is_show=1 ) ORDER BY id desc ,pubtime desc  [ RunTime:0.0000s ]
SQL: SHOW COLUMNS FROM `xpc_service` [ RunTime:0.0000s ]
SQL: SELECT * FROM `xpc_service` WHERE ( isshow=1 ) ORDER BY id desc ,pubtime desc  [ RunTime:0.0000s ]
SQL: SHOW COLUMNS FROM `xpc_news` [ RunTime:0.0000s ]
SQL: SELECT * FROM `xpc_news` WHERE ( isshow=1 ) ORDER BY id desc ,pubtime desc LIMIT 0,2   [ RunTime:0.0000s ]
SQL: SELECT * FROM `xpc_news` WHERE ( isshow=1 ) ORDER BY id desc ,pubtime desc LIMIT 2,2   [ RunTime:0.0000s ]
SQL: SELECT * FROM `xpc_service` WHERE ( id=27 ) LIMIT 1   [ RunTime:0.0000s ]
INFO: [ view_parse ] --START--
INFO: [ template_filter ] --START--
INFO: Run Behavior\ContentReplaceBehavior [ RunTime:0.000000s ]
INFO: [ template_filter ] --END-- [ RunTime:0.000000s ]
INFO: Run Behavior\ParseTemplateBehavior [ RunTime:0.015625s ]
INFO: [ view_parse ] --END-- [ RunTime:0.015625s ]
INFO: [ view_filter ] --START--
INFO: Run Behavior\WriteHtmlCacheBehavior [ RunTime:0.000000s ]
INFO: [ view_filter ] --END-- [ RunTime:0.000000s ]
INFO: [ app_end ] --START--
INFO: Run Behavior\ShowPageTraceBehavior [ RunTime:0.000000s ]
INFO: [ app_end ] --END-- [ RunTime:0.000000s ]

[ 2017-05-05T18:39:26+08:00 ] 178.3.105.123 /Index/info/id/28.html
INFO: [ app_init ] --START--
INFO: Run Behavior\BuildLiteBehavior [ RunTime:0.000000s ]
INFO: [ app_init ] --END-- [ RunTime:0.000000s ]
NOTIC: [2] preg_match(): Unknown modifier ':' D:\wwwww\xpcjd2\web\thinkphp\Library\Think\Route.class.php 第 58 行.
NOTIC: [2] preg_match(): Unknown modifier ':' D:\wwwww\xpcjd2\web\thinkphp\Library\Think\Route.class.php 第 58 行.
INFO: [ app_begin ] --START--
INFO: Run Behavior\ReadHtmlCacheBehavior [ RunTime:0.000000s ]
INFO: [ app_begin ] --END-- [ RunTime:0.000000s ]
SQL: SHOW COLUMNS FROM `xpc_basevideo` [ RunTime:0.0000s ]
SQL: SELECT `link_mobile`,`mp4_mobile` FROM `xpc_basevideo` WHERE ( is_show=1 and is_main=1 ) LIMIT 1   [ RunTime:0.0000s ]
SQL: SELECT `link_mobile`,`mp4_mobile`,`sltpath` FROM `xpc_basevideo` WHERE ( is_show=1 and is_main=0 ) ORDER BY id desc,pubtime desc  [ RunTime:0.0000s ]
SQL: SHOW COLUMNS FROM `xpc_danscenes` [ RunTime:0.0000s ]
SQL: SELECT st.title,dan.cate,dan.sltpath FROM xpc_danscenes dan left join  xpc_scenestype as st on st.id=dan.cate  WHERE ( dan.is_show=1 ) ORDER BY dan.id desc ,dan.pubtime desc  [ RunTime:0.0000s ]
SQL: SHOW COLUMNS FROM `xpc_duoscenes` [ RunTime:0.0000s ]
SQL: SELECT sd.ytgpath FROM xpc_duoscenes sd left join xpc_scenestype as st on st.id=sd.cate  WHERE `cate` = '11' AND `is_show` = 1 ORDER BY sd.id desc ,sd.pubtime desc  [ RunTime:0.0000s ]
SQL: SELECT sd.ytgpath FROM xpc_duoscenes sd left join xpc_scenestype as st on st.id=sd.cate  WHERE `cate` = '12' AND `is_show` = 1 ORDER BY sd.id desc ,sd.pubtime desc  [ RunTime:0.0000s ]
SQL: SELECT sd.ytgpath FROM xpc_duoscenes sd left join xpc_scenestype as st on st.id=sd.cate  WHERE `cate` = '14' AND `is_show` = 1 ORDER BY sd.id desc ,sd.pubtime desc  [ RunTime:0.0000s ]
SQL: SELECT sd.ytgpath FROM xpc_duoscenes sd left join xpc_scenestype as st on st.id=sd.cate  WHERE `cate` = '15' AND `is_show` = 1 ORDER BY sd.id desc ,sd.pubtime desc  [ RunTime:0.0000s ]
SQL: SELECT sd.ytgpath FROM xpc_duoscenes sd left join xpc_scenestype as st on st.id=sd.cate  WHERE `cate` = '16' AND `is_show` = 1 ORDER BY sd.id desc ,sd.pubtime desc  [ RunTime:0.0156s ]
SQL: SELECT sd.ytgpath FROM xpc_duoscenes sd left join xpc_scenestype as st on st.id=sd.cate  WHERE `cate` = '17' AND `is_show` = 1 ORDER BY sd.id desc ,sd.pubtime desc  [ RunTime:0.0000s ]
SQL: SELECT sd.ytgpath FROM xpc_duoscenes sd left join xpc_scenestype as st on st.id=sd.cate  WHERE `cate` = '18' AND `is_show` = 1 ORDER BY sd.id desc ,sd.pubtime desc  [ RunTime:0.0000s ]
SQL: SELECT sd.ytgpath FROM xpc_duoscenes sd left join xpc_scenestype as st on st.id=sd.cate  WHERE `cate` = '19' AND `is_show` = 1 ORDER BY sd.id desc ,sd.pubtime desc  [ RunTime:0.0000s ]
SQL: SELECT sd.ytgpath FROM xpc_duoscenes sd left join xpc_scenestype as st on st.id=sd.cate  WHERE `cate` = '20' AND `is_show` = 1 ORDER BY sd.id desc ,sd.pubtime desc  [ RunTime:0.0000s ]
SQL: SELECT sd.ytgpath FROM xpc_duoscenes sd left join xpc_scenestype as st on st.id=sd.cate  WHERE `cate` = '21' AND `is_show` = 1 ORDER BY sd.id desc ,sd.pubtime desc  [ RunTime:0.0000s ]
SQL: SELECT sd.ytgpath FROM xpc_duoscenes sd left join xpc_scenestype as st on st.id=sd.cate  WHERE `cate` = '22' AND `is_show` = 1 ORDER BY sd.id desc ,sd.pubtime desc  [ RunTime:0.0000s ]
SQL: SELECT sd.ytgpath FROM xpc_duoscenes sd left join xpc_scenestype as st on st.id=sd.cate  WHERE `cate` = '23' AND `is_show` = 1 ORDER BY sd.id desc ,sd.pubtime desc  [ RunTime:0.0000s ]
SQL: SHOW COLUMNS FROM `xpc_video` [ RunTime:0.0000s ]
SQL: SELECT * FROM `xpc_video` WHERE ( is_show=1 ) ORDER BY id desc ,pubtime desc  [ RunTime:0.0000s ]
SQL: SHOW COLUMNS FROM `xpc_service` [ RunTime:0.0000s ]
SQL: SELECT * FROM `xpc_service` WHERE ( isshow=1 ) ORDER BY id desc ,pubtime desc  [ RunTime:0.0000s ]
SQL: SHOW COLUMNS FROM `xpc_news` [ RunTime:0.0000s ]
SQL: SELECT * FROM `xpc_news` WHERE ( isshow=1 ) ORDER BY id desc ,pubtime desc LIMIT 0,2   [ RunTime:0.0000s ]
SQL: SELECT * FROM `xpc_news` WHERE ( isshow=1 ) ORDER BY id desc ,pubtime desc LIMIT 2,2   [ RunTime:0.0000s ]
SQL: SELECT * FROM `xpc_service` WHERE ( id=28 ) LIMIT 1   [ RunTime:0.0000s ]
INFO: [ view_parse ] --START--
INFO: [ template_filter ] --START--
INFO: Run Behavior\ContentReplaceBehavior [ RunTime:0.000000s ]
INFO: [ template_filter ] --END-- [ RunTime:0.000000s ]
INFO: Run Behavior\ParseTemplateBehavior [ RunTime:0.000000s ]
INFO: [ view_parse ] --END-- [ RunTime:0.000000s ]
INFO: [ view_filter ] --START--
INFO: Run Behavior\WriteHtmlCacheBehavior [ RunTime:0.015625s ]
INFO: [ view_filter ] --END-- [ RunTime:0.015625s ]
INFO: [ app_end ] --START--
INFO: Run Behavior\ShowPageTraceBehavior [ RunTime:0.000000s ]
INFO: [ app_end ] --END-- [ RunTime:0.000000s ]

[ 2017-05-05T18:59:18+08:00 ] 81.165.147.16 /F2YFklaeiN.js
INFO: [ app_init ] --START--
INFO: Run Behavior\BuildLiteBehavior [ RunTime:0.000000s ]
INFO: [ app_init ] --END-- [ RunTime:0.000000s ]
NOTIC: [2] preg_match(): Unknown modifier ':' D:\wwwww\xpcjd2\web\thinkphp\Library\Think\Route.class.php 第 58 行.
NOTIC: [2] preg_match(): Unknown modifier ':' D:\wwwww\xpcjd2\web\thinkphp\Library\Think\Route.class.php 第 58 行.
INFO: [ app_begin ] --START--
INFO: Run Behavior\ReadHtmlCacheBehavior [ RunTime:0.000000s ]
INFO: [ app_begin ] --END-- [ RunTime:0.000000s ]
ERR: 无法加载控制器:F2YFklaeiN.js

[ 2017-05-05T21:45:33+08:00 ] 108.245.0.82 /fYUK1dVylvmX.js
INFO: [ app_init ] --START--
INFO: Run Behavior\BuildLiteBehavior [ RunTime:0.000000s ]
INFO: [ app_init ] --END-- [ RunTime:0.000000s ]
NOTIC: [2] preg_match(): Unknown modifier ':' D:\wwwww\xpcjd2\web\thinkphp\Library\Think\Route.class.php 第 58 行.
NOTIC: [2] preg_match(): Unknown modifier ':' D:\wwwww\xpcjd2\web\thinkphp\Library\Think\Route.class.php 第 58 行.
INFO: [ app_begin ] --START--
INFO: Run Behavior\ReadHtmlCacheBehavior [ RunTime:0.000000s ]
INFO: [ app_begin ] --END-- [ RunTime:0.000000s ]
ERR: 无法加载控制器:FYUK1dVylvmX.js

[ 2017-05-05T21:54:51+08:00 ] 66.249.69.64 /robots.txt
INFO: [ app_init ] --START--
INFO: Run Behavior\BuildLiteBehavior [ RunTime:0.000000s ]
INFO: [ app_init ] --END-- [ RunTime:0.000000s ]
NOTIC: [2] preg_match(): Unknown modifier ':' D:\wwwww\xpcjd2\web\thinkphp\Library\Think\Route.class.php 第 58 行.
NOTIC: [2] preg_match(): Unknown modifier ':' D:\wwwww\xpcjd2\web\thinkphp\Library\Think\Route.class.php 第 58 行.
INFO: [ app_begin ] --START--
INFO: Run Behavior\ReadHtmlCacheBehavior [ RunTime:0.000000s ]
INFO: [ app_begin ] --END-- [ RunTime:0.000000s ]
ERR: 无法加载控制器:Robots.txt

[ 2017-05-05T22:57:53+08:00 ] 72.49.144.74 /G3YzyFaVRA02G3CUOBrD.js
INFO: [ app_init ] --START--
INFO: Run Behavior\BuildLiteBehavior [ RunTime:0.000000s ]
INFO: [ app_init ] --END-- [ RunTime:0.000000s ]
NOTIC: [2] preg_match(): Unknown modifier ':' D:\wwwww\xpcjd2\web\thinkphp\Library\Think\Route.class.php 第 58 行.
NOTIC: [2] preg_match(): Unknown modifier ':' D:\wwwww\xpcjd2\web\thinkphp\Library\Think\Route.class.php 第 58 行.
INFO: [ app_begin ] --START--
INFO: Run Behavior\ReadHtmlCacheBehavior [ RunTime:0.000000s ]
INFO: [ app_begin ] --END-- [ RunTime:0.000000s ]
ERR: 无法加载控制器:G3YzyFaVRA02G3CUOBrD.js

[ 2017-05-05T23:10:38+08:00 ] 66.249.69.47 /robots.txt
INFO: [ app_init ] --START--
INFO: Run Behavior\BuildLiteBehavior [ RunTime:0.000000s ]
INFO: [ app_init ] --END-- [ RunTime:0.000000s ]
NOTIC: [2] preg_match(): Unknown modifier ':' D:\wwwww\xpcjd2\web\thinkphp\Library\Think\Route.class.php 第 58 行.
NOTIC: [2] preg_match(): Unknown modifier ':' D:\wwwww\xpcjd2\web\thinkphp\Library\Think\Route.class.php 第 58 行.
INFO: [ app_begin ] --START--
INFO: Run Behavior\ReadHtmlCacheBehavior [ RunTime:0.000000s ]
INFO: [ app_begin ] --END-- [ RunTime:0.000000s ]
ERR: 无法加载控制器:Robots.txt

[ 2017-05-05T23:10:39+08:00 ] 66.249.69.54 /Index/info/id/27.html
INFO: [ app_init ] --START--
INFO: Run Behavior\BuildLiteBehavior [ RunTime:0.000000s ]
INFO: [ app_init ] --END-- [ RunTime:0.000000s ]
NOTIC: [2] preg_match(): Unknown modifier ':' D:\wwwww\xpcjd2\web\thinkphp\Library\Think\Route.class.php 第 58 行.
NOTIC: [2] preg_match(): Unknown modifier ':' D:\wwwww\xpcjd2\web\thinkphp\Library\Think\Route.class.php 第 58 行.
INFO: [ app_begin ] --START--
INFO: Run Behavior\ReadHtmlCacheBehavior [ RunTime:0.000000s ]
INFO: [ app_begin ] --END-- [ RunTime:0.000000s ]
SQL: SHOW COLUMNS FROM `xpc_basevideo` [ RunTime:0.0000s ]
SQL: SELECT `link_mobile`,`mp4_mobile` FROM `xpc_basevideo` WHERE ( is_show=1 and is_main=1 ) LIMIT 1   [ RunTime:0.0000s ]
SQL: SELECT `link_mobile`,`mp4_mobile`,`sltpath` FROM `xpc_basevideo` WHERE ( is_show=1 and is_main=0 ) ORDER BY id desc,pubtime desc  [ RunTime:0.0000s ]
SQL: SHOW COLUMNS FROM `xpc_danscenes` [ RunTime:0.0000s ]
SQL: SELECT st.title,dan.cate,dan.sltpath FROM xpc_danscenes dan left join  xpc_scenestype as st on st.id=dan.cate  WHERE ( dan.is_show=1 ) ORDER BY dan.id desc ,dan.pubtime desc  [ RunTime:0.0000s ]
SQL: SHOW COLUMNS FROM `xpc_duoscenes` [ RunTime:0.0000s ]
SQL: SELECT sd.ytgpath FROM xpc_duoscenes sd left join xpc_scenestype as st on st.id=sd.cate  WHERE `cate` = '11' AND `is_show` = 1 ORDER BY sd.id desc ,sd.pubtime desc  [ RunTime:0.0000s ]
SQL: SELECT sd.ytgpath FROM xpc_duoscenes sd left join xpc_scenestype as st on st.id=sd.cate  WHERE `cate` = '12' AND `is_show` = 1 ORDER BY sd.id desc ,sd.pubtime desc  [ RunTime:0.0000s ]
SQL: SELECT sd.ytgpath FROM xpc_duoscenes sd left join xpc_scenestype as st on st.id=sd.cate  WHERE `cate` = '14' AND `is_show` = 1 ORDER BY sd.id desc ,sd.pubtime desc  [ RunTime:0.0000s ]
SQL: SELECT sd.ytgpath FROM xpc_duoscenes sd left join xpc_scenestype as st on st.id=sd.cate  WHERE `cate` = '15' AND `is_show` = 1 ORDER BY sd.id desc ,sd.pubtime desc  [ RunTime:0.0156s ]
SQL: SELECT sd.ytgpath FROM xpc_duoscenes sd left join xpc_scenestype as st on st.id=sd.cate  WHERE `cate` = '16' AND `is_show` = 1 ORDER BY sd.id desc ,sd.pubtime desc  [ RunTime:0.0000s ]
SQL: SELECT sd.ytgpath FROM xpc_duoscenes sd left join xpc_scenestype as st on st.id=sd.cate  WHERE `cate` = '17' AND `is_show` = 1 ORDER BY sd.id desc ,sd.pubtime desc  [ RunTime:0.0000s ]
SQL: SELECT sd.ytgpath FROM xpc_duoscenes sd left join xpc_scenestype as st on st.id=sd.cate  WHERE `cate` = '18' AND `is_show` = 1 ORDER BY sd.id desc ,sd.pubtime desc  [ RunTime:0.0000s ]
SQL: SELECT sd.ytgpath FROM xpc_duoscenes sd left join xpc_scenestype as st on st.id=sd.cate  WHERE `cate` = '19' AND `is_show` = 1 ORDER BY sd.id desc ,sd.pubtime desc  [ RunTime:0.0000s ]
SQL: SELECT sd.ytgpath FROM xpc_duoscenes sd left join xpc_scenestype as st on st.id=sd.cate  WHERE `cate` = '20' AND `is_show` = 1 ORDER BY sd.id desc ,sd.pubtime desc  [ RunTime:0.0000s ]
SQL: SELECT sd.ytgpath FROM xpc_duoscenes sd left join xpc_scenestype as st on st.id=sd.cate  WHERE `cate` = '21' AND `is_show` = 1 ORDER BY sd.id desc ,sd.pubtime desc  [ RunTime:0.0000s ]
SQL: SELECT sd.ytgpath FROM xpc_duoscenes sd left join xpc_scenestype as st on st.id=sd.cate  WHERE `cate` = '22' AND `is_show` = 1 ORDER BY sd.id desc ,sd.pubtime desc  [ RunTime:0.0000s ]
SQL: SELECT sd.ytgpath FROM xpc_duoscenes sd left join xpc_scenestype as st on st.id=sd.cate  WHERE `cate` = '23' AND `is_show` = 1 ORDER BY sd.id desc ,sd.pubtime desc  [ RunTime:0.0000s ]
SQL: SHOW COLUMNS FROM `xpc_video` [ RunTime:0.0000s ]
SQL: SELECT * FROM `xpc_video` WHERE ( is_show=1 ) ORDER BY id desc ,pubtime desc  [ RunTime:0.0000s ]
SQL: SHOW COLUMNS FROM `xpc_service` [ RunTime:0.0000s ]
SQL: SELECT * FROM `xpc_service` WHERE ( isshow=1 ) ORDER BY id desc ,pubtime desc  [ RunTime:0.0000s ]
SQL: SHOW COLUMNS FROM `xpc_news` [ RunTime:0.0000s ]
SQL: SELECT * FROM `xpc_news` WHERE ( isshow=1 ) ORDER BY id desc ,pubtime desc LIMIT 0,2   [ RunTime:0.0000s ]
SQL: SELECT * FROM `xpc_news` WHERE ( isshow=1 ) ORDER BY id desc ,pubtime desc LIMIT 2,2   [ RunTime:0.0000s ]
SQL: SELECT * FROM `xpc_service` WHERE ( id=27 ) LIMIT 1   [ RunTime:0.0000s ]
INFO: [ view_parse ] --START--
INFO: [ template_filter ] --START--
INFO: Run Behavior\ContentReplaceBehavior [ RunTime:0.000000s ]
INFO: [ template_filter ] --END-- [ RunTime:0.000000s ]
INFO: Run Behavior\ParseTemplateBehavior [ RunTime:0.015625s ]
INFO: [ view_parse ] --END-- [ RunTime:0.015625s ]
INFO: [ view_filter ] --START--
INFO: Run Behavior\WriteHtmlCacheBehavior [ RunTime:0.000000s ]
INFO: [ view_filter ] --END-- [ RunTime:0.000000s ]
INFO: [ app_end ] --START--
INFO: Run Behavior\ShowPageTraceBehavior [ RunTime:0.000000s ]
INFO: [ app_end ] --END-- [ RunTime:0.000000s ]

