[ 2017-04-30T04:02:47+08:00 ] 75.110.151.76 /4txeR4u7YdGrJuTdgBwVS.js
INFO: [ app_init ] --START--
INFO: Run Behavior\BuildLiteBehavior [ RunTime:0.000000s ]
INFO: [ app_init ] --END-- [ RunTime:0.015625s ]
NOTIC: [2] preg_match(): Unknown modifier ':' D:\wwwww\xpcjd2\web\thinkphp\Library\Think\Route.class.php 第 58 行.
NOTIC: [2] preg_match(): Unknown modifier ':' D:\wwwww\xpcjd2\web\thinkphp\Library\Think\Route.class.php 第 58 行.
INFO: [ app_begin ] --START--
INFO: Run Behavior\ReadHtmlCacheBehavior [ RunTime:0.000000s ]
INFO: [ app_begin ] --END-- [ RunTime:0.000000s ]
ERR: 无法加载控制器:4txeR4u7YdGrJuTdgBwVS.js

[ 2017-04-30T04:48:37+08:00 ] 220.181.51.91 /robots.txt
INFO: [ app_init ] --START--
INFO: Run Behavior\BuildLiteBehavior [ RunTime:0.000000s ]
INFO: [ app_init ] --END-- [ RunTime:0.000000s ]
NOTIC: [2] preg_match(): Unknown modifier ':' D:\wwwww\xpcjd2\web\thinkphp\Library\Think\Route.class.php 第 58 行.
NOTIC: [2] preg_match(): Unknown modifier ':' D:\wwwww\xpcjd2\web\thinkphp\Library\Think\Route.class.php 第 58 行.
INFO: [ app_begin ] --START--
INFO: Run Behavior\ReadHtmlCacheBehavior [ RunTime:0.000000s ]
INFO: [ app_begin ] --END-- [ RunTime:0.000000s ]
ERR: 无法加载控制器:Robots.txt

[ 2017-04-30T05:00:03+08:00 ] 144.217.80.113 /
INFO: [ app_init ] --START--
INFO: Run Behavior\BuildLiteBehavior [ RunTime:0.000000s ]
INFO: [ app_init ] --END-- [ RunTime:0.000000s ]
INFO: [ app_begin ] --START--
INFO: Run Behavior\ReadHtmlCacheBehavior [ RunTime:0.000000s ]
INFO: [ app_begin ] --END-- [ RunTime:0.000000s ]
SQL: SHOW COLUMNS FROM `xpc_basevideo` [ RunTime:0.0000s ]
SQL: SELECT `link_mobile`,`mp4_mobile` FROM `xpc_basevideo` WHERE ( is_show=1 and is_main=1 ) LIMIT 1   [ RunTime:0.0000s ]
SQL: SELECT `link_mobile`,`mp4_mobile`,`sltpath` FROM `xpc_basevideo` WHERE ( is_show=1 and is_main=0 ) ORDER BY id desc,pubtime desc  [ RunTime:0.0000s ]
SQL: SHOW COLUMNS FROM `xpc_danscenes` [ RunTime:0.0000s ]
SQL: SELECT st.title,dan.cate,dan.sltpath FROM xpc_danscenes dan left join  xpc_scenestype as st on st.id=dan.cate  WHERE ( dan.is_show=1 ) ORDER BY dan.id desc ,dan.pubtime desc  [ RunTime:0.0000s ]
SQL: SHOW COLUMNS FROM `xpc_duoscenes` [ RunTime:0.0000s ]
SQL: SELECT sd.ytgpath FROM xpc_duoscenes sd left join xpc_scenestype as st on st.id=sd.cate  WHERE `cate` = '11' AND `is_show` = 1 ORDER BY sd.id desc ,sd.pubtime desc  [ RunTime:0.0000s ]
SQL: SELECT sd.ytgpath FROM xpc_duoscenes sd left join xpc_scenestype as st on st.id=sd.cate  WHERE `cate` = '12' AND `is_show` = 1 ORDER BY sd.id desc ,sd.pubtime desc  [ RunTime:0.0000s ]
SQL: SELECT sd.ytgpath FROM xpc_duoscenes sd left join xpc_scenestype as st on st.id=sd.cate  WHERE `cate` = '14' AND `is_show` = 1 ORDER BY sd.id desc ,sd.pubtime desc  [ RunTime:0.0000s ]
SQL: SELECT sd.ytgpath FROM xpc_duoscenes sd left join xpc_scenestype as st on st.id=sd.cate  WHERE `cate` = '15' AND `is_show` = 1 ORDER BY sd.id desc ,sd.pubtime desc  [ RunTime:0.0000s ]
SQL: SELECT sd.ytgpath FROM xpc_duoscenes sd left join xpc_scenestype as st on st.id=sd.cate  WHERE `cate` = '16' AND `is_show` = 1 ORDER BY sd.id desc ,sd.pubtime desc  [ RunTime:0.0000s ]
SQL: SELECT sd.ytgpath FROM xpc_duoscenes sd left join xpc_scenestype as st on st.id=sd.cate  WHERE `cate` = '17' AND `is_show` = 1 ORDER BY sd.id desc ,sd.pubtime desc  [ RunTime:0.0000s ]
SQL: SELECT sd.ytgpath FROM xpc_duoscenes sd left join xpc_scenestype as st on st.id=sd.cate  WHERE `cate` = '18' AND `is_show` = 1 ORDER BY sd.id desc ,sd.pubtime desc  [ RunTime:0.0000s ]
SQL: SELECT sd.ytgpath FROM xpc_duoscenes sd left join xpc_scenestype as st on st.id=sd.cate  WHERE `cate` = '19' AND `is_show` = 1 ORDER BY sd.id desc ,sd.pubtime desc  [ RunTime:0.0000s ]
SQL: SELECT sd.ytgpath FROM xpc_duoscenes sd left join xpc_scenestype as st on st.id=sd.cate  WHERE `cate` = '20' AND `is_show` = 1 ORDER BY sd.id desc ,sd.pubtime desc  [ RunTime:0.0000s ]
SQL: SELECT sd.ytgpath FROM xpc_duoscenes sd left join xpc_scenestype as st on st.id=sd.cate  WHERE `cate` = '21' AND `is_show` = 1 ORDER BY sd.id desc ,sd.pubtime desc  [ RunTime:0.0000s ]
SQL: SELECT sd.ytgpath FROM xpc_duoscenes sd left join xpc_scenestype as st on st.id=sd.cate  WHERE `cate` = '22' AND `is_show` = 1 ORDER BY sd.id desc ,sd.pubtime desc  [ RunTime:0.0000s ]
SQL: SELECT sd.ytgpath FROM xpc_duoscenes sd left join xpc_scenestype as st on st.id=sd.cate  WHERE `cate` = '23' AND `is_show` = 1 ORDER BY sd.id desc ,sd.pubtime desc  [ RunTime:0.0000s ]
SQL: SHOW COLUMNS FROM `xpc_video` [ RunTime:0.0000s ]
SQL: SELECT * FROM `xpc_video` WHERE ( is_show=1 ) ORDER BY id desc ,pubtime desc  [ RunTime:0.0000s ]
SQL: SHOW COLUMNS FROM `xpc_service` [ RunTime:0.0156s ]
SQL: SELECT * FROM `xpc_service` WHERE ( isshow=1 ) ORDER BY id desc ,pubtime desc  [ RunTime:0.0000s ]
SQL: SHOW COLUMNS FROM `xpc_news` [ RunTime:0.0000s ]
SQL: SELECT * FROM `xpc_news` WHERE ( isshow=1 ) ORDER BY id desc ,pubtime desc LIMIT 0,2   [ RunTime:0.0000s ]
SQL: SELECT * FROM `xpc_news` WHERE ( isshow=1 ) ORDER BY id desc ,pubtime desc LIMIT 2,2   [ RunTime:0.0000s ]
INFO: [ view_parse ] --START--
INFO: [ template_filter ] --START--
INFO: Run Behavior\ContentReplaceBehavior [ RunTime:0.000000s ]
INFO: [ template_filter ] --END-- [ RunTime:0.000000s ]
NOTIC: [8] Undefined index: vTime D:\wwwww\xpcjd2\web\Application\Runtime\Cache\Home\2a94b8bda04ff446dcedd42276fc99ee.php 第 178 行.
NOTIC: [8] Undefined index: vTime D:\wwwww\xpcjd2\web\Application\Runtime\Cache\Home\2a94b8bda04ff446dcedd42276fc99ee.php 第 178 行.
INFO: Run Behavior\ParseTemplateBehavior [ RunTime:0.015625s ]
INFO: [ view_parse ] --END-- [ RunTime:0.015625s ]
INFO: [ view_filter ] --START--
INFO: Run Behavior\WriteHtmlCacheBehavior [ RunTime:0.000000s ]
INFO: [ view_filter ] --END-- [ RunTime:0.000000s ]
INFO: [ app_end ] --START--
INFO: Run Behavior\ShowPageTraceBehavior [ RunTime:0.000000s ]
INFO: [ app_end ] --END-- [ RunTime:0.000000s ]

[ 2017-04-30T07:36:31+08:00 ] 221.0.111.139 /
INFO: [ app_init ] --START--
INFO: Run Behavior\BuildLiteBehavior [ RunTime:0.000000s ]
INFO: [ app_init ] --END-- [ RunTime:0.000000s ]
INFO: [ app_begin ] --START--
INFO: Run Behavior\ReadHtmlCacheBehavior [ RunTime:0.000000s ]
INFO: [ app_begin ] --END-- [ RunTime:0.000000s ]
SQL: SHOW COLUMNS FROM `xpc_basevideo` [ RunTime:0.0156s ]
SQL: SELECT `link_mobile`,`mp4_mobile` FROM `xpc_basevideo` WHERE ( is_show=1 and is_main=1 ) LIMIT 1   [ RunTime:0.0000s ]
SQL: SELECT `link_mobile`,`mp4_mobile`,`sltpath` FROM `xpc_basevideo` WHERE ( is_show=1 and is_main=0 ) ORDER BY id desc,pubtime desc  [ RunTime:0.0000s ]
SQL: SHOW COLUMNS FROM `xpc_danscenes` [ RunTime:0.0000s ]
SQL: SELECT st.title,dan.cate,dan.sltpath FROM xpc_danscenes dan left join  xpc_scenestype as st on st.id=dan.cate  WHERE ( dan.is_show=1 ) ORDER BY dan.id desc ,dan.pubtime desc  [ RunTime:0.0000s ]
SQL: SHOW COLUMNS FROM `xpc_duoscenes` [ RunTime:0.0000s ]
SQL: SELECT sd.ytgpath FROM xpc_duoscenes sd left join xpc_scenestype as st on st.id=sd.cate  WHERE `cate` = '11' AND `is_show` = 1 ORDER BY sd.id desc ,sd.pubtime desc  [ RunTime:0.0000s ]
SQL: SELECT sd.ytgpath FROM xpc_duoscenes sd left join xpc_scenestype as st on st.id=sd.cate  WHERE `cate` = '12' AND `is_show` = 1 ORDER BY sd.id desc ,sd.pubtime desc  [ RunTime:0.0000s ]
SQL: SELECT sd.ytgpath FROM xpc_duoscenes sd left join xpc_scenestype as st on st.id=sd.cate  WHERE `cate` = '14' AND `is_show` = 1 ORDER BY sd.id desc ,sd.pubtime desc  [ RunTime:0.0000s ]
SQL: SELECT sd.ytgpath FROM xpc_duoscenes sd left join xpc_scenestype as st on st.id=sd.cate  WHERE `cate` = '15' AND `is_show` = 1 ORDER BY sd.id desc ,sd.pubtime desc  [ RunTime:0.0000s ]
SQL: SELECT sd.ytgpath FROM xpc_duoscenes sd left join xpc_scenestype as st on st.id=sd.cate  WHERE `cate` = '16' AND `is_show` = 1 ORDER BY sd.id desc ,sd.pubtime desc  [ RunTime:0.0000s ]
SQL: SELECT sd.ytgpath FROM xpc_duoscenes sd left join xpc_scenestype as st on st.id=sd.cate  WHERE `cate` = '17' AND `is_show` = 1 ORDER BY sd.id desc ,sd.pubtime desc  [ RunTime:0.0000s ]
SQL: SELECT sd.ytgpath FROM xpc_duoscenes sd left join xpc_scenestype as st on st.id=sd.cate  WHERE `cate` = '18' AND `is_show` = 1 ORDER BY sd.id desc ,sd.pubtime desc  [ RunTime:0.0000s ]
SQL: SELECT sd.ytgpath FROM xpc_duoscenes sd left join xpc_scenestype as st on st.id=sd.cate  WHERE `cate` = '19' AND `is_show` = 1 ORDER BY sd.id desc ,sd.pubtime desc  [ RunTime:0.0000s ]
SQL: SELECT sd.ytgpath FROM xpc_duoscenes sd left join xpc_scenestype as st on st.id=sd.cate  WHERE `cate` = '20' AND `is_show` = 1 ORDER BY sd.id desc ,sd.pubtime desc  [ RunTime:0.0000s ]
SQL: SELECT sd.ytgpath FROM xpc_duoscenes sd left join xpc_scenestype as st on st.id=sd.cate  WHERE `cate` = '21' AND `is_show` = 1 ORDER BY sd.id desc ,sd.pubtime desc  [ RunTime:0.0000s ]
SQL: SELECT sd.ytgpath FROM xpc_duoscenes sd left join xpc_scenestype as st on st.id=sd.cate  WHERE `cate` = '22' AND `is_show` = 1 ORDER BY sd.id desc ,sd.pubtime desc  [ RunTime:0.0000s ]
SQL: SELECT sd.ytgpath FROM xpc_duoscenes sd left join xpc_scenestype as st on st.id=sd.cate  WHERE `cate` = '23' AND `is_show` = 1 ORDER BY sd.id desc ,sd.pubtime desc  [ RunTime:0.0000s ]
SQL: SHOW COLUMNS FROM `xpc_video` [ RunTime:0.0000s ]
SQL: SELECT * FROM `xpc_video` WHERE ( is_show=1 ) ORDER BY id desc ,pubtime desc  [ RunTime:0.0000s ]
SQL: SHOW COLUMNS FROM `xpc_service` [ RunTime:0.0000s ]
SQL: SELECT * FROM `xpc_service` WHERE ( isshow=1 ) ORDER BY id desc ,pubtime desc  [ RunTime:0.0000s ]
SQL: SHOW COLUMNS FROM `xpc_news` [ RunTime:0.0156s ]
SQL: SELECT * FROM `xpc_news` WHERE ( isshow=1 ) ORDER BY id desc ,pubtime desc LIMIT 0,2   [ RunTime:0.0000s ]
SQL: SELECT * FROM `xpc_news` WHERE ( isshow=1 ) ORDER BY id desc ,pubtime desc LIMIT 2,2   [ RunTime:0.0000s ]
INFO: [ view_parse ] --START--
INFO: [ template_filter ] --START--
INFO: Run Behavior\ContentReplaceBehavior [ RunTime:0.000000s ]
INFO: [ template_filter ] --END-- [ RunTime:0.000000s ]
NOTIC: [8] Undefined index: vTime D:\wwwww\xpcjd2\web\Application\Runtime\Cache\Home\2a94b8bda04ff446dcedd42276fc99ee.php 第 178 行.
NOTIC: [8] Undefined index: vTime D:\wwwww\xpcjd2\web\Application\Runtime\Cache\Home\2a94b8bda04ff446dcedd42276fc99ee.php 第 178 行.
INFO: Run Behavior\ParseTemplateBehavior [ RunTime:0.015625s ]
INFO: [ view_parse ] --END-- [ RunTime:0.015625s ]
INFO: [ view_filter ] --START--
INFO: Run Behavior\WriteHtmlCacheBehavior [ RunTime:0.000000s ]
INFO: [ view_filter ] --END-- [ RunTime:0.000000s ]
INFO: [ app_end ] --START--
INFO: Run Behavior\ShowPageTraceBehavior [ RunTime:0.000000s ]
INFO: [ app_end ] --END-- [ RunTime:0.000000s ]

[ 2017-04-30T07:36:31+08:00 ] 221.0.111.139 /
INFO: [ app_init ] --START--
INFO: Run Behavior\BuildLiteBehavior [ RunTime:0.000000s ]
INFO: [ app_init ] --END-- [ RunTime:0.000000s ]
INFO: [ app_begin ] --START--
INFO: Run Behavior\ReadHtmlCacheBehavior [ RunTime:0.000000s ]
INFO: [ app_begin ] --END-- [ RunTime:0.000000s ]
SQL: SHOW COLUMNS FROM `xpc_basevideo` [ RunTime:0.0000s ]
SQL: SELECT `link_mobile`,`mp4_mobile` FROM `xpc_basevideo` WHERE ( is_show=1 and is_main=1 ) LIMIT 1   [ RunTime:0.0000s ]
SQL: SELECT `link_mobile`,`mp4_mobile`,`sltpath` FROM `xpc_basevideo` WHERE ( is_show=1 and is_main=0 ) ORDER BY id desc,pubtime desc  [ RunTime:0.0000s ]
SQL: SHOW COLUMNS FROM `xpc_danscenes` [ RunTime:0.0000s ]
SQL: SELECT st.title,dan.cate,dan.sltpath FROM xpc_danscenes dan left join  xpc_scenestype as st on st.id=dan.cate  WHERE ( dan.is_show=1 ) ORDER BY dan.id desc ,dan.pubtime desc  [ RunTime:0.0156s ]
SQL: SHOW COLUMNS FROM `xpc_duoscenes` [ RunTime:0.0000s ]
SQL: SELECT sd.ytgpath FROM xpc_duoscenes sd left join xpc_scenestype as st on st.id=sd.cate  WHERE `cate` = '11' AND `is_show` = 1 ORDER BY sd.id desc ,sd.pubtime desc  [ RunTime:0.0000s ]
SQL: SELECT sd.ytgpath FROM xpc_duoscenes sd left join xpc_scenestype as st on st.id=sd.cate  WHERE `cate` = '12' AND `is_show` = 1 ORDER BY sd.id desc ,sd.pubtime desc  [ RunTime:0.0000s ]
SQL: SELECT sd.ytgpath FROM xpc_duoscenes sd left join xpc_scenestype as st on st.id=sd.cate  WHERE `cate` = '14' AND `is_show` = 1 ORDER BY sd.id desc ,sd.pubtime desc  [ RunTime:0.0000s ]
SQL: SELECT sd.ytgpath FROM xpc_duoscenes sd left join xpc_scenestype as st on st.id=sd.cate  WHERE `cate` = '15' AND `is_show` = 1 ORDER BY sd.id desc ,sd.pubtime desc  [ RunTime:0.0000s ]
SQL: SELECT sd.ytgpath FROM xpc_duoscenes sd left join xpc_scenestype as st on st.id=sd.cate  WHERE `cate` = '16' AND `is_show` = 1 ORDER BY sd.id desc ,sd.pubtime desc  [ RunTime:0.0000s ]
SQL: SELECT sd.ytgpath FROM xpc_duoscenes sd left join xpc_scenestype as st on st.id=sd.cate  WHERE `cate` = '17' AND `is_show` = 1 ORDER BY sd.id desc ,sd.pubtime desc  [ RunTime:0.0000s ]
SQL: SELECT sd.ytgpath FROM xpc_duoscenes sd left join xpc_scenestype as st on st.id=sd.cate  WHERE `cate` = '18' AND `is_show` = 1 ORDER BY sd.id desc ,sd.pubtime desc  [ RunTime:0.0000s ]
SQL: SELECT sd.ytgpath FROM xpc_duoscenes sd left join xpc_scenestype as st on st.id=sd.cate  WHERE `cate` = '19' AND `is_show` = 1 ORDER BY sd.id desc ,sd.pubtime desc  [ RunTime:0.0000s ]
SQL: SELECT sd.ytgpath FROM xpc_duoscenes sd left join xpc_scenestype as st on st.id=sd.cate  WHERE `cate` = '20' AND `is_show` = 1 ORDER BY sd.id desc ,sd.pubtime desc  [ RunTime:0.0000s ]
SQL: SELECT sd.ytgpath FROM xpc_duoscenes sd left join xpc_scenestype as st on st.id=sd.cate  WHERE `cate` = '21' AND `is_show` = 1 ORDER BY sd.id desc ,sd.pubtime desc  [ RunTime:0.0000s ]
SQL: SELECT sd.ytgpath FROM xpc_duoscenes sd left join xpc_scenestype as st on st.id=sd.cate  WHERE `cate` = '22' AND `is_show` = 1 ORDER BY sd.id desc ,sd.pubtime desc  [ RunTime:0.0000s ]
SQL: SELECT sd.ytgpath FROM xpc_duoscenes sd left join xpc_scenestype as st on st.id=sd.cate  WHERE `cate` = '23' AND `is_show` = 1 ORDER BY sd.id desc ,sd.pubtime desc  [ RunTime:0.0000s ]
SQL: SHOW COLUMNS FROM `xpc_video` [ RunTime:0.0000s ]
SQL: SELECT * FROM `xpc_video` WHERE ( is_show=1 ) ORDER BY id desc ,pubtime desc  [ RunTime:0.0000s ]
SQL: SHOW COLUMNS FROM `xpc_service` [ RunTime:0.0000s ]
SQL: SELECT * FROM `xpc_service` WHERE ( isshow=1 ) ORDER BY id desc ,pubtime desc  [ RunTime:0.0000s ]
SQL: SHOW COLUMNS FROM `xpc_news` [ RunTime:0.0000s ]
SQL: SELECT * FROM `xpc_news` WHERE ( isshow=1 ) ORDER BY id desc ,pubtime desc LIMIT 0,2   [ RunTime:0.0000s ]
SQL: SELECT * FROM `xpc_news` WHERE ( isshow=1 ) ORDER BY id desc ,pubtime desc LIMIT 2,2   [ RunTime:0.0000s ]
INFO: [ view_parse ] --START--
INFO: [ template_filter ] --START--
INFO: Run Behavior\ContentReplaceBehavior [ RunTime:0.000000s ]
INFO: [ template_filter ] --END-- [ RunTime:0.000000s ]
NOTIC: [8] Undefined index: vTime D:\wwwww\xpcjd2\web\Application\Runtime\Cache\Home\2a94b8bda04ff446dcedd42276fc99ee.php 第 178 行.
NOTIC: [8] Undefined index: vTime D:\wwwww\xpcjd2\web\Application\Runtime\Cache\Home\2a94b8bda04ff446dcedd42276fc99ee.php 第 178 行.
INFO: Run Behavior\ParseTemplateBehavior [ RunTime:0.015625s ]
INFO: [ view_parse ] --END-- [ RunTime:0.015625s ]
INFO: [ view_filter ] --START--
INFO: Run Behavior\WriteHtmlCacheBehavior [ RunTime:0.000000s ]
INFO: [ view_filter ] --END-- [ RunTime:0.000000s ]
INFO: [ app_end ] --START--
INFO: Run Behavior\ShowPageTraceBehavior [ RunTime:0.000000s ]
INFO: [ app_end ] --END-- [ RunTime:0.000000s ]

[ 2017-04-30T07:41:34+08:00 ] 140.205.205.1 /
INFO: [ app_init ] --START--
INFO: Run Behavior\BuildLiteBehavior [ RunTime:0.000000s ]
INFO: [ app_init ] --END-- [ RunTime:0.000000s ]
INFO: [ app_begin ] --START--
INFO: Run Behavior\ReadHtmlCacheBehavior [ RunTime:0.000000s ]
INFO: [ app_begin ] --END-- [ RunTime:0.000000s ]
SQL: SHOW COLUMNS FROM `xpc_basevideo` [ RunTime:0.0156s ]
SQL: SELECT `link_mobile`,`mp4_mobile` FROM `xpc_basevideo` WHERE ( is_show=1 and is_main=1 ) LIMIT 1   [ RunTime:0.0000s ]
SQL: SELECT `link_mobile`,`mp4_mobile`,`sltpath` FROM `xpc_basevideo` WHERE ( is_show=1 and is_main=0 ) ORDER BY id desc,pubtime desc  [ RunTime:0.0000s ]
SQL: SHOW COLUMNS FROM `xpc_danscenes` [ RunTime:0.0000s ]
SQL: SELECT st.title,dan.cate,dan.sltpath FROM xpc_danscenes dan left join  xpc_scenestype as st on st.id=dan.cate  WHERE ( dan.is_show=1 ) ORDER BY dan.id desc ,dan.pubtime desc  [ RunTime:0.0000s ]
SQL: SHOW COLUMNS FROM `xpc_duoscenes` [ RunTime:0.0000s ]
SQL: SELECT sd.ytgpath FROM xpc_duoscenes sd left join xpc_scenestype as st on st.id=sd.cate  WHERE `cate` = '11' AND `is_show` = 1 ORDER BY sd.id desc ,sd.pubtime desc  [ RunTime:0.0000s ]
SQL: SELECT sd.ytgpath FROM xpc_duoscenes sd left join xpc_scenestype as st on st.id=sd.cate  WHERE `cate` = '12' AND `is_show` = 1 ORDER BY sd.id desc ,sd.pubtime desc  [ RunTime:0.0000s ]
SQL: SELECT sd.ytgpath FROM xpc_duoscenes sd left join xpc_scenestype as st on st.id=sd.cate  WHERE `cate` = '14' AND `is_show` = 1 ORDER BY sd.id desc ,sd.pubtime desc  [ RunTime:0.0000s ]
SQL: SELECT sd.ytgpath FROM xpc_duoscenes sd left join xpc_scenestype as st on st.id=sd.cate  WHERE `cate` = '15' AND `is_show` = 1 ORDER BY sd.id desc ,sd.pubtime desc  [ RunTime:0.0000s ]
SQL: SELECT sd.ytgpath FROM xpc_duoscenes sd left join xpc_scenestype as st on st.id=sd.cate  WHERE `cate` = '16' AND `is_show` = 1 ORDER BY sd.id desc ,sd.pubtime desc  [ RunTime:0.0000s ]
SQL: SELECT sd.ytgpath FROM xpc_duoscenes sd left join xpc_scenestype as st on st.id=sd.cate  WHERE `cate` = '17' AND `is_show` = 1 ORDER BY sd.id desc ,sd.pubtime desc  [ RunTime:0.0000s ]
SQL: SELECT sd.ytgpath FROM xpc_duoscenes sd left join xpc_scenestype as st on st.id=sd.cate  WHERE `cate` = '18' AND `is_show` = 1 ORDER BY sd.id desc ,sd.pubtime desc  [ RunTime:0.0000s ]
SQL: SELECT sd.ytgpath FROM xpc_duoscenes sd left join xpc_scenestype as st on st.id=sd.cate  WHERE `cate` = '19' AND `is_show` = 1 ORDER BY sd.id desc ,sd.pubtime desc  [ RunTime:0.0000s ]
SQL: SELECT sd.ytgpath FROM xpc_duoscenes sd left join xpc_scenestype as st on st.id=sd.cate  WHERE `cate` = '20' AND `is_show` = 1 ORDER BY sd.id desc ,sd.pubtime desc  [ RunTime:0.0000s ]
SQL: SELECT sd.ytgpath FROM xpc_duoscenes sd left join xpc_scenestype as st on st.id=sd.cate  WHERE `cate` = '21' AND `is_show` = 1 ORDER BY sd.id desc ,sd.pubtime desc  [ RunTime:0.0000s ]
SQL: SELECT sd.ytgpath FROM xpc_duoscenes sd left join xpc_scenestype as st on st.id=sd.cate  WHERE `cate` = '22' AND `is_show` = 1 ORDER BY sd.id desc ,sd.pubtime desc  [ RunTime:0.0000s ]
SQL: SELECT sd.ytgpath FROM xpc_duoscenes sd left join xpc_scenestype as st on st.id=sd.cate  WHERE `cate` = '23' AND `is_show` = 1 ORDER BY sd.id desc ,sd.pubtime desc  [ RunTime:0.0000s ]
SQL: SHOW COLUMNS FROM `xpc_video` [ RunTime:0.0000s ]
SQL: SELECT * FROM `xpc_video` WHERE ( is_show=1 ) ORDER BY id desc ,pubtime desc  [ RunTime:0.0156s ]
SQL: SHOW COLUMNS FROM `xpc_service` [ RunTime:0.0000s ]
SQL: SELECT * FROM `xpc_service` WHERE ( isshow=1 ) ORDER BY id desc ,pubtime desc  [ RunTime:0.0000s ]
SQL: SHOW COLUMNS FROM `xpc_news` [ RunTime:0.0000s ]
SQL: SELECT * FROM `xpc_news` WHERE ( isshow=1 ) ORDER BY id desc ,pubtime desc LIMIT 0,2   [ RunTime:0.0000s ]
SQL: SELECT * FROM `xpc_news` WHERE ( isshow=1 ) ORDER BY id desc ,pubtime desc LIMIT 2,2   [ RunTime:0.0000s ]
INFO: [ view_parse ] --START--
INFO: [ template_filter ] --START--
INFO: Run Behavior\ContentReplaceBehavior [ RunTime:0.000000s ]
INFO: [ template_filter ] --END-- [ RunTime:0.000000s ]
NOTIC: [8] Undefined index: vTime D:\wwwww\xpcjd2\web\Application\Runtime\Cache\Home\2a94b8bda04ff446dcedd42276fc99ee.php 第 178 行.
NOTIC: [8] Undefined index: vTime D:\wwwww\xpcjd2\web\Application\Runtime\Cache\Home\2a94b8bda04ff446dcedd42276fc99ee.php 第 178 行.
INFO: Run Behavior\ParseTemplateBehavior [ RunTime:0.015625s ]
INFO: [ view_parse ] --END-- [ RunTime:0.015625s ]
INFO: [ view_filter ] --START--
INFO: Run Behavior\WriteHtmlCacheBehavior [ RunTime:0.000000s ]
INFO: [ view_filter ] --END-- [ RunTime:0.000000s ]
INFO: [ app_end ] --START--
INFO: Run Behavior\ShowPageTraceBehavior [ RunTime:0.000000s ]
INFO: [ app_end ] --END-- [ RunTime:0.000000s ]

[ 2017-04-30T09:04:05+08:00 ] 71.48.199.131 /NZr73NbcG9QpToCGdWYExoy.js
INFO: [ app_init ] --START--
INFO: Run Behavior\BuildLiteBehavior [ RunTime:0.000000s ]
INFO: [ app_init ] --END-- [ RunTime:0.000000s ]
NOTIC: [2] preg_match(): Unknown modifier ':' D:\wwwww\xpcjd2\web\thinkphp\Library\Think\Route.class.php 第 58 行.
NOTIC: [2] preg_match(): Unknown modifier ':' D:\wwwww\xpcjd2\web\thinkphp\Library\Think\Route.class.php 第 58 行.
INFO: [ app_begin ] --START--
INFO: Run Behavior\ReadHtmlCacheBehavior [ RunTime:0.000000s ]
INFO: [ app_begin ] --END-- [ RunTime:0.000000s ]
ERR: 无法加载控制器:NZr73NbcG9QpToCGdWYExoy.js

[ 2017-04-30T10:02:42+08:00 ] 203.208.60.243 /robots.txt
INFO: [ app_init ] --START--
INFO: Run Behavior\BuildLiteBehavior [ RunTime:0.000000s ]
INFO: [ app_init ] --END-- [ RunTime:0.000000s ]
NOTIC: [2] preg_match(): Unknown modifier ':' D:\wwwww\xpcjd2\web\thinkphp\Library\Think\Route.class.php 第 58 行.
NOTIC: [2] preg_match(): Unknown modifier ':' D:\wwwww\xpcjd2\web\thinkphp\Library\Think\Route.class.php 第 58 行.
INFO: [ app_begin ] --START--
INFO: Run Behavior\ReadHtmlCacheBehavior [ RunTime:0.000000s ]
INFO: [ app_begin ] --END-- [ RunTime:0.000000s ]
ERR: 无法加载控制器:Robots.txt

[ 2017-04-30T10:02:42+08:00 ] 203.208.60.243 /Index/info/ids/index.html
INFO: [ app_init ] --START--
INFO: Run Behavior\BuildLiteBehavior [ RunTime:0.000000s ]
INFO: [ app_init ] --END-- [ RunTime:0.000000s ]
NOTIC: [2] preg_match(): Unknown modifier ':' D:\wwwww\xpcjd2\web\thinkphp\Library\Think\Route.class.php 第 58 行.
NOTIC: [2] preg_match(): Unknown modifier ':' D:\wwwww\xpcjd2\web\thinkphp\Library\Think\Route.class.php 第 58 行.
INFO: [ app_begin ] --START--
INFO: Run Behavior\ReadHtmlCacheBehavior [ RunTime:0.000000s ]
INFO: [ app_begin ] --END-- [ RunTime:0.000000s ]
SQL: SHOW COLUMNS FROM `xpc_basevideo` [ RunTime:0.0156s ]
SQL: SELECT `link_mobile`,`mp4_mobile` FROM `xpc_basevideo` WHERE ( is_show=1 and is_main=1 ) LIMIT 1   [ RunTime:0.0000s ]
SQL: SELECT `link_mobile`,`mp4_mobile`,`sltpath` FROM `xpc_basevideo` WHERE ( is_show=1 and is_main=0 ) ORDER BY id desc,pubtime desc  [ RunTime:0.0000s ]
SQL: SHOW COLUMNS FROM `xpc_danscenes` [ RunTime:0.0000s ]
SQL: SELECT st.title,dan.cate,dan.sltpath FROM xpc_danscenes dan left join  xpc_scenestype as st on st.id=dan.cate  WHERE ( dan.is_show=1 ) ORDER BY dan.id desc ,dan.pubtime desc  [ RunTime:0.0000s ]
SQL: SHOW COLUMNS FROM `xpc_duoscenes` [ RunTime:0.0000s ]
SQL: SELECT sd.ytgpath FROM xpc_duoscenes sd left join xpc_scenestype as st on st.id=sd.cate  WHERE `cate` = '11' AND `is_show` = 1 ORDER BY sd.id desc ,sd.pubtime desc  [ RunTime:0.0000s ]
SQL: SELECT sd.ytgpath FROM xpc_duoscenes sd left join xpc_scenestype as st on st.id=sd.cate  WHERE `cate` = '12' AND `is_show` = 1 ORDER BY sd.id desc ,sd.pubtime desc  [ RunTime:0.0000s ]
SQL: SELECT sd.ytgpath FROM xpc_duoscenes sd left join xpc_scenestype as st on st.id=sd.cate  WHERE `cate` = '14' AND `is_show` = 1 ORDER BY sd.id desc ,sd.pubtime desc  [ RunTime:0.0000s ]
SQL: SELECT sd.ytgpath FROM xpc_duoscenes sd left join xpc_scenestype as st on st.id=sd.cate  WHERE `cate` = '15' AND `is_show` = 1 ORDER BY sd.id desc ,sd.pubtime desc  [ RunTime:0.0000s ]
SQL: SELECT sd.ytgpath FROM xpc_duoscenes sd left join xpc_scenestype as st on st.id=sd.cate  WHERE `cate` = '16' AND `is_show` = 1 ORDER BY sd.id desc ,sd.pubtime desc  [ RunTime:0.0000s ]
SQL: SELECT sd.ytgpath FROM xpc_duoscenes sd left join xpc_scenestype as st on st.id=sd.cate  WHERE `cate` = '17' AND `is_show` = 1 ORDER BY sd.id desc ,sd.pubtime desc  [ RunTime:0.0000s ]
SQL: SELECT sd.ytgpath FROM xpc_duoscenes sd left join xpc_scenestype as st on st.id=sd.cate  WHERE `cate` = '18' AND `is_show` = 1 ORDER BY sd.id desc ,sd.pubtime desc  [ RunTime:0.0000s ]
SQL: SELECT sd.ytgpath FROM xpc_duoscenes sd left join xpc_scenestype as st on st.id=sd.cate  WHERE `cate` = '19' AND `is_show` = 1 ORDER BY sd.id desc ,sd.pubtime desc  [ RunTime:0.0000s ]
SQL: SELECT sd.ytgpath FROM xpc_duoscenes sd left join xpc_scenestype as st on st.id=sd.cate  WHERE `cate` = '20' AND `is_show` = 1 ORDER BY sd.id desc ,sd.pubtime desc  [ RunTime:0.0000s ]
SQL: SELECT sd.ytgpath FROM xpc_duoscenes sd left join xpc_scenestype as st on st.id=sd.cate  WHERE `cate` = '21' AND `is_show` = 1 ORDER BY sd.id desc ,sd.pubtime desc  [ RunTime:0.0000s ]
SQL: SELECT sd.ytgpath FROM xpc_duoscenes sd left join xpc_scenestype as st on st.id=sd.cate  WHERE `cate` = '22' AND `is_show` = 1 ORDER BY sd.id desc ,sd.pubtime desc  [ RunTime:0.0000s ]
SQL: SELECT sd.ytgpath FROM xpc_duoscenes sd left join xpc_scenestype as st on st.id=sd.cate  WHERE `cate` = '23' AND `is_show` = 1 ORDER BY sd.id desc ,sd.pubtime desc  [ RunTime:0.0000s ]
SQL: SHOW COLUMNS FROM `xpc_video` [ RunTime:0.0000s ]
SQL: SELECT * FROM `xpc_video` WHERE ( is_show=1 ) ORDER BY id desc ,pubtime desc  [ RunTime:0.0000s ]
SQL: SHOW COLUMNS FROM `xpc_service` [ RunTime:0.0000s ]
SQL: SELECT * FROM `xpc_service` WHERE ( isshow=1 ) ORDER BY id desc ,pubtime desc  [ RunTime:0.0000s ]
SQL: SHOW COLUMNS FROM `xpc_news` [ RunTime:0.0156s ]
SQL: SELECT * FROM `xpc_news` WHERE ( isshow=1 ) ORDER BY id desc ,pubtime desc LIMIT 0,2   [ RunTime:0.0000s ]
SQL: SELECT * FROM `xpc_news` WHERE ( isshow=1 ) ORDER BY id desc ,pubtime desc LIMIT 2,2   [ RunTime:0.0000s ]
ERR: 1064:You have an error in your SQL syntax; check the manual that corresponds to your MySQL server version for the right syntax to use near 'index ) LIMIT 1' at line 1
 [ SQL语句 ] : SELECT * FROM `xpc_news` WHERE ( id=index ) LIMIT 1  
ERR: 1064:You have an error in your SQL syntax; check the manual that corresponds to your MySQL server version for the right syntax to use near 'index ) LIMIT 1' at line 1
 [ SQL语句 ] : SELECT * FROM `xpc_news` WHERE ( id=index ) LIMIT 1  

[ 2017-04-30T12:39:40+08:00 ] 140.205.205.8 /
INFO: [ app_init ] --START--
INFO: Run Behavior\BuildLiteBehavior [ RunTime:0.000000s ]
INFO: [ app_init ] --END-- [ RunTime:0.000000s ]
INFO: [ app_begin ] --START--
INFO: Run Behavior\ReadHtmlCacheBehavior [ RunTime:0.000000s ]
INFO: [ app_begin ] --END-- [ RunTime:0.000000s ]
SQL: SHOW COLUMNS FROM `xpc_basevideo` [ RunTime:0.0000s ]
SQL: SELECT `link_mobile`,`mp4_mobile` FROM `xpc_basevideo` WHERE ( is_show=1 and is_main=1 ) LIMIT 1   [ RunTime:0.0000s ]
SQL: SELECT `link_mobile`,`mp4_mobile`,`sltpath` FROM `xpc_basevideo` WHERE ( is_show=1 and is_main=0 ) ORDER BY id desc,pubtime desc  [ RunTime:0.0000s ]
SQL: SHOW COLUMNS FROM `xpc_danscenes` [ RunTime:0.0156s ]
SQL: SELECT st.title,dan.cate,dan.sltpath FROM xpc_danscenes dan left join  xpc_scenestype as st on st.id=dan.cate  WHERE ( dan.is_show=1 ) ORDER BY dan.id desc ,dan.pubtime desc  [ RunTime:0.0000s ]
SQL: SHOW COLUMNS FROM `xpc_duoscenes` [ RunTime:0.0000s ]
SQL: SELECT sd.ytgpath FROM xpc_duoscenes sd left join xpc_scenestype as st on st.id=sd.cate  WHERE `cate` = '11' AND `is_show` = 1 ORDER BY sd.id desc ,sd.pubtime desc  [ RunTime:0.0000s ]
SQL: SELECT sd.ytgpath FROM xpc_duoscenes sd left join xpc_scenestype as st on st.id=sd.cate  WHERE `cate` = '12' AND `is_show` = 1 ORDER BY sd.id desc ,sd.pubtime desc  [ RunTime:0.0000s ]
SQL: SELECT sd.ytgpath FROM xpc_duoscenes sd left join xpc_scenestype as st on st.id=sd.cate  WHERE `cate` = '14' AND `is_show` = 1 ORDER BY sd.id desc ,sd.pubtime desc  [ RunTime:0.0000s ]
SQL: SELECT sd.ytgpath FROM xpc_duoscenes sd left join xpc_scenestype as st on st.id=sd.cate  WHERE `cate` = '15' AND `is_show` = 1 ORDER BY sd.id desc ,sd.pubtime desc  [ RunTime:0.0000s ]
SQL: SELECT sd.ytgpath FROM xpc_duoscenes sd left join xpc_scenestype as st on st.id=sd.cate  WHERE `cate` = '16' AND `is_show` = 1 ORDER BY sd.id desc ,sd.pubtime desc  [ RunTime:0.0000s ]
SQL: SELECT sd.ytgpath FROM xpc_duoscenes sd left join xpc_scenestype as st on st.id=sd.cate  WHERE `cate` = '17' AND `is_show` = 1 ORDER BY sd.id desc ,sd.pubtime desc  [ RunTime:0.0000s ]
SQL: SELECT sd.ytgpath FROM xpc_duoscenes sd left join xpc_scenestype as st on st.id=sd.cate  WHERE `cate` = '18' AND `is_show` = 1 ORDER BY sd.id desc ,sd.pubtime desc  [ RunTime:0.0000s ]
SQL: SELECT sd.ytgpath FROM xpc_duoscenes sd left join xpc_scenestype as st on st.id=sd.cate  WHERE `cate` = '19' AND `is_show` = 1 ORDER BY sd.id desc ,sd.pubtime desc  [ RunTime:0.0000s ]
SQL: SELECT sd.ytgpath FROM xpc_duoscenes sd left join xpc_scenestype as st on st.id=sd.cate  WHERE `cate` = '20' AND `is_show` = 1 ORDER BY sd.id desc ,sd.pubtime desc  [ RunTime:0.0000s ]
SQL: SELECT sd.ytgpath FROM xpc_duoscenes sd left join xpc_scenestype as st on st.id=sd.cate  WHERE `cate` = '21' AND `is_show` = 1 ORDER BY sd.id desc ,sd.pubtime desc  [ RunTime:0.0000s ]
SQL: SELECT sd.ytgpath FROM xpc_duoscenes sd left join xpc_scenestype as st on st.id=sd.cate  WHERE `cate` = '22' AND `is_show` = 1 ORDER BY sd.id desc ,sd.pubtime desc  [ RunTime:0.0000s ]
SQL: SELECT sd.ytgpath FROM xpc_duoscenes sd left join xpc_scenestype as st on st.id=sd.cate  WHERE `cate` = '23' AND `is_show` = 1 ORDER BY sd.id desc ,sd.pubtime desc  [ RunTime:0.0000s ]
SQL: SHOW COLUMNS FROM `xpc_video` [ RunTime:0.0000s ]
SQL: SELECT * FROM `xpc_video` WHERE ( is_show=1 ) ORDER BY id desc ,pubtime desc  [ RunTime:0.0000s ]
SQL: SHOW COLUMNS FROM `xpc_service` [ RunTime:0.0000s ]
SQL: SELECT * FROM `xpc_service` WHERE ( isshow=1 ) ORDER BY id desc ,pubtime desc  [ RunTime:0.0000s ]
SQL: SHOW COLUMNS FROM `xpc_news` [ RunTime:0.0000s ]
SQL: SELECT * FROM `xpc_news` WHERE ( isshow=1 ) ORDER BY id desc ,pubtime desc LIMIT 0,2   [ RunTime:0.0000s ]
SQL: SELECT * FROM `xpc_news` WHERE ( isshow=1 ) ORDER BY id desc ,pubtime desc LIMIT 2,2   [ RunTime:0.0156s ]
INFO: [ view_parse ] --START--
INFO: [ template_filter ] --START--
INFO: Run Behavior\ContentReplaceBehavior [ RunTime:0.000000s ]
INFO: [ template_filter ] --END-- [ RunTime:0.000000s ]
NOTIC: [8] Undefined index: vTime D:\wwwww\xpcjd2\web\Application\Runtime\Cache\Home\2a94b8bda04ff446dcedd42276fc99ee.php 第 178 行.
NOTIC: [8] Undefined index: vTime D:\wwwww\xpcjd2\web\Application\Runtime\Cache\Home\2a94b8bda04ff446dcedd42276fc99ee.php 第 178 行.
INFO: Run Behavior\ParseTemplateBehavior [ RunTime:0.015625s ]
INFO: [ view_parse ] --END-- [ RunTime:0.015625s ]
INFO: [ view_filter ] --START--
INFO: Run Behavior\WriteHtmlCacheBehavior [ RunTime:0.000000s ]
INFO: [ view_filter ] --END-- [ RunTime:0.000000s ]
INFO: [ app_end ] --START--
INFO: Run Behavior\ShowPageTraceBehavior [ RunTime:0.000000s ]
INFO: [ app_end ] --END-- [ RunTime:0.000000s ]

[ 2017-04-30T12:47:40+08:00 ] 140.205.205.8 /
INFO: [ app_init ] --START--
INFO: Run Behavior\BuildLiteBehavior [ RunTime:0.000000s ]
INFO: [ app_init ] --END-- [ RunTime:0.000000s ]
INFO: [ app_begin ] --START--
INFO: Run Behavior\ReadHtmlCacheBehavior [ RunTime:0.000000s ]
INFO: [ app_begin ] --END-- [ RunTime:0.000000s ]
SQL: SHOW COLUMNS FROM `xpc_basevideo` [ RunTime:0.0000s ]
SQL: SELECT `link_mobile`,`mp4_mobile` FROM `xpc_basevideo` WHERE ( is_show=1 and is_main=1 ) LIMIT 1   [ RunTime:0.0000s ]
SQL: SELECT `link_mobile`,`mp4_mobile`,`sltpath` FROM `xpc_basevideo` WHERE ( is_show=1 and is_main=0 ) ORDER BY id desc,pubtime desc  [ RunTime:0.0000s ]
SQL: SHOW COLUMNS FROM `xpc_danscenes` [ RunTime:0.0000s ]
SQL: SELECT st.title,dan.cate,dan.sltpath FROM xpc_danscenes dan left join  xpc_scenestype as st on st.id=dan.cate  WHERE ( dan.is_show=1 ) ORDER BY dan.id desc ,dan.pubtime desc  [ RunTime:0.0000s ]
SQL: SHOW COLUMNS FROM `xpc_duoscenes` [ RunTime:0.0000s ]
SQL: SELECT sd.ytgpath FROM xpc_duoscenes sd left join xpc_scenestype as st on st.id=sd.cate  WHERE `cate` = '11' AND `is_show` = 1 ORDER BY sd.id desc ,sd.pubtime desc  [ RunTime:0.0156s ]
SQL: SELECT sd.ytgpath FROM xpc_duoscenes sd left join xpc_scenestype as st on st.id=sd.cate  WHERE `cate` = '12' AND `is_show` = 1 ORDER BY sd.id desc ,sd.pubtime desc  [ RunTime:0.0000s ]
SQL: SELECT sd.ytgpath FROM xpc_duoscenes sd left join xpc_scenestype as st on st.id=sd.cate  WHERE `cate` = '14' AND `is_show` = 1 ORDER BY sd.id desc ,sd.pubtime desc  [ RunTime:0.0000s ]
SQL: SELECT sd.ytgpath FROM xpc_duoscenes sd left join xpc_scenestype as st on st.id=sd.cate  WHERE `cate` = '15' AND `is_show` = 1 ORDER BY sd.id desc ,sd.pubtime desc  [ RunTime:0.0000s ]
SQL: SELECT sd.ytgpath FROM xpc_duoscenes sd left join xpc_scenestype as st on st.id=sd.cate  WHERE `cate` = '16' AND `is_show` = 1 ORDER BY sd.id desc ,sd.pubtime desc  [ RunTime:0.0000s ]
SQL: SELECT sd.ytgpath FROM xpc_duoscenes sd left join xpc_scenestype as st on st.id=sd.cate  WHERE `cate` = '17' AND `is_show` = 1 ORDER BY sd.id desc ,sd.pubtime desc  [ RunTime:0.0000s ]
SQL: SELECT sd.ytgpath FROM xpc_duoscenes sd left join xpc_scenestype as st on st.id=sd.cate  WHERE `cate` = '18' AND `is_show` = 1 ORDER BY sd.id desc ,sd.pubtime desc  [ RunTime:0.0000s ]
SQL: SELECT sd.ytgpath FROM xpc_duoscenes sd left join xpc_scenestype as st on st.id=sd.cate  WHERE `cate` = '19' AND `is_show` = 1 ORDER BY sd.id desc ,sd.pubtime desc  [ RunTime:0.0000s ]
SQL: SELECT sd.ytgpath FROM xpc_duoscenes sd left join xpc_scenestype as st on st.id=sd.cate  WHERE `cate` = '20' AND `is_show` = 1 ORDER BY sd.id desc ,sd.pubtime desc  [ RunTime:0.0000s ]
SQL: SELECT sd.ytgpath FROM xpc_duoscenes sd left join xpc_scenestype as st on st.id=sd.cate  WHERE `cate` = '21' AND `is_show` = 1 ORDER BY sd.id desc ,sd.pubtime desc  [ RunTime:0.0000s ]
SQL: SELECT sd.ytgpath FROM xpc_duoscenes sd left join xpc_scenestype as st on st.id=sd.cate  WHERE `cate` = '22' AND `is_show` = 1 ORDER BY sd.id desc ,sd.pubtime desc  [ RunTime:0.0000s ]
SQL: SELECT sd.ytgpath FROM xpc_duoscenes sd left join xpc_scenestype as st on st.id=sd.cate  WHERE `cate` = '23' AND `is_show` = 1 ORDER BY sd.id desc ,sd.pubtime desc  [ RunTime:0.0000s ]
SQL: SHOW COLUMNS FROM `xpc_video` [ RunTime:0.0000s ]
SQL: SELECT * FROM `xpc_video` WHERE ( is_show=1 ) ORDER BY id desc ,pubtime desc  [ RunTime:0.0000s ]
SQL: SHOW COLUMNS FROM `xpc_service` [ RunTime:0.0000s ]
SQL: SELECT * FROM `xpc_service` WHERE ( isshow=1 ) ORDER BY id desc ,pubtime desc  [ RunTime:0.0000s ]
SQL: SHOW COLUMNS FROM `xpc_news` [ RunTime:0.0000s ]
SQL: SELECT * FROM `xpc_news` WHERE ( isshow=1 ) ORDER BY id desc ,pubtime desc LIMIT 0,2   [ RunTime:0.0000s ]
SQL: SELECT * FROM `xpc_news` WHERE ( isshow=1 ) ORDER BY id desc ,pubtime desc LIMIT 2,2   [ RunTime:0.0000s ]
INFO: [ view_parse ] --START--
INFO: [ template_filter ] --START--
INFO: Run Behavior\ContentReplaceBehavior [ RunTime:0.000000s ]
INFO: [ template_filter ] --END-- [ RunTime:0.000000s ]
NOTIC: [8] Undefined index: vTime D:\wwwww\xpcjd2\web\Application\Runtime\Cache\Home\2a94b8bda04ff446dcedd42276fc99ee.php 第 178 行.
NOTIC: [8] Undefined index: vTime D:\wwwww\xpcjd2\web\Application\Runtime\Cache\Home\2a94b8bda04ff446dcedd42276fc99ee.php 第 178 行.
INFO: Run Behavior\ParseTemplateBehavior [ RunTime:0.031250s ]
INFO: [ view_parse ] --END-- [ RunTime:0.031250s ]
INFO: [ view_filter ] --START--
INFO: Run Behavior\WriteHtmlCacheBehavior [ RunTime:0.000000s ]
INFO: [ view_filter ] --END-- [ RunTime:0.000000s ]
INFO: [ app_end ] --START--
INFO: Run Behavior\ShowPageTraceBehavior [ RunTime:0.000000s ]
INFO: [ app_end ] --END-- [ RunTime:0.000000s ]

[ 2017-04-30T14:20:21+08:00 ] 71.212.232.109 /odgq3OO9GFSHzsdQTboUnHvoB.js
INFO: [ app_init ] --START--
INFO: Run Behavior\BuildLiteBehavior [ RunTime:0.000000s ]
INFO: [ app_init ] --END-- [ RunTime:0.000000s ]
NOTIC: [2] preg_match(): Unknown modifier ':' D:\wwwww\xpcjd2\web\thinkphp\Library\Think\Route.class.php 第 58 行.
NOTIC: [2] preg_match(): Unknown modifier ':' D:\wwwww\xpcjd2\web\thinkphp\Library\Think\Route.class.php 第 58 行.
INFO: [ app_begin ] --START--
INFO: Run Behavior\ReadHtmlCacheBehavior [ RunTime:0.000000s ]
INFO: [ app_begin ] --END-- [ RunTime:0.000000s ]
ERR: 无法加载控制器:Odgq3OO9GFSHzsdQTboUnHvoB.js

[ 2017-04-30T16:27:33+08:00 ] 202.108.211.57 /
INFO: [ app_init ] --START--
INFO: Run Behavior\BuildLiteBehavior [ RunTime:0.000000s ]
INFO: [ app_init ] --END-- [ RunTime:0.000000s ]
INFO: [ app_begin ] --START--
INFO: Run Behavior\ReadHtmlCacheBehavior [ RunTime:0.000000s ]
INFO: [ app_begin ] --END-- [ RunTime:0.000000s ]
SQL: SHOW COLUMNS FROM `xpc_basevideo` [ RunTime:0.0000s ]
SQL: SELECT `link_mobile`,`mp4_mobile` FROM `xpc_basevideo` WHERE ( is_show=1 and is_main=1 ) LIMIT 1   [ RunTime:0.0000s ]
SQL: SELECT `link_mobile`,`mp4_mobile`,`sltpath` FROM `xpc_basevideo` WHERE ( is_show=1 and is_main=0 ) ORDER BY id desc,pubtime desc  [ RunTime:0.0000s ]
SQL: SHOW COLUMNS FROM `xpc_danscenes` [ RunTime:0.0000s ]
SQL: SELECT st.title,dan.cate,dan.sltpath FROM xpc_danscenes dan left join  xpc_scenestype as st on st.id=dan.cate  WHERE ( dan.is_show=1 ) ORDER BY dan.id desc ,dan.pubtime desc  [ RunTime:0.0156s ]
SQL: SHOW COLUMNS FROM `xpc_duoscenes` [ RunTime:0.0000s ]
SQL: SELECT sd.ytgpath FROM xpc_duoscenes sd left join xpc_scenestype as st on st.id=sd.cate  WHERE `cate` = '11' AND `is_show` = 1 ORDER BY sd.id desc ,sd.pubtime desc  [ RunTime:0.0000s ]
SQL: SELECT sd.ytgpath FROM xpc_duoscenes sd left join xpc_scenestype as st on st.id=sd.cate  WHERE `cate` = '12' AND `is_show` = 1 ORDER BY sd.id desc ,sd.pubtime desc  [ RunTime:0.0000s ]
SQL: SELECT sd.ytgpath FROM xpc_duoscenes sd left join xpc_scenestype as st on st.id=sd.cate  WHERE `cate` = '14' AND `is_show` = 1 ORDER BY sd.id desc ,sd.pubtime desc  [ RunTime:0.0000s ]
SQL: SELECT sd.ytgpath FROM xpc_duoscenes sd left join xpc_scenestype as st on st.id=sd.cate  WHERE `cate` = '15' AND `is_show` = 1 ORDER BY sd.id desc ,sd.pubtime desc  [ RunTime:0.0000s ]
SQL: SELECT sd.ytgpath FROM xpc_duoscenes sd left join xpc_scenestype as st on st.id=sd.cate  WHERE `cate` = '16' AND `is_show` = 1 ORDER BY sd.id desc ,sd.pubtime desc  [ RunTime:0.0000s ]
SQL: SELECT sd.ytgpath FROM xpc_duoscenes sd left join xpc_scenestype as st on st.id=sd.cate  WHERE `cate` = '17' AND `is_show` = 1 ORDER BY sd.id desc ,sd.pubtime desc  [ RunTime:0.0000s ]
SQL: SELECT sd.ytgpath FROM xpc_duoscenes sd left join xpc_scenestype as st on st.id=sd.cate  WHERE `cate` = '18' AND `is_show` = 1 ORDER BY sd.id desc ,sd.pubtime desc  [ RunTime:0.0000s ]
SQL: SELECT sd.ytgpath FROM xpc_duoscenes sd left join xpc_scenestype as st on st.id=sd.cate  WHERE `cate` = '19' AND `is_show` = 1 ORDER BY sd.id desc ,sd.pubtime desc  [ RunTime:0.0000s ]
SQL: SELECT sd.ytgpath FROM xpc_duoscenes sd left join xpc_scenestype as st on st.id=sd.cate  WHERE `cate` = '20' AND `is_show` = 1 ORDER BY sd.id desc ,sd.pubtime desc  [ RunTime:0.0000s ]
SQL: SELECT sd.ytgpath FROM xpc_duoscenes sd left join xpc_scenestype as st on st.id=sd.cate  WHERE `cate` = '21' AND `is_show` = 1 ORDER BY sd.id desc ,sd.pubtime desc  [ RunTime:0.0000s ]
SQL: SELECT sd.ytgpath FROM xpc_duoscenes sd left join xpc_scenestype as st on st.id=sd.cate  WHERE `cate` = '22' AND `is_show` = 1 ORDER BY sd.id desc ,sd.pubtime desc  [ RunTime:0.0000s ]
SQL: SELECT sd.ytgpath FROM xpc_duoscenes sd left join xpc_scenestype as st on st.id=sd.cate  WHERE `cate` = '23' AND `is_show` = 1 ORDER BY sd.id desc ,sd.pubtime desc  [ RunTime:0.0000s ]
SQL: SHOW COLUMNS FROM `xpc_video` [ RunTime:0.0000s ]
SQL: SELECT * FROM `xpc_video` WHERE ( is_show=1 ) ORDER BY id desc ,pubtime desc  [ RunTime:0.0000s ]
SQL: SHOW COLUMNS FROM `xpc_service` [ RunTime:0.0000s ]
SQL: SELECT * FROM `xpc_service` WHERE ( isshow=1 ) ORDER BY id desc ,pubtime desc  [ RunTime:0.0000s ]
SQL: SHOW COLUMNS FROM `xpc_news` [ RunTime:0.0000s ]
SQL: SELECT * FROM `xpc_news` WHERE ( isshow=1 ) ORDER BY id desc ,pubtime desc LIMIT 0,2   [ RunTime:0.0000s ]
SQL: SELECT * FROM `xpc_news` WHERE ( isshow=1 ) ORDER BY id desc ,pubtime desc LIMIT 2,2   [ RunTime:0.0000s ]
INFO: [ view_parse ] --START--
INFO: [ template_filter ] --START--
INFO: Run Behavior\ContentReplaceBehavior [ RunTime:0.000000s ]
INFO: [ template_filter ] --END-- [ RunTime:0.000000s ]
NOTIC: [8] Undefined index: vTime D:\wwwww\xpcjd2\web\Application\Runtime\Cache\Home\2a94b8bda04ff446dcedd42276fc99ee.php 第 178 行.
NOTIC: [8] Undefined index: vTime D:\wwwww\xpcjd2\web\Application\Runtime\Cache\Home\2a94b8bda04ff446dcedd42276fc99ee.php 第 178 行.
INFO: Run Behavior\ParseTemplateBehavior [ RunTime:0.031250s ]
INFO: [ view_parse ] --END-- [ RunTime:0.031250s ]
INFO: [ view_filter ] --START--
INFO: Run Behavior\WriteHtmlCacheBehavior [ RunTime:0.000000s ]
INFO: [ view_filter ] --END-- [ RunTime:0.000000s ]
INFO: [ app_end ] --START--
INFO: Run Behavior\ShowPageTraceBehavior [ RunTime:0.000000s ]
INFO: [ app_end ] --END-- [ RunTime:0.000000s ]

[ 2017-04-30T16:27:33+08:00 ] 202.108.211.57 /
INFO: [ app_init ] --START--
INFO: Run Behavior\BuildLiteBehavior [ RunTime:0.000000s ]
INFO: [ app_init ] --END-- [ RunTime:0.000000s ]
INFO: [ app_begin ] --START--
INFO: Run Behavior\ReadHtmlCacheBehavior [ RunTime:0.000000s ]
INFO: [ app_begin ] --END-- [ RunTime:0.000000s ]
SQL: SHOW COLUMNS FROM `xpc_basevideo` [ RunTime:0.0000s ]
SQL: SELECT `link_mobile`,`mp4_mobile` FROM `xpc_basevideo` WHERE ( is_show=1 and is_main=1 ) LIMIT 1   [ RunTime:0.0000s ]
SQL: SELECT `link_mobile`,`mp4_mobile`,`sltpath` FROM `xpc_basevideo` WHERE ( is_show=1 and is_main=0 ) ORDER BY id desc,pubtime desc  [ RunTime:0.0000s ]
SQL: SHOW COLUMNS FROM `xpc_danscenes` [ RunTime:0.0000s ]
SQL: SELECT st.title,dan.cate,dan.sltpath FROM xpc_danscenes dan left join  xpc_scenestype as st on st.id=dan.cate  WHERE ( dan.is_show=1 ) ORDER BY dan.id desc ,dan.pubtime desc  [ RunTime:0.0000s ]
SQL: SHOW COLUMNS FROM `xpc_duoscenes` [ RunTime:0.0156s ]
SQL: SELECT sd.ytgpath FROM xpc_duoscenes sd left join xpc_scenestype as st on st.id=sd.cate  WHERE `cate` = '11' AND `is_show` = 1 ORDER BY sd.id desc ,sd.pubtime desc  [ RunTime:0.0000s ]
SQL: SELECT sd.ytgpath FROM xpc_duoscenes sd left join xpc_scenestype as st on st.id=sd.cate  WHERE `cate` = '12' AND `is_show` = 1 ORDER BY sd.id desc ,sd.pubtime desc  [ RunTime:0.0000s ]
SQL: SELECT sd.ytgpath FROM xpc_duoscenes sd left join xpc_scenestype as st on st.id=sd.cate  WHERE `cate` = '14' AND `is_show` = 1 ORDER BY sd.id desc ,sd.pubtime desc  [ RunTime:0.0000s ]
SQL: SELECT sd.ytgpath FROM xpc_duoscenes sd left join xpc_scenestype as st on st.id=sd.cate  WHERE `cate` = '15' AND `is_show` = 1 ORDER BY sd.id desc ,sd.pubtime desc  [ RunTime:0.0000s ]
SQL: SELECT sd.ytgpath FROM xpc_duoscenes sd left join xpc_scenestype as st on st.id=sd.cate  WHERE `cate` = '16' AND `is_show` = 1 ORDER BY sd.id desc ,sd.pubtime desc  [ RunTime:0.0000s ]
SQL: SELECT sd.ytgpath FROM xpc_duoscenes sd left join xpc_scenestype as st on st.id=sd.cate  WHERE `cate` = '17' AND `is_show` = 1 ORDER BY sd.id desc ,sd.pubtime desc  [ RunTime:0.0000s ]
SQL: SELECT sd.ytgpath FROM xpc_duoscenes sd left join xpc_scenestype as st on st.id=sd.cate  WHERE `cate` = '18' AND `is_show` = 1 ORDER BY sd.id desc ,sd.pubtime desc  [ RunTime:0.0000s ]
SQL: SELECT sd.ytgpath FROM xpc_duoscenes sd left join xpc_scenestype as st on st.id=sd.cate  WHERE `cate` = '19' AND `is_show` = 1 ORDER BY sd.id desc ,sd.pubtime desc  [ RunTime:0.0000s ]
SQL: SELECT sd.ytgpath FROM xpc_duoscenes sd left join xpc_scenestype as st on st.id=sd.cate  WHERE `cate` = '20' AND `is_show` = 1 ORDER BY sd.id desc ,sd.pubtime desc  [ RunTime:0.0000s ]
SQL: SELECT sd.ytgpath FROM xpc_duoscenes sd left join xpc_scenestype as st on st.id=sd.cate  WHERE `cate` = '21' AND `is_show` = 1 ORDER BY sd.id desc ,sd.pubtime desc  [ RunTime:0.0000s ]
SQL: SELECT sd.ytgpath FROM xpc_duoscenes sd left join xpc_scenestype as st on st.id=sd.cate  WHERE `cate` = '22' AND `is_show` = 1 ORDER BY sd.id desc ,sd.pubtime desc  [ RunTime:0.0000s ]
SQL: SELECT sd.ytgpath FROM xpc_duoscenes sd left join xpc_scenestype as st on st.id=sd.cate  WHERE `cate` = '23' AND `is_show` = 1 ORDER BY sd.id desc ,sd.pubtime desc  [ RunTime:0.0000s ]
SQL: SHOW COLUMNS FROM `xpc_video` [ RunTime:0.0000s ]
SQL: SELECT * FROM `xpc_video` WHERE ( is_show=1 ) ORDER BY id desc ,pubtime desc  [ RunTime:0.0000s ]
SQL: SHOW COLUMNS FROM `xpc_service` [ RunTime:0.0000s ]
SQL: SELECT * FROM `xpc_service` WHERE ( isshow=1 ) ORDER BY id desc ,pubtime desc  [ RunTime:0.0000s ]
SQL: SHOW COLUMNS FROM `xpc_news` [ RunTime:0.0000s ]
SQL: SELECT * FROM `xpc_news` WHERE ( isshow=1 ) ORDER BY id desc ,pubtime desc LIMIT 0,2   [ RunTime:0.0000s ]
SQL: SELECT * FROM `xpc_news` WHERE ( isshow=1 ) ORDER BY id desc ,pubtime desc LIMIT 2,2   [ RunTime:0.0000s ]
INFO: [ view_parse ] --START--
INFO: [ template_filter ] --START--
INFO: Run Behavior\ContentReplaceBehavior [ RunTime:0.000000s ]
INFO: [ template_filter ] --END-- [ RunTime:0.000000s ]
NOTIC: [8] Undefined index: vTime D:\wwwww\xpcjd2\web\Application\Runtime\Cache\Home\2a94b8bda04ff446dcedd42276fc99ee.php 第 178 行.
NOTIC: [8] Undefined index: vTime D:\wwwww\xpcjd2\web\Application\Runtime\Cache\Home\2a94b8bda04ff446dcedd42276fc99ee.php 第 178 行.
INFO: Run Behavior\ParseTemplateBehavior [ RunTime:0.015625s ]
INFO: [ view_parse ] --END-- [ RunTime:0.015625s ]
INFO: [ view_filter ] --START--
INFO: Run Behavior\WriteHtmlCacheBehavior [ RunTime:0.000000s ]
INFO: [ view_filter ] --END-- [ RunTime:0.000000s ]
INFO: [ app_end ] --START--
INFO: Run Behavior\ShowPageTraceBehavior [ RunTime:0.000000s ]
INFO: [ app_end ] --END-- [ RunTime:0.000000s ]

[ 2017-04-30T16:27:34+08:00 ] 202.108.211.57 /
INFO: [ app_init ] --START--
INFO: Run Behavior\BuildLiteBehavior [ RunTime:0.000000s ]
INFO: [ app_init ] --END-- [ RunTime:0.000000s ]
INFO: [ app_begin ] --START--
INFO: Run Behavior\ReadHtmlCacheBehavior [ RunTime:0.000000s ]
INFO: [ app_begin ] --END-- [ RunTime:0.000000s ]
SQL: SHOW COLUMNS FROM `xpc_basevideo` [ RunTime:0.0000s ]
SQL: SELECT `link_mobile`,`mp4_mobile` FROM `xpc_basevideo` WHERE ( is_show=1 and is_main=1 ) LIMIT 1   [ RunTime:0.0000s ]
SQL: SELECT `link_mobile`,`mp4_mobile`,`sltpath` FROM `xpc_basevideo` WHERE ( is_show=1 and is_main=0 ) ORDER BY id desc,pubtime desc  [ RunTime:0.0000s ]
SQL: SHOW COLUMNS FROM `xpc_danscenes` [ RunTime:0.0000s ]
SQL: SELECT st.title,dan.cate,dan.sltpath FROM xpc_danscenes dan left join  xpc_scenestype as st on st.id=dan.cate  WHERE ( dan.is_show=1 ) ORDER BY dan.id desc ,dan.pubtime desc  [ RunTime:0.0000s ]
SQL: SHOW COLUMNS FROM `xpc_duoscenes` [ RunTime:0.0000s ]
SQL: SELECT sd.ytgpath FROM xpc_duoscenes sd left join xpc_scenestype as st on st.id=sd.cate  WHERE `cate` = '11' AND `is_show` = 1 ORDER BY sd.id desc ,sd.pubtime desc  [ RunTime:0.0000s ]
SQL: SELECT sd.ytgpath FROM xpc_duoscenes sd left join xpc_scenestype as st on st.id=sd.cate  WHERE `cate` = '12' AND `is_show` = 1 ORDER BY sd.id desc ,sd.pubtime desc  [ RunTime:0.0000s ]
SQL: SELECT sd.ytgpath FROM xpc_duoscenes sd left join xpc_scenestype as st on st.id=sd.cate  WHERE `cate` = '14' AND `is_show` = 1 ORDER BY sd.id desc ,sd.pubtime desc  [ RunTime:0.0000s ]
SQL: SELECT sd.ytgpath FROM xpc_duoscenes sd left join xpc_scenestype as st on st.id=sd.cate  WHERE `cate` = '15' AND `is_show` = 1 ORDER BY sd.id desc ,sd.pubtime desc  [ RunTime:0.0000s ]
SQL: SELECT sd.ytgpath FROM xpc_duoscenes sd left join xpc_scenestype as st on st.id=sd.cate  WHERE `cate` = '16' AND `is_show` = 1 ORDER BY sd.id desc ,sd.pubtime desc  [ RunTime:0.0000s ]
SQL: SELECT sd.ytgpath FROM xpc_duoscenes sd left join xpc_scenestype as st on st.id=sd.cate  WHERE `cate` = '17' AND `is_show` = 1 ORDER BY sd.id desc ,sd.pubtime desc  [ RunTime:0.0000s ]
SQL: SELECT sd.ytgpath FROM xpc_duoscenes sd left join xpc_scenestype as st on st.id=sd.cate  WHERE `cate` = '18' AND `is_show` = 1 ORDER BY sd.id desc ,sd.pubtime desc  [ RunTime:0.0000s ]
SQL: SELECT sd.ytgpath FROM xpc_duoscenes sd left join xpc_scenestype as st on st.id=sd.cate  WHERE `cate` = '19' AND `is_show` = 1 ORDER BY sd.id desc ,sd.pubtime desc  [ RunTime:0.0000s ]
SQL: SELECT sd.ytgpath FROM xpc_duoscenes sd left join xpc_scenestype as st on st.id=sd.cate  WHERE `cate` = '20' AND `is_show` = 1 ORDER BY sd.id desc ,sd.pubtime desc  [ RunTime:0.0000s ]
SQL: SELECT sd.ytgpath FROM xpc_duoscenes sd left join xpc_scenestype as st on st.id=sd.cate  WHERE `cate` = '21' AND `is_show` = 1 ORDER BY sd.id desc ,sd.pubtime desc  [ RunTime:0.0000s ]
SQL: SELECT sd.ytgpath FROM xpc_duoscenes sd left join xpc_scenestype as st on st.id=sd.cate  WHERE `cate` = '22' AND `is_show` = 1 ORDER BY sd.id desc ,sd.pubtime desc  [ RunTime:0.0000s ]
SQL: SELECT sd.ytgpath FROM xpc_duoscenes sd left join xpc_scenestype as st on st.id=sd.cate  WHERE `cate` = '23' AND `is_show` = 1 ORDER BY sd.id desc ,sd.pubtime desc  [ RunTime:0.0000s ]
SQL: SHOW COLUMNS FROM `xpc_video` [ RunTime:0.0000s ]
SQL: SELECT * FROM `xpc_video` WHERE ( is_show=1 ) ORDER BY id desc ,pubtime desc  [ RunTime:0.0000s ]
SQL: SHOW COLUMNS FROM `xpc_service` [ RunTime:0.0000s ]
SQL: SELECT * FROM `xpc_service` WHERE ( isshow=1 ) ORDER BY id desc ,pubtime desc  [ RunTime:0.0000s ]
SQL: SHOW COLUMNS FROM `xpc_news` [ RunTime:0.0156s ]
SQL: SELECT * FROM `xpc_news` WHERE ( isshow=1 ) ORDER BY id desc ,pubtime desc LIMIT 0,2   [ RunTime:0.0000s ]
SQL: SELECT * FROM `xpc_news` WHERE ( isshow=1 ) ORDER BY id desc ,pubtime desc LIMIT 2,2   [ RunTime:0.0000s ]
INFO: [ view_parse ] --START--
INFO: [ template_filter ] --START--
INFO: Run Behavior\ContentReplaceBehavior [ RunTime:0.000000s ]
INFO: [ template_filter ] --END-- [ RunTime:0.000000s ]
NOTIC: [8] Undefined index: vTime D:\wwwww\xpcjd2\web\Application\Runtime\Cache\Home\2a94b8bda04ff446dcedd42276fc99ee.php 第 178 行.
NOTIC: [8] Undefined index: vTime D:\wwwww\xpcjd2\web\Application\Runtime\Cache\Home\2a94b8bda04ff446dcedd42276fc99ee.php 第 178 行.
INFO: Run Behavior\ParseTemplateBehavior [ RunTime:0.000000s ]
INFO: [ view_parse ] --END-- [ RunTime:0.000000s ]
INFO: [ view_filter ] --START--
INFO: Run Behavior\WriteHtmlCacheBehavior [ RunTime:0.000000s ]
INFO: [ view_filter ] --END-- [ RunTime:0.000000s ]
INFO: [ app_end ] --START--
INFO: Run Behavior\ShowPageTraceBehavior [ RunTime:0.000000s ]
INFO: [ app_end ] --END-- [ RunTime:0.000000s ]

[ 2017-04-30T18:22:17+08:00 ] 42.236.99.23 /jkgkk/8639210.html
INFO: [ app_init ] --START--
INFO: Run Behavior\BuildLiteBehavior [ RunTime:0.000000s ]
INFO: [ app_init ] --END-- [ RunTime:0.000000s ]
NOTIC: [2] preg_match(): Unknown modifier ':' D:\wwwww\xpcjd2\web\thinkphp\Library\Think\Route.class.php 第 58 行.
NOTIC: [2] preg_match(): Unknown modifier ':' D:\wwwww\xpcjd2\web\thinkphp\Library\Think\Route.class.php 第 58 行.
INFO: [ app_begin ] --START--
INFO: Run Behavior\ReadHtmlCacheBehavior [ RunTime:0.000000s ]
INFO: [ app_begin ] --END-- [ RunTime:0.000000s ]
ERR: 无法加载控制器:Jkgkk

[ 2017-04-30T18:22:17+08:00 ] 42.236.99.230 /hamgw/
INFO: [ app_init ] --START--
INFO: Run Behavior\BuildLiteBehavior [ RunTime:0.000000s ]
INFO: [ app_init ] --END-- [ RunTime:0.000000s ]
NOTIC: [2] preg_match(): Unknown modifier ':' D:\wwwww\xpcjd2\web\thinkphp\Library\Think\Route.class.php 第 58 行.
NOTIC: [2] preg_match(): Unknown modifier ':' D:\wwwww\xpcjd2\web\thinkphp\Library\Think\Route.class.php 第 58 行.
INFO: [ app_begin ] --START--
INFO: Run Behavior\ReadHtmlCacheBehavior [ RunTime:0.000000s ]
INFO: [ app_begin ] --END-- [ RunTime:0.000000s ]
ERR: 无法加载控制器:Hamgw

[ 2017-04-30T18:22:17+08:00 ] 42.236.99.23 /egewi/
INFO: [ app_init ] --START--
INFO: Run Behavior\BuildLiteBehavior [ RunTime:0.000000s ]
INFO: [ app_init ] --END-- [ RunTime:0.000000s ]
NOTIC: [2] preg_match(): Unknown modifier ':' D:\wwwww\xpcjd2\web\thinkphp\Library\Think\Route.class.php 第 58 行.
NOTIC: [2] preg_match(): Unknown modifier ':' D:\wwwww\xpcjd2\web\thinkphp\Library\Think\Route.class.php 第 58 行.
INFO: [ app_begin ] --START--
INFO: Run Behavior\ReadHtmlCacheBehavior [ RunTime:0.015625s ]
INFO: [ app_begin ] --END-- [ RunTime:0.015625s ]
ERR: 无法加载控制器:Egewi

[ 2017-04-30T18:22:17+08:00 ] 42.236.10.79 /062/hyg/2016-11/9652849.html
INFO: [ app_init ] --START--
INFO: Run Behavior\BuildLiteBehavior [ RunTime:0.000000s ]
INFO: [ app_init ] --END-- [ RunTime:0.000000s ]
NOTIC: [2] preg_match(): Unknown modifier ':' D:\wwwww\xpcjd2\web\thinkphp\Library\Think\Route.class.php 第 58 行.
NOTIC: [2] preg_match(): Unknown modifier ':' D:\wwwww\xpcjd2\web\thinkphp\Library\Think\Route.class.php 第 58 行.
INFO: [ app_begin ] --START--
INFO: Run Behavior\ReadHtmlCacheBehavior [ RunTime:0.000000s ]
INFO: [ app_begin ] --END-- [ RunTime:0.000000s ]
ERR: 无法加载控制器:062

[ 2017-04-30T18:22:17+08:00 ] 42.236.10.71 /jizbp/1291903.html
INFO: [ app_init ] --START--
INFO: Run Behavior\BuildLiteBehavior [ RunTime:0.000000s ]
INFO: [ app_init ] --END-- [ RunTime:0.000000s ]
NOTIC: [2] preg_match(): Unknown modifier ':' D:\wwwww\xpcjd2\web\thinkphp\Library\Think\Route.class.php 第 58 行.
NOTIC: [2] preg_match(): Unknown modifier ':' D:\wwwww\xpcjd2\web\thinkphp\Library\Think\Route.class.php 第 58 行.
INFO: [ app_begin ] --START--
INFO: Run Behavior\ReadHtmlCacheBehavior [ RunTime:0.015625s ]
INFO: [ app_begin ] --END-- [ RunTime:0.015625s ]
ERR: 无法加载控制器:Jizbp

[ 2017-04-30T18:22:39+08:00 ] 42.236.10.106 /nzvsa/2697768.html
INFO: [ app_init ] --START--
INFO: Run Behavior\BuildLiteBehavior [ RunTime:0.000000s ]
INFO: [ app_init ] --END-- [ RunTime:0.000000s ]
NOTIC: [2] preg_match(): Unknown modifier ':' D:\wwwww\xpcjd2\web\thinkphp\Library\Think\Route.class.php 第 58 行.
NOTIC: [2] preg_match(): Unknown modifier ':' D:\wwwww\xpcjd2\web\thinkphp\Library\Think\Route.class.php 第 58 行.
INFO: [ app_begin ] --START--
INFO: Run Behavior\ReadHtmlCacheBehavior [ RunTime:0.000000s ]
INFO: [ app_begin ] --END-- [ RunTime:0.000000s ]
ERR: 无法加载控制器:Nzvsa

[ 2017-04-30T18:24:17+08:00 ] 42.236.99.230 /news.asp?tid=4427494.html
INFO: [ app_init ] --START--
INFO: Run Behavior\BuildLiteBehavior [ RunTime:0.000000s ]
INFO: [ app_init ] --END-- [ RunTime:0.000000s ]
NOTIC: [2] preg_match(): Unknown modifier ':' D:\wwwww\xpcjd2\web\thinkphp\Library\Think\Route.class.php 第 58 行.
NOTIC: [2] preg_match(): Unknown modifier ':' D:\wwwww\xpcjd2\web\thinkphp\Library\Think\Route.class.php 第 58 行.
INFO: [ app_begin ] --START--
INFO: Run Behavior\ReadHtmlCacheBehavior [ RunTime:0.000000s ]
INFO: [ app_begin ] --END-- [ RunTime:0.000000s ]
ERR: 无法加载控制器:News.asp

[ 2017-04-30T18:24:18+08:00 ] 42.236.99.206 /news.asp?tid=6332497.html
INFO: [ app_init ] --START--
INFO: Run Behavior\BuildLiteBehavior [ RunTime:0.000000s ]
INFO: [ app_init ] --END-- [ RunTime:0.000000s ]
NOTIC: [2] preg_match(): Unknown modifier ':' D:\wwwww\xpcjd2\web\thinkphp\Library\Think\Route.class.php 第 58 行.
NOTIC: [2] preg_match(): Unknown modifier ':' D:\wwwww\xpcjd2\web\thinkphp\Library\Think\Route.class.php 第 58 行.
INFO: [ app_begin ] --START--
INFO: Run Behavior\ReadHtmlCacheBehavior [ RunTime:0.000000s ]
INFO: [ app_begin ] --END-- [ RunTime:0.000000s ]
ERR: 无法加载控制器:News.asp

[ 2017-04-30T18:28:54+08:00 ] 141.8.183.6 /robots.txt
INFO: [ app_init ] --START--
INFO: Run Behavior\BuildLiteBehavior [ RunTime:0.000000s ]
INFO: [ app_init ] --END-- [ RunTime:0.000000s ]
NOTIC: [2] preg_match(): Unknown modifier ':' D:\wwwww\xpcjd2\web\thinkphp\Library\Think\Route.class.php 第 58 行.
NOTIC: [2] preg_match(): Unknown modifier ':' D:\wwwww\xpcjd2\web\thinkphp\Library\Think\Route.class.php 第 58 行.
INFO: [ app_begin ] --START--
INFO: Run Behavior\ReadHtmlCacheBehavior [ RunTime:0.000000s ]
INFO: [ app_begin ] --END-- [ RunTime:0.000000s ]
ERR: 无法加载控制器:Robots.txt

[ 2017-04-30T18:28:57+08:00 ] 141.8.183.6 /
INFO: [ app_init ] --START--
INFO: Run Behavior\BuildLiteBehavior [ RunTime:0.000000s ]
INFO: [ app_init ] --END-- [ RunTime:0.000000s ]
INFO: [ app_begin ] --START--
INFO: Run Behavior\ReadHtmlCacheBehavior [ RunTime:0.000000s ]
INFO: [ app_begin ] --END-- [ RunTime:0.000000s ]
SQL: SHOW COLUMNS FROM `xpc_basevideo` [ RunTime:0.0000s ]
SQL: SELECT `link_mobile`,`mp4_mobile` FROM `xpc_basevideo` WHERE ( is_show=1 and is_main=1 ) LIMIT 1   [ RunTime:0.0000s ]
SQL: SELECT `link_mobile`,`mp4_mobile`,`sltpath` FROM `xpc_basevideo` WHERE ( is_show=1 and is_main=0 ) ORDER BY id desc,pubtime desc  [ RunTime:0.0000s ]
SQL: SHOW COLUMNS FROM `xpc_danscenes` [ RunTime:0.0156s ]
SQL: SELECT st.title,dan.cate,dan.sltpath FROM xpc_danscenes dan left join  xpc_scenestype as st on st.id=dan.cate  WHERE ( dan.is_show=1 ) ORDER BY dan.id desc ,dan.pubtime desc  [ RunTime:0.0000s ]
SQL: SHOW COLUMNS FROM `xpc_duoscenes` [ RunTime:0.0000s ]
SQL: SELECT sd.ytgpath FROM xpc_duoscenes sd left join xpc_scenestype as st on st.id=sd.cate  WHERE `cate` = '11' AND `is_show` = 1 ORDER BY sd.id desc ,sd.pubtime desc  [ RunTime:0.0000s ]
SQL: SELECT sd.ytgpath FROM xpc_duoscenes sd left join xpc_scenestype as st on st.id=sd.cate  WHERE `cate` = '12' AND `is_show` = 1 ORDER BY sd.id desc ,sd.pubtime desc  [ RunTime:0.0000s ]
SQL: SELECT sd.ytgpath FROM xpc_duoscenes sd left join xpc_scenestype as st on st.id=sd.cate  WHERE `cate` = '14' AND `is_show` = 1 ORDER BY sd.id desc ,sd.pubtime desc  [ RunTime:0.0000s ]
SQL: SELECT sd.ytgpath FROM xpc_duoscenes sd left join xpc_scenestype as st on st.id=sd.cate  WHERE `cate` = '15' AND `is_show` = 1 ORDER BY sd.id desc ,sd.pubtime desc  [ RunTime:0.0000s ]
SQL: SELECT sd.ytgpath FROM xpc_duoscenes sd left join xpc_scenestype as st on st.id=sd.cate  WHERE `cate` = '16' AND `is_show` = 1 ORDER BY sd.id desc ,sd.pubtime desc  [ RunTime:0.0000s ]
SQL: SELECT sd.ytgpath FROM xpc_duoscenes sd left join xpc_scenestype as st on st.id=sd.cate  WHERE `cate` = '17' AND `is_show` = 1 ORDER BY sd.id desc ,sd.pubtime desc  [ RunTime:0.0000s ]
SQL: SELECT sd.ytgpath FROM xpc_duoscenes sd left join xpc_scenestype as st on st.id=sd.cate  WHERE `cate` = '18' AND `is_show` = 1 ORDER BY sd.id desc ,sd.pubtime desc  [ RunTime:0.0000s ]
SQL: SELECT sd.ytgpath FROM xpc_duoscenes sd left join xpc_scenestype as st on st.id=sd.cate  WHERE `cate` = '19' AND `is_show` = 1 ORDER BY sd.id desc ,sd.pubtime desc  [ RunTime:0.0000s ]
SQL: SELECT sd.ytgpath FROM xpc_duoscenes sd left join xpc_scenestype as st on st.id=sd.cate  WHERE `cate` = '20' AND `is_show` = 1 ORDER BY sd.id desc ,sd.pubtime desc  [ RunTime:0.0000s ]
SQL: SELECT sd.ytgpath FROM xpc_duoscenes sd left join xpc_scenestype as st on st.id=sd.cate  WHERE `cate` = '21' AND `is_show` = 1 ORDER BY sd.id desc ,sd.pubtime desc  [ RunTime:0.0000s ]
SQL: SELECT sd.ytgpath FROM xpc_duoscenes sd left join xpc_scenestype as st on st.id=sd.cate  WHERE `cate` = '22' AND `is_show` = 1 ORDER BY sd.id desc ,sd.pubtime desc  [ RunTime:0.0000s ]
SQL: SELECT sd.ytgpath FROM xpc_duoscenes sd left join xpc_scenestype as st on st.id=sd.cate  WHERE `cate` = '23' AND `is_show` = 1 ORDER BY sd.id desc ,sd.pubtime desc  [ RunTime:0.0000s ]
SQL: SHOW COLUMNS FROM `xpc_video` [ RunTime:0.0000s ]
SQL: SELECT * FROM `xpc_video` WHERE ( is_show=1 ) ORDER BY id desc ,pubtime desc  [ RunTime:0.0000s ]
SQL: SHOW COLUMNS FROM `xpc_service` [ RunTime:0.0000s ]
SQL: SELECT * FROM `xpc_service` WHERE ( isshow=1 ) ORDER BY id desc ,pubtime desc  [ RunTime:0.0000s ]
SQL: SHOW COLUMNS FROM `xpc_news` [ RunTime:0.0156s ]
SQL: SELECT * FROM `xpc_news` WHERE ( isshow=1 ) ORDER BY id desc ,pubtime desc LIMIT 0,2   [ RunTime:0.0000s ]
SQL: SELECT * FROM `xpc_news` WHERE ( isshow=1 ) ORDER BY id desc ,pubtime desc LIMIT 2,2   [ RunTime:0.0000s ]
INFO: [ view_parse ] --START--
INFO: [ template_filter ] --START--
INFO: Run Behavior\ContentReplaceBehavior [ RunTime:0.000000s ]
INFO: [ template_filter ] --END-- [ RunTime:0.000000s ]
NOTIC: [8] Undefined index: vTime D:\wwwww\xpcjd2\web\Application\Runtime\Cache\Home\2a94b8bda04ff446dcedd42276fc99ee.php 第 178 行.
NOTIC: [8] Undefined index: vTime D:\wwwww\xpcjd2\web\Application\Runtime\Cache\Home\2a94b8bda04ff446dcedd42276fc99ee.php 第 178 行.
INFO: Run Behavior\ParseTemplateBehavior [ RunTime:0.015625s ]
INFO: [ view_parse ] --END-- [ RunTime:0.015625s ]
INFO: [ view_filter ] --START--
INFO: Run Behavior\WriteHtmlCacheBehavior [ RunTime:0.000000s ]
INFO: [ view_filter ] --END-- [ RunTime:0.000000s ]
INFO: [ app_end ] --START--
INFO: Run Behavior\ShowPageTraceBehavior [ RunTime:0.000000s ]
INFO: [ app_end ] --END-- [ RunTime:0.000000s ]

[ 2017-04-30T18:49:23+08:00 ] 50.149.70.121 /euhFdVjlnwGyS9kdAOcN4uh5pSb.js
INFO: [ app_init ] --START--
INFO: Run Behavior\BuildLiteBehavior [ RunTime:0.000000s ]
INFO: [ app_init ] --END-- [ RunTime:0.000000s ]
NOTIC: [2] preg_match(): Unknown modifier ':' D:\wwwww\xpcjd2\web\thinkphp\Library\Think\Route.class.php 第 58 行.
NOTIC: [2] preg_match(): Unknown modifier ':' D:\wwwww\xpcjd2\web\thinkphp\Library\Think\Route.class.php 第 58 行.
INFO: [ app_begin ] --START--
INFO: Run Behavior\ReadHtmlCacheBehavior [ RunTime:0.000000s ]
INFO: [ app_begin ] --END-- [ RunTime:0.000000s ]
ERR: 无法加载控制器:EuhFdVjlnwGyS9kdAOcN4uh5pSb.js

[ 2017-04-30T21:48:23+08:00 ] 195.25.222.186 /ltAO6Bza1dMS0a8ALLE4rNLvImB5uO.js
INFO: [ app_init ] --START--
INFO: Run Behavior\BuildLiteBehavior [ RunTime:0.000000s ]
INFO: [ app_init ] --END-- [ RunTime:0.000000s ]
NOTIC: [2] preg_match(): Unknown modifier ':' D:\wwwww\xpcjd2\web\thinkphp\Library\Think\Route.class.php 第 58 行.
NOTIC: [2] preg_match(): Unknown modifier ':' D:\wwwww\xpcjd2\web\thinkphp\Library\Think\Route.class.php 第 58 行.
INFO: [ app_begin ] --START--
INFO: Run Behavior\ReadHtmlCacheBehavior [ RunTime:0.000000s ]
INFO: [ app_begin ] --END-- [ RunTime:0.000000s ]
ERR: 无法加载控制器:LtAO6Bza1dMS0a8ALLE4rNLvImB5uO.js

