[ 2017-06-17T10:24:19+08:00 ] 127.0.0.1 /
INFO: [ app_init ] --START--
INFO: Run Behavior\BuildLiteBehavior [ RunTime:0.000000s ]
INFO: [ app_init ] --END-- [ RunTime:0.000000s ]
INFO: [ app_begin ] --START--
INFO: Run Behavior\ReadHtmlCacheBehavior [ RunTime:0.000000s ]
INFO: [ app_begin ] --END-- [ RunTime:0.000000s ]
SQL: SHOW COLUMNS FROM `xpc_basevideo` [ RunTime:0.0050s ]
SQL: SELECT `link_mobile`,`mp4_mobile` FROM `xpc_basevideo` WHERE ( is_show=1 and is_main=1 ) LIMIT 1   [ RunTime:0.0010s ]
SQL: SELECT `link_mobile`,`mp4_mobile`,`sltpath` FROM `xpc_basevideo` WHERE ( is_show=1 and is_main=0 ) ORDER BY id desc,pubtime desc  [ RunTime:0.0010s ]
SQL: SHOW COLUMNS FROM `xpc_danscenes` [ RunTime:0.0050s ]
SQL: SELECT st.title,dan.cate,dan.sltpath FROM xpc_danscenes dan left join  xpc_scenestype as st on st.id=dan.cate  WHERE ( dan.is_show=1 ) ORDER BY dan.id desc ,dan.pubtime desc  [ RunTime:0.0000s ]
SQL: SHOW COLUMNS FROM `xpc_duoscenes` [ RunTime:0.0020s ]
SQL: SELECT sd.ytgpath FROM xpc_duoscenes sd left join xpc_scenestype as st on st.id=sd.cate  WHERE `cate` = '7' AND `is_show` = 1 ORDER BY sd.id desc ,sd.pubtime desc  [ RunTime:0.0010s ]
SQL: SELECT sd.ytgpath FROM xpc_duoscenes sd left join xpc_scenestype as st on st.id=sd.cate  WHERE `cate` = '8' AND `is_show` = 1 ORDER BY sd.id desc ,sd.pubtime desc  [ RunTime:0.0000s ]
SQL: SELECT sd.ytgpath FROM xpc_duoscenes sd left join xpc_scenestype as st on st.id=sd.cate  WHERE `cate` = '6' AND `is_show` = 1 ORDER BY sd.id desc ,sd.pubtime desc  [ RunTime:0.0000s ]
SQL: SELECT sd.ytgpath FROM xpc_duoscenes sd left join xpc_scenestype as st on st.id=sd.cate  WHERE `cate` = '7' AND `is_show` = 1 ORDER BY sd.id desc ,sd.pubtime desc  [ RunTime:0.0000s ]
SQL: SHOW COLUMNS FROM `xpc_friendlylink` [ RunTime:0.0040s ]
SQL: SELECT * FROM `xpc_friendlylink` ORDER BY `order` asc ,`id` asc  [ RunTime:0.0010s ]
SQL: SHOW COLUMNS FROM `xpc_video` [ RunTime:0.0040s ]
SQL: SELECT * FROM `xpc_video` WHERE ( is_show=1 ) ORDER BY id desc ,pubtime desc  [ RunTime:0.0010s ]
SQL: SHOW COLUMNS FROM `xpc_service` [ RunTime:0.0030s ]
SQL: SELECT * FROM `xpc_service` WHERE ( isshow=1 ) ORDER BY id desc ,pubtime desc  [ RunTime:0.0000s ]
SQL: SHOW COLUMNS FROM `xpc_news` [ RunTime:0.0030s ]
SQL: SELECT * FROM `xpc_news` WHERE ( isshow=1 ) ORDER BY id desc ,pubtime desc LIMIT 0,2   [ RunTime:0.0000s ]
SQL: SELECT * FROM `xpc_news` WHERE ( isshow=1 ) ORDER BY id desc ,pubtime desc LIMIT 2,2   [ RunTime:0.0000s ]
INFO: [ view_parse ] --START--
INFO: [ template_filter ] --START--
INFO: Run Behavior\ContentReplaceBehavior [ RunTime:0.000000s ]
INFO: [ template_filter ] --END-- [ RunTime:0.000000s ]
NOTIC: [8] Undefined index: vTime E:\phpStudy\SVN2\xpcjd2\Application\Runtime\Cache\Home\2a94b8bda04ff446dcedd42276fc99ee.php 第 178 行.
NOTIC: [8] Undefined index: vTime E:\phpStudy\SVN2\xpcjd2\Application\Runtime\Cache\Home\2a94b8bda04ff446dcedd42276fc99ee.php 第 178 行.
NOTIC: [8] Undefined index: vTime E:\phpStudy\SVN2\xpcjd2\Application\Runtime\Cache\Home\2a94b8bda04ff446dcedd42276fc99ee.php 第 178 行.
NOTIC: [8] Undefined index: vTime E:\phpStudy\SVN2\xpcjd2\Application\Runtime\Cache\Home\2a94b8bda04ff446dcedd42276fc99ee.php 第 178 行.
INFO: Run Behavior\ParseTemplateBehavior [ RunTime:0.018001s ]
INFO: [ view_parse ] --END-- [ RunTime:0.018001s ]
INFO: [ view_filter ] --START--
INFO: Run Behavior\WriteHtmlCacheBehavior [ RunTime:0.001000s ]
INFO: [ view_filter ] --END-- [ RunTime:0.001000s ]
INFO: [ app_end ] --START--
INFO: Run Behavior\ShowPageTraceBehavior [ RunTime:0.001000s ]
INFO: [ app_end ] --END-- [ RunTime:0.001000s ]

[ 2017-06-17T10:24:21+08:00 ] 127.0.0.1 /
INFO: [ app_init ] --START--
INFO: Run Behavior\BuildLiteBehavior [ RunTime:0.000000s ]
INFO: [ app_init ] --END-- [ RunTime:0.000000s ]
INFO: [ app_begin ] --START--
INFO: Run Behavior\ReadHtmlCacheBehavior [ RunTime:0.000000s ]
INFO: [ app_begin ] --END-- [ RunTime:0.000000s ]
SQL: SHOW COLUMNS FROM `xpc_basevideo` [ RunTime:0.0060s ]
SQL: SELECT `link_mobile`,`mp4_mobile` FROM `xpc_basevideo` WHERE ( is_show=1 and is_main=1 ) LIMIT 1   [ RunTime:0.0010s ]
SQL: SELECT `link_mobile`,`mp4_mobile`,`sltpath` FROM `xpc_basevideo` WHERE ( is_show=1 and is_main=0 ) ORDER BY id desc,pubtime desc  [ RunTime:0.0000s ]
SQL: SHOW COLUMNS FROM `xpc_danscenes` [ RunTime:0.0030s ]
SQL: SELECT st.title,dan.cate,dan.sltpath FROM xpc_danscenes dan left join  xpc_scenestype as st on st.id=dan.cate  WHERE ( dan.is_show=1 ) ORDER BY dan.id desc ,dan.pubtime desc  [ RunTime:0.0010s ]
SQL: SHOW COLUMNS FROM `xpc_duoscenes` [ RunTime:0.0030s ]
SQL: SELECT sd.ytgpath FROM xpc_duoscenes sd left join xpc_scenestype as st on st.id=sd.cate  WHERE `cate` = '7' AND `is_show` = 1 ORDER BY sd.id desc ,sd.pubtime desc  [ RunTime:0.0000s ]
SQL: SELECT sd.ytgpath FROM xpc_duoscenes sd left join xpc_scenestype as st on st.id=sd.cate  WHERE `cate` = '8' AND `is_show` = 1 ORDER BY sd.id desc ,sd.pubtime desc  [ RunTime:0.0000s ]
SQL: SELECT sd.ytgpath FROM xpc_duoscenes sd left join xpc_scenestype as st on st.id=sd.cate  WHERE `cate` = '6' AND `is_show` = 1 ORDER BY sd.id desc ,sd.pubtime desc  [ RunTime:0.0010s ]
SQL: SELECT sd.ytgpath FROM xpc_duoscenes sd left join xpc_scenestype as st on st.id=sd.cate  WHERE `cate` = '7' AND `is_show` = 1 ORDER BY sd.id desc ,sd.pubtime desc  [ RunTime:0.0000s ]
SQL: SHOW COLUMNS FROM `xpc_friendlylink` [ RunTime:0.0030s ]
SQL: SELECT * FROM `xpc_friendlylink` ORDER BY `order` asc ,`id` asc  [ RunTime:0.0000s ]
SQL: SHOW COLUMNS FROM `xpc_video` [ RunTime:0.0020s ]
SQL: SELECT * FROM `xpc_video` WHERE ( is_show=1 ) ORDER BY id desc ,pubtime desc  [ RunTime:0.0010s ]
SQL: SHOW COLUMNS FROM `xpc_service` [ RunTime:0.0030s ]
SQL: SELECT * FROM `xpc_service` WHERE ( isshow=1 ) ORDER BY id desc ,pubtime desc  [ RunTime:0.0000s ]
SQL: SHOW COLUMNS FROM `xpc_news` [ RunTime:0.0040s ]
SQL: SELECT * FROM `xpc_news` WHERE ( isshow=1 ) ORDER BY id desc ,pubtime desc LIMIT 0,2   [ RunTime:0.0010s ]
SQL: SELECT * FROM `xpc_news` WHERE ( isshow=1 ) ORDER BY id desc ,pubtime desc LIMIT 2,2   [ RunTime:0.0000s ]
INFO: [ view_parse ] --START--
INFO: [ template_filter ] --START--
INFO: Run Behavior\ContentReplaceBehavior [ RunTime:0.000000s ]
INFO: [ template_filter ] --END-- [ RunTime:0.000000s ]
NOTIC: [8] Undefined index: vTime E:\phpStudy\SVN2\xpcjd2\Application\Runtime\Cache\Home\2a94b8bda04ff446dcedd42276fc99ee.php 第 178 行.
NOTIC: [8] Undefined index: vTime E:\phpStudy\SVN2\xpcjd2\Application\Runtime\Cache\Home\2a94b8bda04ff446dcedd42276fc99ee.php 第 178 行.
NOTIC: [8] Undefined index: vTime E:\phpStudy\SVN2\xpcjd2\Application\Runtime\Cache\Home\2a94b8bda04ff446dcedd42276fc99ee.php 第 178 行.
NOTIC: [8] Undefined index: vTime E:\phpStudy\SVN2\xpcjd2\Application\Runtime\Cache\Home\2a94b8bda04ff446dcedd42276fc99ee.php 第 178 行.
INFO: Run Behavior\ParseTemplateBehavior [ RunTime:0.019001s ]
INFO: [ view_parse ] --END-- [ RunTime:0.019001s ]
INFO: [ view_filter ] --START--
INFO: Run Behavior\WriteHtmlCacheBehavior [ RunTime:0.000000s ]
INFO: [ view_filter ] --END-- [ RunTime:0.000000s ]
INFO: [ app_end ] --START--
INFO: Run Behavior\ShowPageTraceBehavior [ RunTime:0.000000s ]
INFO: [ app_end ] --END-- [ RunTime:0.001000s ]

