[ 2017-04-15T09:40:55+08:00 ] 218.108.75.202 /favicon.ico
INFO: [ app_init ] --START--
INFO: Run Behavior\BuildLiteBehavior [ RunTime:0.000000s ]
INFO: [ app_init ] --END-- [ RunTime:0.000000s ]
NOTIC: [2] preg_match(): Unknown modifier ':' D:\wwwww\xpcjd\web\thinkphp\Library\Think\Route.class.php 第 58 行.
NOTIC: [2] preg_match(): Unknown modifier ':' D:\wwwww\xpcjd\web\thinkphp\Library\Think\Route.class.php 第 58 行.

[ 2017-04-15T09:40:55+08:00 ] 218.108.75.202 /
INFO: [ app_init ] --START--
INFO: Run Behavior\BuildLiteBehavior [ RunTime:0.000000s ]
INFO: [ app_init ] --END-- [ RunTime:0.000000s ]
INFO: [ app_begin ] --START--
INFO: Run Behavior\ReadHtmlCacheBehavior [ RunTime:0.000000s ]
INFO: [ app_begin ] --END-- [ RunTime:0.000000s ]
SQL: SHOW COLUMNS FROM `xpc_basevideo` [ RunTime:0.0156s ]
SQL: SELECT `link_mobile` FROM `xpc_basevideo` WHERE ( is_show=1 and is_main=1 ) LIMIT 1   [ RunTime:0.0000s ]
SQL: SELECT `link_mobile`,`sltpath` FROM `xpc_basevideo` WHERE ( is_show=1 and is_main=0 ) ORDER BY id desc,pubtime desc  [ RunTime:0.0000s ]
SQL: SHOW COLUMNS FROM `xpc_danscenes` [ RunTime:0.0000s ]
SQL: SELECT st.title,dan.cate,dan.sltpath FROM xpc_danscenes dan left join  xpc_scenestype as st on st.id=dan.cate  WHERE ( dan.is_show=1 ) ORDER BY dan.id desc ,dan.pubtime desc  [ RunTime:0.0000s ]
SQL: SHOW COLUMNS FROM `xpc_video` [ RunTime:0.0000s ]
SQL: SELECT * FROM `xpc_video` WHERE ( is_show=1 ) ORDER BY id desc ,pubtime desc  [ RunTime:0.0000s ]
SQL: SHOW COLUMNS FROM `xpc_service` [ RunTime:0.0000s ]
SQL: SELECT * FROM `xpc_service` WHERE ( isshow=1 ) ORDER BY id desc ,pubtime desc  [ RunTime:0.0000s ]
SQL: SHOW COLUMNS FROM `xpc_news` [ RunTime:0.0000s ]
SQL: SELECT * FROM `xpc_news` WHERE ( isshow=1 ) ORDER BY id desc ,pubtime desc LIMIT 0,2   [ RunTime:0.0000s ]
SQL: SELECT * FROM `xpc_news` WHERE ( isshow=1 ) ORDER BY id desc ,pubtime desc LIMIT 2,2   [ RunTime:0.0000s ]
INFO: [ view_parse ] --START--
INFO: [ template_filter ] --START--
INFO: Run Behavior\ContentReplaceBehavior [ RunTime:0.000000s ]
INFO: [ template_filter ] --END-- [ RunTime:0.000000s ]
INFO: Run Behavior\ParseTemplateBehavior [ RunTime:0.015625s ]
INFO: [ view_parse ] --END-- [ RunTime:0.015625s ]
INFO: [ view_filter ] --START--
INFO: Run Behavior\WriteHtmlCacheBehavior [ RunTime:0.000000s ]
INFO: [ view_filter ] --END-- [ RunTime:0.000000s ]
INFO: [ app_end ] --START--
INFO: Run Behavior\ShowPageTraceBehavior [ RunTime:0.000000s ]
INFO: [ app_end ] --END-- [ RunTime:0.000000s ]

[ 2017-04-15T09:40:56+08:00 ] 218.108.75.202 /
INFO: [ app_init ] --START--
INFO: Run Behavior\BuildLiteBehavior [ RunTime:0.000000s ]
INFO: [ app_init ] --END-- [ RunTime:0.000000s ]
INFO: [ app_begin ] --START--
INFO: Run Behavior\ReadHtmlCacheBehavior [ RunTime:0.000000s ]
INFO: [ app_begin ] --END-- [ RunTime:0.000000s ]
SQL: SHOW COLUMNS FROM `xpc_basevideo` [ RunTime:0.0000s ]
SQL: SELECT `link_mobile` FROM `xpc_basevideo` WHERE ( is_show=1 and is_main=1 ) LIMIT 1   [ RunTime:0.0000s ]
SQL: SELECT `link_mobile`,`sltpath` FROM `xpc_basevideo` WHERE ( is_show=1 and is_main=0 ) ORDER BY id desc,pubtime desc  [ RunTime:0.0000s ]
SQL: SHOW COLUMNS FROM `xpc_danscenes` [ RunTime:0.0000s ]
SQL: SELECT st.title,dan.cate,dan.sltpath FROM xpc_danscenes dan left join  xpc_scenestype as st on st.id=dan.cate  WHERE ( dan.is_show=1 ) ORDER BY dan.id desc ,dan.pubtime desc  [ RunTime:0.0000s ]
SQL: SHOW COLUMNS FROM `xpc_video` [ RunTime:0.0000s ]
SQL: SELECT * FROM `xpc_video` WHERE ( is_show=1 ) ORDER BY id desc ,pubtime desc  [ RunTime:0.0000s ]
SQL: SHOW COLUMNS FROM `xpc_service` [ RunTime:0.0156s ]
SQL: SELECT * FROM `xpc_service` WHERE ( isshow=1 ) ORDER BY id desc ,pubtime desc  [ RunTime:0.0000s ]
SQL: SHOW COLUMNS FROM `xpc_news` [ RunTime:0.0000s ]
SQL: SELECT * FROM `xpc_news` WHERE ( isshow=1 ) ORDER BY id desc ,pubtime desc LIMIT 0,2   [ RunTime:0.0000s ]
SQL: SELECT * FROM `xpc_news` WHERE ( isshow=1 ) ORDER BY id desc ,pubtime desc LIMIT 2,2   [ RunTime:0.0000s ]
INFO: [ view_parse ] --START--
INFO: [ template_filter ] --START--
INFO: Run Behavior\ContentReplaceBehavior [ RunTime:0.000000s ]
INFO: [ template_filter ] --END-- [ RunTime:0.000000s ]
INFO: Run Behavior\ParseTemplateBehavior [ RunTime:0.015625s ]
INFO: [ view_parse ] --END-- [ RunTime:0.015625s ]
INFO: [ view_filter ] --START--
INFO: Run Behavior\WriteHtmlCacheBehavior [ RunTime:0.000000s ]
INFO: [ view_filter ] --END-- [ RunTime:0.000000s ]
INFO: [ app_end ] --START--
INFO: Run Behavior\ShowPageTraceBehavior [ RunTime:0.000000s ]
INFO: [ app_end ] --END-- [ RunTime:0.000000s ]

[ 2017-04-15T09:40:56+08:00 ] 218.108.75.202 /favicon.ico
INFO: [ app_init ] --START--
INFO: Run Behavior\BuildLiteBehavior [ RunTime:0.000000s ]
INFO: [ app_init ] --END-- [ RunTime:0.000000s ]
NOTIC: [2] preg_match(): Unknown modifier ':' D:\wwwww\xpcjd\web\thinkphp\Library\Think\Route.class.php 第 58 行.
NOTIC: [2] preg_match(): Unknown modifier ':' D:\wwwww\xpcjd\web\thinkphp\Library\Think\Route.class.php 第 58 行.

[ 2017-04-15T09:54:48+08:00 ] 218.108.75.202 /
INFO: [ app_init ] --START--
INFO: Run Behavior\BuildLiteBehavior [ RunTime:0.000000s ]
INFO: [ app_init ] --END-- [ RunTime:0.000000s ]
INFO: [ app_begin ] --START--
INFO: Run Behavior\ReadHtmlCacheBehavior [ RunTime:0.000000s ]
INFO: [ app_begin ] --END-- [ RunTime:0.000000s ]
SQL: SHOW COLUMNS FROM `xpc_basevideo` [ RunTime:0.0000s ]
SQL: SELECT `link_mobile` FROM `xpc_basevideo` WHERE ( is_show=1 and is_main=1 ) LIMIT 1   [ RunTime:0.0000s ]
SQL: SELECT `link_mobile`,`sltpath` FROM `xpc_basevideo` WHERE ( is_show=1 and is_main=0 ) ORDER BY id desc,pubtime desc  [ RunTime:0.0000s ]
SQL: SHOW COLUMNS FROM `xpc_danscenes` [ RunTime:0.0000s ]
SQL: SELECT st.title,dan.cate,dan.sltpath FROM xpc_danscenes dan left join  xpc_scenestype as st on st.id=dan.cate  WHERE ( dan.is_show=1 ) ORDER BY dan.id desc ,dan.pubtime desc  [ RunTime:0.0000s ]
SQL: SHOW COLUMNS FROM `xpc_video` [ RunTime:0.0156s ]
SQL: SELECT * FROM `xpc_video` WHERE ( is_show=1 ) ORDER BY id desc ,pubtime desc  [ RunTime:0.0000s ]
SQL: SHOW COLUMNS FROM `xpc_service` [ RunTime:0.0000s ]
SQL: SELECT * FROM `xpc_service` WHERE ( isshow=1 ) ORDER BY id desc ,pubtime desc  [ RunTime:0.0000s ]
SQL: SHOW COLUMNS FROM `xpc_news` [ RunTime:0.0000s ]
SQL: SELECT * FROM `xpc_news` WHERE ( isshow=1 ) ORDER BY id desc ,pubtime desc LIMIT 0,2   [ RunTime:0.0000s ]
SQL: SELECT * FROM `xpc_news` WHERE ( isshow=1 ) ORDER BY id desc ,pubtime desc LIMIT 2,2   [ RunTime:0.0000s ]
INFO: [ view_parse ] --START--
INFO: [ template_filter ] --START--
INFO: Run Behavior\ContentReplaceBehavior [ RunTime:0.000000s ]
INFO: [ template_filter ] --END-- [ RunTime:0.000000s ]
INFO: Run Behavior\ParseTemplateBehavior [ RunTime:0.015625s ]
INFO: [ view_parse ] --END-- [ RunTime:0.015625s ]
INFO: [ view_filter ] --START--
INFO: Run Behavior\WriteHtmlCacheBehavior [ RunTime:0.000000s ]
INFO: [ view_filter ] --END-- [ RunTime:0.000000s ]
INFO: [ app_end ] --START--
INFO: Run Behavior\ShowPageTraceBehavior [ RunTime:0.000000s ]
INFO: [ app_end ] --END-- [ RunTime:0.000000s ]

[ 2017-04-15T09:54:49+08:00 ] 218.108.75.202 /
INFO: [ app_init ] --START--
INFO: Run Behavior\BuildLiteBehavior [ RunTime:0.000000s ]
INFO: [ app_init ] --END-- [ RunTime:0.000000s ]
INFO: [ app_begin ] --START--
INFO: Run Behavior\ReadHtmlCacheBehavior [ RunTime:0.000000s ]
INFO: [ app_begin ] --END-- [ RunTime:0.000000s ]
SQL: SHOW COLUMNS FROM `xpc_basevideo` [ RunTime:0.0000s ]
SQL: SELECT `link_mobile` FROM `xpc_basevideo` WHERE ( is_show=1 and is_main=1 ) LIMIT 1   [ RunTime:0.0000s ]
SQL: SELECT `link_mobile`,`sltpath` FROM `xpc_basevideo` WHERE ( is_show=1 and is_main=0 ) ORDER BY id desc,pubtime desc  [ RunTime:0.0000s ]
SQL: SHOW COLUMNS FROM `xpc_danscenes` [ RunTime:0.0000s ]
SQL: SELECT st.title,dan.cate,dan.sltpath FROM xpc_danscenes dan left join  xpc_scenestype as st on st.id=dan.cate  WHERE ( dan.is_show=1 ) ORDER BY dan.id desc ,dan.pubtime desc  [ RunTime:0.0000s ]
SQL: SHOW COLUMNS FROM `xpc_video` [ RunTime:0.0156s ]
SQL: SELECT * FROM `xpc_video` WHERE ( is_show=1 ) ORDER BY id desc ,pubtime desc  [ RunTime:0.0000s ]
SQL: SHOW COLUMNS FROM `xpc_service` [ RunTime:0.0000s ]
SQL: SELECT * FROM `xpc_service` WHERE ( isshow=1 ) ORDER BY id desc ,pubtime desc  [ RunTime:0.0000s ]
SQL: SHOW COLUMNS FROM `xpc_news` [ RunTime:0.0000s ]
SQL: SELECT * FROM `xpc_news` WHERE ( isshow=1 ) ORDER BY id desc ,pubtime desc LIMIT 0,2   [ RunTime:0.0000s ]
SQL: SELECT * FROM `xpc_news` WHERE ( isshow=1 ) ORDER BY id desc ,pubtime desc LIMIT 2,2   [ RunTime:0.0000s ]
INFO: [ view_parse ] --START--
INFO: [ template_filter ] --START--
INFO: Run Behavior\ContentReplaceBehavior [ RunTime:0.000000s ]
INFO: [ template_filter ] --END-- [ RunTime:0.000000s ]
INFO: Run Behavior\ParseTemplateBehavior [ RunTime:0.015625s ]
INFO: [ view_parse ] --END-- [ RunTime:0.015625s ]
INFO: [ view_filter ] --START--
INFO: Run Behavior\WriteHtmlCacheBehavior [ RunTime:0.000000s ]
INFO: [ view_filter ] --END-- [ RunTime:0.000000s ]
INFO: [ app_end ] --START--
INFO: Run Behavior\ShowPageTraceBehavior [ RunTime:0.000000s ]
INFO: [ app_end ] --END-- [ RunTime:0.000000s ]

[ 2017-04-15T09:54:50+08:00 ] 218.108.75.202 /favicon.ico
INFO: [ app_init ] --START--
INFO: Run Behavior\BuildLiteBehavior [ RunTime:0.000000s ]
INFO: [ app_init ] --END-- [ RunTime:0.000000s ]
NOTIC: [2] preg_match(): Unknown modifier ':' D:\wwwww\xpcjd\web\thinkphp\Library\Think\Route.class.php 第 58 行.
NOTIC: [2] preg_match(): Unknown modifier ':' D:\wwwww\xpcjd\web\thinkphp\Library\Think\Route.class.php 第 58 行.

[ 2017-04-15T09:59:09+08:00 ] 218.108.75.202 /favicon.ico
INFO: [ app_init ] --START--
INFO: Run Behavior\BuildLiteBehavior [ RunTime:0.000000s ]
INFO: [ app_init ] --END-- [ RunTime:0.000000s ]
NOTIC: [2] preg_match(): Unknown modifier ':' D:\wwwww\xpcjd\web\thinkphp\Library\Think\Route.class.php 第 58 行.
NOTIC: [2] preg_match(): Unknown modifier ':' D:\wwwww\xpcjd\web\thinkphp\Library\Think\Route.class.php 第 58 行.

[ 2017-04-15T13:42:38+08:00 ] 178.255.215.82 /robots.txt
INFO: [ app_init ] --START--
INFO: Run Behavior\BuildLiteBehavior [ RunTime:0.000000s ]
INFO: [ app_init ] --END-- [ RunTime:0.000000s ]
NOTIC: [2] preg_match(): Unknown modifier ':' D:\wwwww\xpcjd\web\thinkphp\Library\Think\Route.class.php 第 58 行.
NOTIC: [2] preg_match(): Unknown modifier ':' D:\wwwww\xpcjd\web\thinkphp\Library\Think\Route.class.php 第 58 行.
INFO: [ app_begin ] --START--
INFO: Run Behavior\ReadHtmlCacheBehavior [ RunTime:0.000000s ]
INFO: [ app_begin ] --END-- [ RunTime:0.000000s ]
ERR: 无法加载控制器:Robots.txt

[ 2017-04-15T13:42:38+08:00 ] 178.255.215.82 /tansuo/yuzhouaomi/
INFO: [ app_init ] --START--
INFO: Run Behavior\BuildLiteBehavior [ RunTime:0.000000s ]
INFO: [ app_init ] --END-- [ RunTime:0.000000s ]
NOTIC: [2] preg_match(): Unknown modifier ':' D:\wwwww\xpcjd\web\thinkphp\Library\Think\Route.class.php 第 58 行.
NOTIC: [2] preg_match(): Unknown modifier ':' D:\wwwww\xpcjd\web\thinkphp\Library\Think\Route.class.php 第 58 行.
INFO: [ app_begin ] --START--
INFO: Run Behavior\ReadHtmlCacheBehavior [ RunTime:0.000000s ]
INFO: [ app_begin ] --END-- [ RunTime:0.000000s ]
ERR: 无法加载控制器:Tansuo

[ 2017-04-15T18:42:39+08:00 ] 42.236.10.113 /news.asp?tid=4675629.html
INFO: [ app_init ] --START--
INFO: Run Behavior\BuildLiteBehavior [ RunTime:0.000000s ]
INFO: [ app_init ] --END-- [ RunTime:0.000000s ]
NOTIC: [2] preg_match(): Unknown modifier ':' D:\wwwww\xpcjd\web\thinkphp\Library\Think\Route.class.php 第 58 行.
NOTIC: [2] preg_match(): Unknown modifier ':' D:\wwwww\xpcjd\web\thinkphp\Library\Think\Route.class.php 第 58 行.
INFO: [ app_begin ] --START--
INFO: Run Behavior\ReadHtmlCacheBehavior [ RunTime:0.000000s ]
INFO: [ app_begin ] --END-- [ RunTime:0.000000s ]
ERR: 无法加载控制器:News.asp

[ 2017-04-15T18:42:39+08:00 ] 42.236.10.102 /news.asp?tid=441192.html
INFO: [ app_init ] --START--
INFO: Run Behavior\BuildLiteBehavior [ RunTime:0.000000s ]
INFO: [ app_init ] --END-- [ RunTime:0.000000s ]
NOTIC: [2] preg_match(): Unknown modifier ':' D:\wwwww\xpcjd\web\thinkphp\Library\Think\Route.class.php 第 58 行.
NOTIC: [2] preg_match(): Unknown modifier ':' D:\wwwww\xpcjd\web\thinkphp\Library\Think\Route.class.php 第 58 行.
INFO: [ app_begin ] --START--
INFO: Run Behavior\ReadHtmlCacheBehavior [ RunTime:0.000000s ]
INFO: [ app_begin ] --END-- [ RunTime:0.000000s ]
ERR: 无法加载控制器:News.asp

[ 2017-04-15T18:42:39+08:00 ] 42.236.10.80 /lfmlu/4549406.html
INFO: [ app_init ] --START--
INFO: Run Behavior\BuildLiteBehavior [ RunTime:0.000000s ]
INFO: [ app_init ] --END-- [ RunTime:0.000000s ]
NOTIC: [2] preg_match(): Unknown modifier ':' D:\wwwww\xpcjd\web\thinkphp\Library\Think\Route.class.php 第 58 行.
NOTIC: [2] preg_match(): Unknown modifier ':' D:\wwwww\xpcjd\web\thinkphp\Library\Think\Route.class.php 第 58 行.
INFO: [ app_begin ] --START--
INFO: Run Behavior\ReadHtmlCacheBehavior [ RunTime:0.000000s ]
INFO: [ app_begin ] --END-- [ RunTime:0.000000s ]
ERR: 无法加载控制器:Lfmlu

[ 2017-04-15T18:42:39+08:00 ] 42.236.10.113 /sqkid/4499260.html
INFO: [ app_init ] --START--
INFO: Run Behavior\BuildLiteBehavior [ RunTime:0.000000s ]
INFO: [ app_init ] --END-- [ RunTime:0.000000s ]
NOTIC: [2] preg_match(): Unknown modifier ':' D:\wwwww\xpcjd\web\thinkphp\Library\Think\Route.class.php 第 58 行.
NOTIC: [2] preg_match(): Unknown modifier ':' D:\wwwww\xpcjd\web\thinkphp\Library\Think\Route.class.php 第 58 行.
INFO: [ app_begin ] --START--
INFO: Run Behavior\ReadHtmlCacheBehavior [ RunTime:0.000000s ]
INFO: [ app_begin ] --END-- [ RunTime:0.000000s ]
ERR: 无法加载控制器:Sqkid

[ 2017-04-15T18:42:39+08:00 ] 180.153.236.133 /ybqsn/6746156.html
INFO: [ app_init ] --START--
INFO: Run Behavior\BuildLiteBehavior [ RunTime:0.000000s ]
INFO: [ app_init ] --END-- [ RunTime:0.000000s ]
NOTIC: [2] preg_match(): Unknown modifier ':' D:\wwwww\xpcjd\web\thinkphp\Library\Think\Route.class.php 第 58 行.
NOTIC: [2] preg_match(): Unknown modifier ':' D:\wwwww\xpcjd\web\thinkphp\Library\Think\Route.class.php 第 58 行.
INFO: [ app_begin ] --START--
INFO: Run Behavior\ReadHtmlCacheBehavior [ RunTime:0.000000s ]
INFO: [ app_begin ] --END-- [ RunTime:0.000000s ]
ERR: 无法加载控制器:Ybqsn

[ 2017-04-15T18:42:39+08:00 ] 42.236.10.82 /news.asp?tid=9063768.html
INFO: [ app_init ] --START--
INFO: Run Behavior\BuildLiteBehavior [ RunTime:0.000000s ]
INFO: [ app_init ] --END-- [ RunTime:0.000000s ]
NOTIC: [2] preg_match(): Unknown modifier ':' D:\wwwww\xpcjd\web\thinkphp\Library\Think\Route.class.php 第 58 行.
NOTIC: [2] preg_match(): Unknown modifier ':' D:\wwwww\xpcjd\web\thinkphp\Library\Think\Route.class.php 第 58 行.
INFO: [ app_begin ] --START--
INFO: Run Behavior\ReadHtmlCacheBehavior [ RunTime:0.000000s ]
INFO: [ app_begin ] --END-- [ RunTime:0.000000s ]
ERR: 无法加载控制器:News.asp

[ 2017-04-15T18:42:39+08:00 ] 42.236.10.100 /pqqut/6709763.html
INFO: [ app_init ] --START--
INFO: Run Behavior\BuildLiteBehavior [ RunTime:0.000000s ]
INFO: [ app_init ] --END-- [ RunTime:0.000000s ]
NOTIC: [2] preg_match(): Unknown modifier ':' D:\wwwww\xpcjd\web\thinkphp\Library\Think\Route.class.php 第 58 行.
NOTIC: [2] preg_match(): Unknown modifier ':' D:\wwwww\xpcjd\web\thinkphp\Library\Think\Route.class.php 第 58 行.
INFO: [ app_begin ] --START--
INFO: Run Behavior\ReadHtmlCacheBehavior [ RunTime:0.000000s ]
INFO: [ app_begin ] --END-- [ RunTime:0.000000s ]
ERR: 无法加载控制器:Pqqut

[ 2017-04-15T18:42:39+08:00 ] 42.236.10.83 /dgczl/308077.html
INFO: [ app_init ] --START--
INFO: Run Behavior\BuildLiteBehavior [ RunTime:0.000000s ]
INFO: [ app_init ] --END-- [ RunTime:0.000000s ]
NOTIC: [2] preg_match(): Unknown modifier ':' D:\wwwww\xpcjd\web\thinkphp\Library\Think\Route.class.php 第 58 行.
NOTIC: [2] preg_match(): Unknown modifier ':' D:\wwwww\xpcjd\web\thinkphp\Library\Think\Route.class.php 第 58 行.
INFO: [ app_begin ] --START--
INFO: Run Behavior\ReadHtmlCacheBehavior [ RunTime:0.000000s ]
INFO: [ app_begin ] --END-- [ RunTime:0.000000s ]
ERR: 无法加载控制器:Dgczl

[ 2017-04-15T18:42:39+08:00 ] 42.236.10.81 /vnbgs/
INFO: [ app_init ] --START--
INFO: Run Behavior\BuildLiteBehavior [ RunTime:0.000000s ]
INFO: [ app_init ] --END-- [ RunTime:0.000000s ]
NOTIC: [2] preg_match(): Unknown modifier ':' D:\wwwww\xpcjd\web\thinkphp\Library\Think\Route.class.php 第 58 行.
NOTIC: [2] preg_match(): Unknown modifier ':' D:\wwwww\xpcjd\web\thinkphp\Library\Think\Route.class.php 第 58 行.
INFO: [ app_begin ] --START--
INFO: Run Behavior\ReadHtmlCacheBehavior [ RunTime:0.000000s ]
INFO: [ app_begin ] --END-- [ RunTime:0.000000s ]
ERR: 无法加载控制器:Vnbgs

[ 2017-04-15T18:42:39+08:00 ] 42.236.10.80 /bntcp/5967215.html
INFO: [ app_init ] --START--
INFO: Run Behavior\BuildLiteBehavior [ RunTime:0.000000s ]
INFO: [ app_init ] --END-- [ RunTime:0.000000s ]
NOTIC: [2] preg_match(): Unknown modifier ':' D:\wwwww\xpcjd\web\thinkphp\Library\Think\Route.class.php 第 58 行.
NOTIC: [2] preg_match(): Unknown modifier ':' D:\wwwww\xpcjd\web\thinkphp\Library\Think\Route.class.php 第 58 行.
INFO: [ app_begin ] --START--
INFO: Run Behavior\ReadHtmlCacheBehavior [ RunTime:0.015625s ]
INFO: [ app_begin ] --END-- [ RunTime:0.015625s ]
ERR: 无法加载控制器:Bntcp

[ 2017-04-15T18:42:39+08:00 ] 42.236.10.83 /lingt/6654026.html
INFO: [ app_init ] --START--
INFO: Run Behavior\BuildLiteBehavior [ RunTime:0.000000s ]
INFO: [ app_init ] --END-- [ RunTime:0.015625s ]
NOTIC: [2] preg_match(): Unknown modifier ':' D:\wwwww\xpcjd\web\thinkphp\Library\Think\Route.class.php 第 58 行.
NOTIC: [2] preg_match(): Unknown modifier ':' D:\wwwww\xpcjd\web\thinkphp\Library\Think\Route.class.php 第 58 行.
INFO: [ app_begin ] --START--
INFO: Run Behavior\ReadHtmlCacheBehavior [ RunTime:0.000000s ]
INFO: [ app_begin ] --END-- [ RunTime:0.000000s ]
ERR: 无法加载控制器:Lingt

[ 2017-04-15T18:42:39+08:00 ] 180.153.236.19 /nwopo/
INFO: [ app_init ] --START--
INFO: Run Behavior\BuildLiteBehavior [ RunTime:0.000000s ]
INFO: [ app_init ] --END-- [ RunTime:0.000000s ]
NOTIC: [2] preg_match(): Unknown modifier ':' D:\wwwww\xpcjd\web\thinkphp\Library\Think\Route.class.php 第 58 行.
NOTIC: [2] preg_match(): Unknown modifier ':' D:\wwwww\xpcjd\web\thinkphp\Library\Think\Route.class.php 第 58 行.
INFO: [ app_begin ] --START--
INFO: Run Behavior\ReadHtmlCacheBehavior [ RunTime:0.000000s ]
INFO: [ app_begin ] --END-- [ RunTime:0.000000s ]
ERR: 无法加载控制器:Nwopo

[ 2017-04-15T18:42:39+08:00 ] 42.236.10.81 /news.asp?tid=8553903.html
INFO: [ app_init ] --START--
INFO: Run Behavior\BuildLiteBehavior [ RunTime:0.000000s ]
INFO: [ app_init ] --END-- [ RunTime:0.000000s ]
NOTIC: [2] preg_match(): Unknown modifier ':' D:\wwwww\xpcjd\web\thinkphp\Library\Think\Route.class.php 第 58 行.
NOTIC: [2] preg_match(): Unknown modifier ':' D:\wwwww\xpcjd\web\thinkphp\Library\Think\Route.class.php 第 58 行.
INFO: [ app_begin ] --START--
INFO: Run Behavior\ReadHtmlCacheBehavior [ RunTime:0.000000s ]
INFO: [ app_begin ] --END-- [ RunTime:0.000000s ]
ERR: 无法加载控制器:News.asp

[ 2017-04-15T18:42:39+08:00 ] 42.236.10.104 /news.asp?tid=2456177.html
INFO: [ app_init ] --START--
INFO: Run Behavior\BuildLiteBehavior [ RunTime:0.000000s ]
INFO: [ app_init ] --END-- [ RunTime:0.000000s ]
NOTIC: [2] preg_match(): Unknown modifier ':' D:\wwwww\xpcjd\web\thinkphp\Library\Think\Route.class.php 第 58 行.
NOTIC: [2] preg_match(): Unknown modifier ':' D:\wwwww\xpcjd\web\thinkphp\Library\Think\Route.class.php 第 58 行.
INFO: [ app_begin ] --START--
INFO: Run Behavior\ReadHtmlCacheBehavior [ RunTime:0.000000s ]
INFO: [ app_begin ] --END-- [ RunTime:0.000000s ]
ERR: 无法加载控制器:News.asp

[ 2017-04-15T18:42:39+08:00 ] 42.236.10.82 /jjhtd/
INFO: [ app_init ] --START--
INFO: Run Behavior\BuildLiteBehavior [ RunTime:0.000000s ]
INFO: [ app_init ] --END-- [ RunTime:0.000000s ]
NOTIC: [2] preg_match(): Unknown modifier ':' D:\wwwww\xpcjd\web\thinkphp\Library\Think\Route.class.php 第 58 行.
NOTIC: [2] preg_match(): Unknown modifier ':' D:\wwwww\xpcjd\web\thinkphp\Library\Think\Route.class.php 第 58 行.
INFO: [ app_begin ] --START--
INFO: Run Behavior\ReadHtmlCacheBehavior [ RunTime:0.000000s ]
INFO: [ app_begin ] --END-- [ RunTime:0.000000s ]
ERR: 无法加载控制器:Jjhtd

[ 2017-04-15T18:42:39+08:00 ] 42.236.10.109 /fquge/168667.html
INFO: [ app_init ] --START--
INFO: Run Behavior\BuildLiteBehavior [ RunTime:0.000000s ]
INFO: [ app_init ] --END-- [ RunTime:0.000000s ]
NOTIC: [2] preg_match(): Unknown modifier ':' D:\wwwww\xpcjd\web\thinkphp\Library\Think\Route.class.php 第 58 行.
NOTIC: [2] preg_match(): Unknown modifier ':' D:\wwwww\xpcjd\web\thinkphp\Library\Think\Route.class.php 第 58 行.
INFO: [ app_begin ] --START--
INFO: Run Behavior\ReadHtmlCacheBehavior [ RunTime:0.000000s ]
INFO: [ app_begin ] --END-- [ RunTime:0.000000s ]
ERR: 无法加载控制器:Fquge

[ 2017-04-15T23:16:48+08:00 ] 199.58.86.211 /robots.txt
INFO: [ app_init ] --START--
INFO: Run Behavior\BuildLiteBehavior [ RunTime:0.000000s ]
INFO: [ app_init ] --END-- [ RunTime:0.000000s ]
NOTIC: [2] preg_match(): Unknown modifier ':' D:\wwwww\xpcjd\web\thinkphp\Library\Think\Route.class.php 第 58 行.
NOTIC: [2] preg_match(): Unknown modifier ':' D:\wwwww\xpcjd\web\thinkphp\Library\Think\Route.class.php 第 58 行.
INFO: [ app_begin ] --START--
INFO: Run Behavior\ReadHtmlCacheBehavior [ RunTime:0.000000s ]
INFO: [ app_begin ] --END-- [ RunTime:0.000000s ]
ERR: 无法加载控制器:Robots.txt

[ 2017-04-15T23:17:03+08:00 ] 199.58.86.211 /
INFO: [ app_init ] --START--
INFO: Run Behavior\BuildLiteBehavior [ RunTime:0.000000s ]
INFO: [ app_init ] --END-- [ RunTime:0.000000s ]
INFO: [ app_begin ] --START--
INFO: Run Behavior\ReadHtmlCacheBehavior [ RunTime:0.000000s ]
INFO: [ app_begin ] --END-- [ RunTime:0.000000s ]
SQL: SHOW COLUMNS FROM `xpc_basevideo` [ RunTime:0.0000s ]
SQL: SELECT `link_mobile` FROM `xpc_basevideo` WHERE ( is_show=1 and is_main=1 ) LIMIT 1   [ RunTime:0.0000s ]
SQL: SELECT `link_mobile`,`sltpath` FROM `xpc_basevideo` WHERE ( is_show=1 and is_main=0 ) ORDER BY id desc,pubtime desc  [ RunTime:0.0000s ]
SQL: SHOW COLUMNS FROM `xpc_danscenes` [ RunTime:0.0000s ]
SQL: SELECT st.title,dan.cate,dan.sltpath FROM xpc_danscenes dan left join  xpc_scenestype as st on st.id=dan.cate  WHERE ( dan.is_show=1 ) ORDER BY dan.id desc ,dan.pubtime desc  [ RunTime:0.0000s ]
SQL: SHOW COLUMNS FROM `xpc_video` [ RunTime:0.0156s ]
SQL: SELECT * FROM `xpc_video` WHERE ( is_show=1 ) ORDER BY id desc ,pubtime desc  [ RunTime:0.0000s ]
SQL: SHOW COLUMNS FROM `xpc_service` [ RunTime:0.0000s ]
SQL: SELECT * FROM `xpc_service` WHERE ( isshow=1 ) ORDER BY id desc ,pubtime desc  [ RunTime:0.0000s ]
SQL: SHOW COLUMNS FROM `xpc_news` [ RunTime:0.0000s ]
SQL: SELECT * FROM `xpc_news` WHERE ( isshow=1 ) ORDER BY id desc ,pubtime desc LIMIT 0,2   [ RunTime:0.0000s ]
SQL: SELECT * FROM `xpc_news` WHERE ( isshow=1 ) ORDER BY id desc ,pubtime desc LIMIT 2,2   [ RunTime:0.0000s ]
INFO: [ view_parse ] --START--
INFO: [ template_filter ] --START--
INFO: Run Behavior\ContentReplaceBehavior [ RunTime:0.000000s ]
INFO: [ template_filter ] --END-- [ RunTime:0.000000s ]
INFO: Run Behavior\ParseTemplateBehavior [ RunTime:0.031250s ]
INFO: [ view_parse ] --END-- [ RunTime:0.031250s ]
INFO: [ view_filter ] --START--
INFO: Run Behavior\WriteHtmlCacheBehavior [ RunTime:0.000000s ]
INFO: [ view_filter ] --END-- [ RunTime:0.000000s ]
INFO: [ app_end ] --START--
INFO: Run Behavior\ShowPageTraceBehavior [ RunTime:0.000000s ]
INFO: [ app_end ] --END-- [ RunTime:0.000000s ]

