[ 2017-04-15T09:54:17+08:00 ] 180.153.214.197 /Back
INFO: [ app_init ] --START--
INFO: Run Behavior\BuildLiteBehavior [ RunTime:0.000000s ]
INFO: [ app_init ] --END-- [ RunTime:0.000000s ]
NOTIC: [2] preg_match(): Unknown modifier ':' D:\wwwww\xpcjd\web\thinkphp\Library\Think\Route.class.php 第 58 行.
INFO: [ app_begin ] --START--
INFO: Run Behavior\ReadHtmlCacheBehavior [ RunTime:0.000000s ]
INFO: [ app_begin ] --END-- [ RunTime:0.000000s ]

[ 2017-04-15T09:54:17+08:00 ] 180.153.214.197 /Back/Login/login.html
INFO: [ app_init ] --START--
INFO: Run Behavior\BuildLiteBehavior [ RunTime:0.000000s ]
INFO: [ app_init ] --END-- [ RunTime:0.000000s ]
NOTIC: [2] preg_match(): Unknown modifier ':' D:\wwwww\xpcjd\web\thinkphp\Library\Think\Route.class.php 第 58 行.
NOTIC: [2] preg_match(): Unknown modifier ':' D:\wwwww\xpcjd\web\thinkphp\Library\Think\Route.class.php 第 58 行.
INFO: [ app_begin ] --START--
INFO: Run Behavior\ReadHtmlCacheBehavior [ RunTime:0.000000s ]
INFO: [ app_begin ] --END-- [ RunTime:0.000000s ]
INFO: [ view_parse ] --START--
INFO: [ template_filter ] --START--
INFO: Run Behavior\ContentReplaceBehavior [ RunTime:0.000000s ]
INFO: [ template_filter ] --END-- [ RunTime:0.000000s ]
INFO: Run Behavior\ParseTemplateBehavior [ RunTime:0.015625s ]
INFO: [ view_parse ] --END-- [ RunTime:0.015625s ]
INFO: [ view_filter ] --START--
INFO: Run Behavior\WriteHtmlCacheBehavior [ RunTime:0.000000s ]
INFO: [ view_filter ] --END-- [ RunTime:0.000000s ]
INFO: [ app_end ] --START--
INFO: Run Behavior\ShowPageTraceBehavior [ RunTime:0.000000s ]
INFO: [ app_end ] --END-- [ RunTime:0.000000s ]

[ 2017-04-15T09:59:18+08:00 ] 218.108.75.202 /Back
INFO: [ app_init ] --START--
INFO: Run Behavior\BuildLiteBehavior [ RunTime:0.000000s ]
INFO: [ app_init ] --END-- [ RunTime:0.000000s ]
NOTIC: [2] preg_match(): Unknown modifier ':' D:\wwwww\xpcjd\web\thinkphp\Library\Think\Route.class.php 第 58 行.
INFO: [ app_begin ] --START--
INFO: Run Behavior\ReadHtmlCacheBehavior [ RunTime:0.000000s ]
INFO: [ app_begin ] --END-- [ RunTime:0.000000s ]

[ 2017-04-15T09:59:18+08:00 ] 218.108.75.202 /Back/Login/login.html
INFO: [ app_init ] --START--
INFO: Run Behavior\BuildLiteBehavior [ RunTime:0.000000s ]
INFO: [ app_init ] --END-- [ RunTime:0.000000s ]
NOTIC: [2] preg_match(): Unknown modifier ':' D:\wwwww\xpcjd\web\thinkphp\Library\Think\Route.class.php 第 58 行.
NOTIC: [2] preg_match(): Unknown modifier ':' D:\wwwww\xpcjd\web\thinkphp\Library\Think\Route.class.php 第 58 行.
INFO: [ app_begin ] --START--
INFO: Run Behavior\ReadHtmlCacheBehavior [ RunTime:0.000000s ]
INFO: [ app_begin ] --END-- [ RunTime:0.000000s ]
INFO: [ view_parse ] --START--
INFO: [ template_filter ] --START--
INFO: Run Behavior\ContentReplaceBehavior [ RunTime:0.000000s ]
INFO: [ template_filter ] --END-- [ RunTime:0.000000s ]
INFO: Run Behavior\ParseTemplateBehavior [ RunTime:0.000000s ]
INFO: [ view_parse ] --END-- [ RunTime:0.000000s ]
INFO: [ view_filter ] --START--
INFO: Run Behavior\WriteHtmlCacheBehavior [ RunTime:0.000000s ]
INFO: [ view_filter ] --END-- [ RunTime:0.000000s ]
INFO: [ app_end ] --START--
INFO: Run Behavior\ShowPageTraceBehavior [ RunTime:0.000000s ]
INFO: [ app_end ] --END-- [ RunTime:0.000000s ]

[ 2017-04-15T10:00:29+08:00 ] 218.108.75.202 /Back/Login/check_login
INFO: [ app_init ] --START--
INFO: Run Behavior\BuildLiteBehavior [ RunTime:0.000000s ]
INFO: [ app_init ] --END-- [ RunTime:0.000000s ]
NOTIC: [2] preg_match(): Unknown modifier ':' D:\wwwww\xpcjd\web\thinkphp\Library\Think\Route.class.php 第 58 行.
NOTIC: [2] preg_match(): Unknown modifier ':' D:\wwwww\xpcjd\web\thinkphp\Library\Think\Route.class.php 第 58 行.
INFO: [ app_begin ] --START--
INFO: Run Behavior\ReadHtmlCacheBehavior [ RunTime:0.015625s ]
INFO: [ app_begin ] --END-- [ RunTime:0.015625s ]
SQL: SHOW COLUMNS FROM `xpc_users` [ RunTime:0.0156s ]
SQL: SELECT * FROM `xpc_users` WHERE `username` = 'admin' AND `password` = '0faf04e10b3356283abe5ec4c5927640' LIMIT 1   [ RunTime:0.0000s ]
INFO: [ view_parse ] --START--
INFO: [ template_filter ] --START--
INFO: Run Behavior\ContentReplaceBehavior [ RunTime:0.000000s ]
INFO: [ template_filter ] --END-- [ RunTime:0.000000s ]
INFO: Run Behavior\ParseTemplateBehavior [ RunTime:0.000000s ]
INFO: [ view_parse ] --END-- [ RunTime:0.000000s ]
INFO: [ view_filter ] --START--
INFO: Run Behavior\WriteHtmlCacheBehavior [ RunTime:0.000000s ]
INFO: [ view_filter ] --END-- [ RunTime:0.000000s ]

[ 2017-04-15T10:00:51+08:00 ] 218.108.75.202 /Back/Login/check_login
INFO: [ app_init ] --START--
INFO: Run Behavior\BuildLiteBehavior [ RunTime:0.000000s ]
INFO: [ app_init ] --END-- [ RunTime:0.000000s ]
NOTIC: [2] preg_match(): Unknown modifier ':' D:\wwwww\xpcjd\web\thinkphp\Library\Think\Route.class.php 第 58 行.
NOTIC: [2] preg_match(): Unknown modifier ':' D:\wwwww\xpcjd\web\thinkphp\Library\Think\Route.class.php 第 58 行.
INFO: [ app_begin ] --START--
INFO: Run Behavior\ReadHtmlCacheBehavior [ RunTime:0.000000s ]
INFO: [ app_begin ] --END-- [ RunTime:0.000000s ]
SQL: SHOW COLUMNS FROM `xpc_users` [ RunTime:0.0000s ]
SQL: SELECT * FROM `xpc_users` WHERE `username` = 'donghailongwang' AND `password` = '0faf04e10b3356283abe5ec4c5927640' LIMIT 1   [ RunTime:0.0000s ]
SQL: UPDATE `xpc_users` SET `last_up_time`='2017-04-14 11:48:28',`logintime`='2017-04-15 10:00:51' WHERE ( id=1 ) [ RunTime:0.0000s ]

[ 2017-04-15T10:00:51+08:00 ] 218.108.75.202 /Back/Index/index.html
INFO: [ app_init ] --START--
INFO: Run Behavior\BuildLiteBehavior [ RunTime:0.000000s ]
INFO: [ app_init ] --END-- [ RunTime:0.000000s ]
NOTIC: [2] preg_match(): Unknown modifier ':' D:\wwwww\xpcjd\web\thinkphp\Library\Think\Route.class.php 第 58 行.
NOTIC: [2] preg_match(): Unknown modifier ':' D:\wwwww\xpcjd\web\thinkphp\Library\Think\Route.class.php 第 58 行.
INFO: [ app_begin ] --START--
INFO: Run Behavior\ReadHtmlCacheBehavior [ RunTime:0.000000s ]
INFO: [ app_begin ] --END-- [ RunTime:0.000000s ]
INFO: [ view_parse ] --START--
INFO: [ template_filter ] --START--
INFO: Run Behavior\ContentReplaceBehavior [ RunTime:0.000000s ]
INFO: [ template_filter ] --END-- [ RunTime:0.000000s ]
INFO: Run Behavior\ParseTemplateBehavior [ RunTime:0.000000s ]
INFO: [ view_parse ] --END-- [ RunTime:0.000000s ]
INFO: [ view_filter ] --START--
INFO: Run Behavior\WriteHtmlCacheBehavior [ RunTime:0.000000s ]
INFO: [ view_filter ] --END-- [ RunTime:0.000000s ]
INFO: [ app_end ] --START--
INFO: Run Behavior\ShowPageTraceBehavior [ RunTime:0.000000s ]
INFO: [ app_end ] --END-- [ RunTime:0.000000s ]

[ 2017-04-15T10:00:51+08:00 ] 218.108.75.202 /Back/Index/top.html
INFO: [ app_init ] --START--
INFO: Run Behavior\BuildLiteBehavior [ RunTime:0.000000s ]
INFO: [ app_init ] --END-- [ RunTime:0.000000s ]
NOTIC: [2] preg_match(): Unknown modifier ':' D:\wwwww\xpcjd\web\thinkphp\Library\Think\Route.class.php 第 58 行.
NOTIC: [2] preg_match(): Unknown modifier ':' D:\wwwww\xpcjd\web\thinkphp\Library\Think\Route.class.php 第 58 行.
INFO: [ app_begin ] --START--
INFO: Run Behavior\ReadHtmlCacheBehavior [ RunTime:0.000000s ]
INFO: [ app_begin ] --END-- [ RunTime:0.000000s ]
INFO: [ view_parse ] --START--
INFO: [ template_filter ] --START--
INFO: Run Behavior\ContentReplaceBehavior [ RunTime:0.000000s ]
INFO: [ template_filter ] --END-- [ RunTime:0.000000s ]
INFO: Run Behavior\ParseTemplateBehavior [ RunTime:0.015625s ]
INFO: [ view_parse ] --END-- [ RunTime:0.015625s ]
INFO: [ view_filter ] --START--
INFO: Run Behavior\WriteHtmlCacheBehavior [ RunTime:0.000000s ]
INFO: [ view_filter ] --END-- [ RunTime:0.000000s ]
INFO: [ app_end ] --START--
INFO: Run Behavior\ShowPageTraceBehavior [ RunTime:0.000000s ]
INFO: [ app_end ] --END-- [ RunTime:0.000000s ]

[ 2017-04-15T10:00:51+08:00 ] 218.108.75.202 /Back/Index/left.html
INFO: [ app_init ] --START--
INFO: Run Behavior\BuildLiteBehavior [ RunTime:0.000000s ]
INFO: [ app_init ] --END-- [ RunTime:0.000000s ]
NOTIC: [2] preg_match(): Unknown modifier ':' D:\wwwww\xpcjd\web\thinkphp\Library\Think\Route.class.php 第 58 行.
NOTIC: [2] preg_match(): Unknown modifier ':' D:\wwwww\xpcjd\web\thinkphp\Library\Think\Route.class.php 第 58 行.
INFO: [ app_begin ] --START--
INFO: Run Behavior\ReadHtmlCacheBehavior [ RunTime:0.000000s ]
INFO: [ app_begin ] --END-- [ RunTime:0.000000s ]
INFO: [ view_parse ] --START--
INFO: [ template_filter ] --START--
INFO: Run Behavior\ContentReplaceBehavior [ RunTime:0.000000s ]
INFO: [ template_filter ] --END-- [ RunTime:0.000000s ]
INFO: Run Behavior\ParseTemplateBehavior [ RunTime:0.000000s ]
INFO: [ view_parse ] --END-- [ RunTime:0.000000s ]
INFO: [ view_filter ] --START--
INFO: Run Behavior\WriteHtmlCacheBehavior [ RunTime:0.000000s ]
INFO: [ view_filter ] --END-- [ RunTime:0.000000s ]
INFO: [ app_end ] --START--
INFO: Run Behavior\ShowPageTraceBehavior [ RunTime:0.000000s ]
INFO: [ app_end ] --END-- [ RunTime:0.000000s ]

[ 2017-04-15T10:00:52+08:00 ] 218.108.75.202 /Back/Index/main.html
INFO: [ app_init ] --START--
INFO: Run Behavior\BuildLiteBehavior [ RunTime:0.000000s ]
INFO: [ app_init ] --END-- [ RunTime:0.000000s ]
NOTIC: [2] preg_match(): Unknown modifier ':' D:\wwwww\xpcjd\web\thinkphp\Library\Think\Route.class.php 第 58 行.
NOTIC: [2] preg_match(): Unknown modifier ':' D:\wwwww\xpcjd\web\thinkphp\Library\Think\Route.class.php 第 58 行.
INFO: [ app_begin ] --START--
INFO: Run Behavior\ReadHtmlCacheBehavior [ RunTime:0.000000s ]
INFO: [ app_begin ] --END-- [ RunTime:0.000000s ]
SQL: SHOW COLUMNS FROM `xpc_users` [ RunTime:0.0000s ]
SQL: SELECT `username`,`last_up_time` FROM `xpc_users` WHERE `id` = 1 LIMIT 1   [ RunTime:0.0000s ]
INFO: [ view_parse ] --START--
INFO: [ template_filter ] --START--
INFO: Run Behavior\ContentReplaceBehavior [ RunTime:0.000000s ]
INFO: [ template_filter ] --END-- [ RunTime:0.000000s ]
NOTIC: [8] Undefined variable: one D:\wwwww\xpcjd\web\Application\Runtime\Cache\Back\501a98c582e5f59c67658892469e3af6.php 第 20 行.
INFO: Run Behavior\ParseTemplateBehavior [ RunTime:0.015625s ]
INFO: [ view_parse ] --END-- [ RunTime:0.015625s ]
INFO: [ view_filter ] --START--
INFO: Run Behavior\WriteHtmlCacheBehavior [ RunTime:0.000000s ]
INFO: [ view_filter ] --END-- [ RunTime:0.000000s ]
INFO: [ app_end ] --START--
INFO: Run Behavior\ShowPageTraceBehavior [ RunTime:0.000000s ]
INFO: [ app_end ] --END-- [ RunTime:0.000000s ]

[ 2017-04-15T10:01:02+08:00 ] 218.108.75.202 /Back/Scenes/scenesTypeList.html
INFO: [ app_init ] --START--
INFO: Run Behavior\BuildLiteBehavior [ RunTime:0.000000s ]
INFO: [ app_init ] --END-- [ RunTime:0.000000s ]
NOTIC: [2] preg_match(): Unknown modifier ':' D:\wwwww\xpcjd\web\thinkphp\Library\Think\Route.class.php 第 58 行.
NOTIC: [2] preg_match(): Unknown modifier ':' D:\wwwww\xpcjd\web\thinkphp\Library\Think\Route.class.php 第 58 行.
INFO: [ app_begin ] --START--
INFO: Run Behavior\ReadHtmlCacheBehavior [ RunTime:0.000000s ]
INFO: [ app_begin ] --END-- [ RunTime:0.000000s ]
SQL: SHOW COLUMNS FROM `xpc_scenestype` [ RunTime:0.0000s ]
SQL: SELECT * FROM `xpc_scenestype`  [ RunTime:0.0000s ]
INFO: [ view_parse ] --START--
INFO: [ template_filter ] --START--
INFO: Run Behavior\ContentReplaceBehavior [ RunTime:0.000000s ]
INFO: [ template_filter ] --END-- [ RunTime:0.000000s ]
NOTIC: [8] Undefined index: p D:\wwwww\xpcjd\web\Application\Runtime\Cache\Back\1efee8308b0e5c6ae76055c4afac6f30.php 第 70 行.
NOTIC: [8] Undefined variable: page D:\wwwww\xpcjd\web\Application\Runtime\Cache\Back\1efee8308b0e5c6ae76055c4afac6f30.php 第 97 行.
INFO: Run Behavior\ParseTemplateBehavior [ RunTime:0.015625s ]
INFO: [ view_parse ] --END-- [ RunTime:0.015625s ]
INFO: [ view_filter ] --START--
INFO: Run Behavior\WriteHtmlCacheBehavior [ RunTime:0.000000s ]
INFO: [ view_filter ] --END-- [ RunTime:0.000000s ]
INFO: [ app_end ] --START--
INFO: Run Behavior\ShowPageTraceBehavior [ RunTime:0.000000s ]
INFO: [ app_end ] --END-- [ RunTime:0.000000s ]

[ 2017-04-15T10:01:08+08:00 ] 218.108.75.202 /Back/Scenes/scenesList.html
INFO: [ app_init ] --START--
INFO: Run Behavior\BuildLiteBehavior [ RunTime:0.000000s ]
INFO: [ app_init ] --END-- [ RunTime:0.000000s ]
NOTIC: [2] preg_match(): Unknown modifier ':' D:\wwwww\xpcjd\web\thinkphp\Library\Think\Route.class.php 第 58 行.
NOTIC: [2] preg_match(): Unknown modifier ':' D:\wwwww\xpcjd\web\thinkphp\Library\Think\Route.class.php 第 58 行.
INFO: [ app_begin ] --START--
INFO: Run Behavior\ReadHtmlCacheBehavior [ RunTime:0.000000s ]
INFO: [ app_begin ] --END-- [ RunTime:0.000000s ]
SQL: SHOW COLUMNS FROM `xpc_danscenes` [ RunTime:0.0000s ]
SQL: SHOW COLUMNS FROM `xpc_duoscenes` [ RunTime:0.0156s ]
NOTIC: [8] Undefined index: search D:\wwwww\xpcjd\web\Application\Back\Controller\ScenesController.class.php 第 20 行.
SQL: SELECT s.id as sid,s.cate,s.sltpath,st.title,u.username,s.pubtime,s.is_show FROM xpc_danscenes s left join  xpc_scenestype as st on st.id=s.cate left join xpc_users as u on u.id=st.userid   [ RunTime:0.0000s ]
INFO: [ view_parse ] --START--
INFO: [ template_filter ] --START--
INFO: Run Behavior\ContentReplaceBehavior [ RunTime:0.000000s ]
INFO: [ template_filter ] --END-- [ RunTime:0.000000s ]
NOTIC: [8] Undefined index: search D:\wwwww\xpcjd\web\Application\Runtime\Cache\Back\19c529f1b2c2b1ddc5c1976573a3a3a7.php 第 156 行.
NOTIC: [8] Undefined index: p D:\wwwww\xpcjd\web\Application\Runtime\Cache\Back\19c529f1b2c2b1ddc5c1976573a3a3a7.php 第 169 行.
NOTIC: [8] Undefined variable: page D:\wwwww\xpcjd\web\Application\Runtime\Cache\Back\19c529f1b2c2b1ddc5c1976573a3a3a7.php 第 239 行.
INFO: Run Behavior\ParseTemplateBehavior [ RunTime:0.015625s ]
INFO: [ view_parse ] --END-- [ RunTime:0.015625s ]
INFO: [ view_filter ] --START--
INFO: Run Behavior\WriteHtmlCacheBehavior [ RunTime:0.000000s ]
INFO: [ view_filter ] --END-- [ RunTime:0.000000s ]
INFO: [ app_end ] --START--
INFO: Run Behavior\ShowPageTraceBehavior [ RunTime:0.000000s ]
INFO: [ app_end ] --END-- [ RunTime:0.000000s ]

[ 2017-04-15T10:01:09+08:00 ] 218.108.75.202 /Back/Scenes/scenesTypeList.html
INFO: [ app_init ] --START--
INFO: Run Behavior\BuildLiteBehavior [ RunTime:0.000000s ]
INFO: [ app_init ] --END-- [ RunTime:0.000000s ]
NOTIC: [2] preg_match(): Unknown modifier ':' D:\wwwww\xpcjd\web\thinkphp\Library\Think\Route.class.php 第 58 行.
NOTIC: [2] preg_match(): Unknown modifier ':' D:\wwwww\xpcjd\web\thinkphp\Library\Think\Route.class.php 第 58 行.
INFO: [ app_begin ] --START--
INFO: Run Behavior\ReadHtmlCacheBehavior [ RunTime:0.000000s ]
INFO: [ app_begin ] --END-- [ RunTime:0.000000s ]
SQL: SHOW COLUMNS FROM `xpc_scenestype` [ RunTime:0.0000s ]
SQL: SELECT * FROM `xpc_scenestype`  [ RunTime:0.0000s ]
INFO: [ view_parse ] --START--
INFO: [ template_filter ] --START--
INFO: Run Behavior\ContentReplaceBehavior [ RunTime:0.000000s ]
INFO: [ template_filter ] --END-- [ RunTime:0.000000s ]
NOTIC: [8] Undefined index: p D:\wwwww\xpcjd\web\Application\Runtime\Cache\Back\1efee8308b0e5c6ae76055c4afac6f30.php 第 70 行.
NOTIC: [8] Undefined variable: page D:\wwwww\xpcjd\web\Application\Runtime\Cache\Back\1efee8308b0e5c6ae76055c4afac6f30.php 第 97 行.
INFO: Run Behavior\ParseTemplateBehavior [ RunTime:0.015625s ]
INFO: [ view_parse ] --END-- [ RunTime:0.015625s ]
INFO: [ view_filter ] --START--
INFO: Run Behavior\WriteHtmlCacheBehavior [ RunTime:0.000000s ]
INFO: [ view_filter ] --END-- [ RunTime:0.000000s ]
INFO: [ app_end ] --START--
INFO: Run Behavior\ShowPageTraceBehavior [ RunTime:0.000000s ]
INFO: [ app_end ] --END-- [ RunTime:0.000000s ]

[ 2017-04-15T10:01:12+08:00 ] 218.108.75.202 /Back/News/NewsList.html
INFO: [ app_init ] --START--
INFO: Run Behavior\BuildLiteBehavior [ RunTime:0.000000s ]
INFO: [ app_init ] --END-- [ RunTime:0.000000s ]
NOTIC: [2] preg_match(): Unknown modifier ':' D:\wwwww\xpcjd\web\thinkphp\Library\Think\Route.class.php 第 58 行.
NOTIC: [2] preg_match(): Unknown modifier ':' D:\wwwww\xpcjd\web\thinkphp\Library\Think\Route.class.php 第 58 行.
INFO: [ app_begin ] --START--
INFO: Run Behavior\ReadHtmlCacheBehavior [ RunTime:0.000000s ]
INFO: [ app_begin ] --END-- [ RunTime:0.000000s ]
NOTIC: [8] Undefined index: search D:\wwwww\xpcjd\web\Application\Back\Controller\NewsController.class.php 第 18 行.
SQL: SHOW COLUMNS FROM `xpc_news` [ RunTime:0.0156s ]
SQL: SELECT COUNT(*) AS tp_count FROM `xpc_news` LIMIT 1   [ RunTime:0.0000s ]
SQL: SELECT u.username,n.* FROM xpc_news n left join xpc_users as u on u.id=n.user_id  LIMIT 0,19   [ RunTime:0.0000s ]
INFO: [ view_parse ] --START--
INFO: [ template_filter ] --START--
INFO: Run Behavior\ContentReplaceBehavior [ RunTime:0.000000s ]
INFO: [ template_filter ] --END-- [ RunTime:0.000000s ]
NOTIC: [8] Undefined index: search D:\wwwww\xpcjd\web\Application\Runtime\Cache\Back\d8ac1f0590113079d454c995d45de23f.php 第 151 行.
NOTIC: [8] Undefined index: p D:\wwwww\xpcjd\web\Application\Runtime\Cache\Back\d8ac1f0590113079d454c995d45de23f.php 第 164 行.
INFO: Run Behavior\ParseTemplateBehavior [ RunTime:0.000000s ]
INFO: [ view_parse ] --END-- [ RunTime:0.000000s ]
INFO: [ view_filter ] --START--
INFO: Run Behavior\WriteHtmlCacheBehavior [ RunTime:0.000000s ]
INFO: [ view_filter ] --END-- [ RunTime:0.000000s ]
INFO: [ app_end ] --START--
INFO: Run Behavior\ShowPageTraceBehavior [ RunTime:0.000000s ]
INFO: [ app_end ] --END-- [ RunTime:0.000000s ]

[ 2017-04-15T10:01:14+08:00 ] 218.108.75.202 /Back/Service/serviceList.html
INFO: [ app_init ] --START--
INFO: Run Behavior\BuildLiteBehavior [ RunTime:0.000000s ]
INFO: [ app_init ] --END-- [ RunTime:0.000000s ]
NOTIC: [2] preg_match(): Unknown modifier ':' D:\wwwww\xpcjd\web\thinkphp\Library\Think\Route.class.php 第 58 行.
NOTIC: [2] preg_match(): Unknown modifier ':' D:\wwwww\xpcjd\web\thinkphp\Library\Think\Route.class.php 第 58 行.
INFO: [ app_begin ] --START--
INFO: Run Behavior\ReadHtmlCacheBehavior [ RunTime:0.000000s ]
INFO: [ app_begin ] --END-- [ RunTime:0.000000s ]
NOTIC: [8] Undefined index: search D:\wwwww\xpcjd\web\Application\Back\Controller\ServiceController.class.php 第 18 行.
SQL: SHOW COLUMNS FROM `xpc_service` [ RunTime:0.0000s ]
SQL: SELECT COUNT(*) AS tp_count FROM `xpc_service` LIMIT 1   [ RunTime:0.0000s ]
SQL: SELECT u.username,n.* FROM xpc_service n left join xpc_users as u on u.id=n.user_id  LIMIT 0,19   [ RunTime:0.0000s ]
INFO: [ view_parse ] --START--
INFO: [ template_filter ] --START--
INFO: Run Behavior\ContentReplaceBehavior [ RunTime:0.000000s ]
INFO: [ template_filter ] --END-- [ RunTime:0.000000s ]
NOTIC: [8] Undefined index: search D:\wwwww\xpcjd\web\Application\Runtime\Cache\Back\c39ced36bfc2ed237a6ddc1060349f84.php 第 125 行.
NOTIC: [8] Undefined index: p D:\wwwww\xpcjd\web\Application\Runtime\Cache\Back\c39ced36bfc2ed237a6ddc1060349f84.php 第 134 行.
NOTIC: [8] Undefined variable: i D:\wwwww\xpcjd\web\Application\Runtime\Cache\Back\c39ced36bfc2ed237a6ddc1060349f84.php 第 153 行.
NOTIC: [8] Undefined index: p D:\wwwww\xpcjd\web\Application\Runtime\Cache\Back\c39ced36bfc2ed237a6ddc1060349f84.php 第 162 行.
NOTIC: [8] Undefined index: p D:\wwwww\xpcjd\web\Application\Runtime\Cache\Back\c39ced36bfc2ed237a6ddc1060349f84.php 第 163 行.
INFO: Run Behavior\ParseTemplateBehavior [ RunTime:0.015625s ]
INFO: [ view_parse ] --END-- [ RunTime:0.015625s ]
INFO: [ view_filter ] --START--
INFO: Run Behavior\WriteHtmlCacheBehavior [ RunTime:0.000000s ]
INFO: [ view_filter ] --END-- [ RunTime:0.000000s ]
INFO: [ app_end ] --START--
INFO: Run Behavior\ShowPageTraceBehavior [ RunTime:0.000000s ]
INFO: [ app_end ] --END-- [ RunTime:0.000000s ]

