[ 2017-05-27T16:32:51+08:00 ] 218.108.75.202 /Back/Login/login.html
INFO: [ app_init ] --START--
INFO: Run Behavior\BuildLiteBehavior [ RunTime:0.000000s ]
INFO: [ app_init ] --END-- [ RunTime:0.000000s ]
NOTIC: [2] preg_match(): Unknown modifier ':' D:\wwwww\xpcjd2\web\thinkphp\Library\Think\Route.class.php 第 58 行.
NOTIC: [2] preg_match(): Unknown modifier ':' D:\wwwww\xpcjd2\web\thinkphp\Library\Think\Route.class.php 第 58 行.
INFO: [ app_begin ] --START--
INFO: Run Behavior\ReadHtmlCacheBehavior [ RunTime:0.000000s ]
INFO: [ app_begin ] --END-- [ RunTime:0.000000s ]
INFO: [ view_parse ] --START--
INFO: [ template_filter ] --START--
INFO: Run Behavior\ContentReplaceBehavior [ RunTime:0.000000s ]
INFO: [ template_filter ] --END-- [ RunTime:0.000000s ]
INFO: Run Behavior\ParseTemplateBehavior [ RunTime:0.015625s ]
INFO: [ view_parse ] --END-- [ RunTime:0.015625s ]
INFO: [ view_filter ] --START--
INFO: Run Behavior\WriteHtmlCacheBehavior [ RunTime:0.000000s ]
INFO: [ view_filter ] --END-- [ RunTime:0.000000s ]
INFO: [ app_end ] --START--
INFO: Run Behavior\ShowPageTraceBehavior [ RunTime:0.000000s ]
INFO: [ app_end ] --END-- [ RunTime:0.000000s ]

[ 2017-05-27T16:33:13+08:00 ] 218.108.75.202 /Back/Login/check_login
INFO: [ app_init ] --START--
INFO: Run Behavior\BuildLiteBehavior [ RunTime:0.000000s ]
INFO: [ app_init ] --END-- [ RunTime:0.000000s ]
NOTIC: [2] preg_match(): Unknown modifier ':' D:\wwwww\xpcjd2\web\thinkphp\Library\Think\Route.class.php 第 58 行.
NOTIC: [2] preg_match(): Unknown modifier ':' D:\wwwww\xpcjd2\web\thinkphp\Library\Think\Route.class.php 第 58 行.
INFO: [ app_begin ] --START--
INFO: Run Behavior\ReadHtmlCacheBehavior [ RunTime:0.000000s ]
INFO: [ app_begin ] --END-- [ RunTime:0.000000s ]
SQL: SHOW COLUMNS FROM `xpc_users` [ RunTime:0.0156s ]
SQL: SELECT * FROM `xpc_users` WHERE `username` = 'donghailongwang' AND `password` = '0faf04e10b3356283abe5ec4c5927640' LIMIT 1   [ RunTime:0.0000s ]
SQL: UPDATE `xpc_users` SET `last_up_time`='2017-05-18 15:31:38',`logintime`='2017-05-27 16:33:13' WHERE ( id=1 ) [ RunTime:0.0000s ]

[ 2017-05-27T16:33:13+08:00 ] 218.108.75.202 /Back/Index/index.html
INFO: [ app_init ] --START--
INFO: Run Behavior\BuildLiteBehavior [ RunTime:0.000000s ]
INFO: [ app_init ] --END-- [ RunTime:0.000000s ]
NOTIC: [2] preg_match(): Unknown modifier ':' D:\wwwww\xpcjd2\web\thinkphp\Library\Think\Route.class.php 第 58 行.
NOTIC: [2] preg_match(): Unknown modifier ':' D:\wwwww\xpcjd2\web\thinkphp\Library\Think\Route.class.php 第 58 行.
INFO: [ app_begin ] --START--
INFO: Run Behavior\ReadHtmlCacheBehavior [ RunTime:0.000000s ]
INFO: [ app_begin ] --END-- [ RunTime:0.000000s ]
INFO: [ view_parse ] --START--
INFO: [ template_filter ] --START--
INFO: Run Behavior\ContentReplaceBehavior [ RunTime:0.000000s ]
INFO: [ template_filter ] --END-- [ RunTime:0.000000s ]
INFO: Run Behavior\ParseTemplateBehavior [ RunTime:0.000000s ]
INFO: [ view_parse ] --END-- [ RunTime:0.000000s ]
INFO: [ view_filter ] --START--
INFO: Run Behavior\WriteHtmlCacheBehavior [ RunTime:0.000000s ]
INFO: [ view_filter ] --END-- [ RunTime:0.000000s ]
INFO: [ app_end ] --START--
INFO: Run Behavior\ShowPageTraceBehavior [ RunTime:0.000000s ]
INFO: [ app_end ] --END-- [ RunTime:0.000000s ]

[ 2017-05-27T16:33:13+08:00 ] 218.108.75.202 /Back/Index/top.html
INFO: [ app_init ] --START--
INFO: Run Behavior\BuildLiteBehavior [ RunTime:0.000000s ]
INFO: [ app_init ] --END-- [ RunTime:0.000000s ]
NOTIC: [2] preg_match(): Unknown modifier ':' D:\wwwww\xpcjd2\web\thinkphp\Library\Think\Route.class.php 第 58 行.
NOTIC: [2] preg_match(): Unknown modifier ':' D:\wwwww\xpcjd2\web\thinkphp\Library\Think\Route.class.php 第 58 行.
INFO: [ app_begin ] --START--
INFO: Run Behavior\ReadHtmlCacheBehavior [ RunTime:0.000000s ]
INFO: [ app_begin ] --END-- [ RunTime:0.000000s ]
INFO: [ view_parse ] --START--
INFO: [ template_filter ] --START--
INFO: Run Behavior\ContentReplaceBehavior [ RunTime:0.000000s ]
INFO: [ template_filter ] --END-- [ RunTime:0.000000s ]
INFO: Run Behavior\ParseTemplateBehavior [ RunTime:0.015625s ]
INFO: [ view_parse ] --END-- [ RunTime:0.015625s ]
INFO: [ view_filter ] --START--
INFO: Run Behavior\WriteHtmlCacheBehavior [ RunTime:0.000000s ]
INFO: [ view_filter ] --END-- [ RunTime:0.000000s ]
INFO: [ app_end ] --START--
INFO: Run Behavior\ShowPageTraceBehavior [ RunTime:0.000000s ]
INFO: [ app_end ] --END-- [ RunTime:0.000000s ]

[ 2017-05-27T16:33:13+08:00 ] 218.108.75.202 /Back/Index/left.html
INFO: [ app_init ] --START--
INFO: Run Behavior\BuildLiteBehavior [ RunTime:0.000000s ]
INFO: [ app_init ] --END-- [ RunTime:0.000000s ]
NOTIC: [2] preg_match(): Unknown modifier ':' D:\wwwww\xpcjd2\web\thinkphp\Library\Think\Route.class.php 第 58 行.
NOTIC: [2] preg_match(): Unknown modifier ':' D:\wwwww\xpcjd2\web\thinkphp\Library\Think\Route.class.php 第 58 行.
INFO: [ app_begin ] --START--
INFO: Run Behavior\ReadHtmlCacheBehavior [ RunTime:0.000000s ]
INFO: [ app_begin ] --END-- [ RunTime:0.000000s ]
INFO: [ view_parse ] --START--
INFO: [ template_filter ] --START--
INFO: Run Behavior\ContentReplaceBehavior [ RunTime:0.000000s ]
INFO: [ template_filter ] --END-- [ RunTime:0.000000s ]
INFO: Run Behavior\ParseTemplateBehavior [ RunTime:0.015625s ]
INFO: [ view_parse ] --END-- [ RunTime:0.015625s ]
INFO: [ view_filter ] --START--
INFO: Run Behavior\WriteHtmlCacheBehavior [ RunTime:0.000000s ]
INFO: [ view_filter ] --END-- [ RunTime:0.000000s ]
INFO: [ app_end ] --START--
INFO: Run Behavior\ShowPageTraceBehavior [ RunTime:0.000000s ]
INFO: [ app_end ] --END-- [ RunTime:0.000000s ]

[ 2017-05-27T16:33:13+08:00 ] 218.108.75.202 /Back/Index/main.html
INFO: [ app_init ] --START--
INFO: Run Behavior\BuildLiteBehavior [ RunTime:0.000000s ]
INFO: [ app_init ] --END-- [ RunTime:0.000000s ]
NOTIC: [2] preg_match(): Unknown modifier ':' D:\wwwww\xpcjd2\web\thinkphp\Library\Think\Route.class.php 第 58 行.
NOTIC: [2] preg_match(): Unknown modifier ':' D:\wwwww\xpcjd2\web\thinkphp\Library\Think\Route.class.php 第 58 行.
INFO: [ app_begin ] --START--
INFO: Run Behavior\ReadHtmlCacheBehavior [ RunTime:0.000000s ]
INFO: [ app_begin ] --END-- [ RunTime:0.000000s ]
SQL: SHOW COLUMNS FROM `xpc_users` [ RunTime:0.0000s ]
SQL: SELECT `username`,`last_up_time` FROM `xpc_users` WHERE `id` = 1 LIMIT 1   [ RunTime:0.0000s ]
INFO: [ view_parse ] --START--
INFO: [ template_filter ] --START--
INFO: Run Behavior\ContentReplaceBehavior [ RunTime:0.000000s ]
INFO: [ template_filter ] --END-- [ RunTime:0.000000s ]
NOTIC: [8] Undefined variable: one D:\wwwww\xpcjd2\web\Application\Runtime\Cache\Back\501a98c582e5f59c67658892469e3af6.php 第 20 行.
INFO: Run Behavior\ParseTemplateBehavior [ RunTime:0.000000s ]
INFO: [ view_parse ] --END-- [ RunTime:0.000000s ]
INFO: [ view_filter ] --START--
INFO: Run Behavior\WriteHtmlCacheBehavior [ RunTime:0.000000s ]
INFO: [ view_filter ] --END-- [ RunTime:0.000000s ]
INFO: [ app_end ] --START--
INFO: Run Behavior\ShowPageTraceBehavior [ RunTime:0.000000s ]
INFO: [ app_end ] --END-- [ RunTime:0.000000s ]

[ 2017-05-27T16:33:17+08:00 ] 218.108.75.202 /Back/Video/videoList.html
INFO: [ app_init ] --START--
INFO: Run Behavior\BuildLiteBehavior [ RunTime:0.000000s ]
INFO: [ app_init ] --END-- [ RunTime:0.000000s ]
NOTIC: [2] preg_match(): Unknown modifier ':' D:\wwwww\xpcjd2\web\thinkphp\Library\Think\Route.class.php 第 58 行.
NOTIC: [2] preg_match(): Unknown modifier ':' D:\wwwww\xpcjd2\web\thinkphp\Library\Think\Route.class.php 第 58 行.
INFO: [ app_begin ] --START--
INFO: Run Behavior\ReadHtmlCacheBehavior [ RunTime:0.000000s ]
INFO: [ app_begin ] --END-- [ RunTime:0.000000s ]
NOTIC: [8] Undefined index: search D:\wwwww\xpcjd2\web\Application\Back\Controller\VideoController.class.php 第 18 行.
SQL: SHOW COLUMNS FROM `xpc_video` [ RunTime:0.0156s ]
SQL: SELECT COUNT(*) AS tp_count FROM `xpc_video` LIMIT 1   [ RunTime:0.0000s ]
SQL: SELECT n.* FROM xpc_video n LIMIT 0,19   [ RunTime:0.0000s ]
INFO: [ view_parse ] --START--
INFO: [ template_filter ] --START--
INFO: Run Behavior\ContentReplaceBehavior [ RunTime:0.000000s ]
INFO: [ template_filter ] --END-- [ RunTime:0.000000s ]
NOTIC: [8] Undefined index: p D:\wwwww\xpcjd2\web\Application\Runtime\Cache\Back\bdf4f1439e17fa296d663551c8801053.php 第 138 行.
NOTIC: [8] Undefined variable: i D:\wwwww\xpcjd2\web\Application\Runtime\Cache\Back\bdf4f1439e17fa296d663551c8801053.php 第 155 行.
NOTIC: [8] Undefined index: p D:\wwwww\xpcjd2\web\Application\Runtime\Cache\Back\bdf4f1439e17fa296d663551c8801053.php 第 162 行.
NOTIC: [8] Undefined index: p D:\wwwww\xpcjd2\web\Application\Runtime\Cache\Back\bdf4f1439e17fa296d663551c8801053.php 第 163 行.
NOTIC: [8] Undefined index: p D:\wwwww\xpcjd2\web\Application\Runtime\Cache\Back\bdf4f1439e17fa296d663551c8801053.php 第 162 行.
NOTIC: [8] Undefined index: p D:\wwwww\xpcjd2\web\Application\Runtime\Cache\Back\bdf4f1439e17fa296d663551c8801053.php 第 163 行.
INFO: Run Behavior\ParseTemplateBehavior [ RunTime:0.000000s ]
INFO: [ view_parse ] --END-- [ RunTime:0.000000s ]
INFO: [ view_filter ] --START--
INFO: Run Behavior\WriteHtmlCacheBehavior [ RunTime:0.000000s ]
INFO: [ view_filter ] --END-- [ RunTime:0.000000s ]
INFO: [ app_end ] --START--
INFO: Run Behavior\ShowPageTraceBehavior [ RunTime:0.000000s ]
INFO: [ app_end ] --END-- [ RunTime:0.000000s ]

[ 2017-05-27T16:33:20+08:00 ] 218.108.75.202 /Back/News/NewsList.html
INFO: [ app_init ] --START--
INFO: Run Behavior\BuildLiteBehavior [ RunTime:0.000000s ]
INFO: [ app_init ] --END-- [ RunTime:0.000000s ]
NOTIC: [2] preg_match(): Unknown modifier ':' D:\wwwww\xpcjd2\web\thinkphp\Library\Think\Route.class.php 第 58 行.
NOTIC: [2] preg_match(): Unknown modifier ':' D:\wwwww\xpcjd2\web\thinkphp\Library\Think\Route.class.php 第 58 行.
INFO: [ app_begin ] --START--
INFO: Run Behavior\ReadHtmlCacheBehavior [ RunTime:0.000000s ]
INFO: [ app_begin ] --END-- [ RunTime:0.000000s ]
NOTIC: [8] Undefined index: search D:\wwwww\xpcjd2\web\Application\Back\Controller\NewsController.class.php 第 18 行.
SQL: SHOW COLUMNS FROM `xpc_news` [ RunTime:0.0000s ]
SQL: SELECT COUNT(*) AS tp_count FROM `xpc_news` LIMIT 1   [ RunTime:0.0000s ]
SQL: SELECT u.username,n.* FROM xpc_news n left join xpc_users as u on u.id=n.user_id  LIMIT 0,19   [ RunTime:0.0156s ]
INFO: [ view_parse ] --START--
INFO: [ template_filter ] --START--
INFO: Run Behavior\ContentReplaceBehavior [ RunTime:0.000000s ]
INFO: [ template_filter ] --END-- [ RunTime:0.000000s ]
NOTIC: [8] Undefined index: search D:\wwwww\xpcjd2\web\Application\Runtime\Cache\Back\d8ac1f0590113079d454c995d45de23f.php 第 151 行.
NOTIC: [8] Undefined index: p D:\wwwww\xpcjd2\web\Application\Runtime\Cache\Back\d8ac1f0590113079d454c995d45de23f.php 第 164 行.
NOTIC: [8] Undefined variable: i D:\wwwww\xpcjd2\web\Application\Runtime\Cache\Back\d8ac1f0590113079d454c995d45de23f.php 第 184 行.
NOTIC: [8] Undefined index: p D:\wwwww\xpcjd2\web\Application\Runtime\Cache\Back\d8ac1f0590113079d454c995d45de23f.php 第 194 行.
NOTIC: [8] Undefined index: p D:\wwwww\xpcjd2\web\Application\Runtime\Cache\Back\d8ac1f0590113079d454c995d45de23f.php 第 195 行.
NOTIC: [8] Undefined index: p D:\wwwww\xpcjd2\web\Application\Runtime\Cache\Back\d8ac1f0590113079d454c995d45de23f.php 第 194 行.
NOTIC: [8] Undefined index: p D:\wwwww\xpcjd2\web\Application\Runtime\Cache\Back\d8ac1f0590113079d454c995d45de23f.php 第 195 行.
NOTIC: [8] Undefined index: p D:\wwwww\xpcjd2\web\Application\Runtime\Cache\Back\d8ac1f0590113079d454c995d45de23f.php 第 194 行.
NOTIC: [8] Undefined index: p D:\wwwww\xpcjd2\web\Application\Runtime\Cache\Back\d8ac1f0590113079d454c995d45de23f.php 第 195 行.
NOTIC: [8] Undefined index: p D:\wwwww\xpcjd2\web\Application\Runtime\Cache\Back\d8ac1f0590113079d454c995d45de23f.php 第 194 行.
NOTIC: [8] Undefined index: p D:\wwwww\xpcjd2\web\Application\Runtime\Cache\Back\d8ac1f0590113079d454c995d45de23f.php 第 195 行.
NOTIC: [8] Undefined index: p D:\wwwww\xpcjd2\web\Application\Runtime\Cache\Back\d8ac1f0590113079d454c995d45de23f.php 第 194 行.
NOTIC: [8] Undefined index: p D:\wwwww\xpcjd2\web\Application\Runtime\Cache\Back\d8ac1f0590113079d454c995d45de23f.php 第 195 行.
NOTIC: [8] Undefined index: p D:\wwwww\xpcjd2\web\Application\Runtime\Cache\Back\d8ac1f0590113079d454c995d45de23f.php 第 194 行.
NOTIC: [8] Undefined index: p D:\wwwww\xpcjd2\web\Application\Runtime\Cache\Back\d8ac1f0590113079d454c995d45de23f.php 第 195 行.
NOTIC: [8] Undefined index: p D:\wwwww\xpcjd2\web\Application\Runtime\Cache\Back\d8ac1f0590113079d454c995d45de23f.php 第 194 行.
NOTIC: [8] Undefined index: p D:\wwwww\xpcjd2\web\Application\Runtime\Cache\Back\d8ac1f0590113079d454c995d45de23f.php 第 195 行.
INFO: Run Behavior\ParseTemplateBehavior [ RunTime:0.000000s ]
INFO: [ view_parse ] --END-- [ RunTime:0.000000s ]
INFO: [ view_filter ] --START--
INFO: Run Behavior\WriteHtmlCacheBehavior [ RunTime:0.000000s ]
INFO: [ view_filter ] --END-- [ RunTime:0.000000s ]
INFO: [ app_end ] --START--
INFO: Run Behavior\ShowPageTraceBehavior [ RunTime:0.000000s ]
INFO: [ app_end ] --END-- [ RunTime:0.000000s ]

[ 2017-05-27T16:33:28+08:00 ] 218.108.75.202 /Back/News/newsAdd.html
INFO: [ app_init ] --START--
INFO: Run Behavior\BuildLiteBehavior [ RunTime:0.000000s ]
INFO: [ app_init ] --END-- [ RunTime:0.000000s ]
NOTIC: [2] preg_match(): Unknown modifier ':' D:\wwwww\xpcjd2\web\thinkphp\Library\Think\Route.class.php 第 58 行.
NOTIC: [2] preg_match(): Unknown modifier ':' D:\wwwww\xpcjd2\web\thinkphp\Library\Think\Route.class.php 第 58 行.
INFO: [ app_begin ] --START--
INFO: Run Behavior\ReadHtmlCacheBehavior [ RunTime:0.000000s ]
INFO: [ app_begin ] --END-- [ RunTime:0.000000s ]
SQL: SHOW COLUMNS FROM `xpc_users` [ RunTime:0.0000s ]
SQL: SELECT `username` FROM `xpc_users` WHERE `id` = 1 LIMIT 1   [ RunTime:0.0000s ]
INFO: [ view_parse ] --START--
INFO: [ template_filter ] --START--
INFO: Run Behavior\ContentReplaceBehavior [ RunTime:0.000000s ]
INFO: [ template_filter ] --END-- [ RunTime:0.000000s ]
INFO: Run Behavior\ParseTemplateBehavior [ RunTime:0.000000s ]
INFO: [ view_parse ] --END-- [ RunTime:0.000000s ]
INFO: [ view_filter ] --START--
INFO: Run Behavior\WriteHtmlCacheBehavior [ RunTime:0.000000s ]
INFO: [ view_filter ] --END-- [ RunTime:0.000000s ]
INFO: [ app_end ] --START--
INFO: Run Behavior\ShowPageTraceBehavior [ RunTime:0.000000s ]
INFO: [ app_end ] --END-- [ RunTime:0.000000s ]

[ 2017-05-27T16:47:39+08:00 ] 218.108.75.202 /Back/News/add.html
INFO: [ app_init ] --START--
INFO: Run Behavior\BuildLiteBehavior [ RunTime:0.000000s ]
INFO: [ app_init ] --END-- [ RunTime:0.000000s ]
NOTIC: [2] preg_match(): Unknown modifier ':' D:\wwwww\xpcjd2\web\thinkphp\Library\Think\Route.class.php 第 58 行.
NOTIC: [2] preg_match(): Unknown modifier ':' D:\wwwww\xpcjd2\web\thinkphp\Library\Think\Route.class.php 第 58 行.
INFO: [ app_begin ] --START--
INFO: Run Behavior\ReadHtmlCacheBehavior [ RunTime:0.000000s ]
INFO: [ app_begin ] --END-- [ RunTime:0.000000s ]
SQL: SHOW COLUMNS FROM `xpc_news` [ RunTime:0.0000s ]
SQL: INSERT INTO `xpc_news` (`user_id`,`title`,`content`,`tag`,`info`,`isshow`,`ytgpath`,`sltpath`) VALUES ('1','再好的场景也经不起美工的瞎折腾。','<p><span style=\"font-family: SimSun, Tahoma, Helvetica, Arial, sans-serif; font-size: 14px; line-height: 24px; background-color: rgb(255, 255, 255);\">再好的场景也经不起美工的折腾！润饰照片是一门学问，所谓最强的PS技术，其实是看不出有PS过。然而，在把软件运用自如前，很多人在修图时都会犯下一些错误。有一些只是不起眼的小细节，但可能就因这些细节，一张好的作品就毁了。此次，小编整理一次场景修图方面的</span></p><p><span style=\"font-family: SimSun, Tahoma, Helvetica, Arial, sans-serif; font-size: 14px; line-height: 24px; background-color: rgb(255, 255, 255);\"><br/></span></p><p><span style=\"font-family: SimSun, Tahoma, Helvetica, Arial, sans-serif; font-size: 14px; line-height: 24px; background-color: rgb(255, 255, 255);\"><br/></span></p>','宣传片拍摄','再好的场景也经不起美工的折腾！润饰照片是一门学问，所谓最强的PS技术，其实是看不出有PS过。然而，在把软件运用自如前，很多人在修图时都会犯下一些错误。有一些只是不起眼的小细节，但可能就因这些细节，一张好的作品就毁了。此次，小编整理一次场景修图方面的','0','Public/Images2/3e420f176e517eb96cf0298da0b42107.jpg','/Public/Imagessm/3e420f176e517eb96cf0298da0b42107.jpg') [ RunTime:0.0000s ]

[ 2017-05-27T16:47:39+08:00 ] 218.108.75.202 /Back/News/newsList.html
INFO: [ app_init ] --START--
INFO: Run Behavior\BuildLiteBehavior [ RunTime:0.000000s ]
INFO: [ app_init ] --END-- [ RunTime:0.000000s ]
NOTIC: [2] preg_match(): Unknown modifier ':' D:\wwwww\xpcjd2\web\thinkphp\Library\Think\Route.class.php 第 58 行.
NOTIC: [2] preg_match(): Unknown modifier ':' D:\wwwww\xpcjd2\web\thinkphp\Library\Think\Route.class.php 第 58 行.
INFO: [ app_begin ] --START--
INFO: Run Behavior\ReadHtmlCacheBehavior [ RunTime:0.000000s ]
INFO: [ app_begin ] --END-- [ RunTime:0.000000s ]
NOTIC: [8] Undefined index: search D:\wwwww\xpcjd2\web\Application\Back\Controller\NewsController.class.php 第 18 行.
SQL: SHOW COLUMNS FROM `xpc_news` [ RunTime:0.0000s ]
SQL: SELECT COUNT(*) AS tp_count FROM `xpc_news` LIMIT 1   [ RunTime:0.0000s ]
SQL: SELECT u.username,n.* FROM xpc_news n left join xpc_users as u on u.id=n.user_id  LIMIT 0,19   [ RunTime:0.0000s ]
INFO: [ view_parse ] --START--
INFO: [ template_filter ] --START--
INFO: Run Behavior\ContentReplaceBehavior [ RunTime:0.000000s ]
INFO: [ template_filter ] --END-- [ RunTime:0.000000s ]
NOTIC: [8] Undefined index: search D:\wwwww\xpcjd2\web\Application\Runtime\Cache\Back\990ce0ab880f552d5e550ba190d33c97.php 第 151 行.
NOTIC: [8] Undefined index: p D:\wwwww\xpcjd2\web\Application\Runtime\Cache\Back\990ce0ab880f552d5e550ba190d33c97.php 第 164 行.
NOTIC: [8] Undefined variable: i D:\wwwww\xpcjd2\web\Application\Runtime\Cache\Back\990ce0ab880f552d5e550ba190d33c97.php 第 184 行.
NOTIC: [8] Undefined index: p D:\wwwww\xpcjd2\web\Application\Runtime\Cache\Back\990ce0ab880f552d5e550ba190d33c97.php 第 194 行.
NOTIC: [8] Undefined index: p D:\wwwww\xpcjd2\web\Application\Runtime\Cache\Back\990ce0ab880f552d5e550ba190d33c97.php 第 195 行.
NOTIC: [8] Undefined index: p D:\wwwww\xpcjd2\web\Application\Runtime\Cache\Back\990ce0ab880f552d5e550ba190d33c97.php 第 194 行.
NOTIC: [8] Undefined index: p D:\wwwww\xpcjd2\web\Application\Runtime\Cache\Back\990ce0ab880f552d5e550ba190d33c97.php 第 195 行.
NOTIC: [8] Undefined index: p D:\wwwww\xpcjd2\web\Application\Runtime\Cache\Back\990ce0ab880f552d5e550ba190d33c97.php 第 194 行.
NOTIC: [8] Undefined index: p D:\wwwww\xpcjd2\web\Application\Runtime\Cache\Back\990ce0ab880f552d5e550ba190d33c97.php 第 195 行.
NOTIC: [8] Undefined index: p D:\wwwww\xpcjd2\web\Application\Runtime\Cache\Back\990ce0ab880f552d5e550ba190d33c97.php 第 194 行.
NOTIC: [8] Undefined index: p D:\wwwww\xpcjd2\web\Application\Runtime\Cache\Back\990ce0ab880f552d5e550ba190d33c97.php 第 195 行.
NOTIC: [8] Undefined index: p D:\wwwww\xpcjd2\web\Application\Runtime\Cache\Back\990ce0ab880f552d5e550ba190d33c97.php 第 194 行.
NOTIC: [8] Undefined index: p D:\wwwww\xpcjd2\web\Application\Runtime\Cache\Back\990ce0ab880f552d5e550ba190d33c97.php 第 195 行.
NOTIC: [8] Undefined index: p D:\wwwww\xpcjd2\web\Application\Runtime\Cache\Back\990ce0ab880f552d5e550ba190d33c97.php 第 194 行.
NOTIC: [8] Undefined index: p D:\wwwww\xpcjd2\web\Application\Runtime\Cache\Back\990ce0ab880f552d5e550ba190d33c97.php 第 195 行.
NOTIC: [8] Undefined index: p D:\wwwww\xpcjd2\web\Application\Runtime\Cache\Back\990ce0ab880f552d5e550ba190d33c97.php 第 194 行.
NOTIC: [8] Undefined index: p D:\wwwww\xpcjd2\web\Application\Runtime\Cache\Back\990ce0ab880f552d5e550ba190d33c97.php 第 195 行.
NOTIC: [8] Undefined index: p D:\wwwww\xpcjd2\web\Application\Runtime\Cache\Back\990ce0ab880f552d5e550ba190d33c97.php 第 194 行.
NOTIC: [8] Undefined index: p D:\wwwww\xpcjd2\web\Application\Runtime\Cache\Back\990ce0ab880f552d5e550ba190d33c97.php 第 195 行.
INFO: Run Behavior\ParseTemplateBehavior [ RunTime:0.015625s ]
INFO: [ view_parse ] --END-- [ RunTime:0.015625s ]
INFO: [ view_filter ] --START--
INFO: Run Behavior\WriteHtmlCacheBehavior [ RunTime:0.000000s ]
INFO: [ view_filter ] --END-- [ RunTime:0.000000s ]
INFO: [ app_end ] --START--
INFO: Run Behavior\ShowPageTraceBehavior [ RunTime:0.000000s ]
INFO: [ app_end ] --END-- [ RunTime:0.000000s ]

[ 2017-05-27T16:47:43+08:00 ] 218.108.75.202 /Back/News/newsUpdate/id/18.html
INFO: [ app_init ] --START--
INFO: Run Behavior\BuildLiteBehavior [ RunTime:0.000000s ]
INFO: [ app_init ] --END-- [ RunTime:0.000000s ]
NOTIC: [2] preg_match(): Unknown modifier ':' D:\wwwww\xpcjd2\web\thinkphp\Library\Think\Route.class.php 第 58 行.
NOTIC: [2] preg_match(): Unknown modifier ':' D:\wwwww\xpcjd2\web\thinkphp\Library\Think\Route.class.php 第 58 行.
INFO: [ app_begin ] --START--
INFO: Run Behavior\ReadHtmlCacheBehavior [ RunTime:0.000000s ]
INFO: [ app_begin ] --END-- [ RunTime:0.000000s ]
SQL: SHOW COLUMNS FROM `xpc_news` [ RunTime:0.0000s ]
SQL: SHOW COLUMNS FROM `xpc_users` [ RunTime:0.0000s ]
SQL: SELECT `username` FROM `xpc_users` WHERE `id` = 1 LIMIT 1   [ RunTime:0.0000s ]
SQL: SELECT * FROM `xpc_news` WHERE ( id=18 ) LIMIT 1   [ RunTime:0.0000s ]
INFO: [ view_parse ] --START--
INFO: [ template_filter ] --START--
INFO: Run Behavior\ContentReplaceBehavior [ RunTime:0.000000s ]
INFO: [ template_filter ] --END-- [ RunTime:0.000000s ]
NOTIC: [8] Undefined index: page D:\wwwww\xpcjd2\web\Application\Runtime\Cache\Back\2535f0a77474985914f987012e9f497d.php 第 115 行.
INFO: Run Behavior\ParseTemplateBehavior [ RunTime:0.000000s ]
INFO: [ view_parse ] --END-- [ RunTime:0.000000s ]
INFO: [ view_filter ] --START--
INFO: Run Behavior\WriteHtmlCacheBehavior [ RunTime:0.000000s ]
INFO: [ view_filter ] --END-- [ RunTime:0.000000s ]
INFO: [ app_end ] --START--
INFO: Run Behavior\ShowPageTraceBehavior [ RunTime:0.015625s ]
INFO: [ app_end ] --END-- [ RunTime:0.015625s ]

