[ 2017-05-02T09:13:24+08:00 ] 218.108.75.202 /Back/Login/login.html
INFO: [ app_init ] --START--
INFO: Run Behavior\BuildLiteBehavior [ RunTime:0.000000s ]
INFO: [ app_init ] --END-- [ RunTime:0.000000s ]
NOTIC: [2] preg_match(): Unknown modifier ':' D:\wwwww\xpcjd2\web\thinkphp\Library\Think\Route.class.php 第 58 行.
NOTIC: [2] preg_match(): Unknown modifier ':' D:\wwwww\xpcjd2\web\thinkphp\Library\Think\Route.class.php 第 58 行.
INFO: [ app_begin ] --START--
INFO: Run Behavior\ReadHtmlCacheBehavior [ RunTime:0.000000s ]
INFO: [ app_begin ] --END-- [ RunTime:0.000000s ]
INFO: [ view_parse ] --START--
INFO: [ template_filter ] --START--
INFO: Run Behavior\ContentReplaceBehavior [ RunTime:0.000000s ]
INFO: [ template_filter ] --END-- [ RunTime:0.000000s ]
INFO: Run Behavior\ParseTemplateBehavior [ RunTime:0.000000s ]
INFO: [ view_parse ] --END-- [ RunTime:0.000000s ]
INFO: [ view_filter ] --START--
INFO: Run Behavior\WriteHtmlCacheBehavior [ RunTime:0.000000s ]
INFO: [ view_filter ] --END-- [ RunTime:0.000000s ]
INFO: [ app_end ] --START--
INFO: Run Behavior\ShowPageTraceBehavior [ RunTime:0.000000s ]
INFO: [ app_end ] --END-- [ RunTime:0.000000s ]

[ 2017-05-02T09:13:38+08:00 ] 218.108.75.202 /Back/Login/check_login
INFO: [ app_init ] --START--
INFO: Run Behavior\BuildLiteBehavior [ RunTime:0.000000s ]
INFO: [ app_init ] --END-- [ RunTime:0.000000s ]
NOTIC: [2] preg_match(): Unknown modifier ':' D:\wwwww\xpcjd2\web\thinkphp\Library\Think\Route.class.php 第 58 行.
NOTIC: [2] preg_match(): Unknown modifier ':' D:\wwwww\xpcjd2\web\thinkphp\Library\Think\Route.class.php 第 58 行.
INFO: [ app_begin ] --START--
INFO: Run Behavior\ReadHtmlCacheBehavior [ RunTime:0.000000s ]
INFO: [ app_begin ] --END-- [ RunTime:0.000000s ]
SQL: SHOW COLUMNS FROM `xpc_users` [ RunTime:0.0000s ]
SQL: SELECT * FROM `xpc_users` WHERE `username` = 'donghailongwang' AND `password` = '0faf04e10b3356283abe5ec4c5927640' LIMIT 1   [ RunTime:0.0000s ]
SQL: UPDATE `xpc_users` SET `last_up_time`='2017-04-28 13:32:26',`logintime`='2017-05-02 09:13:38' WHERE ( id=1 ) [ RunTime:0.0000s ]

[ 2017-05-02T09:13:38+08:00 ] 218.108.75.202 /Back/Index/index.html
INFO: [ app_init ] --START--
INFO: Run Behavior\BuildLiteBehavior [ RunTime:0.000000s ]
INFO: [ app_init ] --END-- [ RunTime:0.000000s ]
NOTIC: [2] preg_match(): Unknown modifier ':' D:\wwwww\xpcjd2\web\thinkphp\Library\Think\Route.class.php 第 58 行.
NOTIC: [2] preg_match(): Unknown modifier ':' D:\wwwww\xpcjd2\web\thinkphp\Library\Think\Route.class.php 第 58 行.
INFO: [ app_begin ] --START--
INFO: Run Behavior\ReadHtmlCacheBehavior [ RunTime:0.000000s ]
INFO: [ app_begin ] --END-- [ RunTime:0.000000s ]
INFO: [ view_parse ] --START--
INFO: [ template_filter ] --START--
INFO: Run Behavior\ContentReplaceBehavior [ RunTime:0.000000s ]
INFO: [ template_filter ] --END-- [ RunTime:0.000000s ]
INFO: Run Behavior\ParseTemplateBehavior [ RunTime:0.015625s ]
INFO: [ view_parse ] --END-- [ RunTime:0.015625s ]
INFO: [ view_filter ] --START--
INFO: Run Behavior\WriteHtmlCacheBehavior [ RunTime:0.000000s ]
INFO: [ view_filter ] --END-- [ RunTime:0.000000s ]
INFO: [ app_end ] --START--
INFO: Run Behavior\ShowPageTraceBehavior [ RunTime:0.000000s ]
INFO: [ app_end ] --END-- [ RunTime:0.000000s ]

[ 2017-05-02T09:13:39+08:00 ] 218.108.75.202 /Back/Index/top.html
INFO: [ app_init ] --START--
INFO: Run Behavior\BuildLiteBehavior [ RunTime:0.000000s ]
INFO: [ app_init ] --END-- [ RunTime:0.000000s ]
NOTIC: [2] preg_match(): Unknown modifier ':' D:\wwwww\xpcjd2\web\thinkphp\Library\Think\Route.class.php 第 58 行.
NOTIC: [2] preg_match(): Unknown modifier ':' D:\wwwww\xpcjd2\web\thinkphp\Library\Think\Route.class.php 第 58 行.
INFO: [ app_begin ] --START--
INFO: Run Behavior\ReadHtmlCacheBehavior [ RunTime:0.000000s ]
INFO: [ app_begin ] --END-- [ RunTime:0.000000s ]
INFO: [ view_parse ] --START--
INFO: [ template_filter ] --START--
INFO: Run Behavior\ContentReplaceBehavior [ RunTime:0.000000s ]
INFO: [ template_filter ] --END-- [ RunTime:0.000000s ]
INFO: Run Behavior\ParseTemplateBehavior [ RunTime:0.000000s ]
INFO: [ view_parse ] --END-- [ RunTime:0.000000s ]
INFO: [ view_filter ] --START--
INFO: Run Behavior\WriteHtmlCacheBehavior [ RunTime:0.000000s ]
INFO: [ view_filter ] --END-- [ RunTime:0.000000s ]
INFO: [ app_end ] --START--
INFO: Run Behavior\ShowPageTraceBehavior [ RunTime:0.000000s ]
INFO: [ app_end ] --END-- [ RunTime:0.000000s ]

[ 2017-05-02T09:13:39+08:00 ] 218.108.75.202 /Back/Index/left.html
INFO: [ app_init ] --START--
INFO: Run Behavior\BuildLiteBehavior [ RunTime:0.000000s ]
INFO: [ app_init ] --END-- [ RunTime:0.000000s ]
NOTIC: [2] preg_match(): Unknown modifier ':' D:\wwwww\xpcjd2\web\thinkphp\Library\Think\Route.class.php 第 58 行.
NOTIC: [2] preg_match(): Unknown modifier ':' D:\wwwww\xpcjd2\web\thinkphp\Library\Think\Route.class.php 第 58 行.
INFO: [ app_begin ] --START--
INFO: Run Behavior\ReadHtmlCacheBehavior [ RunTime:0.000000s ]
INFO: [ app_begin ] --END-- [ RunTime:0.000000s ]
INFO: [ view_parse ] --START--
INFO: [ template_filter ] --START--
INFO: Run Behavior\ContentReplaceBehavior [ RunTime:0.000000s ]
INFO: [ template_filter ] --END-- [ RunTime:0.000000s ]
INFO: Run Behavior\ParseTemplateBehavior [ RunTime:0.015625s ]
INFO: [ view_parse ] --END-- [ RunTime:0.015625s ]
INFO: [ view_filter ] --START--
INFO: Run Behavior\WriteHtmlCacheBehavior [ RunTime:0.000000s ]
INFO: [ view_filter ] --END-- [ RunTime:0.000000s ]
INFO: [ app_end ] --START--
INFO: Run Behavior\ShowPageTraceBehavior [ RunTime:0.000000s ]
INFO: [ app_end ] --END-- [ RunTime:0.000000s ]

[ 2017-05-02T09:13:39+08:00 ] 218.108.75.202 /Back/Index/main.html
INFO: [ app_init ] --START--
INFO: Run Behavior\BuildLiteBehavior [ RunTime:0.000000s ]
INFO: [ app_init ] --END-- [ RunTime:0.000000s ]
NOTIC: [2] preg_match(): Unknown modifier ':' D:\wwwww\xpcjd2\web\thinkphp\Library\Think\Route.class.php 第 58 行.
NOTIC: [2] preg_match(): Unknown modifier ':' D:\wwwww\xpcjd2\web\thinkphp\Library\Think\Route.class.php 第 58 行.
INFO: [ app_begin ] --START--
INFO: Run Behavior\ReadHtmlCacheBehavior [ RunTime:0.000000s ]
INFO: [ app_begin ] --END-- [ RunTime:0.000000s ]
SQL: SHOW COLUMNS FROM `xpc_users` [ RunTime:0.0156s ]
SQL: SELECT `username`,`last_up_time` FROM `xpc_users` WHERE `id` = 1 LIMIT 1   [ RunTime:0.0000s ]
INFO: [ view_parse ] --START--
INFO: [ template_filter ] --START--
INFO: Run Behavior\ContentReplaceBehavior [ RunTime:0.000000s ]
INFO: [ template_filter ] --END-- [ RunTime:0.000000s ]
NOTIC: [8] Undefined variable: one D:\wwwww\xpcjd2\web\Application\Runtime\Cache\Back\501a98c582e5f59c67658892469e3af6.php 第 20 行.
INFO: Run Behavior\ParseTemplateBehavior [ RunTime:0.000000s ]
INFO: [ view_parse ] --END-- [ RunTime:0.000000s ]
INFO: [ view_filter ] --START--
INFO: Run Behavior\WriteHtmlCacheBehavior [ RunTime:0.000000s ]
INFO: [ view_filter ] --END-- [ RunTime:0.000000s ]
INFO: [ app_end ] --START--
INFO: Run Behavior\ShowPageTraceBehavior [ RunTime:0.000000s ]
INFO: [ app_end ] --END-- [ RunTime:0.000000s ]

[ 2017-05-02T09:14:02+08:00 ] 218.108.75.202 /Back/Video/videoList.html
INFO: [ app_init ] --START--
INFO: Run Behavior\BuildLiteBehavior [ RunTime:0.000000s ]
INFO: [ app_init ] --END-- [ RunTime:0.000000s ]
NOTIC: [2] preg_match(): Unknown modifier ':' D:\wwwww\xpcjd2\web\thinkphp\Library\Think\Route.class.php 第 58 行.
NOTIC: [2] preg_match(): Unknown modifier ':' D:\wwwww\xpcjd2\web\thinkphp\Library\Think\Route.class.php 第 58 行.
INFO: [ app_begin ] --START--
INFO: Run Behavior\ReadHtmlCacheBehavior [ RunTime:0.000000s ]
INFO: [ app_begin ] --END-- [ RunTime:0.000000s ]
NOTIC: [8] Undefined index: search D:\wwwww\xpcjd2\web\Application\Back\Controller\VideoController.class.php 第 18 行.
SQL: SHOW COLUMNS FROM `xpc_video` [ RunTime:0.0000s ]
SQL: SELECT COUNT(*) AS tp_count FROM `xpc_video` LIMIT 1   [ RunTime:0.0000s ]
SQL: SELECT n.* FROM xpc_video n LIMIT 0,19   [ RunTime:0.0000s ]
INFO: [ view_parse ] --START--
INFO: [ template_filter ] --START--
INFO: Run Behavior\ContentReplaceBehavior [ RunTime:0.000000s ]
INFO: [ template_filter ] --END-- [ RunTime:0.000000s ]
NOTIC: [8] Undefined index: p D:\wwwww\xpcjd2\web\Application\Runtime\Cache\Back\bdf4f1439e17fa296d663551c8801053.php 第 138 行.
NOTIC: [8] Undefined variable: i D:\wwwww\xpcjd2\web\Application\Runtime\Cache\Back\bdf4f1439e17fa296d663551c8801053.php 第 155 行.
NOTIC: [8] Undefined index: p D:\wwwww\xpcjd2\web\Application\Runtime\Cache\Back\bdf4f1439e17fa296d663551c8801053.php 第 162 行.
NOTIC: [8] Undefined index: p D:\wwwww\xpcjd2\web\Application\Runtime\Cache\Back\bdf4f1439e17fa296d663551c8801053.php 第 163 行.
NOTIC: [8] Undefined index: p D:\wwwww\xpcjd2\web\Application\Runtime\Cache\Back\bdf4f1439e17fa296d663551c8801053.php 第 162 行.
NOTIC: [8] Undefined index: p D:\wwwww\xpcjd2\web\Application\Runtime\Cache\Back\bdf4f1439e17fa296d663551c8801053.php 第 163 行.
INFO: Run Behavior\ParseTemplateBehavior [ RunTime:0.015625s ]
INFO: [ view_parse ] --END-- [ RunTime:0.015625s ]
INFO: [ view_filter ] --START--
INFO: Run Behavior\WriteHtmlCacheBehavior [ RunTime:0.000000s ]
INFO: [ view_filter ] --END-- [ RunTime:0.000000s ]
INFO: [ app_end ] --START--
INFO: Run Behavior\ShowPageTraceBehavior [ RunTime:0.000000s ]
INFO: [ app_end ] --END-- [ RunTime:0.000000s ]

[ 2017-05-02T09:14:06+08:00 ] 218.108.75.202 /Back/News/NewsList.html
INFO: [ app_init ] --START--
INFO: Run Behavior\BuildLiteBehavior [ RunTime:0.000000s ]
INFO: [ app_init ] --END-- [ RunTime:0.000000s ]
NOTIC: [2] preg_match(): Unknown modifier ':' D:\wwwww\xpcjd2\web\thinkphp\Library\Think\Route.class.php 第 58 行.
NOTIC: [2] preg_match(): Unknown modifier ':' D:\wwwww\xpcjd2\web\thinkphp\Library\Think\Route.class.php 第 58 行.
INFO: [ app_begin ] --START--
INFO: Run Behavior\ReadHtmlCacheBehavior [ RunTime:0.000000s ]
INFO: [ app_begin ] --END-- [ RunTime:0.000000s ]
NOTIC: [8] Undefined index: search D:\wwwww\xpcjd2\web\Application\Back\Controller\NewsController.class.php 第 18 行.
SQL: SHOW COLUMNS FROM `xpc_news` [ RunTime:0.0000s ]
SQL: SELECT COUNT(*) AS tp_count FROM `xpc_news` LIMIT 1   [ RunTime:0.0000s ]
SQL: SELECT u.username,n.* FROM xpc_news n left join xpc_users as u on u.id=n.user_id  LIMIT 0,19   [ RunTime:0.0000s ]
INFO: [ view_parse ] --START--
INFO: [ template_filter ] --START--
INFO: Run Behavior\ContentReplaceBehavior [ RunTime:0.000000s ]
INFO: [ template_filter ] --END-- [ RunTime:0.000000s ]
NOTIC: [8] Undefined index: search D:\wwwww\xpcjd2\web\Application\Runtime\Cache\Back\d8ac1f0590113079d454c995d45de23f.php 第 151 行.
NOTIC: [8] Undefined index: p D:\wwwww\xpcjd2\web\Application\Runtime\Cache\Back\d8ac1f0590113079d454c995d45de23f.php 第 164 行.
NOTIC: [8] Undefined variable: i D:\wwwww\xpcjd2\web\Application\Runtime\Cache\Back\d8ac1f0590113079d454c995d45de23f.php 第 184 行.
NOTIC: [8] Undefined index: p D:\wwwww\xpcjd2\web\Application\Runtime\Cache\Back\d8ac1f0590113079d454c995d45de23f.php 第 194 行.
NOTIC: [8] Undefined index: p D:\wwwww\xpcjd2\web\Application\Runtime\Cache\Back\d8ac1f0590113079d454c995d45de23f.php 第 195 行.
NOTIC: [8] Undefined index: p D:\wwwww\xpcjd2\web\Application\Runtime\Cache\Back\d8ac1f0590113079d454c995d45de23f.php 第 194 行.
NOTIC: [8] Undefined index: p D:\wwwww\xpcjd2\web\Application\Runtime\Cache\Back\d8ac1f0590113079d454c995d45de23f.php 第 195 行.
NOTIC: [8] Undefined index: p D:\wwwww\xpcjd2\web\Application\Runtime\Cache\Back\d8ac1f0590113079d454c995d45de23f.php 第 194 行.
NOTIC: [8] Undefined index: p D:\wwwww\xpcjd2\web\Application\Runtime\Cache\Back\d8ac1f0590113079d454c995d45de23f.php 第 195 行.
NOTIC: [8] Undefined index: p D:\wwwww\xpcjd2\web\Application\Runtime\Cache\Back\d8ac1f0590113079d454c995d45de23f.php 第 194 行.
NOTIC: [8] Undefined index: p D:\wwwww\xpcjd2\web\Application\Runtime\Cache\Back\d8ac1f0590113079d454c995d45de23f.php 第 195 行.
INFO: Run Behavior\ParseTemplateBehavior [ RunTime:0.000000s ]
INFO: [ view_parse ] --END-- [ RunTime:0.000000s ]
INFO: [ view_filter ] --START--
INFO: Run Behavior\WriteHtmlCacheBehavior [ RunTime:0.000000s ]
INFO: [ view_filter ] --END-- [ RunTime:0.000000s ]
INFO: [ app_end ] --START--
INFO: Run Behavior\ShowPageTraceBehavior [ RunTime:0.000000s ]
INFO: [ app_end ] --END-- [ RunTime:0.000000s ]

[ 2017-05-02T09:14:18+08:00 ] 218.108.75.202 /Back/News/newsUpdate/id/14.html
INFO: [ app_init ] --START--
INFO: Run Behavior\BuildLiteBehavior [ RunTime:0.000000s ]
INFO: [ app_init ] --END-- [ RunTime:0.000000s ]
NOTIC: [2] preg_match(): Unknown modifier ':' D:\wwwww\xpcjd2\web\thinkphp\Library\Think\Route.class.php 第 58 行.
NOTIC: [2] preg_match(): Unknown modifier ':' D:\wwwww\xpcjd2\web\thinkphp\Library\Think\Route.class.php 第 58 行.
INFO: [ app_begin ] --START--
INFO: Run Behavior\ReadHtmlCacheBehavior [ RunTime:0.000000s ]
INFO: [ app_begin ] --END-- [ RunTime:0.000000s ]
SQL: SHOW COLUMNS FROM `xpc_news` [ RunTime:0.0000s ]
SQL: SHOW COLUMNS FROM `xpc_users` [ RunTime:0.0000s ]
SQL: SELECT `username` FROM `xpc_users` WHERE `id` = 1 LIMIT 1   [ RunTime:0.0000s ]
SQL: SELECT * FROM `xpc_news` WHERE ( id=14 ) LIMIT 1   [ RunTime:0.0000s ]
INFO: [ view_parse ] --START--
INFO: [ template_filter ] --START--
INFO: Run Behavior\ContentReplaceBehavior [ RunTime:0.000000s ]
INFO: [ template_filter ] --END-- [ RunTime:0.000000s ]
NOTIC: [8] Undefined index: page D:\wwwww\xpcjd2\web\Application\Runtime\Cache\Back\2535f0a77474985914f987012e9f497d.php 第 115 行.
INFO: Run Behavior\ParseTemplateBehavior [ RunTime:0.000000s ]
INFO: [ view_parse ] --END-- [ RunTime:0.000000s ]
INFO: [ view_filter ] --START--
INFO: Run Behavior\WriteHtmlCacheBehavior [ RunTime:0.000000s ]
INFO: [ view_filter ] --END-- [ RunTime:0.000000s ]
INFO: [ app_end ] --START--
INFO: Run Behavior\ShowPageTraceBehavior [ RunTime:0.000000s ]
INFO: [ app_end ] --END-- [ RunTime:0.000000s ]

[ 2017-05-02T10:42:44+08:00 ] 218.108.75.202 /Back/News/NewsList.html
INFO: [ app_init ] --START--
INFO: Run Behavior\BuildLiteBehavior [ RunTime:0.000000s ]
INFO: [ app_init ] --END-- [ RunTime:0.000000s ]
NOTIC: [2] preg_match(): Unknown modifier ':' D:\wwwww\xpcjd2\web\thinkphp\Library\Think\Route.class.php 第 58 行.
NOTIC: [2] preg_match(): Unknown modifier ':' D:\wwwww\xpcjd2\web\thinkphp\Library\Think\Route.class.php 第 58 行.
INFO: [ app_begin ] --START--
INFO: Run Behavior\ReadHtmlCacheBehavior [ RunTime:0.000000s ]
INFO: [ app_begin ] --END-- [ RunTime:0.000000s ]
NOTIC: [8] Undefined index: search D:\wwwww\xpcjd2\web\Application\Back\Controller\NewsController.class.php 第 18 行.
SQL: SHOW COLUMNS FROM `xpc_news` [ RunTime:0.0000s ]
SQL: SELECT COUNT(*) AS tp_count FROM `xpc_news` LIMIT 1   [ RunTime:0.0000s ]
SQL: SELECT u.username,n.* FROM xpc_news n left join xpc_users as u on u.id=n.user_id  LIMIT 0,19   [ RunTime:0.0000s ]
INFO: [ view_parse ] --START--
INFO: [ template_filter ] --START--
INFO: Run Behavior\ContentReplaceBehavior [ RunTime:0.000000s ]
INFO: [ template_filter ] --END-- [ RunTime:0.000000s ]
NOTIC: [8] Undefined index: search D:\wwwww\xpcjd2\web\Application\Runtime\Cache\Back\d8ac1f0590113079d454c995d45de23f.php 第 151 行.
NOTIC: [8] Undefined index: p D:\wwwww\xpcjd2\web\Application\Runtime\Cache\Back\d8ac1f0590113079d454c995d45de23f.php 第 164 行.
NOTIC: [8] Undefined variable: i D:\wwwww\xpcjd2\web\Application\Runtime\Cache\Back\d8ac1f0590113079d454c995d45de23f.php 第 184 行.
NOTIC: [8] Undefined index: p D:\wwwww\xpcjd2\web\Application\Runtime\Cache\Back\d8ac1f0590113079d454c995d45de23f.php 第 194 行.
NOTIC: [8] Undefined index: p D:\wwwww\xpcjd2\web\Application\Runtime\Cache\Back\d8ac1f0590113079d454c995d45de23f.php 第 195 行.
NOTIC: [8] Undefined index: p D:\wwwww\xpcjd2\web\Application\Runtime\Cache\Back\d8ac1f0590113079d454c995d45de23f.php 第 194 行.
NOTIC: [8] Undefined index: p D:\wwwww\xpcjd2\web\Application\Runtime\Cache\Back\d8ac1f0590113079d454c995d45de23f.php 第 195 行.
NOTIC: [8] Undefined index: p D:\wwwww\xpcjd2\web\Application\Runtime\Cache\Back\d8ac1f0590113079d454c995d45de23f.php 第 194 行.
NOTIC: [8] Undefined index: p D:\wwwww\xpcjd2\web\Application\Runtime\Cache\Back\d8ac1f0590113079d454c995d45de23f.php 第 195 行.
NOTIC: [8] Undefined index: p D:\wwwww\xpcjd2\web\Application\Runtime\Cache\Back\d8ac1f0590113079d454c995d45de23f.php 第 194 行.
NOTIC: [8] Undefined index: p D:\wwwww\xpcjd2\web\Application\Runtime\Cache\Back\d8ac1f0590113079d454c995d45de23f.php 第 195 行.
INFO: Run Behavior\ParseTemplateBehavior [ RunTime:0.015625s ]
INFO: [ view_parse ] --END-- [ RunTime:0.015625s ]
INFO: [ view_filter ] --START--
INFO: Run Behavior\WriteHtmlCacheBehavior [ RunTime:0.000000s ]
INFO: [ view_filter ] --END-- [ RunTime:0.000000s ]
INFO: [ app_end ] --START--
INFO: Run Behavior\ShowPageTraceBehavior [ RunTime:0.000000s ]
INFO: [ app_end ] --END-- [ RunTime:0.000000s ]

[ 2017-05-02T10:42:46+08:00 ] 218.108.75.202 /Back/News/newsUpdate/id/14.html
INFO: [ app_init ] --START--
INFO: Run Behavior\BuildLiteBehavior [ RunTime:0.000000s ]
INFO: [ app_init ] --END-- [ RunTime:0.000000s ]
NOTIC: [2] preg_match(): Unknown modifier ':' D:\wwwww\xpcjd2\web\thinkphp\Library\Think\Route.class.php 第 58 行.
NOTIC: [2] preg_match(): Unknown modifier ':' D:\wwwww\xpcjd2\web\thinkphp\Library\Think\Route.class.php 第 58 行.
INFO: [ app_begin ] --START--
INFO: Run Behavior\ReadHtmlCacheBehavior [ RunTime:0.000000s ]
INFO: [ app_begin ] --END-- [ RunTime:0.000000s ]
SQL: SHOW COLUMNS FROM `xpc_news` [ RunTime:0.0156s ]
SQL: SHOW COLUMNS FROM `xpc_users` [ RunTime:0.0000s ]
SQL: SELECT `username` FROM `xpc_users` WHERE `id` = 1 LIMIT 1   [ RunTime:0.0000s ]
SQL: SELECT * FROM `xpc_news` WHERE ( id=14 ) LIMIT 1   [ RunTime:0.0000s ]
INFO: [ view_parse ] --START--
INFO: [ template_filter ] --START--
INFO: Run Behavior\ContentReplaceBehavior [ RunTime:0.000000s ]
INFO: [ template_filter ] --END-- [ RunTime:0.000000s ]
NOTIC: [8] Undefined index: page D:\wwwww\xpcjd2\web\Application\Runtime\Cache\Back\2535f0a77474985914f987012e9f497d.php 第 115 行.
INFO: Run Behavior\ParseTemplateBehavior [ RunTime:0.000000s ]
INFO: [ view_parse ] --END-- [ RunTime:0.000000s ]
INFO: [ view_filter ] --START--
INFO: Run Behavior\WriteHtmlCacheBehavior [ RunTime:0.000000s ]
INFO: [ view_filter ] --END-- [ RunTime:0.000000s ]
INFO: [ app_end ] --START--
INFO: Run Behavior\ShowPageTraceBehavior [ RunTime:0.000000s ]
INFO: [ app_end ] --END-- [ RunTime:0.000000s ]

[ 2017-05-02T10:50:24+08:00 ] 218.108.75.202 /Back/News/NewsList.html
INFO: [ app_init ] --START--
INFO: Run Behavior\BuildLiteBehavior [ RunTime:0.000000s ]
INFO: [ app_init ] --END-- [ RunTime:0.000000s ]
NOTIC: [2] preg_match(): Unknown modifier ':' D:\wwwww\xpcjd2\web\thinkphp\Library\Think\Route.class.php 第 58 行.
NOTIC: [2] preg_match(): Unknown modifier ':' D:\wwwww\xpcjd2\web\thinkphp\Library\Think\Route.class.php 第 58 行.
INFO: [ app_begin ] --START--
INFO: Run Behavior\ReadHtmlCacheBehavior [ RunTime:0.000000s ]
INFO: [ app_begin ] --END-- [ RunTime:0.000000s ]
NOTIC: [8] Undefined index: search D:\wwwww\xpcjd2\web\Application\Back\Controller\NewsController.class.php 第 18 行.
SQL: SHOW COLUMNS FROM `xpc_news` [ RunTime:0.0000s ]
SQL: SELECT COUNT(*) AS tp_count FROM `xpc_news` LIMIT 1   [ RunTime:0.0000s ]
SQL: SELECT u.username,n.* FROM xpc_news n left join xpc_users as u on u.id=n.user_id  LIMIT 0,19   [ RunTime:0.0000s ]
INFO: [ view_parse ] --START--
INFO: [ template_filter ] --START--
INFO: Run Behavior\ContentReplaceBehavior [ RunTime:0.000000s ]
INFO: [ template_filter ] --END-- [ RunTime:0.000000s ]
NOTIC: [8] Undefined index: search D:\wwwww\xpcjd2\web\Application\Runtime\Cache\Back\d8ac1f0590113079d454c995d45de23f.php 第 151 行.
NOTIC: [8] Undefined index: p D:\wwwww\xpcjd2\web\Application\Runtime\Cache\Back\d8ac1f0590113079d454c995d45de23f.php 第 164 行.
NOTIC: [8] Undefined variable: i D:\wwwww\xpcjd2\web\Application\Runtime\Cache\Back\d8ac1f0590113079d454c995d45de23f.php 第 184 行.
NOTIC: [8] Undefined index: p D:\wwwww\xpcjd2\web\Application\Runtime\Cache\Back\d8ac1f0590113079d454c995d45de23f.php 第 194 行.
NOTIC: [8] Undefined index: p D:\wwwww\xpcjd2\web\Application\Runtime\Cache\Back\d8ac1f0590113079d454c995d45de23f.php 第 195 行.
NOTIC: [8] Undefined index: p D:\wwwww\xpcjd2\web\Application\Runtime\Cache\Back\d8ac1f0590113079d454c995d45de23f.php 第 194 行.
NOTIC: [8] Undefined index: p D:\wwwww\xpcjd2\web\Application\Runtime\Cache\Back\d8ac1f0590113079d454c995d45de23f.php 第 195 行.
NOTIC: [8] Undefined index: p D:\wwwww\xpcjd2\web\Application\Runtime\Cache\Back\d8ac1f0590113079d454c995d45de23f.php 第 194 行.
NOTIC: [8] Undefined index: p D:\wwwww\xpcjd2\web\Application\Runtime\Cache\Back\d8ac1f0590113079d454c995d45de23f.php 第 195 行.
NOTIC: [8] Undefined index: p D:\wwwww\xpcjd2\web\Application\Runtime\Cache\Back\d8ac1f0590113079d454c995d45de23f.php 第 194 行.
NOTIC: [8] Undefined index: p D:\wwwww\xpcjd2\web\Application\Runtime\Cache\Back\d8ac1f0590113079d454c995d45de23f.php 第 195 行.
INFO: Run Behavior\ParseTemplateBehavior [ RunTime:0.015625s ]
INFO: [ view_parse ] --END-- [ RunTime:0.015625s ]
INFO: [ view_filter ] --START--
INFO: Run Behavior\WriteHtmlCacheBehavior [ RunTime:0.000000s ]
INFO: [ view_filter ] --END-- [ RunTime:0.000000s ]
INFO: [ app_end ] --START--
INFO: Run Behavior\ShowPageTraceBehavior [ RunTime:0.000000s ]
INFO: [ app_end ] --END-- [ RunTime:0.000000s ]

[ 2017-05-02T10:50:26+08:00 ] 218.108.75.202 /Back/News/newsUpdate/id/14.html
INFO: [ app_init ] --START--
INFO: Run Behavior\BuildLiteBehavior [ RunTime:0.000000s ]
INFO: [ app_init ] --END-- [ RunTime:0.000000s ]
NOTIC: [2] preg_match(): Unknown modifier ':' D:\wwwww\xpcjd2\web\thinkphp\Library\Think\Route.class.php 第 58 行.
NOTIC: [2] preg_match(): Unknown modifier ':' D:\wwwww\xpcjd2\web\thinkphp\Library\Think\Route.class.php 第 58 行.
INFO: [ app_begin ] --START--
INFO: Run Behavior\ReadHtmlCacheBehavior [ RunTime:0.000000s ]
INFO: [ app_begin ] --END-- [ RunTime:0.000000s ]
SQL: SHOW COLUMNS FROM `xpc_news` [ RunTime:0.0000s ]
SQL: SHOW COLUMNS FROM `xpc_users` [ RunTime:0.0000s ]
SQL: SELECT `username` FROM `xpc_users` WHERE `id` = 1 LIMIT 1   [ RunTime:0.0000s ]
SQL: SELECT * FROM `xpc_news` WHERE ( id=14 ) LIMIT 1   [ RunTime:0.0000s ]
INFO: [ view_parse ] --START--
INFO: [ template_filter ] --START--
INFO: Run Behavior\ContentReplaceBehavior [ RunTime:0.000000s ]
INFO: [ template_filter ] --END-- [ RunTime:0.000000s ]
NOTIC: [8] Undefined index: page D:\wwwww\xpcjd2\web\Application\Runtime\Cache\Back\2535f0a77474985914f987012e9f497d.php 第 115 行.
INFO: Run Behavior\ParseTemplateBehavior [ RunTime:0.015625s ]
INFO: [ view_parse ] --END-- [ RunTime:0.015625s ]
INFO: [ view_filter ] --START--
INFO: Run Behavior\WriteHtmlCacheBehavior [ RunTime:0.000000s ]
INFO: [ view_filter ] --END-- [ RunTime:0.000000s ]
INFO: [ app_end ] --START--
INFO: Run Behavior\ShowPageTraceBehavior [ RunTime:0.000000s ]
INFO: [ app_end ] --END-- [ RunTime:0.000000s ]

[ 2017-05-02T11:07:50+08:00 ] 218.108.75.202 /Back/News/newsUpdate.html
INFO: [ app_init ] --START--
INFO: Run Behavior\BuildLiteBehavior [ RunTime:0.000000s ]
INFO: [ app_init ] --END-- [ RunTime:0.000000s ]
NOTIC: [2] preg_match(): Unknown modifier ':' D:\wwwww\xpcjd2\web\thinkphp\Library\Think\Route.class.php 第 58 行.
NOTIC: [2] preg_match(): Unknown modifier ':' D:\wwwww\xpcjd2\web\thinkphp\Library\Think\Route.class.php 第 58 行.
INFO: [ app_begin ] --START--
INFO: Run Behavior\ReadHtmlCacheBehavior [ RunTime:0.000000s ]
INFO: [ app_begin ] --END-- [ RunTime:0.000000s ]
SQL: SHOW COLUMNS FROM `xpc_news` [ RunTime:0.0000s ]
SQL: UPDATE `xpc_news` SET `user_id`='1',`title`='浙江卫视《声音的战争》',`content`='<p>浙江卫视<br/></p>',`tag`='管家',`info`='关键',`ytgpath`='Public/Images2/c5281fe67e320d3f147c3e49e10b6a41.jpg',`sltpath`='/Public/Imagessm/c5281fe67e320d3f147c3e49e10b6a41.jpg',`addtime`='2017-05-02' WHERE ( id=14 ) [ RunTime:0.0156s ]

[ 2017-05-02T11:07:50+08:00 ] 218.108.75.202 /Back/News/newsList.html
INFO: [ app_init ] --START--
INFO: Run Behavior\BuildLiteBehavior [ RunTime:0.000000s ]
INFO: [ app_init ] --END-- [ RunTime:0.000000s ]
NOTIC: [2] preg_match(): Unknown modifier ':' D:\wwwww\xpcjd2\web\thinkphp\Library\Think\Route.class.php 第 58 行.
NOTIC: [2] preg_match(): Unknown modifier ':' D:\wwwww\xpcjd2\web\thinkphp\Library\Think\Route.class.php 第 58 行.
INFO: [ app_begin ] --START--
INFO: Run Behavior\ReadHtmlCacheBehavior [ RunTime:0.000000s ]
INFO: [ app_begin ] --END-- [ RunTime:0.000000s ]
NOTIC: [8] Undefined index: search D:\wwwww\xpcjd2\web\Application\Back\Controller\NewsController.class.php 第 18 行.
SQL: SHOW COLUMNS FROM `xpc_news` [ RunTime:0.0000s ]
SQL: SELECT COUNT(*) AS tp_count FROM `xpc_news` LIMIT 1   [ RunTime:0.0000s ]
SQL: SELECT u.username,n.* FROM xpc_news n left join xpc_users as u on u.id=n.user_id  LIMIT 0,19   [ RunTime:0.0000s ]
INFO: [ view_parse ] --START--
INFO: [ template_filter ] --START--
INFO: Run Behavior\ContentReplaceBehavior [ RunTime:0.000000s ]
INFO: [ template_filter ] --END-- [ RunTime:0.000000s ]
NOTIC: [8] Undefined index: search D:\wwwww\xpcjd2\web\Application\Runtime\Cache\Back\990ce0ab880f552d5e550ba190d33c97.php 第 151 行.
NOTIC: [8] Undefined index: p D:\wwwww\xpcjd2\web\Application\Runtime\Cache\Back\990ce0ab880f552d5e550ba190d33c97.php 第 164 行.
NOTIC: [8] Undefined variable: i D:\wwwww\xpcjd2\web\Application\Runtime\Cache\Back\990ce0ab880f552d5e550ba190d33c97.php 第 184 行.
NOTIC: [8] Undefined index: p D:\wwwww\xpcjd2\web\Application\Runtime\Cache\Back\990ce0ab880f552d5e550ba190d33c97.php 第 194 行.
NOTIC: [8] Undefined index: p D:\wwwww\xpcjd2\web\Application\Runtime\Cache\Back\990ce0ab880f552d5e550ba190d33c97.php 第 195 行.
NOTIC: [8] Undefined index: p D:\wwwww\xpcjd2\web\Application\Runtime\Cache\Back\990ce0ab880f552d5e550ba190d33c97.php 第 194 行.
NOTIC: [8] Undefined index: p D:\wwwww\xpcjd2\web\Application\Runtime\Cache\Back\990ce0ab880f552d5e550ba190d33c97.php 第 195 行.
NOTIC: [8] Undefined index: p D:\wwwww\xpcjd2\web\Application\Runtime\Cache\Back\990ce0ab880f552d5e550ba190d33c97.php 第 194 行.
NOTIC: [8] Undefined index: p D:\wwwww\xpcjd2\web\Application\Runtime\Cache\Back\990ce0ab880f552d5e550ba190d33c97.php 第 195 行.
NOTIC: [8] Undefined index: p D:\wwwww\xpcjd2\web\Application\Runtime\Cache\Back\990ce0ab880f552d5e550ba190d33c97.php 第 194 行.
NOTIC: [8] Undefined index: p D:\wwwww\xpcjd2\web\Application\Runtime\Cache\Back\990ce0ab880f552d5e550ba190d33c97.php 第 195 行.
INFO: Run Behavior\ParseTemplateBehavior [ RunTime:0.015625s ]
INFO: [ view_parse ] --END-- [ RunTime:0.015625s ]
INFO: [ view_filter ] --START--
INFO: Run Behavior\WriteHtmlCacheBehavior [ RunTime:0.000000s ]
INFO: [ view_filter ] --END-- [ RunTime:0.000000s ]
INFO: [ app_end ] --START--
INFO: Run Behavior\ShowPageTraceBehavior [ RunTime:0.000000s ]
INFO: [ app_end ] --END-- [ RunTime:0.000000s ]

[ 2017-05-02T11:07:53+08:00 ] 218.108.75.202 /Back/News/newsUpdate/id/14.html
INFO: [ app_init ] --START--
INFO: Run Behavior\BuildLiteBehavior [ RunTime:0.000000s ]
INFO: [ app_init ] --END-- [ RunTime:0.000000s ]
NOTIC: [2] preg_match(): Unknown modifier ':' D:\wwwww\xpcjd2\web\thinkphp\Library\Think\Route.class.php 第 58 行.
NOTIC: [2] preg_match(): Unknown modifier ':' D:\wwwww\xpcjd2\web\thinkphp\Library\Think\Route.class.php 第 58 行.
INFO: [ app_begin ] --START--
INFO: Run Behavior\ReadHtmlCacheBehavior [ RunTime:0.000000s ]
INFO: [ app_begin ] --END-- [ RunTime:0.000000s ]
SQL: SHOW COLUMNS FROM `xpc_news` [ RunTime:0.0000s ]
SQL: SHOW COLUMNS FROM `xpc_users` [ RunTime:0.0000s ]
SQL: SELECT `username` FROM `xpc_users` WHERE `id` = 1 LIMIT 1   [ RunTime:0.0000s ]
SQL: SELECT * FROM `xpc_news` WHERE ( id=14 ) LIMIT 1   [ RunTime:0.0000s ]
INFO: [ view_parse ] --START--
INFO: [ template_filter ] --START--
INFO: Run Behavior\ContentReplaceBehavior [ RunTime:0.000000s ]
INFO: [ template_filter ] --END-- [ RunTime:0.000000s ]
NOTIC: [8] Undefined index: page D:\wwwww\xpcjd2\web\Application\Runtime\Cache\Back\2535f0a77474985914f987012e9f497d.php 第 115 行.
INFO: Run Behavior\ParseTemplateBehavior [ RunTime:0.015625s ]
INFO: [ view_parse ] --END-- [ RunTime:0.015625s ]
INFO: [ view_filter ] --START--
INFO: Run Behavior\WriteHtmlCacheBehavior [ RunTime:0.000000s ]
INFO: [ view_filter ] --END-- [ RunTime:0.000000s ]
INFO: [ app_end ] --START--
INFO: Run Behavior\ShowPageTraceBehavior [ RunTime:0.000000s ]
INFO: [ app_end ] --END-- [ RunTime:0.000000s ]

[ 2017-05-02T11:31:29+08:00 ] 218.108.75.202 /Back/News/NewsList.html
INFO: [ app_init ] --START--
INFO: Run Behavior\BuildLiteBehavior [ RunTime:0.000000s ]
INFO: [ app_init ] --END-- [ RunTime:0.000000s ]
NOTIC: [2] preg_match(): Unknown modifier ':' D:\wwwww\xpcjd2\web\thinkphp\Library\Think\Route.class.php 第 58 行.
NOTIC: [2] preg_match(): Unknown modifier ':' D:\wwwww\xpcjd2\web\thinkphp\Library\Think\Route.class.php 第 58 行.
INFO: [ app_begin ] --START--
INFO: Run Behavior\ReadHtmlCacheBehavior [ RunTime:0.000000s ]
INFO: [ app_begin ] --END-- [ RunTime:0.000000s ]
NOTIC: [8] Undefined index: search D:\wwwww\xpcjd2\web\Application\Back\Controller\NewsController.class.php 第 18 行.
SQL: SHOW COLUMNS FROM `xpc_news` [ RunTime:0.0000s ]
SQL: SELECT COUNT(*) AS tp_count FROM `xpc_news` LIMIT 1   [ RunTime:0.0000s ]
SQL: SELECT u.username,n.* FROM xpc_news n left join xpc_users as u on u.id=n.user_id  LIMIT 0,19   [ RunTime:0.0000s ]
INFO: [ view_parse ] --START--
INFO: [ template_filter ] --START--
INFO: Run Behavior\ContentReplaceBehavior [ RunTime:0.000000s ]
INFO: [ template_filter ] --END-- [ RunTime:0.000000s ]
NOTIC: [8] Undefined index: search D:\wwwww\xpcjd2\web\Application\Runtime\Cache\Back\d8ac1f0590113079d454c995d45de23f.php 第 151 行.
NOTIC: [8] Undefined index: p D:\wwwww\xpcjd2\web\Application\Runtime\Cache\Back\d8ac1f0590113079d454c995d45de23f.php 第 164 行.
NOTIC: [8] Undefined variable: i D:\wwwww\xpcjd2\web\Application\Runtime\Cache\Back\d8ac1f0590113079d454c995d45de23f.php 第 184 行.
NOTIC: [8] Undefined index: p D:\wwwww\xpcjd2\web\Application\Runtime\Cache\Back\d8ac1f0590113079d454c995d45de23f.php 第 194 行.
NOTIC: [8] Undefined index: p D:\wwwww\xpcjd2\web\Application\Runtime\Cache\Back\d8ac1f0590113079d454c995d45de23f.php 第 195 行.
NOTIC: [8] Undefined index: p D:\wwwww\xpcjd2\web\Application\Runtime\Cache\Back\d8ac1f0590113079d454c995d45de23f.php 第 194 行.
NOTIC: [8] Undefined index: p D:\wwwww\xpcjd2\web\Application\Runtime\Cache\Back\d8ac1f0590113079d454c995d45de23f.php 第 195 行.
NOTIC: [8] Undefined index: p D:\wwwww\xpcjd2\web\Application\Runtime\Cache\Back\d8ac1f0590113079d454c995d45de23f.php 第 194 行.
NOTIC: [8] Undefined index: p D:\wwwww\xpcjd2\web\Application\Runtime\Cache\Back\d8ac1f0590113079d454c995d45de23f.php 第 195 行.
NOTIC: [8] Undefined index: p D:\wwwww\xpcjd2\web\Application\Runtime\Cache\Back\d8ac1f0590113079d454c995d45de23f.php 第 194 行.
NOTIC: [8] Undefined index: p D:\wwwww\xpcjd2\web\Application\Runtime\Cache\Back\d8ac1f0590113079d454c995d45de23f.php 第 195 行.
INFO: Run Behavior\ParseTemplateBehavior [ RunTime:0.015625s ]
INFO: [ view_parse ] --END-- [ RunTime:0.015625s ]
INFO: [ view_filter ] --START--
INFO: Run Behavior\WriteHtmlCacheBehavior [ RunTime:0.000000s ]
INFO: [ view_filter ] --END-- [ RunTime:0.000000s ]
INFO: [ app_end ] --START--
INFO: Run Behavior\ShowPageTraceBehavior [ RunTime:0.000000s ]
INFO: [ app_end ] --END-- [ RunTime:0.000000s ]

[ 2017-05-02T18:12:14+08:00 ] 218.108.75.202 /Back/News/NewsList.html
INFO: [ app_init ] --START--
INFO: Run Behavior\BuildLiteBehavior [ RunTime:0.000000s ]
INFO: [ app_init ] --END-- [ RunTime:0.000000s ]
NOTIC: [2] preg_match(): Unknown modifier ':' D:\wwwww\xpcjd2\web\thinkphp\Library\Think\Route.class.php 第 58 行.
NOTIC: [2] preg_match(): Unknown modifier ':' D:\wwwww\xpcjd2\web\thinkphp\Library\Think\Route.class.php 第 58 行.
INFO: [ app_begin ] --START--
INFO: Run Behavior\ReadHtmlCacheBehavior [ RunTime:0.000000s ]
INFO: [ app_begin ] --END-- [ RunTime:0.000000s ]

[ 2017-05-02T18:12:14+08:00 ] 218.108.75.202 /Back/Login/login.html
INFO: [ app_init ] --START--
INFO: Run Behavior\BuildLiteBehavior [ RunTime:0.000000s ]
INFO: [ app_init ] --END-- [ RunTime:0.000000s ]
NOTIC: [2] preg_match(): Unknown modifier ':' D:\wwwww\xpcjd2\web\thinkphp\Library\Think\Route.class.php 第 58 行.
NOTIC: [2] preg_match(): Unknown modifier ':' D:\wwwww\xpcjd2\web\thinkphp\Library\Think\Route.class.php 第 58 行.
INFO: [ app_begin ] --START--
INFO: Run Behavior\ReadHtmlCacheBehavior [ RunTime:0.000000s ]
INFO: [ app_begin ] --END-- [ RunTime:0.000000s ]
INFO: [ view_parse ] --START--
INFO: [ template_filter ] --START--
INFO: Run Behavior\ContentReplaceBehavior [ RunTime:0.000000s ]
INFO: [ template_filter ] --END-- [ RunTime:0.000000s ]
INFO: Run Behavior\ParseTemplateBehavior [ RunTime:0.000000s ]
INFO: [ view_parse ] --END-- [ RunTime:0.000000s ]
INFO: [ view_filter ] --START--
INFO: Run Behavior\WriteHtmlCacheBehavior [ RunTime:0.000000s ]
INFO: [ view_filter ] --END-- [ RunTime:0.000000s ]
INFO: [ app_end ] --START--
INFO: Run Behavior\ShowPageTraceBehavior [ RunTime:0.000000s ]
INFO: [ app_end ] --END-- [ RunTime:0.000000s ]

[ 2017-05-02T18:12:15+08:00 ] 218.108.75.202 /Back/News/NewsList.html
INFO: [ app_init ] --START--
INFO: Run Behavior\BuildLiteBehavior [ RunTime:0.000000s ]
INFO: [ app_init ] --END-- [ RunTime:0.000000s ]
NOTIC: [2] preg_match(): Unknown modifier ':' D:\wwwww\xpcjd2\web\thinkphp\Library\Think\Route.class.php 第 58 行.
NOTIC: [2] preg_match(): Unknown modifier ':' D:\wwwww\xpcjd2\web\thinkphp\Library\Think\Route.class.php 第 58 行.
INFO: [ app_begin ] --START--
INFO: Run Behavior\ReadHtmlCacheBehavior [ RunTime:0.000000s ]
INFO: [ app_begin ] --END-- [ RunTime:0.000000s ]

[ 2017-05-02T18:12:15+08:00 ] 218.108.75.202 /Back/Login/login.html
INFO: [ app_init ] --START--
INFO: Run Behavior\BuildLiteBehavior [ RunTime:0.000000s ]
INFO: [ app_init ] --END-- [ RunTime:0.000000s ]
NOTIC: [2] preg_match(): Unknown modifier ':' D:\wwwww\xpcjd2\web\thinkphp\Library\Think\Route.class.php 第 58 行.
NOTIC: [2] preg_match(): Unknown modifier ':' D:\wwwww\xpcjd2\web\thinkphp\Library\Think\Route.class.php 第 58 行.
INFO: [ app_begin ] --START--
INFO: Run Behavior\ReadHtmlCacheBehavior [ RunTime:0.000000s ]
INFO: [ app_begin ] --END-- [ RunTime:0.000000s ]
INFO: [ view_parse ] --START--
INFO: [ template_filter ] --START--
INFO: Run Behavior\ContentReplaceBehavior [ RunTime:0.000000s ]
INFO: [ template_filter ] --END-- [ RunTime:0.000000s ]
INFO: Run Behavior\ParseTemplateBehavior [ RunTime:0.000000s ]
INFO: [ view_parse ] --END-- [ RunTime:0.000000s ]
INFO: [ view_filter ] --START--
INFO: Run Behavior\WriteHtmlCacheBehavior [ RunTime:0.000000s ]
INFO: [ view_filter ] --END-- [ RunTime:0.000000s ]
INFO: [ app_end ] --START--
INFO: Run Behavior\ShowPageTraceBehavior [ RunTime:0.000000s ]
INFO: [ app_end ] --END-- [ RunTime:0.000000s ]

[ 2017-05-02T18:14:08+08:00 ] 218.108.75.202 /Back/Login/check_login
INFO: [ app_init ] --START--
INFO: Run Behavior\BuildLiteBehavior [ RunTime:0.000000s ]
INFO: [ app_init ] --END-- [ RunTime:0.000000s ]
NOTIC: [2] preg_match(): Unknown modifier ':' D:\wwwww\xpcjd2\web\thinkphp\Library\Think\Route.class.php 第 58 行.
NOTIC: [2] preg_match(): Unknown modifier ':' D:\wwwww\xpcjd2\web\thinkphp\Library\Think\Route.class.php 第 58 行.
INFO: [ app_begin ] --START--
INFO: Run Behavior\ReadHtmlCacheBehavior [ RunTime:0.000000s ]
INFO: [ app_begin ] --END-- [ RunTime:0.000000s ]
SQL: SHOW COLUMNS FROM `xpc_users` [ RunTime:0.0000s ]
SQL: SELECT * FROM `xpc_users` WHERE `username` = 'donghailongwang' AND `password` = '0faf04e10b3356283abe5ec4c5927640' LIMIT 1   [ RunTime:0.0000s ]
SQL: UPDATE `xpc_users` SET `last_up_time`='2017-05-02 09:13:38',`logintime`='2017-05-02 18:14:08' WHERE ( id=1 ) [ RunTime:0.0000s ]

[ 2017-05-02T18:14:08+08:00 ] 218.108.75.202 /Back/Index/index.html
INFO: [ app_init ] --START--
INFO: Run Behavior\BuildLiteBehavior [ RunTime:0.000000s ]
INFO: [ app_init ] --END-- [ RunTime:0.000000s ]
NOTIC: [2] preg_match(): Unknown modifier ':' D:\wwwww\xpcjd2\web\thinkphp\Library\Think\Route.class.php 第 58 行.
NOTIC: [2] preg_match(): Unknown modifier ':' D:\wwwww\xpcjd2\web\thinkphp\Library\Think\Route.class.php 第 58 行.
INFO: [ app_begin ] --START--
INFO: Run Behavior\ReadHtmlCacheBehavior [ RunTime:0.000000s ]
INFO: [ app_begin ] --END-- [ RunTime:0.000000s ]
INFO: [ view_parse ] --START--
INFO: [ template_filter ] --START--
INFO: Run Behavior\ContentReplaceBehavior [ RunTime:0.000000s ]
INFO: [ template_filter ] --END-- [ RunTime:0.000000s ]
INFO: Run Behavior\ParseTemplateBehavior [ RunTime:0.000000s ]
INFO: [ view_parse ] --END-- [ RunTime:0.000000s ]
INFO: [ view_filter ] --START--
INFO: Run Behavior\WriteHtmlCacheBehavior [ RunTime:0.000000s ]
INFO: [ view_filter ] --END-- [ RunTime:0.000000s ]
INFO: [ app_end ] --START--
INFO: Run Behavior\ShowPageTraceBehavior [ RunTime:0.000000s ]
INFO: [ app_end ] --END-- [ RunTime:0.000000s ]

[ 2017-05-02T18:14:08+08:00 ] 218.108.75.202 /Back/Index/top.html
INFO: [ app_init ] --START--
INFO: Run Behavior\BuildLiteBehavior [ RunTime:0.000000s ]
INFO: [ app_init ] --END-- [ RunTime:0.000000s ]
NOTIC: [2] preg_match(): Unknown modifier ':' D:\wwwww\xpcjd2\web\thinkphp\Library\Think\Route.class.php 第 58 行.
NOTIC: [2] preg_match(): Unknown modifier ':' D:\wwwww\xpcjd2\web\thinkphp\Library\Think\Route.class.php 第 58 行.
INFO: [ app_begin ] --START--
INFO: Run Behavior\ReadHtmlCacheBehavior [ RunTime:0.000000s ]
INFO: [ app_begin ] --END-- [ RunTime:0.000000s ]
INFO: [ view_parse ] --START--
INFO: [ template_filter ] --START--
INFO: Run Behavior\ContentReplaceBehavior [ RunTime:0.000000s ]
INFO: [ template_filter ] --END-- [ RunTime:0.000000s ]
INFO: Run Behavior\ParseTemplateBehavior [ RunTime:0.015625s ]
INFO: [ view_parse ] --END-- [ RunTime:0.015625s ]
INFO: [ view_filter ] --START--
INFO: Run Behavior\WriteHtmlCacheBehavior [ RunTime:0.000000s ]
INFO: [ view_filter ] --END-- [ RunTime:0.000000s ]
INFO: [ app_end ] --START--
INFO: Run Behavior\ShowPageTraceBehavior [ RunTime:0.000000s ]
INFO: [ app_end ] --END-- [ RunTime:0.000000s ]

[ 2017-05-02T18:14:08+08:00 ] 218.108.75.202 /Back/Index/left.html
INFO: [ app_init ] --START--
INFO: Run Behavior\BuildLiteBehavior [ RunTime:0.000000s ]
INFO: [ app_init ] --END-- [ RunTime:0.000000s ]
NOTIC: [2] preg_match(): Unknown modifier ':' D:\wwwww\xpcjd2\web\thinkphp\Library\Think\Route.class.php 第 58 行.
NOTIC: [2] preg_match(): Unknown modifier ':' D:\wwwww\xpcjd2\web\thinkphp\Library\Think\Route.class.php 第 58 行.
INFO: [ app_begin ] --START--
INFO: Run Behavior\ReadHtmlCacheBehavior [ RunTime:0.000000s ]
INFO: [ app_begin ] --END-- [ RunTime:0.000000s ]
INFO: [ view_parse ] --START--
INFO: [ template_filter ] --START--
INFO: Run Behavior\ContentReplaceBehavior [ RunTime:0.000000s ]
INFO: [ template_filter ] --END-- [ RunTime:0.000000s ]
INFO: Run Behavior\ParseTemplateBehavior [ RunTime:0.015625s ]
INFO: [ view_parse ] --END-- [ RunTime:0.015625s ]
INFO: [ view_filter ] --START--
INFO: Run Behavior\WriteHtmlCacheBehavior [ RunTime:0.000000s ]
INFO: [ view_filter ] --END-- [ RunTime:0.000000s ]
INFO: [ app_end ] --START--
INFO: Run Behavior\ShowPageTraceBehavior [ RunTime:0.000000s ]
INFO: [ app_end ] --END-- [ RunTime:0.000000s ]

[ 2017-05-02T18:14:08+08:00 ] 218.108.75.202 /Back/Index/main.html
INFO: [ app_init ] --START--
INFO: Run Behavior\BuildLiteBehavior [ RunTime:0.000000s ]
INFO: [ app_init ] --END-- [ RunTime:0.000000s ]
NOTIC: [2] preg_match(): Unknown modifier ':' D:\wwwww\xpcjd2\web\thinkphp\Library\Think\Route.class.php 第 58 行.
NOTIC: [2] preg_match(): Unknown modifier ':' D:\wwwww\xpcjd2\web\thinkphp\Library\Think\Route.class.php 第 58 行.
INFO: [ app_begin ] --START--
INFO: Run Behavior\ReadHtmlCacheBehavior [ RunTime:0.000000s ]
INFO: [ app_begin ] --END-- [ RunTime:0.000000s ]
SQL: SHOW COLUMNS FROM `xpc_users` [ RunTime:0.0000s ]
SQL: SELECT `username`,`last_up_time` FROM `xpc_users` WHERE `id` = 1 LIMIT 1   [ RunTime:0.0000s ]
INFO: [ view_parse ] --START--
INFO: [ template_filter ] --START--
INFO: Run Behavior\ContentReplaceBehavior [ RunTime:0.000000s ]
INFO: [ template_filter ] --END-- [ RunTime:0.000000s ]
NOTIC: [8] Undefined variable: one D:\wwwww\xpcjd2\web\Application\Runtime\Cache\Back\501a98c582e5f59c67658892469e3af6.php 第 20 行.
INFO: Run Behavior\ParseTemplateBehavior [ RunTime:0.000000s ]
INFO: [ view_parse ] --END-- [ RunTime:0.000000s ]
INFO: [ view_filter ] --START--
INFO: Run Behavior\WriteHtmlCacheBehavior [ RunTime:0.000000s ]
INFO: [ view_filter ] --END-- [ RunTime:0.000000s ]
INFO: [ app_end ] --START--
INFO: Run Behavior\ShowPageTraceBehavior [ RunTime:0.000000s ]
INFO: [ app_end ] --END-- [ RunTime:0.000000s ]

[ 2017-05-02T18:14:10+08:00 ] 218.108.75.202 /Back/News/NewsList.html
INFO: [ app_init ] --START--
INFO: Run Behavior\BuildLiteBehavior [ RunTime:0.000000s ]
INFO: [ app_init ] --END-- [ RunTime:0.000000s ]
NOTIC: [2] preg_match(): Unknown modifier ':' D:\wwwww\xpcjd2\web\thinkphp\Library\Think\Route.class.php 第 58 行.
NOTIC: [2] preg_match(): Unknown modifier ':' D:\wwwww\xpcjd2\web\thinkphp\Library\Think\Route.class.php 第 58 行.
INFO: [ app_begin ] --START--
INFO: Run Behavior\ReadHtmlCacheBehavior [ RunTime:0.000000s ]
INFO: [ app_begin ] --END-- [ RunTime:0.000000s ]
NOTIC: [8] Undefined index: search D:\wwwww\xpcjd2\web\Application\Back\Controller\NewsController.class.php 第 18 行.
SQL: SHOW COLUMNS FROM `xpc_news` [ RunTime:0.0000s ]
SQL: SELECT COUNT(*) AS tp_count FROM `xpc_news` LIMIT 1   [ RunTime:0.0000s ]
SQL: SELECT u.username,n.* FROM xpc_news n left join xpc_users as u on u.id=n.user_id  LIMIT 0,19   [ RunTime:0.0000s ]
INFO: [ view_parse ] --START--
INFO: [ template_filter ] --START--
INFO: Run Behavior\ContentReplaceBehavior [ RunTime:0.000000s ]
INFO: [ template_filter ] --END-- [ RunTime:0.000000s ]
NOTIC: [8] Undefined index: search D:\wwwww\xpcjd2\web\Application\Runtime\Cache\Back\d8ac1f0590113079d454c995d45de23f.php 第 151 行.
NOTIC: [8] Undefined index: p D:\wwwww\xpcjd2\web\Application\Runtime\Cache\Back\d8ac1f0590113079d454c995d45de23f.php 第 164 行.
NOTIC: [8] Undefined variable: i D:\wwwww\xpcjd2\web\Application\Runtime\Cache\Back\d8ac1f0590113079d454c995d45de23f.php 第 184 行.
NOTIC: [8] Undefined index: p D:\wwwww\xpcjd2\web\Application\Runtime\Cache\Back\d8ac1f0590113079d454c995d45de23f.php 第 194 行.
NOTIC: [8] Undefined index: p D:\wwwww\xpcjd2\web\Application\Runtime\Cache\Back\d8ac1f0590113079d454c995d45de23f.php 第 195 行.
NOTIC: [8] Undefined index: p D:\wwwww\xpcjd2\web\Application\Runtime\Cache\Back\d8ac1f0590113079d454c995d45de23f.php 第 194 行.
NOTIC: [8] Undefined index: p D:\wwwww\xpcjd2\web\Application\Runtime\Cache\Back\d8ac1f0590113079d454c995d45de23f.php 第 195 行.
NOTIC: [8] Undefined index: p D:\wwwww\xpcjd2\web\Application\Runtime\Cache\Back\d8ac1f0590113079d454c995d45de23f.php 第 194 行.
NOTIC: [8] Undefined index: p D:\wwwww\xpcjd2\web\Application\Runtime\Cache\Back\d8ac1f0590113079d454c995d45de23f.php 第 195 行.
NOTIC: [8] Undefined index: p D:\wwwww\xpcjd2\web\Application\Runtime\Cache\Back\d8ac1f0590113079d454c995d45de23f.php 第 194 行.
NOTIC: [8] Undefined index: p D:\wwwww\xpcjd2\web\Application\Runtime\Cache\Back\d8ac1f0590113079d454c995d45de23f.php 第 195 行.
INFO: Run Behavior\ParseTemplateBehavior [ RunTime:0.000000s ]
INFO: [ view_parse ] --END-- [ RunTime:0.000000s ]
INFO: [ view_filter ] --START--
INFO: Run Behavior\WriteHtmlCacheBehavior [ RunTime:0.000000s ]
INFO: [ view_filter ] --END-- [ RunTime:0.000000s ]
INFO: [ app_end ] --START--
INFO: Run Behavior\ShowPageTraceBehavior [ RunTime:0.000000s ]
INFO: [ app_end ] --END-- [ RunTime:0.000000s ]

[ 2017-05-02T18:17:34+08:00 ] 218.108.75.202 /Back/News/newsUpdate/id/14.html
INFO: [ app_init ] --START--
INFO: Run Behavior\BuildLiteBehavior [ RunTime:0.000000s ]
INFO: [ app_init ] --END-- [ RunTime:0.000000s ]
NOTIC: [2] preg_match(): Unknown modifier ':' D:\wwwww\xpcjd2\web\thinkphp\Library\Think\Route.class.php 第 58 行.
NOTIC: [2] preg_match(): Unknown modifier ':' D:\wwwww\xpcjd2\web\thinkphp\Library\Think\Route.class.php 第 58 行.
INFO: [ app_begin ] --START--
INFO: Run Behavior\ReadHtmlCacheBehavior [ RunTime:0.000000s ]
INFO: [ app_begin ] --END-- [ RunTime:0.000000s ]
SQL: SHOW COLUMNS FROM `xpc_news` [ RunTime:0.0000s ]
SQL: SHOW COLUMNS FROM `xpc_users` [ RunTime:0.0000s ]
SQL: SELECT `username` FROM `xpc_users` WHERE `id` = 1 LIMIT 1   [ RunTime:0.0000s ]
SQL: SELECT * FROM `xpc_news` WHERE ( id=14 ) LIMIT 1   [ RunTime:0.0000s ]
INFO: [ view_parse ] --START--
INFO: [ template_filter ] --START--
INFO: Run Behavior\ContentReplaceBehavior [ RunTime:0.000000s ]
INFO: [ template_filter ] --END-- [ RunTime:0.000000s ]
NOTIC: [8] Undefined index: page D:\wwwww\xpcjd2\web\Application\Runtime\Cache\Back\2535f0a77474985914f987012e9f497d.php 第 115 行.
INFO: Run Behavior\ParseTemplateBehavior [ RunTime:0.000000s ]
INFO: [ view_parse ] --END-- [ RunTime:0.000000s ]
INFO: [ view_filter ] --START--
INFO: Run Behavior\WriteHtmlCacheBehavior [ RunTime:0.000000s ]
INFO: [ view_filter ] --END-- [ RunTime:0.000000s ]
INFO: [ app_end ] --START--
INFO: Run Behavior\ShowPageTraceBehavior [ RunTime:0.000000s ]
INFO: [ app_end ] --END-- [ RunTime:0.000000s ]

[ 2017-05-02T18:40:30+08:00 ] 218.108.75.202 /Back/News/newsUpdate.html
INFO: [ app_init ] --START--
INFO: Run Behavior\BuildLiteBehavior [ RunTime:0.000000s ]
INFO: [ app_init ] --END-- [ RunTime:0.000000s ]
NOTIC: [2] preg_match(): Unknown modifier ':' D:\wwwww\xpcjd2\web\thinkphp\Library\Think\Route.class.php 第 58 行.
NOTIC: [2] preg_match(): Unknown modifier ':' D:\wwwww\xpcjd2\web\thinkphp\Library\Think\Route.class.php 第 58 行.
INFO: [ app_begin ] --START--
INFO: Run Behavior\ReadHtmlCacheBehavior [ RunTime:0.000000s ]
INFO: [ app_begin ] --END-- [ RunTime:0.000000s ]
SQL: SHOW COLUMNS FROM `xpc_news` [ RunTime:0.0000s ]
SQL: UPDATE `xpc_news` SET `user_id`='1',`title`='浙江卫视《声音的战争》',`content`='<p>《梦想的声音》是浙江卫视推出的原创音乐圆梦节目，包括张惠妹、田馥甄、林俊杰在内的大牌歌星作为导师出现在节目中。</p>',`tag`='管家',`info`='关键',`addtime`='2017-05-02' WHERE ( id=14 ) [ RunTime:0.0000s ]

[ 2017-05-02T18:40:30+08:00 ] 218.108.75.202 /Back/News/newsList.html
INFO: [ app_init ] --START--
INFO: Run Behavior\BuildLiteBehavior [ RunTime:0.000000s ]
INFO: [ app_init ] --END-- [ RunTime:0.015625s ]
NOTIC: [2] preg_match(): Unknown modifier ':' D:\wwwww\xpcjd2\web\thinkphp\Library\Think\Route.class.php 第 58 行.
NOTIC: [2] preg_match(): Unknown modifier ':' D:\wwwww\xpcjd2\web\thinkphp\Library\Think\Route.class.php 第 58 行.
INFO: [ app_begin ] --START--
INFO: Run Behavior\ReadHtmlCacheBehavior [ RunTime:0.000000s ]
INFO: [ app_begin ] --END-- [ RunTime:0.000000s ]
NOTIC: [8] Undefined index: search D:\wwwww\xpcjd2\web\Application\Back\Controller\NewsController.class.php 第 18 行.
SQL: SHOW COLUMNS FROM `xpc_news` [ RunTime:0.0000s ]
SQL: SELECT COUNT(*) AS tp_count FROM `xpc_news` LIMIT 1   [ RunTime:0.0000s ]
SQL: SELECT u.username,n.* FROM xpc_news n left join xpc_users as u on u.id=n.user_id  LIMIT 0,19   [ RunTime:0.0000s ]
INFO: [ view_parse ] --START--
INFO: [ template_filter ] --START--
INFO: Run Behavior\ContentReplaceBehavior [ RunTime:0.000000s ]
INFO: [ template_filter ] --END-- [ RunTime:0.000000s ]
NOTIC: [8] Undefined index: search D:\wwwww\xpcjd2\web\Application\Runtime\Cache\Back\990ce0ab880f552d5e550ba190d33c97.php 第 151 行.
NOTIC: [8] Undefined index: p D:\wwwww\xpcjd2\web\Application\Runtime\Cache\Back\990ce0ab880f552d5e550ba190d33c97.php 第 164 行.
NOTIC: [8] Undefined variable: i D:\wwwww\xpcjd2\web\Application\Runtime\Cache\Back\990ce0ab880f552d5e550ba190d33c97.php 第 184 行.
NOTIC: [8] Undefined index: p D:\wwwww\xpcjd2\web\Application\Runtime\Cache\Back\990ce0ab880f552d5e550ba190d33c97.php 第 194 行.
NOTIC: [8] Undefined index: p D:\wwwww\xpcjd2\web\Application\Runtime\Cache\Back\990ce0ab880f552d5e550ba190d33c97.php 第 195 行.
NOTIC: [8] Undefined index: p D:\wwwww\xpcjd2\web\Application\Runtime\Cache\Back\990ce0ab880f552d5e550ba190d33c97.php 第 194 行.
NOTIC: [8] Undefined index: p D:\wwwww\xpcjd2\web\Application\Runtime\Cache\Back\990ce0ab880f552d5e550ba190d33c97.php 第 195 行.
NOTIC: [8] Undefined index: p D:\wwwww\xpcjd2\web\Application\Runtime\Cache\Back\990ce0ab880f552d5e550ba190d33c97.php 第 194 行.
NOTIC: [8] Undefined index: p D:\wwwww\xpcjd2\web\Application\Runtime\Cache\Back\990ce0ab880f552d5e550ba190d33c97.php 第 195 行.
NOTIC: [8] Undefined index: p D:\wwwww\xpcjd2\web\Application\Runtime\Cache\Back\990ce0ab880f552d5e550ba190d33c97.php 第 194 行.
NOTIC: [8] Undefined index: p D:\wwwww\xpcjd2\web\Application\Runtime\Cache\Back\990ce0ab880f552d5e550ba190d33c97.php 第 195 行.
INFO: Run Behavior\ParseTemplateBehavior [ RunTime:0.015625s ]
INFO: [ view_parse ] --END-- [ RunTime:0.015625s ]
INFO: [ view_filter ] --START--
INFO: Run Behavior\WriteHtmlCacheBehavior [ RunTime:0.000000s ]
INFO: [ view_filter ] --END-- [ RunTime:0.000000s ]
INFO: [ app_end ] --START--
INFO: Run Behavior\ShowPageTraceBehavior [ RunTime:0.000000s ]
INFO: [ app_end ] --END-- [ RunTime:0.000000s ]

